#
# There is insufficient memory for the Java Runtime Environment to continue.
# Native memory allocation (mmap) failed to map 1048576 bytes for G1 virtual space
# Possible reasons:
#   The system is out of physical RAM or swap space
#   The process is running with CompressedOops enabled, and the Java Heap may be blocking the growth of the native heap
# Possible solutions:
#   Reduce memory load on the system
#   Increase physical memory or swap space
#   Check if swap backing store is full
#   Decrease Java heap size (-Xmx/-Xms)
#   Decrease number of Java threads
#   Decrease Java thread stack sizes (-Xss)
#   Set larger code cache with -XX:ReservedCodeCacheSize=
#   JVM is running with Unscaled Compressed Oops mode in which the Java heap is
#     placed in the first 4GB address space. The Java Heap base address is the
#     maximum limit for the native heap growth. Please use -XX:HeapBaseMinAddress
#     to set the Java Heap base and to place the Java Heap above 4GB virtual address.
# This output file may be truncated or incomplete.
#
#  Out of Memory Error (os_windows.cpp:3536), pid=19296, tid=30588
#
# JRE version: Java(TM) SE Runtime Environment (19.0.2+7) (build 19.0.2+7-44)
# Java VM: Java HotSpot(TM) 64-Bit Server VM (19.0.2+7-44, mixed mode, sharing, tiered, compressed oops, compressed class ptrs, g1 gc, windows-amd64)
# No core dump will be written. Minidumps are not enabled by default on client versions of Windows
#

---------------  S U M M A R Y ------------

Command Line: -Dfile.encoding=UTF-8 -XX:+ShowCodeDetailsInExceptionMessages Pokemon_Save_Area.Pokemon_Save_Area

Host: 12th Gen Intel(R) Core(TM) i5-1235U, 12 cores, 7G,  Windows 11 , 64 bit Build 22621 (10.0.22621.2428)
Time: Sat Nov 11 19:49:02 2023  Windows 11 , 64 bit Build 22621 (10.0.22621.2428) elapsed time: 23318.869055 seconds (0d 6h 28m 38s)

---------------  T H R E A D  ---------------

Current thread (0x000002709bf23c90):  JavaThread "AWT-EventQueue-0" [_thread_in_vm, id=30588, stack(0x0000009b4a000000,0x0000009b4a100000)]

Stack: [0x0000009b4a000000,0x0000009b4a100000]
Native frames: (J=compiled Java code, j=interpreted, Vv=VM code, C=native code)
V  [jvm.dll+0x6ee21a]
V  [jvm.dll+0x85765e]
V  [jvm.dll+0x85904e]
V  [jvm.dll+0x859703]
V  [jvm.dll+0x28298f]
V  [jvm.dll+0x6eb009]
V  [jvm.dll+0x6dfbaa]
V  [jvm.dll+0x3573f6]
V  [jvm.dll+0x35ee56]
V  [jvm.dll+0x3b510b]
V  [jvm.dll+0x3b5734]
V  [jvm.dll+0x3b52e6]
V  [jvm.dll+0x32ce34]
V  [jvm.dll+0x32af26]
V  [jvm.dll+0x6819a3]
V  [jvm.dll+0x243db2]
V  [jvm.dll+0x81e297]
V  [jvm.dll+0x3dc55a]
C  0x000002708f3fd40b

Java frames: (J=compiled Java code, j=interpreted, Vv=VM code)
j  java.awt.image.DataBufferInt.<init>(I)V+11 java.desktop@19.0.2
j  java.awt.image.Raster.createPackedRaster(III[ILjava/awt/Point;)Ljava/awt/image/WritableRaster;+69 java.desktop@19.0.2
j  java.awt.image.DirectColorModel.createCompatibleWritableRaster(II)Ljava/awt/image/WritableRaster;+83 java.desktop@19.0.2
j  java.awt.GraphicsConfiguration.createCompatibleImage(II)Ljava/awt/image/BufferedImage;+8 java.desktop@19.0.2
j  java.awt.GraphicsConfiguration.createCompatibleImage(III)Ljava/awt/image/BufferedImage;+14 java.desktop@19.0.2
j  sun.awt.image.SunVolatileImage.getBackupImage(DD)Ljava/awt/image/BufferedImage;+36 java.desktop@19.0.2
j  sun.awt.image.VolatileSurfaceManager.getBackupSurface()Lsun/java2d/SurfaceData;+38 java.desktop@19.0.2
j  sun.awt.image.VolatileSurfaceManager.displayChanged()V+82 java.desktop@19.0.2
j  sun.awt.SunDisplayChanger.notifyListeners()V+108 java.desktop@19.0.2
j  sun.awt.Win32GraphicsEnvironment.displayChanged()V+291 java.desktop@19.0.2
j  sun.awt.windows.WToolkit.lambda$displayChanged$4()V+15 java.desktop@19.0.2
j  sun.awt.windows.WToolkit$$Lambda$124+0x00000008010aad00.run()V+0 java.desktop@19.0.2
j  java.awt.event.InvocationEvent.dispatch()V+47 java.desktop@19.0.2
j  java.awt.EventQueue.dispatchEventImpl(Ljava/awt/AWTEvent;Ljava/lang/Object;)V+21 java.desktop@19.0.2
j  java.awt.EventQueue$4.run()Ljava/lang/Void;+32 java.desktop@19.0.2
j  java.awt.EventQueue$4.run()Ljava/lang/Object;+1 java.desktop@19.0.2
J 1432 c1 java.security.ProtectionDomain$JavaSecurityAccessImpl.doIntersectionPrivilege(Ljava/security/PrivilegedAction;Ljava/security/AccessControlContext;Ljava/security/AccessControlContext;)Ljava/lang/Object; java.base@19.0.2 (22 bytes) @ 0x00000270880fe6d4 [0x00000270880fe440+0x0000000000000294]
j  java.awt.EventQueue.dispatchEvent(Ljava/awt/AWTEvent;)V+46 java.desktop@19.0.2
j  java.awt.EventDispatchThread.pumpOneEventForFilters(I)V+81 java.desktop@19.0.2
j  java.awt.EventDispatchThread.pumpEventsForFilter(ILjava/awt/Conditional;Ljava/awt/EventFilter;)V+35 java.desktop@19.0.2
j  java.awt.EventDispatchThread.pumpEventsForHierarchy(ILjava/awt/Conditional;Ljava/awt/Component;)V+11 java.desktop@19.0.2
j  java.awt.EventDispatchThread.pumpEvents(ILjava/awt/Conditional;)V+4 java.desktop@19.0.2
j  java.awt.EventDispatchThread.pumpEvents(Ljava/awt/Conditional;)V+3 java.desktop@19.0.2
j  java.awt.EventDispatchThread.run()V+9 java.desktop@19.0.2
v  ~StubRoutines::call_stub 0x000002708f3d100e

Compiled method (c1) 23321998 1432       3       java.security.ProtectionDomain$JavaSecurityAccessImpl::doIntersectionPrivilege (22 bytes)
 total in heap  [0x00000270880fe210,0x00000270880febd0] = 2496
 relocation     [0x00000270880fe370,0x00000270880fe428] = 184
 main code      [0x00000270880fe440,0x00000270880fe920] = 1248
 stub code      [0x00000270880fe920,0x00000270880fe9b8] = 152
 metadata       [0x00000270880fe9b8,0x00000270880fe9d8] = 32
 scopes data    [0x00000270880fe9d8,0x00000270880feab8] = 224
 scopes pcs     [0x00000270880feab8,0x00000270880febb8] = 256
 dependencies   [0x00000270880febb8,0x00000270880febc0] = 8
 nul chk table  [0x00000270880febc0,0x00000270880febd0] = 16

[Constant Pool (empty)]

[MachCode]
[Entry Point]
  # {method} {0x000000080013e110} 'doIntersectionPrivilege' '(Ljava/security/PrivilegedAction;Ljava/security/AccessControlContext;Ljava/security/AccessControlContext;)Ljava/lang/Object;' in 'java/security/ProtectionDomain$JavaSecurityAccessImpl'
  # this:     rdx:rdx   = 'java/security/ProtectionDomain$JavaSecurityAccessImpl'
  # parm0:    r8:r8     = 'java/security/PrivilegedAction'
  # parm1:    r9:r9     = 'java/security/AccessControlContext'
  # parm2:    rdi:rdi   = 'java/security/AccessControlContext'
  #           [sp+0xa0]  (sp of caller)
  0x00000270880fe440: 448b 5208 | 49bb 0000 | 0000 0800 | 0000 4d03 | d34c 3bd0 

  0x00000270880fe454: ;   {runtime_call ic_miss_stub}
  0x00000270880fe454: 0f85 2633 | 3307 660f | 1f44 0000 
[Verified Entry Point]
  0x00000270880fe460: 8984 2400 | 90ff ff55 | 4881 ec90 

  0x00000270880fe46c: ;   {metadata(method data for {method} {0x000000080013e110} 'doIntersectionPrivilege' '(Ljava/security/PrivilegedAction;Ljava/security/AccessControlContext;Ljava/security/AccessControlContext;)Ljava/lang/Object;' in 'java/security/ProtectionDomain$JavaSecurityAccessImpl')}
  0x00000270880fe46c: 0000 0048 | be68 bf29 | 9870 0200 | 008b 9ecc | 0000 0083 | c302 899e | cc00 0000 | 81e3 fe07 
  0x00000270880fe48c: 0000 83fb | 000f 8472 | 0300 0049 

  0x00000270880fe498: ;   {metadata(method data for {method} {0x000000080013e110} 'doIntersectionPrivilege' '(Ljava/security/PrivilegedAction;Ljava/security/AccessControlContext;Ljava/security/AccessControlContext;)Ljava/lang/Object;' in 'java/security/ProtectionDomain$JavaSecurityAccessImpl')}
  0x00000270880fe498: 83f8 0048 | ba68 bf29 | 9870 0200 | 0048 be20 | 0100 0000 | 0000 000f | 840a 0000 | 0048 be10 
  0x00000270880fe4b8: 0100 0000 | 0000 0048 | 8b1c 3248 | 8d5b 0148 | 891c 320f | 84a2 0200 | 004c 8944 

  0x00000270880fe4d4: ;   {metadata(method data for {method} {0x000000080013e110} 'doIntersectionPrivilege' '(Ljava/security/PrivilegedAction;Ljava/security/AccessControlContext;Ljava/security/AccessControlContext;)Ljava/lang/Object;' in 'java/security/ProtectionDomain$JavaSecurityAccessImpl')}
  0x00000270880fe4d4: 2460 48ba | 68bf 2998 | 7002 0000 | 4883 8240 | 0100 0001 | 488b d74d 

  0x00000270880fe4ec: ;   {static_call}
  0x00000270880fe4ec: 8bc1 90e8 

  0x00000270880fe4f0: ; ImmutableOopMap {[96]=Oop }
                      ;*invokestatic getCombinedACC {reexecute=0 rethrow=0 return_oop=0}
                      ; - java.security.ProtectionDomain$JavaSecurityAccessImpl::doIntersectionPrivilege@15 (line 88)
  0x00000270880fe4f0: ec08 0000 

  0x00000270880fe4f4: ;   {metadata(method data for {method} {0x000000080013e110} 'doIntersectionPrivilege' '(Ljava/security/PrivilegedAction;Ljava/security/AccessControlContext;Ljava/security/AccessControlContext;)Ljava/lang/Object;' in 'java/security/ProtectionDomain$JavaSecurityAccessImpl')}
  0x00000270880fe4f4: 48be 68bf | 2998 7002 | 0000 4883 | 8650 0100 

  0x00000270880fe504: ;   {metadata(method data for {method} {0x0000000800063690} 'doPrivileged' '(Ljava/security/PrivilegedAction;Ljava/security/AccessControlContext;)Ljava/lang/Object;' in 'java/security/AccessController')}
  0x00000270880fe504: 0001 48be | f82a fd97 | 7002 0000 | 8bbe cc00 | 0000 83c7 | 0289 becc | 0000 0081 | e7fe ff1f 
  0x00000270880fe524: 0083 ff00 | 0f84 fc02 

  0x00000270880fe52c: ;   {metadata(method data for {method} {0x0000000800063690} 'doPrivileged' '(Ljava/security/PrivilegedAction;Ljava/security/AccessControlContext;)Ljava/lang/Object;' in 'java/security/AccessController')}
  0x00000270880fe52c: 0000 48be | f82a fd97 | 7002 0000 | 4883 8610 | 0100 0001 | 4889 4424 

  0x00000270880fe544: ;   {static_call}
  0x00000270880fe544: 6866 90e8 

  0x00000270880fe548: ; ImmutableOopMap {[96]=Oop [104]=Oop }
                      ;*invokestatic getCallerClass {reexecute=0 rethrow=0 return_oop=0}
                      ; - java.security.AccessController::doPrivileged@0 (line 397)
                      ; - java.security.ProtectionDomain$JavaSecurityAccessImpl::doIntersectionPrivilege@18 (line 86)
  0x00000270880fe548: 943e 8907 

  0x00000270880fe54c: ;   {metadata(method data for {method} {0x0000000800063690} 'doPrivileged' '(Ljava/security/PrivilegedAction;Ljava/security/AccessControlContext;)Ljava/lang/Object;' in 'java/security/AccessController')}
  0x00000270880fe54c: 48ba f82a | fd97 7002 | 0000 4883 | 8220 0100 | 0001 488b | 5424 684c | 8bc0 4889 | 4424 700f 
  0x00000270880fe56c: ;   {static_call}
  0x00000270880fe56c: 1f40 00e8 

  0x00000270880fe570: ; ImmutableOopMap {[96]=Oop [112]=Oop }
                      ;*invokestatic checkContext {reexecute=0 rethrow=0 return_oop=0}
                      ; - java.security.AccessController::doPrivileged@6 (line 398)
                      ; - java.security.ProtectionDomain$JavaSecurityAccessImpl::doIntersectionPrivilege@18 (line 86)
  0x00000270880fe570: ccb3 e7ff | 4889 4424 

  0x00000270880fe578: ;   {metadata(method data for {method} {0x0000000800063690} 'doPrivileged' '(Ljava/security/PrivilegedAction;Ljava/security/AccessControlContext;)Ljava/lang/Object;' in 'java/security/AccessController')}
  0x00000270880fe578: 7848 baf8 | 2afd 9770 | 0200 0048 | 8382 3001 

  0x00000270880fe588: ;   {metadata(method data for {method} {0x00000008000633c0} 'executePrivileged' '(Ljava/security/PrivilegedAction;Ljava/security/AccessControlContext;Ljava/lang/Class;)Ljava/lang/Object;' in 'java/security/AccessController')}
  0x00000270880fe588: 0000 0148 | bab8 69df | 9770 0200 | 008b b2cc | 0000 0083 | c602 89b2 | cc00 0000 | 81e6 feff 
  0x00000270880fe5a8: 1f00 83fe | 000f 8498 | 0200 0048 

  0x00000270880fe5b4: ;   {metadata(method data for {method} {0x00000008000633c0} 'executePrivileged' '(Ljava/security/PrivilegedAction;Ljava/security/AccessControlContext;Ljava/lang/Class;)Ljava/lang/Object;' in 'java/security/AccessController')}
  0x00000270880fe5b4: 83f8 0048 | bab8 69df | 9770 0200 | 0048 be10 | 0100 0000 | 0000 000f | 840a 0000 | 0048 be20 
  0x00000270880fe5d4: 0100 0000 | 0000 0048 | 8b3c 3248 | 8d7f 0148 | 893c 320f | 841f 0000 

  0x00000270880fe5ec: ;   {metadata(method data for {method} {0x00000008000633c0} 'executePrivileged' '(Ljava/security/PrivilegedAction;Ljava/security/AccessControlContext;Ljava/lang/Class;)Ljava/lang/Object;' in 'java/security/AccessController')}
  0x00000270880fe5ec: 0048 bab8 | 69df 9770 | 0200 0048 | 8382 3001 | 0000 0148 | 8bd0 0f1f 

  0x00000270880fe604: ;   {static_call}
  0x00000270880fe604: 4400 00e8 

  0x00000270880fe608: ; ImmutableOopMap {[96]=Oop [112]=Oop [120]=Oop }
                      ;*invokestatic ensureMaterializedForStackWalk {reexecute=0 rethrow=0 return_oop=0}
                      ; - java.security.AccessController::executePrivileged@5 (line 772)
                      ; - java.security.AccessController::doPrivileged@13 (line 399)
                      ; - java.security.ProtectionDomain$JavaSecurityAccessImpl::doIntersectionPrivilege@18 (line 86)
  0x00000270880fe608: b483 8907 

  0x00000270880fe60c: ;   {metadata(method data for {method} {0x00000008000633c0} 'executePrivileged' '(Ljava/security/PrivilegedAction;Ljava/security/AccessControlContext;Ljava/lang/Class;)Ljava/lang/Object;' in 'java/security/AccessController')}
  0x00000270880fe60c: 48ba b869 | df97 7002 | 0000 ff82 | 4001 0000 | 4c8b 4424 | 6049 3b00 

  0x00000270880fe624: ;   {metadata(method data for {method} {0x00000008000633c0} 'executePrivileged' '(Ljava/security/PrivilegedAction;Ljava/security/AccessControlContext;Ljava/lang/Class;)Ljava/lang/Object;' in 'java/security/AccessController')}
  0x00000270880fe624: 498b d048 | beb8 69df | 9770 0200 | 008b 5208 | 49ba 0000 | 0000 0800 | 0000 4903 | d248 3b96 
  0x00000270880fe644: b001 0000 | 750d 4883 | 86b8 0100 | 0001 e966 | 0000 0048 | 3b96 c001 | 0000 750d | 4883 86c8 
  0x00000270880fe664: 0100 0001 | e950 0000 | 0048 81be | b001 0000 | 0000 0000 | 7517 4889 | 96b0 0100 | 0048 c786 
  0x00000270880fe684: b801 0000 | 0100 0000 | e92c 0000 | 0048 81be | c001 0000 | 0000 0000 | 7517 4889 | 96c0 0100 
  0x00000270880fe6a4: 0048 c786 | c801 0000 | 0100 0000 | e908 0000 | 0048 8386 | a001 0000 | 0149 8bd0 | 0f1f 4400 
  0x00000270880fe6c4: 0048 b890 | 0cd3 9c70 

  0x00000270880fe6cc: ;   {virtual_call}
  0x00000270880fe6cc: 0200 00e8 

  0x00000270880fe6d0: ; ImmutableOopMap {[112]=Oop [120]=Oop }
                      ;*invokeinterface run {reexecute=0 rethrow=0 return_oop=0}
                      ; - java.security.AccessController::executePrivileged@29 (line 776)
                      ; - java.security.AccessController::doPrivileged@13 (line 399)
                      ; - java.security.ProtectionDomain$JavaSecurityAccessImpl::doIntersectionPrivilege@18 (line 86)
  0x00000270880fe6d0: 9c91 3e07 

  0x00000270880fe6d4: ;   {metadata(method data for {method} {0x00000008000633c0} 'executePrivileged' '(Ljava/security/PrivilegedAction;Ljava/security/AccessControlContext;Ljava/lang/Class;)Ljava/lang/Object;' in 'java/security/AccessController')}
  0x00000270880fe6d4: 48ba b869 | df97 7002 | 0000 ff82 | d801 0000 | 488b 5424 

  0x00000270880fe6e8: ;   {metadata(method data for {method} {0x00000008000633c0} 'executePrivileged' '(Ljava/security/PrivilegedAction;Ljava/security/AccessControlContext;Ljava/lang/Class;)Ljava/lang/Object;' in 'java/security/AccessController')}
  0x00000270880fe6e8: 7048 beb8 | 69df 9770 | 0200 0048 | 8386 3802 

  0x00000270880fe6f8: ;   {metadata(method data for {method} {0x00000008000462d8} 'reachabilityFence' '(Ljava/lang/Object;)V' in 'java/lang/ref/Reference')}
  0x00000270880fe6f8: 0000 0148 | be58 afca | 9770 0200 | 008b becc | 0000 0083 | c702 89be | cc00 0000 | 81e7 feff 
  0x00000270880fe718: 1f00 83ff | 000f 844e 

  0x00000270880fe720: ;   {metadata(method data for {method} {0x00000008000633c0} 'executePrivileged' '(Ljava/security/PrivilegedAction;Ljava/security/AccessControlContext;Ljava/lang/Class;)Ljava/lang/Object;' in 'java/security/AccessController')}
  0x00000270880fe720: 0100 0048 | bab8 69df | 9770 0200 | 0048 8382 | 4802 0000 

  0x00000270880fe734: ;   {metadata(method data for {method} {0x00000008000462d8} 'reachabilityFence' '(Ljava/lang/Object;)V' in 'java/lang/ref/Reference')}
  0x00000270880fe734: 0148 ba58 | afca 9770 | 0200 008b | b2cc 0000 | 0083 c602 | 89b2 cc00 | 0000 81e6 | feff 1f00 
  0x00000270880fe754: 83fe 000f | 8435 0100 | 0048 81c4 | 9000 0000 

  0x00000270880fe764: ;   {poll_return}
  0x00000270880fe764: 5d49 3ba7 | 7803 0000 | 0f87 4101 | 0000 c30f | 1f44 0000 

  0x00000270880fe778: ;   {no_reloc}
  0x00000270880fe778: e95b 0100 | 0000 0000 | 0000 498b | 87f8 0000 | 0048 8d78 | 3049 3bbf | 0801 0000 | 0f87 4801 
  0x00000270880fe798: 0000 4989 | bff8 0000 | 0048 c700 | 0100 0000 | 488b ca49 | ba00 0000 | 0008 0000 | 0049 2bca 
  0x00000270880fe7b8: 8948 0848 | 33c9 8948 | 0c48 33c9 | 4889 4810 | 4889 4818 | 4889 4820 | 4889 4828 

  0x00000270880fe7d4: ;   {metadata(method data for {method} {0x000000080013e110} 'doIntersectionPrivilege' '(Ljava/security/PrivilegedAction;Ljava/security/AccessControlContext;Ljava/security/AccessControlContext;)Ljava/lang/Object;' in 'java/security/ProtectionDomain$JavaSecurityAccessImpl')}
  0x00000270880fe7d4: 488b d048 | be68 bf29 | 9870 0200 | 0048 8386 | 3001 0000 | 0148 8bd0 | 4889 8424 | 8000 0000 
  0x00000270880fe7f4: ;   {optimized virtual_call}
  0x00000270880fe7f4: 6666 90e8 

  0x00000270880fe7f8: ; ImmutableOopMap {[128]=Oop }
                      ;*invokespecial <init> {reexecute=0 rethrow=0 return_oop=0}
                      ; - java.security.ProtectionDomain$JavaSecurityAccessImpl::doIntersectionPrivilege@8 (line 83)
  0x00000270880fe7f8: 8432 3307 | 488b 8424 | 8000 0000 | e903 0100 

  0x00000270880fe808: ;   {metadata({method} {0x000000080013e110} 'doIntersectionPrivilege' '(Ljava/security/PrivilegedAction;Ljava/security/AccessControlContext;Ljava/security/AccessControlContext;)Ljava/lang/Object;' in 'java/security/ProtectionDomain$JavaSecurityAccessImpl')}
  0x00000270880fe808: 0049 ba08 | e113 0008 | 0000 004c | 8954 2408 | 48c7 0424 | ffff ffff 

  0x00000270880fe820: ;   {runtime_call counter_overflow Runtime1 stub}
  0x00000270880fe820: e8db 143e 

  0x00000270880fe824: ; ImmutableOopMap {rdx=Oop r8=Oop r9=Oop rdi=Oop }
                      ;*synchronization entry
                      ; - java.security.ProtectionDomain$JavaSecurityAccessImpl::doIntersectionPrivilege@-1 (line 82)
  0x00000270880fe824: 07e9 6dfc 

  0x00000270880fe828: ;   {metadata({method} {0x0000000800063690} 'doPrivileged' '(Ljava/security/PrivilegedAction;Ljava/security/AccessControlContext;)Ljava/lang/Object;' in 'java/security/AccessController')}
  0x00000270880fe828: ffff 49ba | 8836 0600 | 0800 0000 | 4c89 5424 | 0848 c704 | 24ff ffff 

  0x00000270880fe840: ;   {runtime_call counter_overflow Runtime1 stub}
  0x00000270880fe840: ffe8 ba14 

  0x00000270880fe844: ; ImmutableOopMap {rax=Oop [96]=Oop }
                      ;*synchronization entry
                      ; - java.security.AccessController::doPrivileged@-1 (line 397)
                      ; - java.security.ProtectionDomain$JavaSecurityAccessImpl::doIntersectionPrivilege@18 (line 86)
  0x00000270880fe844: 3e07 e9e3 

  0x00000270880fe848: ;   {metadata({method} {0x00000008000633c0} 'executePrivileged' '(Ljava/security/PrivilegedAction;Ljava/security/AccessControlContext;Ljava/lang/Class;)Ljava/lang/Object;' in 'java/security/AccessController')}
  0x00000270880fe848: fcff ff49 | bab8 3306 | 0008 0000 | 004c 8954 | 2408 48c7 | 0424 ffff 

  0x00000270880fe860: ;   {runtime_call counter_overflow Runtime1 stub}
  0x00000270880fe860: ffff e899 

  0x00000270880fe864: ; ImmutableOopMap {rax=Oop [96]=Oop [112]=Oop [120]=Oop }
                      ;*synchronization entry
                      ; - java.security.AccessController::executePrivileged@-1 (line 771)
                      ; - java.security.AccessController::doPrivileged@13 (line 399)
                      ; - java.security.ProtectionDomain$JavaSecurityAccessImpl::doIntersectionPrivilege@18 (line 86)
  0x00000270880fe864: 143e 07e9 | 47fd ffff 

  0x00000270880fe86c: ;   {runtime_call throw_null_pointer_exception Runtime1 stub}
  0x00000270880fe86c: e8af bd3d 

  0x00000270880fe870: ; ImmutableOopMap {r8=Oop [112]=Oop [120]=Oop }
                      ;*invokeinterface run {reexecute=0 rethrow=0 return_oop=0}
                      ; - java.security.AccessController::executePrivileged@29 (line 776)
                      ; - java.security.AccessController::doPrivileged@13 (line 399)
                      ; - java.security.ProtectionDomain$JavaSecurityAccessImpl::doIntersectionPrivilege@18 (line 86)
                      ;   {metadata({method} {0x00000008000462d8} 'reachabilityFence' '(Ljava/lang/Object;)V' in 'java/lang/ref/Reference')}
  0x00000270880fe870: 0749 bad0 | 6204 0008 | 0000 004c | 8954 2408 | 48c7 0424 | ffff ffff 

  0x00000270880fe888: ;   {runtime_call counter_overflow Runtime1 stub}
  0x00000270880fe888: e873 143e 

  0x00000270880fe88c: ; ImmutableOopMap {rax=Oop rdx=Oop }
                      ;*synchronization entry
                      ; - java.lang.ref.Reference::reachabilityFence@-1 (line 627)
                      ; - java.security.AccessController::executePrivileged@56 (line 781)
                      ; - java.security.AccessController::doPrivileged@13 (line 399)
                      ; - java.security.ProtectionDomain$JavaSecurityAccessImpl::doIntersectionPrivilege@18 (line 86)
  0x00000270880fe88c: 07e9 91fe 

  0x00000270880fe890: ;   {metadata({method} {0x00000008000462d8} 'reachabilityFence' '(Ljava/lang/Object;)V' in 'java/lang/ref/Reference')}
  0x00000270880fe890: ffff 49ba | d062 0400 | 0800 0000 | 4c89 5424 | 0848 c704 | 24ff ffff 

  0x00000270880fe8a8: ;   {runtime_call counter_overflow Runtime1 stub}
  0x00000270880fe8a8: ffe8 5214 

  0x00000270880fe8ac: ; ImmutableOopMap {rax=Oop }
                      ;*synchronization entry
                      ; - java.lang.ref.Reference::reachabilityFence@-1 (line 627)
                      ; - java.security.AccessController::executePrivileged@60 (line 782)
                      ; - java.security.AccessController::doPrivileged@13 (line 399)
                      ; - java.security.ProtectionDomain$JavaSecurityAccessImpl::doIntersectionPrivilege@18 (line 86)
  0x00000270880fe8ac: 3e07 e9aa 

  0x00000270880fe8b0: ;   {internal_word}
  0x00000270880fe8b0: feff ff49 | ba65 e70f | 8870 0200 | 004d 8997 | 9003 0000 

  0x00000270880fe8c4: ;   {runtime_call SafepointBlob}
  0x00000270880fe8c4: e937 9533 

  0x00000270880fe8c8: ;   {metadata(NULL)}
  0x00000270880fe8c8: 0748 ba00 | 0000 0000 | 0000 00b8 | 000f 050a 

  0x00000270880fe8d8: ;   {runtime_call load_klass_patching Runtime1 stub}
  0x00000270880fe8d8: e8a3 033e 

  0x00000270880fe8dc: ; ImmutableOopMap {}
                      ;*new {reexecute=1 rethrow=0 return_oop=0}
                      ; - (reexecute) java.security.ProtectionDomain$JavaSecurityAccessImpl::doIntersectionPrivilege@4 (line 83)
  0x00000270880fe8dc: 07e9 96fe | ffff 488b 

  0x00000270880fe8e4: ;   {runtime_call fast_new_instance Runtime1 stub}
  0x00000270880fe8e4: d2e8 16cc 

  0x00000270880fe8e8: ; ImmutableOopMap {}
                      ;*new {reexecute=0 rethrow=0 return_oop=0}
                      ; - java.security.ProtectionDomain$JavaSecurityAccessImpl::doIntersectionPrivilege@4 (line 83)
  0x00000270880fe8e8: 3d07 e9e5 | feff ff49 | 8b87 2004 | 0000 49c7 | 8720 0400 | 0000 0000 | 0049 c787 | 2804 0000 
  0x00000270880fe908: 0000 0000 | 4881 c490 | 0000 005d 

  0x00000270880fe914: ;   {runtime_call unwind_exception Runtime1 stub}
  0x00000270880fe914: e967 da34 | 07f4 f4f4 | f4f4 f4f4 
[Stub Code]
  0x00000270880fe920: ;   {no_reloc}
  0x00000270880fe920: 0f1f 4400 

  0x00000270880fe924: ;   {static_stub}
  0x00000270880fe924: 0048 bb00 | 0000 0000 

  0x00000270880fe92c: ;   {runtime_call}
  0x00000270880fe92c: 0000 00e9 | fbff ffff 

  0x00000270880fe934: ;   {static_stub}
  0x00000270880fe934: 9048 bb00 | 0000 0000 

  0x00000270880fe93c: ;   {runtime_call}
  0x00000270880fe93c: 0000 00e9 | fbff ffff 

  0x00000270880fe944: ;   {static_stub}
  0x00000270880fe944: 9048 bb00 | 0000 0000 

  0x00000270880fe94c: ;   {runtime_call}
  0x00000270880fe94c: 0000 00e9 | fbff ffff 

  0x00000270880fe954: ;   {static_stub}
  0x00000270880fe954: 9048 bb00 | 0000 0000 

  0x00000270880fe95c: ;   {runtime_call}
  0x00000270880fe95c: 0000 00e9 | fbff ffff 

  0x00000270880fe964: ;   {static_stub}
  0x00000270880fe964: 9048 bb00 | 0000 0000 

  0x00000270880fe96c: ;   {runtime_call}
  0x00000270880fe96c: 0000 00e9 | fbff ffff 

  0x00000270880fe974: ;   {static_stub}
  0x00000270880fe974: 9048 bb00 | 0000 0000 

  0x00000270880fe97c: ;   {runtime_call}
  0x00000270880fe97c: 0000 00e9 | fbff ffff 
[Exception Handler]
  0x00000270880fe984: ;   {runtime_call handle_exception_from_callee Runtime1 stub}
  0x00000270880fe984: e877 e03d 

  0x00000270880fe988: ;   {external_word}
  0x00000270880fe988: 0748 b928 | 4985 47fc | 7f00 0048 

  0x00000270880fe994: ;   {runtime_call}
  0x00000270880fe994: 83e4 f049 | bab0 f850 | 47fc 7f00 | 0041 ffd2 

  0x00000270880fe9a4: ;   {section_word}
  0x00000270880fe9a4: f449 baa5 | e90f 8870 | 0200 0041 

  0x00000270880fe9b0: ;   {runtime_call DeoptimizationBlob}
  0x00000270880fe9b0: 52e9 ea86 | 3307 f4f4 
[/MachCode]


---------------  P R O C E S S  ---------------

Threads class SMR info:
_java_thread_list=0x000002709cd30750, length=16, elements={
0x0000027097aefa90, 0x0000027097af25d0, 0x0000027097af3460, 0x0000027097af5ea0,
0x0000027097af87e0, 0x0000027097b01120, 0x0000027097b24ee0, 0x0000027097b2f5b0,
0x0000027097b2ff20, 0x000002709bd175f0, 0x000002709bd1b210, 0x000002709befc620,
0x000002709bf02b80, 0x000002709bf062a0, 0x000002709bf23c90, 0x00000270f8e56880
}

Java Threads: ( => current thread )
  0x0000027097aefa90 JavaThread "Reference Handler" daemon [_thread_blocked, id=27944, stack(0x0000009b49100000,0x0000009b49200000)]
  0x0000027097af25d0 JavaThread "Finalizer" daemon [_thread_blocked, id=14448, stack(0x0000009b49200000,0x0000009b49300000)]
  0x0000027097af3460 JavaThread "Signal Dispatcher" daemon [_thread_blocked, id=29952, stack(0x0000009b49300000,0x0000009b49400000)]
  0x0000027097af5ea0 JavaThread "Attach Listener" daemon [_thread_blocked, id=12000, stack(0x0000009b49400000,0x0000009b49500000)]
  0x0000027097af87e0 JavaThread "Service Thread" daemon [_thread_blocked, id=30452, stack(0x0000009b49500000,0x0000009b49600000)]
  0x0000027097b01120 JavaThread "Monitor Deflation Thread" daemon [_thread_blocked, id=16124, stack(0x0000009b49600000,0x0000009b49700000)]
  0x0000027097b24ee0 JavaThread "C2 CompilerThread0" daemon [_thread_blocked, id=26580, stack(0x0000009b49700000,0x0000009b49800000)]
  0x0000027097b2f5b0 JavaThread "C1 CompilerThread0" daemon [_thread_blocked, id=25356, stack(0x0000009b49800000,0x0000009b49900000)]
  0x0000027097b2ff20 JavaThread "Sweeper thread" daemon [_thread_blocked, id=30316, stack(0x0000009b49900000,0x0000009b49a00000)]
  0x000002709bd175f0 JavaThread "Notification Thread" daemon [_thread_blocked, id=11856, stack(0x0000009b49a00000,0x0000009b49b00000)]
  0x000002709bd1b210 JavaThread "Common-Cleaner" daemon [_thread_blocked, id=4916, stack(0x0000009b49c00000,0x0000009b49d00000)]
  0x000002709befc620 JavaThread "Java2D Disposer" daemon [_thread_blocked, id=33460, stack(0x0000009b49d00000,0x0000009b49e00000)]
  0x000002709bf02b80 JavaThread "AWT-Shutdown" [_thread_blocked, id=14468, stack(0x0000009b49e00000,0x0000009b49f00000)]
  0x000002709bf062a0 JavaThread "AWT-Windows" daemon [_thread_in_native, id=33944, stack(0x0000009b49f00000,0x0000009b4a000000)]
=>0x000002709bf23c90 JavaThread "AWT-EventQueue-0" [_thread_in_vm, id=30588, stack(0x0000009b4a000000,0x0000009b4a100000)]
  0x00000270f8e56880 JavaThread "DestroyJavaVM" [_thread_blocked, id=6448, stack(0x0000009b48a00000,0x0000009b48b00000)]

Other Threads:
  0x0000027097acece0 VMThread "VM Thread" [stack: 0x0000009b49000000,0x0000009b49100000] [id=34044]
  0x000002709bd1af60 WatcherThread "VM Periodic Task Thread" [stack: 0x0000009b49b00000,0x0000009b49c00000] [id=22464]
  0x00000270f8eb6810 WorkerThread "GC Thread#0" [stack: 0x0000009b48b00000,0x0000009b48c00000] [id=2720]
  0x000002709cbe09c0 WorkerThread "GC Thread#1" [stack: 0x0000009b4a300000,0x0000009b4a400000] [id=3712]
  0x000002709ca2efe0 WorkerThread "GC Thread#2" [stack: 0x0000009b4a400000,0x0000009b4a500000] [id=10816]
  0x000002709c58dba0 WorkerThread "GC Thread#3" [stack: 0x0000009b4a500000,0x0000009b4a600000] [id=15192]
  0x000002709c58e410 WorkerThread "GC Thread#4" [stack: 0x0000009b4a600000,0x0000009b4a700000] [id=34124]
  0x000002709c58de70 WorkerThread "GC Thread#5" [stack: 0x0000009b4a700000,0x0000009b4a800000] [id=23388]
  0x000002709c58e6e0 WorkerThread "GC Thread#6" [stack: 0x0000009b4a800000,0x0000009b4a900000] [id=23744]
  0x00000270f8ec7b70 ConcurrentGCThread "G1 Main Marker" [stack: 0x0000009b48c00000,0x0000009b48d00000] [id=26152]
  0x00000270f8ec85a0 WorkerThread "G1 Conc#0" [stack: 0x0000009b48d00000,0x0000009b48e00000] [id=868]
  0x000002709c58e9b0 WorkerThread "G1 Conc#1" [stack: 0x0000009b48700000,0x0000009b48800000] [id=15288]
  0x000002709c58f4f0 WorkerThread "G1 Conc#2" [stack: 0x0000009b48800000,0x0000009b48900000] [id=33536]
  0x000002709798a120 ConcurrentGCThread "G1 Refine#0" [stack: 0x0000009b48e00000,0x0000009b48f00000] [id=34228]
  0x000002709798aa70 ConcurrentGCThread "G1 Service" [stack: 0x0000009b48f00000,0x0000009b49000000] [id=33452]

Threads with active compile tasks:

VM state: not at safepoint (normal execution)

VM Mutex/Monitor currently owned by a thread:  ([mutex/lock_event])
[0x00000270f8e53600] Heap_lock - owner thread: 0x000002709bf23c90

Heap address: 0x0000000082a00000, size: 2006 MB, Compressed Oops mode: 32-bit

CDS archive(s) mapped at: [0x0000000800000000-0x0000000800c40000-0x0000000800c40000), size 12845056, SharedBaseAddress: 0x0000000800000000, ArchiveRelocationMode: 0.
Compressed class space mapped at: 0x0000000801000000-0x0000000841000000, reserved size: 1073741824
Narrow klass base: 0x0000000800000000, Narrow klass shift: 0, Narrow klass range: 0x100000000

GC Precious Log:
 CardTable entry size: 512
 Card Set container configuration: InlinePtr #cards 5 size 8 Array Of Cards #cards 12 size 40 Howl #buckets 4 coarsen threshold 1843 Howl Bitmap #cards 512 size 80 coarsen threshold 460 Card regions per heap region 1 cards per card region 2048
 CPUs: 12 total, 12 available
 Memory: 8017M
 Large Page Support: Disabled
 NUMA Support: Disabled
 Compressed Oops: Enabled (32-bit)
 Heap Region Size: 1M
 Heap Min Capacity: 8M
 Heap Initial Capacity: 126M
 Heap Max Capacity: 2006M
 Pre-touch: Disabled
 Parallel Workers: 10
 Concurrent Workers: 3
 Concurrent Refinement Workers: 10
 Periodic GC: Disabled

Heap:
 garbage-first heap   total 156672K, used 87775K [0x0000000082a00000, 0x0000000100000000)
  region size 1024K, 3 young (3072K), 1 survivors (1024K)
 Metaspace       used 7498K, committed 7744K, reserved 1114112K
  class space    used 776K, committed 896K, reserved 1048576K

Heap Regions: E=young(eden), S=young(survivor), O=old, HS=humongous(starts), HC=humongous(continues), CS=collection set, F=free, OA=open archive, CA=closed archive, TAMS=top-at-mark-start (previous, next)
|   0|0x0000000082a00000, 0x0000000082b00000, 0x0000000082b00000|100%|HS|  |TAMS 0x0000000082b00000, 0x0000000082a00000| Complete 
|   1|0x0000000082b00000, 0x0000000082c00000, 0x0000000082c00000|100%|HC|  |TAMS 0x0000000082c00000, 0x0000000082b00000| Complete 
|   2|0x0000000082c00000, 0x0000000082d00000, 0x0000000082d00000|100%|HC|  |TAMS 0x0000000082d00000, 0x0000000082c00000| Complete 
|   3|0x0000000082d00000, 0x0000000082e00000, 0x0000000082e00000|100%|HC|  |TAMS 0x0000000082e00000, 0x0000000082d00000| Complete 
|   4|0x0000000082e00000, 0x0000000082f00000, 0x0000000082f00000|100%|HC|  |TAMS 0x0000000082f00000, 0x0000000082e00000| Complete 
|   5|0x0000000082f00000, 0x0000000083000000, 0x0000000083000000|100%|HC|  |TAMS 0x0000000083000000, 0x0000000082f00000| Complete 
|   6|0x0000000083000000, 0x0000000083100000, 0x0000000083100000|100%|HC|  |TAMS 0x0000000083100000, 0x0000000083000000| Complete 
|   7|0x0000000083100000, 0x0000000083200000, 0x0000000083200000|100%|HC|  |TAMS 0x0000000083200000, 0x0000000083100000| Complete 
|   8|0x0000000083200000, 0x0000000083300000, 0x0000000083300000|100%|HS|  |TAMS 0x0000000083300000, 0x0000000083200000| Complete 
|   9|0x0000000083300000, 0x0000000083400000, 0x0000000083400000|100%|HC|  |TAMS 0x0000000083400000, 0x0000000083300000| Complete 
|  10|0x0000000083400000, 0x0000000083500000, 0x0000000083500000|100%| O|  |TAMS 0x0000000083500000, 0x0000000083400000| Untracked 
|  11|0x0000000083500000, 0x0000000083600000, 0x0000000083600000|100%| O|  |TAMS 0x0000000083600000, 0x0000000083500000| Untracked 
|  12|0x0000000083600000, 0x0000000083700000, 0x0000000083700000|100%| O|  |TAMS 0x0000000083700000, 0x0000000083600000| Untracked 
|  13|0x0000000083700000, 0x0000000083800000, 0x0000000083800000|100%|HS|  |TAMS 0x0000000083800000, 0x0000000083700000| Complete 
|  14|0x0000000083800000, 0x0000000083900000, 0x0000000083900000|100%|HC|  |TAMS 0x0000000083900000, 0x0000000083800000| Complete 
|  15|0x0000000083900000, 0x0000000083a00000, 0x0000000083a00000|100%|HC|  |TAMS 0x0000000083a00000, 0x0000000083900000| Complete 
|  16|0x0000000083a00000, 0x0000000083b00000, 0x0000000083b00000|100%|HC|  |TAMS 0x0000000083b00000, 0x0000000083a00000| Complete 
|  17|0x0000000083b00000, 0x0000000083c00000, 0x0000000083c00000|100%|HC|  |TAMS 0x0000000083c00000, 0x0000000083b00000| Complete 
|  18|0x0000000083c00000, 0x0000000083d00000, 0x0000000083d00000|100%|HC|  |TAMS 0x0000000083d00000, 0x0000000083c00000| Complete 
|  19|0x0000000083d00000, 0x0000000083e00000, 0x0000000083e00000|100%|HC|  |TAMS 0x0000000083e00000, 0x0000000083d00000| Complete 
|  20|0x0000000083e00000, 0x0000000083f00000, 0x0000000083f00000|100%|HC|  |TAMS 0x0000000083f00000, 0x0000000083e00000| Complete 
|  21|0x0000000083f00000, 0x0000000083f00000, 0x0000000084000000|  0%| F|  |TAMS 0x0000000083f00000, 0x0000000083f00000| Untracked 
|  22|0x0000000084000000, 0x0000000084000000, 0x0000000084100000|  0%| F|  |TAMS 0x0000000084000000, 0x0000000084000000| Untracked 
|  23|0x0000000084100000, 0x0000000084100000, 0x0000000084200000|  0%| F|  |TAMS 0x0000000084100000, 0x0000000084100000| Untracked 
|  24|0x0000000084200000, 0x0000000084200000, 0x0000000084300000|  0%| F|  |TAMS 0x0000000084200000, 0x0000000084200000| Untracked 
|  25|0x0000000084300000, 0x0000000084300000, 0x0000000084400000|  0%| F|  |TAMS 0x0000000084300000, 0x0000000084300000| Untracked 
|  26|0x0000000084400000, 0x0000000084400000, 0x0000000084500000|  0%| F|  |TAMS 0x0000000084400000, 0x0000000084400000| Untracked 
|  27|0x0000000084500000, 0x0000000084500000, 0x0000000084600000|  0%| F|  |TAMS 0x0000000084500000, 0x0000000084500000| Untracked 
|  28|0x0000000084600000, 0x0000000084600000, 0x0000000084700000|  0%| F|  |TAMS 0x0000000084600000, 0x0000000084600000| Untracked 
|  29|0x0000000084700000, 0x0000000084700000, 0x0000000084800000|  0%| F|  |TAMS 0x0000000084700000, 0x0000000084700000| Untracked 
|  30|0x0000000084800000, 0x0000000084800000, 0x0000000084900000|  0%| F|  |TAMS 0x0000000084800000, 0x0000000084800000| Untracked 
|  31|0x0000000084900000, 0x0000000084900000, 0x0000000084a00000|  0%| F|  |TAMS 0x0000000084900000, 0x0000000084900000| Untracked 
|  32|0x0000000084a00000, 0x0000000084a00000, 0x0000000084b00000|  0%| F|  |TAMS 0x0000000084a00000, 0x0000000084a00000| Untracked 
|  33|0x0000000084b00000, 0x0000000084b00000, 0x0000000084c00000|  0%| F|  |TAMS 0x0000000084b00000, 0x0000000084b00000| Untracked 
|  34|0x0000000084c00000, 0x0000000084c00000, 0x0000000084d00000|  0%| F|  |TAMS 0x0000000084c00000, 0x0000000084c00000| Untracked 
|  35|0x0000000084d00000, 0x0000000084d00000, 0x0000000084e00000|  0%| F|  |TAMS 0x0000000084d00000, 0x0000000084d00000| Untracked 
|  36|0x0000000084e00000, 0x0000000084e00000, 0x0000000084f00000|  0%| F|  |TAMS 0x0000000084e00000, 0x0000000084e00000| Untracked 
|  37|0x0000000084f00000, 0x0000000084f00000, 0x0000000085000000|  0%| F|  |TAMS 0x0000000084f00000, 0x0000000084f00000| Untracked 
|  38|0x0000000085000000, 0x0000000085000000, 0x0000000085100000|  0%| F|  |TAMS 0x0000000085000000, 0x0000000085000000| Untracked 
|  39|0x0000000085100000, 0x0000000085100000, 0x0000000085200000|  0%| F|  |TAMS 0x0000000085100000, 0x0000000085100000| Untracked 
|  40|0x0000000085200000, 0x0000000085200000, 0x0000000085300000|  0%| F|  |TAMS 0x0000000085200000, 0x0000000085200000| Untracked 
|  41|0x0000000085300000, 0x0000000085300000, 0x0000000085400000|  0%| F|  |TAMS 0x0000000085300000, 0x0000000085300000| Untracked 
|  42|0x0000000085400000, 0x0000000085400000, 0x0000000085500000|  0%| F|  |TAMS 0x0000000085400000, 0x0000000085400000| Untracked 
|  43|0x0000000085500000, 0x0000000085500000, 0x0000000085600000|  0%| F|  |TAMS 0x0000000085500000, 0x0000000085500000| Untracked 
|  44|0x0000000085600000, 0x0000000085600000, 0x0000000085700000|  0%| F|  |TAMS 0x0000000085600000, 0x0000000085600000| Untracked 
|  45|0x0000000085700000, 0x0000000085700000, 0x0000000085800000|  0%| F|  |TAMS 0x0000000085700000, 0x0000000085700000| Untracked 
|  46|0x0000000085800000, 0x0000000085900000, 0x0000000085900000|100%| O|  |TAMS 0x0000000085900000, 0x0000000085800000| Untracked 
|  47|0x0000000085900000, 0x0000000085a00000, 0x0000000085a00000|100%| O|  |TAMS 0x0000000085a00000, 0x0000000085900000| Untracked 
|  48|0x0000000085a00000, 0x0000000085b00000, 0x0000000085b00000|100%| O|  |TAMS 0x0000000085b00000, 0x0000000085a00000| Complete 
|  49|0x0000000085b00000, 0x0000000085c00000, 0x0000000085c00000|100%| O|  |TAMS 0x0000000085c00000, 0x0000000085b00000| Untracked 
|  50|0x0000000085c00000, 0x0000000085d00000, 0x0000000085d00000|100%| O|  |TAMS 0x0000000085d00000, 0x0000000085c00000| Untracked 
|  51|0x0000000085d00000, 0x0000000085da8e00, 0x0000000085e00000| 65%| O|  |TAMS 0x0000000085da8e00, 0x0000000085d00000| Untracked 
|  52|0x0000000085e00000, 0x0000000085f00000, 0x0000000085f00000|100%|HS|  |TAMS 0x0000000085f00000, 0x0000000085e00000| Complete 
|  53|0x0000000085f00000, 0x0000000086000000, 0x0000000086000000|100%|HC|  |TAMS 0x0000000086000000, 0x0000000085f00000| Complete 
|  54|0x0000000086000000, 0x0000000086100000, 0x0000000086100000|100%|HC|  |TAMS 0x0000000086100000, 0x0000000086000000| Complete 
|  55|0x0000000086100000, 0x0000000086200000, 0x0000000086200000|100%|HC|  |TAMS 0x0000000086200000, 0x0000000086100000| Complete 
|  56|0x0000000086200000, 0x0000000086300000, 0x0000000086300000|100%|HC|  |TAMS 0x0000000086300000, 0x0000000086200000| Complete 
|  57|0x0000000086300000, 0x0000000086400000, 0x0000000086400000|100%|HC|  |TAMS 0x0000000086400000, 0x0000000086300000| Complete 
|  58|0x0000000086400000, 0x0000000086500000, 0x0000000086500000|100%|HC|  |TAMS 0x0000000086500000, 0x0000000086400000| Complete 
|  59|0x0000000086500000, 0x0000000086600000, 0x0000000086600000|100%|HC|  |TAMS 0x0000000086600000, 0x0000000086500000| Complete 
|  60|0x0000000086600000, 0x0000000086700000, 0x0000000086700000|100%|HC|  |TAMS 0x0000000086700000, 0x0000000086600000| Complete 
|  61|0x0000000086700000, 0x0000000086800000, 0x0000000086800000|100%|HC|  |TAMS 0x0000000086800000, 0x0000000086700000| Complete 
|  62|0x0000000086800000, 0x0000000086900000, 0x0000000086900000|100%|HC|  |TAMS 0x0000000086900000, 0x0000000086800000| Complete 
|  63|0x0000000086900000, 0x0000000086a00000, 0x0000000086a00000|100%|HC|  |TAMS 0x0000000086a00000, 0x0000000086900000| Complete 
|  64|0x0000000086a00000, 0x0000000086b00000, 0x0000000086b00000|100%|HC|  |TAMS 0x0000000086b00000, 0x0000000086a00000| Complete 
|  65|0x0000000086b00000, 0x0000000086c00000, 0x0000000086c00000|100%|HC|  |TAMS 0x0000000086c00000, 0x0000000086b00000| Complete 
|  66|0x0000000086c00000, 0x0000000086d00000, 0x0000000086d00000|100%|HC|  |TAMS 0x0000000086d00000, 0x0000000086c00000| Complete 
|  67|0x0000000086d00000, 0x0000000086e00000, 0x0000000086e00000|100%|HC|  |TAMS 0x0000000086e00000, 0x0000000086d00000| Complete 
|  68|0x0000000086e00000, 0x0000000086f00000, 0x0000000086f00000|100%|HC|  |TAMS 0x0000000086f00000, 0x0000000086e00000| Complete 
|  69|0x0000000086f00000, 0x0000000087000000, 0x0000000087000000|100%|HC|  |TAMS 0x0000000087000000, 0x0000000086f00000| Complete 
|  70|0x0000000087000000, 0x0000000087100000, 0x0000000087100000|100%|HC|  |TAMS 0x0000000087100000, 0x0000000087000000| Complete 
|  71|0x0000000087100000, 0x0000000087200000, 0x0000000087200000|100%|HC|  |TAMS 0x0000000087200000, 0x0000000087100000| Complete 
|  72|0x0000000087200000, 0x0000000087300000, 0x0000000087300000|100%|HC|  |TAMS 0x0000000087300000, 0x0000000087200000| Complete 
|  73|0x0000000087300000, 0x0000000087400000, 0x0000000087400000|100%|HC|  |TAMS 0x0000000087400000, 0x0000000087300000| Complete 
|  74|0x0000000087400000, 0x0000000087500000, 0x0000000087500000|100%|HC|  |TAMS 0x0000000087500000, 0x0000000087400000| Complete 
|  75|0x0000000087500000, 0x0000000087600000, 0x0000000087600000|100%|HC|  |TAMS 0x0000000087600000, 0x0000000087500000| Complete 
|  76|0x0000000087600000, 0x0000000087700000, 0x0000000087700000|100%|HC|  |TAMS 0x0000000087700000, 0x0000000087600000| Complete 
|  77|0x0000000087700000, 0x0000000087800000, 0x0000000087800000|100%|HC|  |TAMS 0x0000000087800000, 0x0000000087700000| Complete 
|  78|0x0000000087800000, 0x0000000087900000, 0x0000000087900000|100%|HC|  |TAMS 0x0000000087900000, 0x0000000087800000| Complete 
|  79|0x0000000087900000, 0x0000000087a00000, 0x0000000087a00000|100%|HC|  |TAMS 0x0000000087a00000, 0x0000000087900000| Complete 
|  80|0x0000000087a00000, 0x0000000087b00000, 0x0000000087b00000|100%|HC|  |TAMS 0x0000000087b00000, 0x0000000087a00000| Complete 
|  81|0x0000000087b00000, 0x0000000087c00000, 0x0000000087c00000|100%|HC|  |TAMS 0x0000000087c00000, 0x0000000087b00000| Complete 
|  82|0x0000000087c00000, 0x0000000087d00000, 0x0000000087d00000|100%|HC|  |TAMS 0x0000000087d00000, 0x0000000087c00000| Complete 
|  83|0x0000000087d00000, 0x0000000087e00000, 0x0000000087e00000|100%|HC|  |TAMS 0x0000000087e00000, 0x0000000087d00000| Complete 
|  84|0x0000000087e00000, 0x0000000087f00000, 0x0000000087f00000|100%|HS|  |TAMS 0x0000000087e00000, 0x0000000087e00000| Complete 
|  85|0x0000000087f00000, 0x0000000088000000, 0x0000000088000000|100%|HC|  |TAMS 0x0000000087f00000, 0x0000000087f00000| Complete 
|  86|0x0000000088000000, 0x0000000088100000, 0x0000000088100000|100%|HC|  |TAMS 0x0000000088000000, 0x0000000088000000| Complete 
|  87|0x0000000088100000, 0x0000000088200000, 0x0000000088200000|100%|HC|  |TAMS 0x0000000088100000, 0x0000000088100000| Complete 
|  88|0x0000000088200000, 0x0000000088300000, 0x0000000088300000|100%|HC|  |TAMS 0x0000000088200000, 0x0000000088200000| Complete 
|  89|0x0000000088300000, 0x0000000088400000, 0x0000000088400000|100%|HC|  |TAMS 0x0000000088300000, 0x0000000088300000| Complete 
|  90|0x0000000088400000, 0x0000000088500000, 0x0000000088500000|100%|HC|  |TAMS 0x0000000088400000, 0x0000000088400000| Complete 
|  91|0x0000000088500000, 0x0000000088600000, 0x0000000088600000|100%|HC|  |TAMS 0x0000000088500000, 0x0000000088500000| Complete 
|  92|0x0000000088600000, 0x0000000088700000, 0x0000000088700000|100%|HC|  |TAMS 0x0000000088600000, 0x0000000088600000| Complete 
|  93|0x0000000088700000, 0x0000000088800000, 0x0000000088800000|100%|HC|  |TAMS 0x0000000088700000, 0x0000000088700000| Complete 
|  94|0x0000000088800000, 0x0000000088900000, 0x0000000088900000|100%|HC|  |TAMS 0x0000000088800000, 0x0000000088800000| Complete 
|  95|0x0000000088900000, 0x0000000088a00000, 0x0000000088a00000|100%|HC|  |TAMS 0x0000000088900000, 0x0000000088900000| Complete 
|  96|0x0000000088a00000, 0x0000000088b00000, 0x0000000088b00000|100%|HC|  |TAMS 0x0000000088a00000, 0x0000000088a00000| Complete 
|  97|0x0000000088b00000, 0x0000000088c00000, 0x0000000088c00000|100%|HC|  |TAMS 0x0000000088b00000, 0x0000000088b00000| Complete 
|  98|0x0000000088c00000, 0x0000000088d00000, 0x0000000088d00000|100%|HC|  |TAMS 0x0000000088c00000, 0x0000000088c00000| Complete 
|  99|0x0000000088d00000, 0x0000000088e00000, 0x0000000088e00000|100%|HC|  |TAMS 0x0000000088d00000, 0x0000000088d00000| Complete 
| 100|0x0000000088e00000, 0x0000000088f00000, 0x0000000088f00000|100%|HC|  |TAMS 0x0000000088e00000, 0x0000000088e00000| Complete 
| 101|0x0000000088f00000, 0x0000000089000000, 0x0000000089000000|100%|HC|  |TAMS 0x0000000088f00000, 0x0000000088f00000| Complete 
| 102|0x0000000089000000, 0x0000000089100000, 0x0000000089100000|100%|HC|  |TAMS 0x0000000089000000, 0x0000000089000000| Complete 
| 103|0x0000000089100000, 0x0000000089200000, 0x0000000089200000|100%|HC|  |TAMS 0x0000000089100000, 0x0000000089100000| Complete 
| 104|0x0000000089200000, 0x0000000089300000, 0x0000000089300000|100%|HC|  |TAMS 0x0000000089200000, 0x0000000089200000| Complete 
| 105|0x0000000089300000, 0x0000000089400000, 0x0000000089400000|100%|HC|  |TAMS 0x0000000089300000, 0x0000000089300000| Complete 
| 106|0x0000000089400000, 0x0000000089500000, 0x0000000089500000|100%|HC|  |TAMS 0x0000000089400000, 0x0000000089400000| Complete 
| 107|0x0000000089500000, 0x0000000089600000, 0x0000000089600000|100%|HC|  |TAMS 0x0000000089500000, 0x0000000089500000| Complete 
| 108|0x0000000089600000, 0x0000000089700000, 0x0000000089700000|100%|HC|  |TAMS 0x0000000089600000, 0x0000000089600000| Complete 
| 109|0x0000000089700000, 0x0000000089700000, 0x0000000089800000|  0%| F|  |TAMS 0x0000000089700000, 0x0000000089700000| Untracked 
| 110|0x0000000089800000, 0x0000000089800000, 0x0000000089900000|  0%| F|  |TAMS 0x0000000089800000, 0x0000000089800000| Untracked 
| 111|0x0000000089900000, 0x0000000089900000, 0x0000000089a00000|  0%| F|  |TAMS 0x0000000089900000, 0x0000000089900000| Untracked 
| 112|0x0000000089a00000, 0x0000000089a00000, 0x0000000089b00000|  0%| F|  |TAMS 0x0000000089a00000, 0x0000000089a00000| Untracked 
| 113|0x0000000089b00000, 0x0000000089b00000, 0x0000000089c00000|  0%| F|  |TAMS 0x0000000089b00000, 0x0000000089b00000| Untracked 
| 114|0x0000000089c00000, 0x0000000089c00000, 0x0000000089d00000|  0%| F|  |TAMS 0x0000000089c00000, 0x0000000089c00000| Untracked 
| 115|0x0000000089d00000, 0x0000000089d00000, 0x0000000089e00000|  0%| F|  |TAMS 0x0000000089d00000, 0x0000000089d00000| Untracked 
| 116|0x0000000089e00000, 0x0000000089e00000, 0x0000000089f00000|  0%| F|  |TAMS 0x0000000089e00000, 0x0000000089e00000| Untracked 
| 117|0x0000000089f00000, 0x0000000089f00000, 0x000000008a000000|  0%| F|  |TAMS 0x0000000089f00000, 0x0000000089f00000| Untracked 
| 118|0x000000008a000000, 0x000000008a000000, 0x000000008a100000|  0%| F|  |TAMS 0x000000008a000000, 0x000000008a000000| Untracked 
| 119|0x000000008a100000, 0x000000008a100000, 0x000000008a200000|  0%| F|  |TAMS 0x000000008a100000, 0x000000008a100000| Untracked 
| 120|0x000000008a200000, 0x000000008a200000, 0x000000008a300000|  0%| F|  |TAMS 0x000000008a200000, 0x000000008a200000| Untracked 
| 121|0x000000008a300000, 0x000000008a300000, 0x000000008a400000|  0%| F|  |TAMS 0x000000008a300000, 0x000000008a300000| Untracked 
| 122|0x000000008a400000, 0x000000008a4236c8, 0x000000008a500000| 13%| S|CS|TAMS 0x000000008a400000, 0x000000008a400000| Complete 
| 123|0x000000008a500000, 0x000000008a500000, 0x000000008a600000|  0%| F|  |TAMS 0x000000008a500000, 0x000000008a500000| Untracked 
| 124|0x000000008a600000, 0x000000008a600000, 0x000000008a700000|  0%| F|  |TAMS 0x000000008a600000, 0x000000008a600000| Untracked 
| 125|0x000000008a700000, 0x000000008a800000, 0x000000008a800000|100%| E|CS|TAMS 0x000000008a700000, 0x000000008a700000| Complete 
| 126|0x000000008a800000, 0x000000008a800000, 0x000000008a900000|  0%| F|  |TAMS 0x000000008a800000, 0x000000008a800000| Untracked 
| 127|0x000000008a900000, 0x000000008a900000, 0x000000008aa00000|  0%| F|  |TAMS 0x000000008a900000, 0x000000008a900000| Untracked 
| 128|0x000000008aa00000, 0x000000008aa00000, 0x000000008ab00000|  0%| F|  |TAMS 0x000000008aa00000, 0x000000008aa00000| Untracked 
| 129|0x000000008ab00000, 0x000000008ab00000, 0x000000008ac00000|  0%| F|  |TAMS 0x000000008ab00000, 0x000000008ab00000| Untracked 
| 130|0x000000008ac00000, 0x000000008ac00000, 0x000000008ad00000|  0%| F|  |TAMS 0x000000008ac00000, 0x000000008ac00000| Untracked 
| 131|0x000000008ad00000, 0x000000008ad00000, 0x000000008ae00000|  0%| F|  |TAMS 0x000000008ad00000, 0x000000008ad00000| Untracked 
| 132|0x000000008ae00000, 0x000000008ae00000, 0x000000008af00000|  0%| F|  |TAMS 0x000000008ae00000, 0x000000008ae00000| Untracked 
| 133|0x000000008af00000, 0x000000008af00000, 0x000000008b000000|  0%| F|  |TAMS 0x000000008af00000, 0x000000008af00000| Untracked 
| 134|0x000000008b000000, 0x000000008b000000, 0x000000008b100000|  0%| F|  |TAMS 0x000000008b000000, 0x000000008b000000| Untracked 
| 135|0x000000008b100000, 0x000000008b100000, 0x000000008b200000|  0%| F|  |TAMS 0x000000008b100000, 0x000000008b100000| Untracked 
| 136|0x000000008b200000, 0x000000008b200000, 0x000000008b300000|  0%| F|  |TAMS 0x000000008b200000, 0x000000008b200000| Untracked 
| 137|0x000000008b300000, 0x000000008b300000, 0x000000008b400000|  0%| F|  |TAMS 0x000000008b300000, 0x000000008b300000| Untracked 
| 138|0x000000008b400000, 0x000000008b400000, 0x000000008b500000|  0%| F|  |TAMS 0x000000008b400000, 0x000000008b400000| Untracked 
| 139|0x000000008b500000, 0x000000008b500000, 0x000000008b600000|  0%| F|  |TAMS 0x000000008b500000, 0x000000008b500000| Untracked 
| 140|0x000000008b600000, 0x000000008b600000, 0x000000008b700000|  0%| F|  |TAMS 0x000000008b600000, 0x000000008b600000| Untracked 
| 141|0x000000008b700000, 0x000000008b700000, 0x000000008b800000|  0%| F|  |TAMS 0x000000008b700000, 0x000000008b700000| Untracked 
| 142|0x000000008b800000, 0x000000008b800000, 0x000000008b900000|  0%| F|  |TAMS 0x000000008b800000, 0x000000008b800000| Untracked 
| 143|0x000000008b900000, 0x000000008b9eb768, 0x000000008ba00000| 91%| E|  |TAMS 0x000000008b900000, 0x000000008b900000| Complete 
| 144|0x000000008ba00000, 0x000000008ba00000, 0x000000008bb00000|  0%| F|  |TAMS 0x000000008ba00000, 0x000000008ba00000| Untracked 
| 145|0x000000008bb00000, 0x000000008bb00000, 0x000000008bc00000|  0%| F|  |TAMS 0x000000008bb00000, 0x000000008bb00000| Untracked 
| 146|0x000000008bc00000, 0x000000008bc00000, 0x000000008bd00000|  0%| F|  |TAMS 0x000000008bc00000, 0x000000008bc00000| Untracked 
| 147|0x000000008bd00000, 0x000000008bd00000, 0x000000008be00000|  0%| F|  |TAMS 0x000000008bd00000, 0x000000008bd00000| Untracked 
| 148|0x000000008be00000, 0x000000008be00000, 0x000000008bf00000|  0%| F|  |TAMS 0x000000008be00000, 0x000000008be00000| Untracked 
| 149|0x000000008bf00000, 0x000000008bf00000, 0x000000008c000000|  0%| F|  |TAMS 0x000000008bf00000, 0x000000008bf00000| Untracked 
| 150|0x000000008c000000, 0x000000008c000000, 0x000000008c100000|  0%| F|  |TAMS 0x000000008c000000, 0x000000008c000000| Untracked 
| 151|0x000000008c100000, 0x000000008c100000, 0x000000008c200000|  0%| F|  |TAMS 0x000000008c100000, 0x000000008c100000| Untracked 
| 152|0x000000008c200000, 0x000000008c200000, 0x000000008c300000|  0%| F|  |TAMS 0x000000008c200000, 0x000000008c200000| Untracked 

Card table byte_map: [0x00000270f9860000,0x00000270f9c50000] _byte_map_base: 0x00000270f944b000

Marking Bits (Prev, Next): (CMBitMap*) 0x00000270f8eb6e80, (CMBitMap*) 0x00000270f8eb6e40
 Prev Bits: [0x00000270fbfa0000, 0x00000270fdef8000)
 Next Bits: [0x00000270fa040000, 0x00000270fbf98000)

Polling page: 0x00000270f8620000

Metaspace:

Usage:
  Non-class:      6.56 MB used.
      Class:    776.01 KB used.
       Both:      7.32 MB used.

Virtual space:
  Non-class space:       64.00 MB reserved,       6.69 MB ( 10%) committed,  1 nodes.
      Class space:        1.00 GB reserved,     896.00 KB ( <1%) committed,  1 nodes.
             Both:        1.06 GB reserved,       7.56 MB ( <1%) committed. 

Chunk freelists:
   Non-Class:  1.06 MB
       Class:  3.13 MB
        Both:  4.19 MB

MaxMetaspaceSize: unlimited
CompressedClassSpaceSize: 1.00 GB
Initial GC threshold: 21.00 MB
Current GC threshold: 21.00 MB
CDS: on
MetaspaceReclaimPolicy: balanced
 - commit_granule_bytes: 65536.
 - commit_granule_words: 8192.
 - virtual_space_node_default_size: 8388608.
 - enlarge_chunks_in_place: 1.
 - new_chunks_are_fully_committed: 0.
 - uncommit_free_chunks: 1.
 - use_allocation_guard: 0.


Internal statistics:

num_allocs_failed_limit: 0.
num_arena_births: 154.
num_arena_deaths: 60.
num_vsnodes_births: 2.
num_vsnodes_deaths: 0.
num_space_committed: 121.
num_space_uncommitted: 0.
num_chunks_returned_to_freelist: 60.
num_chunks_taken_from_freelist: 168.
num_chunk_merges: 12.
num_chunk_splits: 116.
num_chunks_enlarged: 75.
num_inconsistent_stats: 0.

CodeHeap 'non-profiled nmethods': size=120000Kb used=1039Kb max_used=1039Kb free=118960Kb
 bounds [0x000002708f970000, 0x000002708fbe0000, 0x0000027096ea0000]
CodeHeap 'profiled nmethods': size=120000Kb used=2538Kb max_used=2538Kb free=117461Kb
 bounds [0x0000027087ea0000, 0x0000027088120000, 0x000002708f3d0000]
CodeHeap 'non-nmethods': size=5760Kb used=1354Kb max_used=1389Kb free=4405Kb
 bounds [0x000002708f3d0000, 0x000002708f640000, 0x000002708f970000]
 total_blobs=2098 nmethods=1508 adapters=500
 compilation: enabled
              stopped_count=0, restarted_count=0
 full_count=0

Compilation events (20 events):
Event: 23248.755 Thread 0x0000027097b24ee0 1501       4       sun.awt.SunToolkit::targetToAppContext (30 bytes)
Event: 23248.784 Thread 0x0000027097b24ee0 nmethod 1501 0x000002708fa72a90 code [0x000002708fa72c40, 0x000002708fa72d88]
Event: 23254.654 Thread 0x0000027097b2f5b0 1502       3       java.util.IdentityHashMap$IdentityHashMapIterator::nextIndex (72 bytes)
Event: 23254.656 Thread 0x0000027097b2f5b0 nmethod 1502 0x0000027088117410 code [0x00000270881175e0, 0x0000027088117968]
Event: 23254.695 Thread 0x0000027097b24ee0 1503  s    4       sun.java2d.loops.GraphicsPrimitive::makeUniqueID (26 bytes)
Event: 23254.695 Thread 0x0000027097b2f5b0 1504  s    3       sun.java2d.loops.GraphicsPrimitiveMgr::locatePrim (95 bytes)
Event: 23254.698 Thread 0x0000027097b24ee0 nmethod 1503 0x000002708fa72f10 code [0x000002708fa730a0, 0x000002708fa73298]
Event: 23254.698 Thread 0x0000027097b2f5b0 nmethod 1504 0x0000027088117b10 code [0x0000027088117d20, 0x0000027088118588]
Event: 23257.520 Thread 0x0000027097b24ee0 1505       4       java.lang.String::compareTo (9 bytes)
Event: 23257.523 Thread 0x0000027097b24ee0 nmethod 1505 0x000002708fa73390 code [0x000002708fa73520, 0x000002708fa73758]
Event: 23257.523 Thread 0x0000027097b24ee0 1506       4       java.lang.String::compareTo (63 bytes)
Event: 23257.525 Thread 0x0000027097b24ee0 nmethod 1506 0x000002708fa73890 code [0x000002708fa73a20, 0x000002708fa73c38]
Event: 23257.544 Thread 0x0000027097b2f5b0 1507       3       java.lang.Integer::numberOfLeadingZeros (79 bytes)
Event: 23257.545 Thread 0x0000027097b2f5b0 nmethod 1507 0x0000027088118990 code [0x0000027088118b40, 0x0000027088118e18]
Event: 23313.491 Thread 0x0000027097b2f5b0 1508       3       java.lang.invoke.Invokers$Holder::linkToTargetMethod (9 bytes)
Event: 23313.494 Thread 0x0000027097b2f5b0 nmethod 1508 0x0000027088118e90 code [0x0000027088119040, 0x0000027088119418]
Event: 23315.190 Thread 0x0000027097b2f5b0 1509  s    3       sun.awt.windows.WDesktopProperties::setIntegerProperty (57 bytes)
Event: 23315.290 Thread 0x0000027097b2f5b0 nmethod 1509 0x0000027088119510 code [0x0000027088119740, 0x0000027088119fd8]
Event: 23315.924 Thread 0x0000027097b2f5b0 1510       3       java.awt.Container::invalidate (29 bytes)
Event: 23315.946 Thread 0x0000027097b2f5b0 nmethod 1510 0x000002708811a310 code [0x000002708811a4e0, 0x000002708811a958]

GC Heap History (8 events):
Event: 0.797 GC heap before
{Heap before GC invocations=0 (full 0):
 garbage-first heap   total 129024K, used 33792K [0x0000000082a00000, 0x0000000100000000)
  region size 1024K, 23 young (23552K), 0 survivors (0K)
 Metaspace       used 5329K, committed 5568K, reserved 1114112K
  class space    used 542K, committed 640K, reserved 1048576K
}
Event: 0.802 GC heap after
{Heap after GC invocations=1 (full 0):
 garbage-first heap   total 129024K, used 16120K [0x0000000082a00000, 0x0000000100000000)
  region size 1024K, 3 young (3072K), 3 survivors (3072K)
 Metaspace       used 5329K, committed 5568K, reserved 1114112K
  class space    used 542K, committed 640K, reserved 1048576K
}
Event: 23236.216 GC heap before
{Heap before GC invocations=1 (full 0):
 garbage-first heap   total 129024K, used 79608K [0x0000000082a00000, 0x0000000100000000)
  region size 1024K, 32 young (32768K), 3 survivors (3072K)
 Metaspace       used 7544K, committed 7744K, reserved 1114112K
  class space    used 790K, committed 896K, reserved 1048576K
}
Event: 23236.699 GC heap after
{Heap after GC invocations=2 (full 0):
 garbage-first heap   total 129024K, used 53081K [0x0000000082a00000, 0x0000000100000000)
  region size 1024K, 3 young (3072K), 3 survivors (3072K)
 Metaspace       used 7544K, committed 7744K, reserved 1114112K
  class space    used 790K, committed 896K, reserved 1048576K
}
Event: 23243.009 GC heap before
{Heap before GC invocations=2 (full 0):
 garbage-first heap   total 129024K, used 54105K [0x0000000082a00000, 0x0000000100000000)
  region size 1024K, 5 young (5120K), 3 survivors (3072K)
 Metaspace       used 7548K, committed 7744K, reserved 1114112K
  class space    used 790K, committed 896K, reserved 1048576K
}
Event: 23243.028 GC heap after
{Heap after GC invocations=3 (full 0):
 garbage-first heap   total 129024K, used 53256K [0x0000000082a00000, 0x0000000100000000)
  region size 1024K, 1 young (1024K), 1 survivors (1024K)
 Metaspace       used 7548K, committed 7744K, reserved 1114112K
  class space    used 790K, committed 896K, reserved 1048576K
}
Event: 23251.332 GC heap before
{Heap before GC invocations=3 (full 0):
 garbage-first heap   total 129024K, used 87048K [0x0000000082a00000, 0x0000000100000000)
  region size 1024K, 3 young (3072K), 1 survivors (1024K)
 Metaspace       used 7552K, committed 7744K, reserved 1114112K
  class space    used 790K, committed 896K, reserved 1048576K
}
Event: 23251.457 GC heap after
{Heap after GC invocations=4 (full 0):
 garbage-first heap   total 129024K, used 85809K [0x0000000082a00000, 0x0000000100000000)
  region size 1024K, 1 young (1024K), 1 survivors (1024K)
 Metaspace       used 7552K, committed 7744K, reserved 1114112K
  class space    used 790K, committed 896K, reserved 1048576K
}

Dll operation events (9 events):
Event: 0.008 Loaded shared library C:\Program Files\Java\jdk-19\bin\java.dll
Event: 0.018 Loaded shared library C:\Program Files\Java\jdk-19\bin\jsvml.dll
Event: 0.068 Loaded shared library C:\Program Files\Java\jdk-19\bin\jimage.dll
Event: 0.086 Loaded shared library C:\Program Files\Java\jdk-19\bin\awt.dll
Event: 0.275 Loaded shared library C:\Program Files\Java\jdk-19\bin\zip.dll
Event: 0.961 Loaded shared library C:\Program Files\Java\jdk-19\bin\freetype.dll
Event: 0.962 Loaded shared library C:\Program Files\Java\jdk-19\bin\fontmanager.dll
Event: 1.414 Loaded shared library C:\Program Files\Java\jdk-19\bin\net.dll
Event: 1.416 Loaded shared library C:\Program Files\Java\jdk-19\bin\nio.dll

Deoptimization events (20 events):
Event: 23226.953 Thread 0x000002709bf23c90 Uncommon trap: trap_request=0xffffffde fr.pc=0x000002708fa3e154 relative=0x00000000000000b4
Event: 23226.962 Thread 0x000002709bf23c90 Uncommon trap: reason=class_check action=maybe_recompile pc=0x000002708fa3e154 method=java.awt.Container.insets()Ljava/awt/Insets; @ 6 c2
Event: 23226.962 Thread 0x000002709bf23c90 DEOPT PACKING pc=0x000002708fa3e154 sp=0x0000009b4a0fe740
Event: 23227.010 Thread 0x000002709bf23c90 DEOPT UNPACKING pc=0x000002708f436da3 sp=0x0000009b4a0fe6c8 mode 2
Event: 23228.677 Thread 0x000002709bf23c90 Uncommon trap: trap_request=0xffffff45 fr.pc=0x000002708f9f0284 relative=0x0000000000000144
Event: 23228.732 Thread 0x000002709bf23c90 Uncommon trap: reason=unstable_if action=reinterpret pc=0x000002708f9f0284 method=java.awt.geom.AffineTransform.setToScale(DD)V @ 33 c2
Event: 23228.732 Thread 0x000002709bf23c90 DEOPT PACKING pc=0x000002708f9f0284 sp=0x0000009b4a0fe970
Event: 23228.744 Thread 0x000002709bf23c90 DEOPT UNPACKING pc=0x000002708f436da3 sp=0x0000009b4a0fe800 mode 2
Event: 23228.771 Thread 0x000002709bf23c90 Uncommon trap: trap_request=0xffffff45 fr.pc=0x000002708f9f0728 relative=0x00000000000000e8
Event: 23228.771 Thread 0x000002709bf23c90 Uncommon trap: reason=unstable_if action=reinterpret pc=0x000002708f9f0728 method=java.awt.geom.AffineTransform.setToScale(DD)V @ 33 c2
Event: 23228.771 Thread 0x000002709bf23c90 DEOPT PACKING pc=0x000002708f9f0728 sp=0x0000009b4a0fe840
Event: 23228.771 Thread 0x000002709bf23c90 DEOPT UNPACKING pc=0x000002708f436da3 sp=0x0000009b4a0fe768 mode 2
Event: 23233.619 Thread 0x000002709bf23c90 Uncommon trap: trap_request=0xffffff45 fr.pc=0x000002708f9f0df0 relative=0x00000000000000b0
Event: 23233.619 Thread 0x000002709bf23c90 Uncommon trap: reason=unstable_if action=reinterpret pc=0x000002708f9f0df0 method=java.awt.geom.AffineTransform.setToScale(DD)V @ 33 c2
Event: 23233.620 Thread 0x000002709bf23c90 DEOPT PACKING pc=0x000002708f9f0df0 sp=0x0000009b4a0fe860
Event: 23233.620 Thread 0x000002709bf23c90 DEOPT UNPACKING pc=0x000002708f436da3 sp=0x0000009b4a0fe800 mode 2
Event: 23237.981 Thread 0x000002709bf23c90 Uncommon trap: trap_request=0xffffffde fr.pc=0x000002708fa3e154 relative=0x00000000000000b4
Event: 23237.981 Thread 0x000002709bf23c90 Uncommon trap: reason=class_check action=maybe_recompile pc=0x000002708fa3e154 method=java.awt.Container.insets()Ljava/awt/Insets; @ 6 c2
Event: 23237.981 Thread 0x000002709bf23c90 DEOPT PACKING pc=0x000002708fa3e154 sp=0x0000009b4a0fe740
Event: 23237.981 Thread 0x000002709bf23c90 DEOPT UNPACKING pc=0x000002708f436da3 sp=0x0000009b4a0fe6c8 mode 2

Classes loaded (20 events):
Event: 25.133 Loading class javax/swing/JComponent$KeyboardState
Event: 25.133 Loading class javax/swing/JComponent$KeyboardState done
Event: 25.133 Loading class javax/swing/JComponent$IntVector
Event: 25.133 Loading class javax/swing/JComponent$IntVector done
Event: 25.134 Loading class javax/swing/KeyboardManager
Event: 25.134 Loading class javax/swing/KeyboardManager done
Event: 25.134 Loading class javax/swing/Popup$HeavyWeightWindow
Event: 25.134 Loading class sun/awt/ModalExclude
Event: 25.134 Loading class sun/awt/ModalExclude done
Event: 25.134 Loading class javax/swing/JWindow
Event: 25.134 Loading class javax/swing/JWindow done
Event: 25.134 Loading class javax/swing/Popup$HeavyWeightWindow done
Event: 33.562 Loading class java/awt/KeyboardFocusManager$2
Event: 33.562 Loading class java/awt/KeyboardFocusManager$2 done
Event: 23228.300 Loading class java/util/WeakHashMap$KeyIterator
Event: 23228.532 Loading class java/util/WeakHashMap$HashIterator
Event: 23228.540 Loading class java/util/WeakHashMap$HashIterator done
Event: 23228.541 Loading class java/util/WeakHashMap$KeyIterator done
Event: 23233.646 Loading class javax/swing/RepaintManager$DisplayChangedRunnable
Event: 23233.735 Loading class javax/swing/RepaintManager$DisplayChangedRunnable done

Classes unloaded (20 events):
Event: 23254.593 Thread 0x0000027097acece0 Unloading class 0x000000080100b400 'java/lang/invoke/LambdaForm$MH+0x000000080100b400'
Event: 23254.593 Thread 0x0000027097acece0 Unloading class 0x000000080100ac00 'java/lang/invoke/LambdaForm$MH+0x000000080100ac00'
Event: 23254.593 Thread 0x0000027097acece0 Unloading class 0x0000000801009c00 'java/lang/invoke/LambdaForm$MH+0x0000000801009c00'
Event: 23254.593 Thread 0x0000027097acece0 Unloading class 0x0000000801009800 'java/lang/invoke/LambdaForm$MH+0x0000000801009800'
Event: 23254.593 Thread 0x0000027097acece0 Unloading class 0x0000000801009000 'java/lang/invoke/LambdaForm$MH+0x0000000801009000'
Event: 23254.594 Thread 0x0000027097acece0 Unloading class 0x0000000801008400 'java/lang/invoke/LambdaForm$MH+0x0000000801008400'
Event: 23254.594 Thread 0x0000027097acece0 Unloading class 0x0000000801007c00 'java/lang/invoke/LambdaForm$MH+0x0000000801007c00'
Event: 23254.594 Thread 0x0000027097acece0 Unloading class 0x0000000801007800 'java/lang/invoke/LambdaForm$MH+0x0000000801007800'
Event: 23254.594 Thread 0x0000027097acece0 Unloading class 0x0000000801007400 'java/lang/invoke/LambdaForm$MH+0x0000000801007400'
Event: 23254.594 Thread 0x0000027097acece0 Unloading class 0x0000000801007000 'java/lang/invoke/LambdaForm$MH+0x0000000801007000'
Event: 23254.594 Thread 0x0000027097acece0 Unloading class 0x0000000801006800 'java/lang/invoke/LambdaForm$MH+0x0000000801006800'
Event: 23254.594 Thread 0x0000027097acece0 Unloading class 0x0000000801006400 'java/lang/invoke/LambdaForm$MH+0x0000000801006400'
Event: 23254.594 Thread 0x0000027097acece0 Unloading class 0x0000000801006000 'java/lang/invoke/LambdaForm$MH+0x0000000801006000'
Event: 23254.594 Thread 0x0000027097acece0 Unloading class 0x0000000801005800 'java/lang/invoke/LambdaForm$MH+0x0000000801005800'
Event: 23254.594 Thread 0x0000027097acece0 Unloading class 0x0000000801004c00 'java/lang/invoke/LambdaForm$MH+0x0000000801004c00'
Event: 23254.594 Thread 0x0000027097acece0 Unloading class 0x0000000801004800 'java/lang/invoke/LambdaForm$MH+0x0000000801004800'
Event: 23254.594 Thread 0x0000027097acece0 Unloading class 0x0000000801004000 'java/lang/invoke/LambdaForm$MH+0x0000000801004000'
Event: 23254.594 Thread 0x0000027097acece0 Unloading class 0x0000000801001800 'java/lang/invoke/LambdaForm$MH+0x0000000801001800'
Event: 23254.594 Thread 0x0000027097acece0 Unloading class 0x0000000801000800 'java/lang/invoke/LambdaForm$MH+0x0000000801000800'
Event: 23254.594 Thread 0x0000027097acece0 Unloading class 0x0000000801000400 'java/lang/invoke/LambdaForm$MH+0x0000000801000400'

Classes redefined (0 events):
No events

Internal exceptions (20 events):
Event: 0.075 Thread 0x00000270f8e56880 Exception <a 'java/lang/ClassNotFoundException'{0x000000008a50e380}: sun/awt/resources/spi/awtProvider> (0x000000008a50e380) 
thrown [s\open\src\hotspot\share\classfile\systemDictionary.cpp, line 255]
Event: 0.099 Thread 0x00000270f8e56880 Exception <a 'java/io/FileNotFoundException'{0x000000008a567830}> (0x000000008a567830) 
thrown [s\open\src\hotspot\share\prims\jni.cpp, line 517]
Event: 0.115 Thread 0x00000270f8e56880 Exception <a 'java/io/FileNotFoundException'{0x000000008a594140}> (0x000000008a594140) 
thrown [s\open\src\hotspot\share\prims\jni.cpp, line 517]
Event: 0.151 Thread 0x00000270f8e56880 Exception <a 'java/lang/NoSuchMethodError'{0x000000008a5ca088}: 'java.lang.Object java.lang.invoke.DirectMethodHandle$Holder.invokeStaticInit(java.lang.Object)'> (0x000000008a5ca088) 
thrown [s\open\src\hotspot\share\interpreter\linkResolver.cpp, line 774]
Event: 0.208 Thread 0x000002709bf23c90 Exception <a 'java/lang/NoSuchMethodError'{0x000000008a3453f0}: 'void java.lang.invoke.DirectMethodHandle$Holder.invokeSpecial(java.lang.Object, java.lang.Object, java.lang.Object)'> (0x000000008a3453f0) 
thrown [s\open\src\hotspot\share\interpreter\linkResolver.cpp, line 774]
Event: 0.216 Thread 0x000002709bf23c90 Exception <a 'java/lang/NoSuchMethodError'{0x000000008a36ff98}: 'java.lang.Object java.lang.invoke.DirectMethodHandle$Holder.newInvokeSpecial(java.lang.Object, java.lang.Object, java.lang.Object, java.lang.Object, java.lang.Object)'> (0x000000008a36ff98) 
thrown [s\open\src\hotspot\share\interpreter\linkResolver.cpp, line 774]
Event: 0.223 Thread 0x000002709bf23c90 Exception <a 'java/lang/NoSuchMethodError'{0x000000008a3a18c0}: 'java.lang.Object java.lang.invoke.DirectMethodHandle$Holder.invokeStatic(java.lang.Object, int, java.lang.Object)'> (0x000000008a3a18c0) 
thrown [s\open\src\hotspot\share\interpreter\linkResolver.cpp, line 774]
Event: 0.257 Thread 0x000002709bf23c90 Exception <a 'java/lang/ClassNotFoundException'{0x000000008a25d948}: com/sun/swing/internal/plaf/metal/resources/spi/metalProvider> (0x000000008a25d948) 
thrown [s\open\src\hotspot\share\classfile\systemDictionary.cpp, line 255]
Event: 0.258 Thread 0x000002709bf23c90 Exception <a 'java/lang/ClassNotFoundException'{0x000000008a2618f8}: com/sun/swing/internal/plaf/basic/resources/spi/basicProvider> (0x000000008a2618f8) 
thrown [s\open\src\hotspot\share\classfile\systemDictionary.cpp, line 255]
Event: 0.268 Thread 0x000002709bf23c90 Exception <a 'java/lang/NoSuchMethodError'{0x000000008a281e68}: 'int java.lang.invoke.Invokers$Holder.invokeExact_MT(java.lang.Object, java.lang.Object)'> (0x000000008a281e68) 
thrown [s\open\src\hotspot\share\interpreter\linkResolver.cpp, line 774]
Event: 0.277 Thread 0x000002709bfbe820 Exception <a 'java/lang/NoSuchMethodError'{0x000000008a2ff1c8}: 'java.lang.Object java.lang.invoke.DirectMethodHandle$Holder.newInvokeSpecial(java.lang.Object, java.lang.Object, java.lang.Object, int, int, int, int, int)'> (0x000000008a2ff1c8) 
thrown [s\open\src\hotspot\share\interpreter\linkResolver.cpp, line 774]
Event: 0.935 Thread 0x000002709bf23c90 Implicit null exception at 0x000002708f9c55d4 to 0x000002708f9c56fd
Event: 0.950 Thread 0x000002709bf23c90 Exception <a 'java/lang/NoSuchMethodError'{0x0000000089fbabf0}: 'void java.lang.invoke.DirectMethodHandle$Holder.invokeStaticInit(java.lang.Object)'> (0x0000000089fbabf0) 
thrown [s\open\src\hotspot\share\interpreter\linkResolver.cpp, line 774]
Event: 0.969 Thread 0x000002709bf23c90 Exception <a 'java/io/FileNotFoundException'{0x0000000089fc7e38}> (0x0000000089fc7e38) 
thrown [s\open\src\hotspot\share\prims\jni.cpp, line 517]
Event: 0.987 Thread 0x000002709bf23c90 Implicit null exception at 0x000002708f9d7e55 to 0x000002708f9d7f18
Event: 1.239 Thread 0x000002709bf23c90 Implicit null exception at 0x000002708f9b97a0 to 0x000002708f9b9880
Event: 1.277 Thread 0x000002709bf062a0 Exception <a 'java/lang/NoSuchMethodError'{0x0000000089f4e0f8}: 'void java.lang.invoke.DirectMethodHandle$Holder.invokeVirtual(java.lang.Object, java.lang.Object)'> (0x0000000089f4e0f8) 
thrown [s\open\src\hotspot\share\interpreter\linkResolver.cpp, line 774]
Event: 1.286 Thread 0x000002709bf23c90 Implicit null exception at 0x000002708f9affe7 to 0x000002708f9b009c
Event: 1.359 Thread 0x000002709bf23c90 Implicit null exception at 0x000002708f9de98d to 0x000002708f9df5e4
Event: 1.359 Thread 0x000002709bf23c90 Implicit null exception at 0x000002708f9d82d8 to 0x000002708f9d84ac

VM Operations (20 events):
Event: 23213.587 Executing VM operation: Cleanup
Event: 23213.588 Executing VM operation: Cleanup done
Event: 23236.205 Executing VM operation: G1CollectForAllocation
Event: 23236.699 Executing VM operation: G1CollectForAllocation done
Event: 23237.701 Executing VM operation: Cleanup
Event: 23237.701 Executing VM operation: Cleanup done
Event: 23238.736 Executing VM operation: Cleanup
Event: 23238.750 Executing VM operation: Cleanup done
Event: 23242.762 Executing VM operation: Cleanup
Event: 23242.983 Executing VM operation: Cleanup done
Event: 23243.009 Executing VM operation: G1TryInitiateConcMark
Event: 23243.028 Executing VM operation: G1TryInitiateConcMark done
Event: 23251.124 Executing VM operation: G1TryInitiateConcMark
Event: 23251.457 Executing VM operation: G1TryInitiateConcMark done
Event: 23252.199 Executing VM operation: G1PauseRemark
Event: 23254.653 Executing VM operation: G1PauseRemark done
Event: 23254.715 Executing VM operation: G1PauseCleanup
Event: 23254.744 Executing VM operation: G1PauseCleanup done
Event: 23316.103 Executing VM operation: Cleanup
Event: 23316.142 Executing VM operation: Cleanup done

Events (20 events):
Event: 0.035 Thread 0x0000027097af5ea0 Thread added: 0x0000027097af5ea0
Event: 0.035 Thread 0x0000027097af87e0 Thread added: 0x0000027097af87e0
Event: 0.035 Thread 0x0000027097b01120 Thread added: 0x0000027097b01120
Event: 0.035 Thread 0x0000027097b24ee0 Thread added: 0x0000027097b24ee0
Event: 0.035 Thread 0x0000027097b2f5b0 Thread added: 0x0000027097b2f5b0
Event: 0.035 Thread 0x0000027097b2ff20 Thread added: 0x0000027097b2ff20
Event: 0.051 Thread 0x000002709bd175f0 Thread added: 0x000002709bd175f0
Event: 0.055 Thread 0x000002709bd1b210 Thread added: 0x000002709bd1b210
Event: 0.151 Thread 0x000002709befc620 Thread added: 0x000002709befc620
Event: 0.152 Thread 0x000002709bf02b80 Thread added: 0x000002709bf02b80
Event: 0.154 Thread 0x000002709bf062a0 Thread added: 0x000002709bf062a0
Event: 0.173 Thread 0x000002709bf23c90 Thread added: 0x000002709bf23c90
Event: 0.173 Thread 0x00000270f8e56880 Thread exited: 0x00000270f8e56880
Event: 0.173 Thread 0x00000270f8e56880 Thread added: 0x00000270f8e56880
Event: 0.273 Thread 0x000002709bfbe820 Thread added: 0x000002709bfbe820
Event: 0.579 Thread 0x000002709c54af70 Thread added: 0x000002709c54af70
Event: 0.865 Thread 0x000002709cd92190 Thread added: 0x000002709cd92190
Event: 1.587 Thread 0x000002709cd92190 Thread exited: 0x000002709cd92190
Event: 1.587 Thread 0x000002709c54af70 Thread exited: 0x000002709c54af70
Event: 5.571 Thread 0x000002709bfbe820 Thread exited: 0x000002709bfbe820


Dynamic libraries:
0x00007ff7a43b0000 - 0x00007ff7a43c0000 	C:\Program Files\Java\jdk-19\bin\javaw.exe
0x00007ffce2530000 - 0x00007ffce2747000 	C:\Windows\SYSTEM32\ntdll.dll
0x00007ffce1a00000 - 0x00007ffce1ac4000 	C:\Windows\System32\KERNEL32.DLL
0x00007ffcdfdc0000 - 0x00007ffce0166000 	C:\Windows\System32\KERNELBASE.dll
0x00007ffcdfc00000 - 0x00007ffcdfd11000 	C:\Windows\System32\ucrtbase.dll
0x00007ffcda750000 - 0x00007ffcda768000 	C:\Program Files\Java\jdk-19\bin\jli.dll
0x00007ffce0320000 - 0x00007ffce03d0000 	C:\Windows\System32\ADVAPI32.dll
0x00007ffcd9460000 - 0x00007ffcd947b000 	C:\Program Files\Java\jdk-19\bin\VCRUNTIME140.dll
0x00007ffce0de0000 - 0x00007ffce0e87000 	C:\Windows\System32\msvcrt.dll
0x00007ffce0c50000 - 0x00007ffce0cf6000 	C:\Windows\System32\sechost.dll
0x00007ffce0b30000 - 0x00007ffce0c47000 	C:\Windows\System32\RPCRT4.dll
0x00007ffce0860000 - 0x00007ffce0a0d000 	C:\Windows\System32\USER32.dll
0x00007ffce01f0000 - 0x00007ffce0216000 	C:\Windows\System32\win32u.dll
0x00007ffce24a0000 - 0x00007ffce24c9000 	C:\Windows\System32\GDI32.dll
0x00007ffcdfa20000 - 0x00007ffcdfb38000 	C:\Windows\System32\gdi32full.dll
0x00007ffcdfd20000 - 0x00007ffcdfdba000 	C:\Windows\System32\msvcp_win.dll
0x00007ffcc29a0000 - 0x00007ffcc2c33000 	C:\Windows\WinSxS\amd64_microsoft.windows.common-controls_6595b64144ccf1df_6.0.22621.2361_none_2712ced57382f843\COMCTL32.dll
0x00007ffcc9aa0000 - 0x00007ffcc9aaa000 	C:\Windows\SYSTEM32\VERSION.dll
0x00007ffce07c0000 - 0x00007ffce07f1000 	C:\Windows\System32\IMM32.DLL
0x00007ffcd93e0000 - 0x00007ffcd93ec000 	C:\Program Files\Java\jdk-19\bin\vcruntime140_1.dll
0x00007ffcc34a0000 - 0x00007ffcc352e000 	C:\Program Files\Java\jdk-19\bin\msvcp140.dll
0x00007ffc46ef0000 - 0x00007ffc47bb0000 	C:\Program Files\Java\jdk-19\bin\server\jvm.dll
0x00007ffcd7ab0000 - 0x00007ffcd7ae4000 	C:\Windows\SYSTEM32\WINMM.dll
0x00007ffcc4d20000 - 0x00007ffcc4d29000 	C:\Windows\SYSTEM32\WSOCK32.dll
0x00007ffce1980000 - 0x00007ffce19f1000 	C:\Windows\System32\WS2_32.dll
0x00007ffcde950000 - 0x00007ffcde968000 	C:\Windows\SYSTEM32\kernel.appcore.dll
0x00007ffcd87f0000 - 0x00007ffcd87fa000 	C:\Program Files\Java\jdk-19\bin\jimage.dll
0x00007ffcdd0f0000 - 0x00007ffcdd31e000 	C:\Windows\SYSTEM32\DBGHELP.DLL
0x00007ffce1c90000 - 0x00007ffce201a000 	C:\Windows\System32\combase.dll
0x00007ffce0d00000 - 0x00007ffce0dd7000 	C:\Windows\System32\OLEAUT32.dll
0x00007ffcc5ba0000 - 0x00007ffcc5bd2000 	C:\Windows\SYSTEM32\dbgcore.DLL
0x00007ffce0170000 - 0x00007ffce01ea000 	C:\Windows\System32\bcryptPrimitives.dll
0x00007ffccf460000 - 0x00007ffccf486000 	C:\Program Files\Java\jdk-19\bin\java.dll
0x00007ffcab530000 - 0x00007ffcab607000 	C:\Program Files\Java\jdk-19\bin\jsvml.dll
0x00007ffce1060000 - 0x00007ffce18b8000 	C:\Windows\System32\SHELL32.dll
0x00007ffcdd7d0000 - 0x00007ffcde0c2000 	C:\Windows\SYSTEM32\windows.storage.dll
0x00007ffcdd690000 - 0x00007ffcdd7ce000 	C:\Windows\SYSTEM32\wintypes.dll
0x00007ffce0a10000 - 0x00007ffce0b03000 	C:\Windows\System32\SHCORE.dll
0x00007ffce0e90000 - 0x00007ffce0eee000 	C:\Windows\System32\shlwapi.dll
0x00007ffcdf7e0000 - 0x00007ffcdf806000 	C:\Windows\SYSTEM32\profapi.dll
0x00007ffc7c850000 - 0x00007ffc7c9e1000 	C:\Program Files\Java\jdk-19\bin\awt.dll
0x00007ffcdc2b0000 - 0x00007ffcdc347000 	C:\Windows\SYSTEM32\apphelp.dll
0x00007ffcdc3b0000 - 0x00007ffcdc45b000 	C:\Windows\system32\uxtheme.dll
0x00007ffce0460000 - 0x00007ffce05ac000 	C:\Windows\System32\MSCTF.dll
0x00007ffce1ad0000 - 0x00007ffce1c6f000 	C:\Windows\System32\ole32.dll
0x00007ffcdcba0000 - 0x00007ffcdcbcb000 	C:\Windows\system32\DWMAPI.DLL
0x00007ffc7a8b0000 - 0x00007ffc7a9b0000 	C:\Windows\system32\opengl32.dll
0x00007ffcb4bb0000 - 0x00007ffcb4bdd000 	C:\Windows\SYSTEM32\GLU32.dll
0x00007ffcdca20000 - 0x00007ffcdca56000 	C:\Windows\SYSTEM32\dxcore.dll
0x00007ffcc39d0000 - 0x00007ffcc39e8000 	C:\Program Files\Java\jdk-19\bin\zip.dll
0x00007ffca70b0000 - 0x00007ffca7136000 	C:\Program Files\Java\jdk-19\bin\freetype.dll
0x00007ffca2030000 - 0x00007ffca20f6000 	C:\Program Files\Java\jdk-19\bin\fontmanager.dll
0x00007ffcd5d70000 - 0x00007ffcd5eba000 	C:\Windows\SYSTEM32\textinputframework.dll
0x00007ffcc09e0000 - 0x00007ffcc0a49000 	C:\Windows\system32\Oleacc.dll
0x00007ffccaf20000 - 0x00007ffccaf33000 	C:\Program Files\Java\jdk-19\bin\net.dll
0x00007ffcd9250000 - 0x00007ffcd9387000 	C:\Windows\SYSTEM32\WINHTTP.dll
0x00007ffcdee60000 - 0x00007ffcdeec9000 	C:\Windows\system32\mswsock.dll
0x00007ffcca930000 - 0x00007ffcca946000 	C:\Program Files\Java\jdk-19\bin\nio.dll
0x00007ffcdbfc0000 - 0x00007ffcdc0f3000 	C:\Windows\SYSTEM32\CoreMessaging.dll
0x00007ffcd75c0000 - 0x00007ffcd792c000 	C:\Windows\SYSTEM32\CoreUIComponents.dll
0x00007ffcdf0b0000 - 0x00007ffcdf0bc000 	C:\Windows\SYSTEM32\CRYPTBASE.DLL

dbghelp: loaded successfully - version: 4.0.5 - missing functions: none
symbol engine: initialized successfully - sym options: 0x614 - pdb path: .;C:\Program Files\Java\jdk-19\bin;C:\Windows\SYSTEM32;C:\Windows\WinSxS\amd64_microsoft.windows.common-controls_6595b64144ccf1df_6.0.22621.2361_none_2712ced57382f843;C:\Program Files\Java\jdk-19\bin\server

VM Arguments:
jvm_args: -Dfile.encoding=UTF-8 -XX:+ShowCodeDetailsInExceptionMessages 
java_command: Pokemon_Save_Area.Pokemon_Save_Area
java_class_path (initial): C:\Project\GameProject-DB_feature\Pokemon_Save_Area\bin
Launcher Type: SUN_STANDARD

[Global flags]
     intx CICompilerCount                          = 4                                         {product} {ergonomic}
     uint ConcGCThreads                            = 3                                         {product} {ergonomic}
     uint G1ConcRefinementThreads                  = 10                                        {product} {ergonomic}
   size_t G1HeapRegionSize                         = 1048576                                   {product} {ergonomic}
    uintx GCDrainStackTargetSize                   = 64                                        {product} {ergonomic}
   size_t InitialHeapSize                          = 132120576                                 {product} {ergonomic}
   size_t MarkStackSize                            = 4194304                                   {product} {ergonomic}
   size_t MaxHeapSize                              = 2103443456                                {product} {ergonomic}
   size_t MaxNewSize                               = 1261436928                                {product} {ergonomic}
   size_t MinHeapDeltaBytes                        = 1048576                                   {product} {ergonomic}
   size_t MinHeapSize                              = 8388608                                   {product} {ergonomic}
    uintx NonNMethodCodeHeapSize                   = 5839372                                {pd product} {ergonomic}
    uintx NonProfiledCodeHeapSize                  = 122909434                              {pd product} {ergonomic}
    uintx ProfiledCodeHeapSize                     = 122909434                              {pd product} {ergonomic}
    uintx ReservedCodeCacheSize                    = 251658240                              {pd product} {ergonomic}
     bool SegmentedCodeCache                       = true                                      {product} {ergonomic}
     bool ShowCodeDetailsInExceptionMessages       = true                                   {manageable} {command line}
   size_t SoftMaxHeapSize                          = 2103443456                             {manageable} {ergonomic}
     bool UseCompressedClassPointers               = true                           {product lp64_product} {ergonomic}
     bool UseCompressedOops                        = true                           {product lp64_product} {ergonomic}
     bool UseG1GC                                  = true                                      {product} {ergonomic}
     bool UseLargePagesIndividualAllocation        = false                                  {pd product} {ergonomic}

Logging:
Log output configuration:
 #0: stdout all=warning uptime,level,tags foldmultilines=false
 #1: stderr all=off uptime,level,tags foldmultilines=false

Environment Variables:
PATH=C:\oraclexe\app\oracle\product\11.2.0\server\bin;;C:\Program Files\Common Files\Oracle\Java\javapath;C:\Windows\system32;C:\Windows;C:\Windows\System32\Wbem;C:\Windows\System32\WindowsPowerShell\v1.0\;C:\Windows\System32\OpenSSH\;C:\Program Files\Git\cmd;C:\Program Files\dotnet\;C:\Program Files\MySQL\MySQL Shell 8.0\bin\;C:\Users\bak33\AppData\Local\Programs\Python\Python311\Scripts\;C:\Users\bak33\AppData\Local\Programs\Python\Python311\;C:\Users\bak33\AppData\Local\Microsoft\WindowsApps;;C:\Users\bak33\AppData\Local\Programs\Microsoft VS Code\bin;C:\Users\bak33\AppData\Local\afreeca
USERNAME=bak33
OS=Windows_NT
PROCESSOR_IDENTIFIER=Intel64 Family 6 Model 154 Stepping 4, GenuineIntel
TMP=C:\Users\bak33\AppData\Local\Temp
TEMP=C:\Users\bak33\AppData\Local\Temp



---------------  S Y S T E M  ---------------

OS:
 Windows 11 , 64 bit Build 22621 (10.0.22621.2428)
OS uptime: 7 days 23:34 hours
Hyper-V role detected

CPU: total 12 (initial active 12) (6 cores per cpu, 2 threads per core) family 6 model 154 stepping 4 microcode 0x420, cx8, cmov, fxsr, ht, mmx, 3dnowpref, sse, sse2, sse3, ssse3, sse4.1, sse4.2, popcnt, lzcnt, tsc, tscinvbit, avx, avx2, aes, erms, clmul, bmi1, bmi2, adx, sha, fma, vzeroupper, clflush, clflushopt, clwb, hv, serialize, rdtscp, rdpid, fsrm

Memory: 4k page, system-wide physical 8017M (230M free)
TotalPageFile size 32593M (AvailPageFile size 2664M)
current process WorkingSet (physical memory assigned to process): 7M, peak: 125M
current process commit charge ("private bytes"): 254M, peak: 255M

vm_info: Java HotSpot(TM) 64-Bit Server VM (19.0.2+7-44) for windows-amd64 JRE (19.0.2+7-44), built on 2022-11-30T18:02:09Z by "mach5one" with MS VC++ 17.1 (VS2022)

END.
