#
# There is insufficient memory for the Java Runtime Environment to continue.
# Native memory allocation (mmap) failed to map 20971520 bytes for G1 virtual space
# Possible reasons:
#   The system is out of physical RAM or swap space
#   The process is running with CompressedOops enabled, and the Java Heap may be blocking the growth of the native heap
# Possible solutions:
#   Reduce memory load on the system
#   Increase physical memory or swap space
#   Check if swap backing store is full
#   Decrease Java heap size (-Xmx/-Xms)
#   Decrease number of Java threads
#   Decrease Java thread stack sizes (-Xss)
#   Set larger code cache with -XX:ReservedCodeCacheSize=
#   JVM is running with Unscaled Compressed Oops mode in which the Java heap is
#     placed in the first 4GB address space. The Java Heap base address is the
#     maximum limit for the native heap growth. Please use -XX:HeapBaseMinAddress
#     to set the Java Heap base and to place the Java Heap above 4GB virtual address.
# This output file may be truncated or incomplete.
#
#  Out of Memory Error (os_windows.cpp:3536), pid=12228, tid=15148
#
# JRE version: Java(TM) SE Runtime Environment (19.0.2+7) (build 19.0.2+7-44)
# Java VM: Java HotSpot(TM) 64-Bit Server VM (19.0.2+7-44, mixed mode, sharing, tiered, compressed oops, compressed class ptrs, g1 gc, windows-amd64)
# No core dump will be written. Minidumps are not enabled by default on client versions of Windows
#

---------------  S U M M A R Y ------------

Command Line: -Dfile.encoding=UTF-8 -XX:+ShowCodeDetailsInExceptionMessages Pokemon_Save_Area.Pokemon_Save_Area

Host: 12th Gen Intel(R) Core(TM) i5-1235U, 12 cores, 7G,  Windows 11 , 64 bit Build 22621 (10.0.22621.2428)
Time: Sat Nov 11 19:49:04 2023  Windows 11 , 64 bit Build 22621 (10.0.22621.2428) elapsed time: 26772.128585 seconds (0d 7h 26m 12s)

---------------  T H R E A D  ---------------

Current thread (0x000001cd30cfcd20):  VMThread "VM Thread" [stack: 0x00000078d2700000,0x00000078d2800000] [id=15148]

Stack: [0x00000078d2700000,0x00000078d2800000]
Native frames: (J=compiled Java code, j=interpreted, Vv=VM code, C=native code)
V  [jvm.dll+0x6ee21a]
V  [jvm.dll+0x85765e]
V  [jvm.dll+0x85904e]
V  [jvm.dll+0x859703]
V  [jvm.dll+0x28298f]
V  [jvm.dll+0x6eb009]
V  [jvm.dll+0x6dfbaa]
V  [jvm.dll+0x3573f6]
V  [jvm.dll+0x35ee56]
V  [jvm.dll+0x3b541e]
V  [jvm.dll+0x3b564f]
V  [jvm.dll+0x32c9ea]
V  [jvm.dll+0x32f576]
V  [jvm.dll+0x33a0f5]
V  [jvm.dll+0x372bc0]
V  [jvm.dll+0x85ebc3]
V  [jvm.dll+0x85f989]
V  [jvm.dll+0x85febd]
V  [jvm.dll+0x86034b]
V  [jvm.dll+0x860407]
V  [jvm.dll+0x80125a]
V  [jvm.dll+0x6ecf0b]
C  [ucrtbase.dll+0x29363]
C  [KERNEL32.DLL+0x1257d]
C  [ntdll.dll+0x5aa78]

VM_Operation (0x00000078d23ff4d0): G1PauseRemark, mode: safepoint, requested by thread 0x000001cd10236660


---------------  P R O C E S S  ---------------

Threads class SMR info:
_java_thread_list=0x000001cd357c4bf0, length=16, elements={
0x000001cd30d1c990, 0x000001cd30d1f4d0, 0x000001cd30d20000, 0x000001cd30d22cc0,
0x000001cd30d235f0, 0x000001cd30d23f20, 0x000001cd30d35680, 0x000001cd30d38000,
0x000001cd30d38970, 0x000001cd350f9900, 0x000001cd350fd920, 0x000001cd353282c0,
0x000001cd35330a20, 0x000001cd35331160, 0x000001cd3531d710, 0x000001cd101c59b0
}

Java Threads: ( => current thread )
  0x000001cd30d1c990 JavaThread "Reference Handler" daemon [_thread_blocked, id=21856, stack(0x00000078d2800000,0x00000078d2900000)]
  0x000001cd30d1f4d0 JavaThread "Finalizer" daemon [_thread_blocked, id=34120, stack(0x00000078d2900000,0x00000078d2a00000)]
  0x000001cd30d20000 JavaThread "Signal Dispatcher" daemon [_thread_blocked, id=31824, stack(0x00000078d2a00000,0x00000078d2b00000)]
  0x000001cd30d22cc0 JavaThread "Attach Listener" daemon [_thread_blocked, id=22264, stack(0x00000078d2b00000,0x00000078d2c00000)]
  0x000001cd30d235f0 JavaThread "Service Thread" daemon [_thread_blocked, id=17692, stack(0x00000078d2c00000,0x00000078d2d00000)]
  0x000001cd30d23f20 JavaThread "Monitor Deflation Thread" daemon [_thread_blocked, id=32064, stack(0x00000078d2d00000,0x00000078d2e00000)]
  0x000001cd30d35680 JavaThread "C2 CompilerThread0" daemon [_thread_blocked, id=21784, stack(0x00000078d2e00000,0x00000078d2f00000)]
  0x000001cd30d38000 JavaThread "C1 CompilerThread0" daemon [_thread_blocked, id=9784, stack(0x00000078d2f00000,0x00000078d3000000)]
  0x000001cd30d38970 JavaThread "Sweeper thread" daemon [_thread_blocked, id=20372, stack(0x00000078d3000000,0x00000078d3100000)]
  0x000001cd350f9900 JavaThread "Notification Thread" daemon [_thread_blocked, id=25784, stack(0x00000078d3100000,0x00000078d3200000)]
  0x000001cd350fd920 JavaThread "Common-Cleaner" daemon [_thread_blocked, id=15300, stack(0x00000078d3300000,0x00000078d3400000)]
  0x000001cd353282c0 JavaThread "Java2D Disposer" daemon [_thread_blocked, id=20732, stack(0x00000078d3400000,0x00000078d3500000)]
  0x000001cd35330a20 JavaThread "AWT-Shutdown" [_thread_blocked, id=21532, stack(0x00000078d3500000,0x00000078d3600000)]
  0x000001cd35331160 JavaThread "AWT-Windows" daemon [_thread_in_native, id=9800, stack(0x00000078d3600000,0x00000078d3700000)]
  0x000001cd3531d710 JavaThread "AWT-EventQueue-0" [_thread_blocked, id=27268, stack(0x00000078d3700000,0x00000078d3800000)]
  0x000001cd101c59b0 JavaThread "DestroyJavaVM" [_thread_blocked, id=22448, stack(0x00000078d2100000,0x00000078d2200000)]

Other Threads:
=>0x000001cd30cfcd20 VMThread "VM Thread" [stack: 0x00000078d2700000,0x00000078d2800000] [id=15148]
  0x000001cd350fa250 WatcherThread "VM Periodic Task Thread" [stack: 0x00000078d3200000,0x00000078d3300000] [id=19080]
  0x000001cd10225c40 WorkerThread "GC Thread#0" [stack: 0x00000078d2200000,0x00000078d2300000] [id=31028]
  0x000001cd353a4020 WorkerThread "GC Thread#1" [stack: 0x00000078d1e00000,0x00000078d1f00000] [id=31972]
  0x000001cd101cc010 WorkerThread "GC Thread#2" [stack: 0x00000078d1f00000,0x00000078d2000000] [id=34388]
  0x000001cd101cc2e0 WorkerThread "GC Thread#3" [stack: 0x00000078d2000000,0x00000078d2100000] [id=19740]
  0x000001cd101cd690 WorkerThread "GC Thread#4" [stack: 0x00000078d3800000,0x00000078d3900000] [id=33684]
  0x000001cd101cd960 WorkerThread "GC Thread#5" [stack: 0x00000078d3900000,0x00000078d3a00000] [id=14164]
  0x000001cd101cbd40 WorkerThread "GC Thread#6" [stack: 0x00000078d3a00000,0x00000078d3b00000] [id=26116]
  0x000001cd10236660 ConcurrentGCThread "G1 Main Marker" [stack: 0x00000078d2300000,0x00000078d2400000] [id=22560]
  0x000001cd10237090 WorkerThread "G1 Conc#0" [stack: 0x00000078d2400000,0x00000078d2500000] [id=34088]
  0x000001cd101ccb50 WorkerThread "G1 Conc#1" [stack: 0x00000078d3b00000,0x00000078d3c00000] [id=29280]
  0x000001cd101cc5b0 WorkerThread "G1 Conc#2" [stack: 0x00000078d3c00000,0x00000078d3d00000] [id=20428]
  0x000001cd30bba120 ConcurrentGCThread "G1 Refine#0" [stack: 0x00000078d2500000,0x00000078d2600000] [id=15100]
  0x000001cd30bbaa70 ConcurrentGCThread "G1 Service" [stack: 0x00000078d2600000,0x00000078d2700000] [id=32460]

Threads with active compile tasks:

VM state: at safepoint (normal execution)

VM Mutex/Monitor currently owned by a thread:  ([mutex/lock_event])
[0x000001cd101c1210] Threads_lock - owner thread: 0x000001cd30cfcd20
[0x000001cd101c1330] Heap_lock - owner thread: 0x000001cd10236660

Heap address: 0x0000000082a00000, size: 2006 MB, Compressed Oops mode: 32-bit

CDS archive(s) mapped at: [0x0000000800000000-0x0000000800c40000-0x0000000800c40000), size 12845056, SharedBaseAddress: 0x0000000800000000, ArchiveRelocationMode: 0.
Compressed class space mapped at: 0x0000000801000000-0x0000000841000000, reserved size: 1073741824
Narrow klass base: 0x0000000800000000, Narrow klass shift: 0, Narrow klass range: 0x100000000

GC Precious Log:
 CardTable entry size: 512
 Card Set container configuration: InlinePtr #cards 5 size 8 Array Of Cards #cards 12 size 40 Howl #buckets 4 coarsen threshold 1843 Howl Bitmap #cards 512 size 80 coarsen threshold 460 Card regions per heap region 1 cards per card region 2048
 CPUs: 12 total, 12 available
 Memory: 8017M
 Large Page Support: Disabled
 NUMA Support: Disabled
 Compressed Oops: Enabled (32-bit)
 Heap Region Size: 1M
 Heap Min Capacity: 8M
 Heap Initial Capacity: 126M
 Heap Max Capacity: 2006M
 Pre-touch: Disabled
 Parallel Workers: 10
 Concurrent Workers: 3
 Concurrent Refinement Workers: 10
 Periodic GC: Disabled

Heap:
 garbage-first heap   total 165888K, used 110476K [0x0000000082a00000, 0x0000000100000000)
  region size 1024K, 1 young (1024K), 1 survivors (1024K)
 Metaspace       used 7187K, committed 7424K, reserved 1114112K
  class space    used 763K, committed 896K, reserved 1048576K

Heap Regions: E=young(eden), S=young(survivor), O=old, HS=humongous(starts), HC=humongous(continues), CS=collection set, F=free, OA=open archive, CA=closed archive, TAMS=top-at-mark-start (previous, next)
|   0|0x0000000082a00000, 0x0000000082b00000, 0x0000000082b00000|100%|HS|  |TAMS 0x0000000082b00000, 0x0000000082a00000| Complete 
|   1|0x0000000082b00000, 0x0000000082c00000, 0x0000000082c00000|100%|HC|  |TAMS 0x0000000082c00000, 0x0000000082b00000| Complete 
|   2|0x0000000082c00000, 0x0000000082d00000, 0x0000000082d00000|100%|HC|  |TAMS 0x0000000082d00000, 0x0000000082c00000| Complete 
|   3|0x0000000082d00000, 0x0000000082e00000, 0x0000000082e00000|100%|HC|  |TAMS 0x0000000082e00000, 0x0000000082d00000| Complete 
|   4|0x0000000082e00000, 0x0000000082f00000, 0x0000000082f00000|100%|HC|  |TAMS 0x0000000082f00000, 0x0000000082e00000| Complete 
|   5|0x0000000082f00000, 0x0000000083000000, 0x0000000083000000|100%|HC|  |TAMS 0x0000000083000000, 0x0000000082f00000| Complete 
|   6|0x0000000083000000, 0x0000000083100000, 0x0000000083100000|100%|HC|  |TAMS 0x0000000083100000, 0x0000000083000000| Complete 
|   7|0x0000000083100000, 0x0000000083200000, 0x0000000083200000|100%|HC|  |TAMS 0x0000000083200000, 0x0000000083100000| Complete 
|   8|0x0000000083200000, 0x0000000083300000, 0x0000000083300000|100%|HS|  |TAMS 0x0000000083300000, 0x0000000083200000| Complete 
|   9|0x0000000083300000, 0x0000000083400000, 0x0000000083400000|100%|HS|  |TAMS 0x0000000083400000, 0x0000000083300000| Complete 
|  10|0x0000000083400000, 0x0000000083500000, 0x0000000083500000|100%|HC|  |TAMS 0x0000000083500000, 0x0000000083400000| Complete 
|  11|0x0000000083500000, 0x0000000083600000, 0x0000000083600000|100%|HC|  |TAMS 0x0000000083600000, 0x0000000083500000| Complete 
|  12|0x0000000083600000, 0x0000000083700000, 0x0000000083700000|100%|HC|  |TAMS 0x0000000083700000, 0x0000000083600000| Complete 
|  13|0x0000000083700000, 0x0000000083800000, 0x0000000083800000|100%|HC|  |TAMS 0x0000000083800000, 0x0000000083700000| Complete 
|  14|0x0000000083800000, 0x0000000083900000, 0x0000000083900000|100%|HC|  |TAMS 0x0000000083900000, 0x0000000083800000| Complete 
|  15|0x0000000083900000, 0x0000000083a00000, 0x0000000083a00000|100%|HC|  |TAMS 0x0000000083a00000, 0x0000000083900000| Complete 
|  16|0x0000000083a00000, 0x0000000083b00000, 0x0000000083b00000|100%|HC|  |TAMS 0x0000000083b00000, 0x0000000083a00000| Complete 
|  17|0x0000000083b00000, 0x0000000083b00000, 0x0000000083c00000|  0%| F|  |TAMS 0x0000000083b00000, 0x0000000083b00000| Untracked 
|  18|0x0000000083c00000, 0x0000000083c00000, 0x0000000083d00000|  0%| F|  |TAMS 0x0000000083c00000, 0x0000000083c00000| Untracked 
|  19|0x0000000083d00000, 0x0000000083d00000, 0x0000000083e00000|  0%| F|  |TAMS 0x0000000083d00000, 0x0000000083d00000| Untracked 
|  20|0x0000000083e00000, 0x0000000083e00000, 0x0000000083f00000|  0%| F|  |TAMS 0x0000000083e00000, 0x0000000083e00000| Untracked 
|  21|0x0000000083f00000, 0x0000000083f00000, 0x0000000084000000|  0%| F|  |TAMS 0x0000000083f00000, 0x0000000083f00000| Untracked 
|  22|0x0000000084000000, 0x0000000084000000, 0x0000000084100000|  0%| F|  |TAMS 0x0000000084000000, 0x0000000084000000| Untracked 
|  23|0x0000000084100000, 0x0000000084100000, 0x0000000084200000|  0%| F|  |TAMS 0x0000000084100000, 0x0000000084100000| Untracked 
|  24|0x0000000084200000, 0x0000000084200000, 0x0000000084300000|  0%| F|  |TAMS 0x0000000084200000, 0x0000000084200000| Untracked 
|  25|0x0000000084300000, 0x0000000084300000, 0x0000000084400000|  0%| F|  |TAMS 0x0000000084300000, 0x0000000084300000| Untracked 
|  26|0x0000000084400000, 0x0000000084400000, 0x0000000084500000|  0%| F|  |TAMS 0x0000000084400000, 0x0000000084400000| Untracked 
|  27|0x0000000084500000, 0x0000000084500000, 0x0000000084600000|  0%| F|  |TAMS 0x0000000084500000, 0x0000000084500000| Untracked 
|  28|0x0000000084600000, 0x0000000084600000, 0x0000000084700000|  0%| F|  |TAMS 0x0000000084600000, 0x0000000084600000| Untracked 
|  29|0x0000000084700000, 0x0000000084700000, 0x0000000084800000|  0%| F|  |TAMS 0x0000000084700000, 0x0000000084700000| Untracked 
|  30|0x0000000084800000, 0x0000000084800000, 0x0000000084900000|  0%| F|  |TAMS 0x0000000084800000, 0x0000000084800000| Untracked 
|  31|0x0000000084900000, 0x0000000084900000, 0x0000000084a00000|  0%| F|  |TAMS 0x0000000084900000, 0x0000000084900000| Untracked 
|  32|0x0000000084a00000, 0x0000000084a00000, 0x0000000084b00000|  0%| F|  |TAMS 0x0000000084a00000, 0x0000000084a00000| Untracked 
|  33|0x0000000084b00000, 0x0000000084b00000, 0x0000000084c00000|  0%| F|  |TAMS 0x0000000084b00000, 0x0000000084b00000| Untracked 
|  34|0x0000000084c00000, 0x0000000084c00000, 0x0000000084d00000|  0%| F|  |TAMS 0x0000000084c00000, 0x0000000084c00000| Untracked 
|  35|0x0000000084d00000, 0x0000000084d00000, 0x0000000084e00000|  0%| F|  |TAMS 0x0000000084d00000, 0x0000000084d00000| Untracked 
|  36|0x0000000084e00000, 0x0000000084e00000, 0x0000000084f00000|  0%| F|  |TAMS 0x0000000084e00000, 0x0000000084e00000| Untracked 
|  37|0x0000000084f00000, 0x0000000084f00000, 0x0000000085000000|  0%| F|  |TAMS 0x0000000084f00000, 0x0000000084f00000| Untracked 
|  38|0x0000000085000000, 0x0000000085000000, 0x0000000085100000|  0%| F|  |TAMS 0x0000000085000000, 0x0000000085000000| Untracked 
|  39|0x0000000085100000, 0x0000000085100000, 0x0000000085200000|  0%| F|  |TAMS 0x0000000085100000, 0x0000000085100000| Untracked 
|  40|0x0000000085200000, 0x0000000085200000, 0x0000000085300000|  0%| F|  |TAMS 0x0000000085200000, 0x0000000085200000| Untracked 
|  41|0x0000000085300000, 0x0000000085300000, 0x0000000085400000|  0%| F|  |TAMS 0x0000000085300000, 0x0000000085300000| Untracked 
|  42|0x0000000085400000, 0x0000000085500000, 0x0000000085500000|100%|HS|  |TAMS 0x0000000085500000, 0x0000000085400000| Complete 
|  43|0x0000000085500000, 0x0000000085600000, 0x0000000085600000|100%|HC|  |TAMS 0x0000000085600000, 0x0000000085500000| Complete 
|  44|0x0000000085600000, 0x0000000085700000, 0x0000000085700000|100%|HC|  |TAMS 0x0000000085700000, 0x0000000085600000| Complete 
|  45|0x0000000085700000, 0x0000000085800000, 0x0000000085800000|100%|HC|  |TAMS 0x0000000085800000, 0x0000000085700000| Complete 
|  46|0x0000000085800000, 0x0000000085900000, 0x0000000085900000|100%|HC|  |TAMS 0x0000000085900000, 0x0000000085800000| Complete 
|  47|0x0000000085900000, 0x0000000085a00000, 0x0000000085a00000|100%|HC|  |TAMS 0x0000000085a00000, 0x0000000085900000| Complete 
|  48|0x0000000085a00000, 0x0000000085b00000, 0x0000000085b00000|100%|HC|  |TAMS 0x0000000085b00000, 0x0000000085a00000| Complete 
|  49|0x0000000085b00000, 0x0000000085c00000, 0x0000000085c00000|100%|HC|  |TAMS 0x0000000085c00000, 0x0000000085b00000| Complete 
|  50|0x0000000085c00000, 0x0000000085d00000, 0x0000000085d00000|100%|HC|  |TAMS 0x0000000085d00000, 0x0000000085c00000| Complete 
|  51|0x0000000085d00000, 0x0000000085e00000, 0x0000000085e00000|100%|HC|  |TAMS 0x0000000085e00000, 0x0000000085d00000| Complete 
|  52|0x0000000085e00000, 0x0000000085f00000, 0x0000000085f00000|100%|HC|  |TAMS 0x0000000085f00000, 0x0000000085e00000| Complete 
|  53|0x0000000085f00000, 0x0000000086000000, 0x0000000086000000|100%|HC|  |TAMS 0x0000000086000000, 0x0000000085f00000| Complete 
|  54|0x0000000086000000, 0x0000000086100000, 0x0000000086100000|100%|HC|  |TAMS 0x0000000086100000, 0x0000000086000000| Complete 
|  55|0x0000000086100000, 0x0000000086200000, 0x0000000086200000|100%|HC|  |TAMS 0x0000000086200000, 0x0000000086100000| Complete 
|  56|0x0000000086200000, 0x0000000086300000, 0x0000000086300000|100%|HC|  |TAMS 0x0000000086300000, 0x0000000086200000| Complete 
|  57|0x0000000086300000, 0x0000000086400000, 0x0000000086400000|100%|HC|  |TAMS 0x0000000086400000, 0x0000000086300000| Complete 
|  58|0x0000000086400000, 0x0000000086500000, 0x0000000086500000|100%|HC|  |TAMS 0x0000000086500000, 0x0000000086400000| Complete 
|  59|0x0000000086500000, 0x0000000086600000, 0x0000000086600000|100%|HC|  |TAMS 0x0000000086600000, 0x0000000086500000| Complete 
|  60|0x0000000086600000, 0x0000000086700000, 0x0000000086700000|100%|HC|  |TAMS 0x0000000086700000, 0x0000000086600000| Complete 
|  61|0x0000000086700000, 0x0000000086800000, 0x0000000086800000|100%|HC|  |TAMS 0x0000000086800000, 0x0000000086700000| Complete 
|  62|0x0000000086800000, 0x0000000086900000, 0x0000000086900000|100%|HC|  |TAMS 0x0000000086900000, 0x0000000086800000| Complete 
|  63|0x0000000086900000, 0x0000000086a00000, 0x0000000086a00000|100%|HC|  |TAMS 0x0000000086a00000, 0x0000000086900000| Complete 
|  64|0x0000000086a00000, 0x0000000086b00000, 0x0000000086b00000|100%|HC|  |TAMS 0x0000000086b00000, 0x0000000086a00000| Complete 
|  65|0x0000000086b00000, 0x0000000086c00000, 0x0000000086c00000|100%|HC|  |TAMS 0x0000000086c00000, 0x0000000086b00000| Complete 
|  66|0x0000000086c00000, 0x0000000086d00000, 0x0000000086d00000|100%|HC|  |TAMS 0x0000000086d00000, 0x0000000086c00000| Complete 
|  67|0x0000000086d00000, 0x0000000086e00000, 0x0000000086e00000|100%|HC|  |TAMS 0x0000000086e00000, 0x0000000086d00000| Complete 
|  68|0x0000000086e00000, 0x0000000086f00000, 0x0000000086f00000|100%|HC|  |TAMS 0x0000000086f00000, 0x0000000086e00000| Complete 
|  69|0x0000000086f00000, 0x0000000087000000, 0x0000000087000000|100%|HC|  |TAMS 0x0000000087000000, 0x0000000086f00000| Complete 
|  70|0x0000000087000000, 0x0000000087100000, 0x0000000087100000|100%|HC|  |TAMS 0x0000000087100000, 0x0000000087000000| Complete 
|  71|0x0000000087100000, 0x0000000087200000, 0x0000000087200000|100%|HC|  |TAMS 0x0000000087200000, 0x0000000087100000| Complete 
|  72|0x0000000087200000, 0x0000000087300000, 0x0000000087300000|100%|HC|  |TAMS 0x0000000087300000, 0x0000000087200000| Complete 
|  73|0x0000000087300000, 0x0000000087400000, 0x0000000087400000|100%|HC|  |TAMS 0x0000000087400000, 0x0000000087300000| Complete 
|  74|0x0000000087400000, 0x0000000087500000, 0x0000000087500000|100%| O|  |TAMS 0x0000000087500000, 0x0000000087400000| Untracked 
|  75|0x0000000087500000, 0x00000000875cce00, 0x0000000087600000| 80%| O|  |TAMS 0x00000000875cce00, 0x0000000087500000| Updating 
|  76|0x0000000087600000, 0x0000000087700000, 0x0000000087700000|100%|HS|  |TAMS 0x0000000087700000, 0x0000000087600000| Complete 
|  77|0x0000000087700000, 0x0000000087800000, 0x0000000087800000|100%|HC|  |TAMS 0x0000000087800000, 0x0000000087700000| Complete 
|  78|0x0000000087800000, 0x0000000087900000, 0x0000000087900000|100%|HC|  |TAMS 0x0000000087900000, 0x0000000087800000| Complete 
|  79|0x0000000087900000, 0x0000000087a00000, 0x0000000087a00000|100%|HC|  |TAMS 0x0000000087a00000, 0x0000000087900000| Complete 
|  80|0x0000000087a00000, 0x0000000087b00000, 0x0000000087b00000|100%|HC|  |TAMS 0x0000000087b00000, 0x0000000087a00000| Complete 
|  81|0x0000000087b00000, 0x0000000087c00000, 0x0000000087c00000|100%|HC|  |TAMS 0x0000000087c00000, 0x0000000087b00000| Complete 
|  82|0x0000000087c00000, 0x0000000087d00000, 0x0000000087d00000|100%|HC|  |TAMS 0x0000000087d00000, 0x0000000087c00000| Complete 
|  83|0x0000000087d00000, 0x0000000087e00000, 0x0000000087e00000|100%|HC|  |TAMS 0x0000000087e00000, 0x0000000087d00000| Complete 
|  84|0x0000000087e00000, 0x0000000087f00000, 0x0000000087f00000|100%|HC|  |TAMS 0x0000000087f00000, 0x0000000087e00000| Complete 
|  85|0x0000000087f00000, 0x0000000088000000, 0x0000000088000000|100%|HC|  |TAMS 0x0000000088000000, 0x0000000087f00000| Complete 
|  86|0x0000000088000000, 0x0000000088100000, 0x0000000088100000|100%|HC|  |TAMS 0x0000000088100000, 0x0000000088000000| Complete 
|  87|0x0000000088100000, 0x0000000088200000, 0x0000000088200000|100%|HC|  |TAMS 0x0000000088200000, 0x0000000088100000| Complete 
|  88|0x0000000088200000, 0x0000000088300000, 0x0000000088300000|100%|HC|  |TAMS 0x0000000088300000, 0x0000000088200000| Complete 
|  89|0x0000000088300000, 0x0000000088400000, 0x0000000088400000|100%|HC|  |TAMS 0x0000000088400000, 0x0000000088300000| Complete 
|  90|0x0000000088400000, 0x0000000088500000, 0x0000000088500000|100%|HC|  |TAMS 0x0000000088500000, 0x0000000088400000| Complete 
|  91|0x0000000088500000, 0x0000000088600000, 0x0000000088600000|100%|HC|  |TAMS 0x0000000088600000, 0x0000000088500000| Complete 
|  92|0x0000000088600000, 0x0000000088700000, 0x0000000088700000|100%|HC|  |TAMS 0x0000000088700000, 0x0000000088600000| Complete 
|  93|0x0000000088700000, 0x0000000088800000, 0x0000000088800000|100%|HC|  |TAMS 0x0000000088800000, 0x0000000088700000| Complete 
|  94|0x0000000088800000, 0x0000000088900000, 0x0000000088900000|100%|HC|  |TAMS 0x0000000088900000, 0x0000000088800000| Complete 
|  95|0x0000000088900000, 0x0000000088a00000, 0x0000000088a00000|100%|HC|  |TAMS 0x0000000088a00000, 0x0000000088900000| Complete 
|  96|0x0000000088a00000, 0x0000000088b00000, 0x0000000088b00000|100%|HC|  |TAMS 0x0000000088b00000, 0x0000000088a00000| Complete 
|  97|0x0000000088b00000, 0x0000000088c00000, 0x0000000088c00000|100%|HC|  |TAMS 0x0000000088c00000, 0x0000000088b00000| Complete 
|  98|0x0000000088c00000, 0x0000000088d00000, 0x0000000088d00000|100%|HC|  |TAMS 0x0000000088d00000, 0x0000000088c00000| Complete 
|  99|0x0000000088d00000, 0x0000000088e00000, 0x0000000088e00000|100%|HC|  |TAMS 0x0000000088e00000, 0x0000000088d00000| Complete 
| 100|0x0000000088e00000, 0x0000000088f00000, 0x0000000088f00000|100%|HC|  |TAMS 0x0000000088f00000, 0x0000000088e00000| Complete 
| 101|0x0000000088f00000, 0x0000000088f00000, 0x0000000089000000|  0%| F|  |TAMS 0x0000000088f00000, 0x0000000088f00000| Untracked 
| 102|0x0000000089000000, 0x0000000089000000, 0x0000000089100000|  0%| F|  |TAMS 0x0000000089000000, 0x0000000089000000| Untracked 
| 103|0x0000000089100000, 0x0000000089100000, 0x0000000089200000|  0%| F|  |TAMS 0x0000000089100000, 0x0000000089100000| Untracked 
| 104|0x0000000089200000, 0x0000000089200000, 0x0000000089300000|  0%| F|  |TAMS 0x0000000089200000, 0x0000000089200000| Untracked 
| 105|0x0000000089300000, 0x0000000089300000, 0x0000000089400000|  0%| F|  |TAMS 0x0000000089300000, 0x0000000089300000| Untracked 
| 106|0x0000000089400000, 0x0000000089400000, 0x0000000089500000|  0%| F|  |TAMS 0x0000000089400000, 0x0000000089400000| Untracked 
| 107|0x0000000089500000, 0x0000000089500000, 0x0000000089600000|  0%| F|  |TAMS 0x0000000089500000, 0x0000000089500000| Untracked 
| 108|0x0000000089600000, 0x0000000089600000, 0x0000000089700000|  0%| F|  |TAMS 0x0000000089600000, 0x0000000089600000| Untracked 
| 109|0x0000000089700000, 0x0000000089700000, 0x0000000089800000|  0%| F|  |TAMS 0x0000000089700000, 0x0000000089700000| Untracked 
| 110|0x0000000089800000, 0x0000000089800000, 0x0000000089900000|  0%| F|  |TAMS 0x0000000089800000, 0x0000000089800000| Untracked 
| 111|0x0000000089900000, 0x0000000089900000, 0x0000000089a00000|  0%| F|  |TAMS 0x0000000089900000, 0x0000000089900000| Untracked 
| 112|0x0000000089a00000, 0x0000000089a00000, 0x0000000089b00000|  0%| F|  |TAMS 0x0000000089a00000, 0x0000000089a00000| Untracked 
| 113|0x0000000089b00000, 0x0000000089b00000, 0x0000000089c00000|  0%| F|  |TAMS 0x0000000089b00000, 0x0000000089b00000| Untracked 
| 114|0x0000000089c00000, 0x0000000089c00000, 0x0000000089d00000|  0%| F|  |TAMS 0x0000000089c00000, 0x0000000089c00000| Untracked 
| 115|0x0000000089d00000, 0x0000000089d00000, 0x0000000089e00000|  0%| F|  |TAMS 0x0000000089d00000, 0x0000000089d00000| Untracked 
| 116|0x0000000089e00000, 0x0000000089e00000, 0x0000000089f00000|  0%| F|  |TAMS 0x0000000089e00000, 0x0000000089e00000| Untracked 
| 117|0x0000000089f00000, 0x0000000089f00000, 0x000000008a000000|  0%| F|  |TAMS 0x0000000089f00000, 0x0000000089f00000| Untracked 
| 118|0x000000008a000000, 0x000000008a000000, 0x000000008a100000|  0%| F|  |TAMS 0x000000008a000000, 0x000000008a000000| Untracked 
| 119|0x000000008a100000, 0x000000008a100000, 0x000000008a200000|  0%| F|  |TAMS 0x000000008a100000, 0x000000008a100000| Untracked 
| 120|0x000000008a200000, 0x000000008a200000, 0x000000008a300000|  0%| F|  |TAMS 0x000000008a200000, 0x000000008a200000| Untracked 
| 121|0x000000008a300000, 0x000000008a300000, 0x000000008a400000|  0%| F|  |TAMS 0x000000008a300000, 0x000000008a300000| Untracked 
| 122|0x000000008a400000, 0x000000008a400000, 0x000000008a500000|  0%| F|  |TAMS 0x000000008a400000, 0x000000008a400000| Untracked 
| 123|0x000000008a500000, 0x000000008a500000, 0x000000008a600000|  0%| F|  |TAMS 0x000000008a500000, 0x000000008a500000| Untracked 
| 124|0x000000008a600000, 0x000000008a600000, 0x000000008a700000|  0%| F|  |TAMS 0x000000008a600000, 0x000000008a600000| Untracked 
| 125|0x000000008a700000, 0x000000008a700000, 0x000000008a800000|  0%| F|  |TAMS 0x000000008a700000, 0x000000008a700000| Untracked 
| 126|0x000000008a800000, 0x000000008a800000, 0x000000008a900000|  0%| F|  |TAMS 0x000000008a800000, 0x000000008a800000| Untracked 
| 127|0x000000008a900000, 0x000000008a900000, 0x000000008aa00000|  0%| F|  |TAMS 0x000000008a900000, 0x000000008a900000| Untracked 
| 128|0x000000008aa00000, 0x000000008aa00000, 0x000000008ab00000|  0%| F|  |TAMS 0x000000008aa00000, 0x000000008aa00000| Untracked 
| 129|0x000000008ab00000, 0x000000008ab16590, 0x000000008ac00000|  8%| S|CS|TAMS 0x000000008ab00000, 0x000000008ab00000| Complete 
| 130|0x000000008ac00000, 0x000000008ad00000, 0x000000008ad00000|100%|HS|  |TAMS 0x000000008ac00000, 0x000000008ac00000| Complete 
| 131|0x000000008ad00000, 0x000000008ae00000, 0x000000008ae00000|100%|HC|  |TAMS 0x000000008ad00000, 0x000000008ad00000| Complete 
| 132|0x000000008ae00000, 0x000000008af00000, 0x000000008af00000|100%|HC|  |TAMS 0x000000008ae00000, 0x000000008ae00000| Complete 
| 133|0x000000008af00000, 0x000000008b000000, 0x000000008b000000|100%|HC|  |TAMS 0x000000008af00000, 0x000000008af00000| Complete 
| 134|0x000000008b000000, 0x000000008b100000, 0x000000008b100000|100%|HC|  |TAMS 0x000000008b000000, 0x000000008b000000| Complete 
| 135|0x000000008b100000, 0x000000008b200000, 0x000000008b200000|100%|HC|  |TAMS 0x000000008b100000, 0x000000008b100000| Complete 
| 136|0x000000008b200000, 0x000000008b300000, 0x000000008b300000|100%|HC|  |TAMS 0x000000008b200000, 0x000000008b200000| Complete 
| 137|0x000000008b300000, 0x000000008b400000, 0x000000008b400000|100%|HC|  |TAMS 0x000000008b300000, 0x000000008b300000| Complete 
| 138|0x000000008b400000, 0x000000008b500000, 0x000000008b500000|100%|HC|  |TAMS 0x000000008b400000, 0x000000008b400000| Complete 
| 139|0x000000008b500000, 0x000000008b600000, 0x000000008b600000|100%|HC|  |TAMS 0x000000008b500000, 0x000000008b500000| Complete 
| 140|0x000000008b600000, 0x000000008b700000, 0x000000008b700000|100%|HC|  |TAMS 0x000000008b600000, 0x000000008b600000| Complete 
| 141|0x000000008b700000, 0x000000008b800000, 0x000000008b800000|100%|HC|  |TAMS 0x000000008b700000, 0x000000008b700000| Complete 
| 142|0x000000008b800000, 0x000000008b900000, 0x000000008b900000|100%|HC|  |TAMS 0x000000008b800000, 0x000000008b800000| Complete 
| 143|0x000000008b900000, 0x000000008ba00000, 0x000000008ba00000|100%|HC|  |TAMS 0x000000008b900000, 0x000000008b900000| Complete 
| 144|0x000000008ba00000, 0x000000008bb00000, 0x000000008bb00000|100%|HC|  |TAMS 0x000000008ba00000, 0x000000008ba00000| Complete 
| 145|0x000000008bb00000, 0x000000008bc00000, 0x000000008bc00000|100%|HC|  |TAMS 0x000000008bb00000, 0x000000008bb00000| Complete 
| 146|0x000000008bc00000, 0x000000008bd00000, 0x000000008bd00000|100%|HC|  |TAMS 0x000000008bc00000, 0x000000008bc00000| Complete 
| 147|0x000000008bd00000, 0x000000008be00000, 0x000000008be00000|100%|HC|  |TAMS 0x000000008bd00000, 0x000000008bd00000| Complete 
| 148|0x000000008be00000, 0x000000008bf00000, 0x000000008bf00000|100%|HC|  |TAMS 0x000000008be00000, 0x000000008be00000| Complete 
| 149|0x000000008bf00000, 0x000000008c000000, 0x000000008c000000|100%|HC|  |TAMS 0x000000008bf00000, 0x000000008bf00000| Complete 
| 150|0x000000008c000000, 0x000000008c100000, 0x000000008c100000|100%|HC|  |TAMS 0x000000008c000000, 0x000000008c000000| Complete 
| 151|0x000000008c100000, 0x000000008c200000, 0x000000008c200000|100%|HC|  |TAMS 0x000000008c100000, 0x000000008c100000| Complete 
| 152|0x000000008c200000, 0x000000008c300000, 0x000000008c300000|100%|HC|  |TAMS 0x000000008c200000, 0x000000008c200000| Complete 
| 153|0x000000008c300000, 0x000000008c400000, 0x000000008c400000|100%|HC|  |TAMS 0x000000008c300000, 0x000000008c300000| Complete 
| 154|0x000000008c400000, 0x000000008c500000, 0x000000008c500000|100%|HC|  |TAMS 0x000000008c400000, 0x000000008c400000| Complete 
| 155|0x000000008c500000, 0x000000008c600000, 0x000000008c600000|100%|HC|  |TAMS 0x000000008c500000, 0x000000008c500000| Complete 
| 156|0x000000008c600000, 0x000000008c700000, 0x000000008c700000|100%|HC|  |TAMS 0x000000008c600000, 0x000000008c600000| Complete 
| 157|0x000000008c700000, 0x000000008c800000, 0x000000008c800000|100%|HC|  |TAMS 0x000000008c700000, 0x000000008c700000| Complete 
| 158|0x000000008c800000, 0x000000008c900000, 0x000000008c900000|100%|HC|  |TAMS 0x000000008c800000, 0x000000008c800000| Complete 
| 159|0x000000008c900000, 0x000000008ca00000, 0x000000008ca00000|100%|HC|  |TAMS 0x000000008c900000, 0x000000008c900000| Complete 
| 160|0x000000008ca00000, 0x000000008cb00000, 0x000000008cb00000|100%|HC|  |TAMS 0x000000008ca00000, 0x000000008ca00000| Complete 
| 161|0x000000008cb00000, 0x000000008cc00000, 0x000000008cc00000|100%|HC|  |TAMS 0x000000008cb00000, 0x000000008cb00000| Complete 

Card table byte_map: [0x000001cd29990000,0x000001cd29d80000] _byte_map_base: 0x000001cd2957b000

Marking Bits (Prev, Next): (CMBitMap*) 0x000001cd10226270, (CMBitMap*) 0x000001cd102262b0
 Prev Bits: [0x000001cd2a170000, 0x000001cd2c0c8000)
 Next Bits: [0x000001cd2c0d0000, 0x000001cd2e028000)

Polling page: 0x000001cd10290000

Metaspace:

Usage:
  Non-class:      6.27 MB used.
      Class:    763.68 KB used.
       Both:      7.02 MB used.

Virtual space:
  Non-class space:       64.00 MB reserved,       6.38 MB ( 10%) committed,  1 nodes.
      Class space:        1.00 GB reserved,     896.00 KB ( <1%) committed,  1 nodes.
             Both:        1.06 GB reserved,       7.25 MB ( <1%) committed. 

Chunk freelists:
   Non-Class:  1.06 MB
       Class:  3.14 MB
        Both:  4.20 MB

MaxMetaspaceSize: unlimited
CompressedClassSpaceSize: 1.00 GB
Initial GC threshold: 21.00 MB
Current GC threshold: 21.00 MB
CDS: on
MetaspaceReclaimPolicy: balanced
 - commit_granule_bytes: 65536.
 - commit_granule_words: 8192.
 - virtual_space_node_default_size: 8388608.
 - enlarge_chunks_in_place: 1.
 - new_chunks_are_fully_committed: 0.
 - uncommit_free_chunks: 1.
 - use_allocation_guard: 0.


Internal statistics:

num_allocs_failed_limit: 0.
num_arena_births: 150.
num_arena_deaths: 60.
num_vsnodes_births: 2.
num_vsnodes_deaths: 0.
num_space_committed: 116.
num_space_uncommitted: 0.
num_chunks_returned_to_freelist: 60.
num_chunks_taken_from_freelist: 164.
num_chunk_merges: 12.
num_chunk_splits: 112.
num_chunks_enlarged: 73.
num_inconsistent_stats: 0.

CodeHeap 'non-profiled nmethods': size=120000Kb used=310Kb max_used=310Kb free=119689Kb
 bounds [0x000001cd213d0000, 0x000001cd21640000, 0x000001cd28900000]
CodeHeap 'profiled nmethods': size=120000Kb used=1684Kb max_used=1684Kb free=118315Kb
 bounds [0x000001cd19900000, 0x000001cd19b70000, 0x000001cd20e30000]
CodeHeap 'non-nmethods': size=5760Kb used=1345Kb max_used=1361Kb free=4414Kb
 bounds [0x000001cd20e30000, 0x000001cd210a0000, 0x000001cd213d0000]
 total_blobs=1545 nmethods=960 adapters=496
 compilation: enabled
              stopped_count=0, restarted_count=0
 full_count=0

Compilation events (20 events):
Event: 26708.398 Thread 0x000001cd30d35680  951       4       java.util.HashMap::hash (20 bytes)
Event: 26708.401 Thread 0x000001cd30d35680 nmethod 951 0x000001cd2141d390 code [0x000001cd2141d520, 0x000001cd2141d5f8]
Event: 26708.455 Thread 0x000001cd30d38000  952       3       java.util.concurrent.ForkJoinPool::managedBlock (36 bytes)
Event: 26708.456 Thread 0x000001cd30d38000 nmethod 952 0x000001cd19a9f590 code [0x000001cd19a9f800, 0x000001cd19aa0558]
Event: 26708.456 Thread 0x000001cd30d38000  954       3       java.util.concurrent.locks.AbstractQueuedSynchronizer$ConditionNode::block (15 bytes)
Event: 26708.458 Thread 0x000001cd30d38000 nmethod 954 0x000001cd19aa0890 code [0x000001cd19aa0a80, 0x000001cd19aa1098]
Event: 26708.458 Thread 0x000001cd30d38000  953       3       java.util.concurrent.ForkJoinPool::unmanagedBlock (31 bytes)
Event: 26708.459 Thread 0x000001cd30d38000 nmethod 953 0x000001cd19aa1210 code [0x000001cd19aa1440, 0x000001cd19aa1e28]
Event: 26761.510 Thread 0x000001cd30d38000  955       3       java.util.concurrent.locks.AbstractQueuedSynchronizer::enqueue (60 bytes)
Event: 26761.514 Thread 0x000001cd30d38000 nmethod 955 0x000001cd19aa2110 code [0x000001cd19aa2320, 0x000001cd19aa2988]
Event: 26763.017 Thread 0x000001cd30d38000  956  s    3       sun.awt.windows.WDesktopProperties::setIntegerProperty (57 bytes)
Event: 26763.019 Thread 0x000001cd30d38000 nmethod 956 0x000001cd19aa2b90 code [0x000001cd19aa2dc0, 0x000001cd19aa3658]
Event: 26765.521 Thread 0x000001cd30d35680  957       4       java.lang.String::toString (2 bytes)
Event: 26765.523 Thread 0x000001cd30d38000  958       3       java.awt.Color::testColorValueRange (121 bytes)
Event: 26765.523 Thread 0x000001cd30d35680 nmethod 957 0x000001cd2141d690 code [0x000001cd2141d800, 0x000001cd2141d878]
Event: 26765.528 Thread 0x000001cd30d38000 nmethod 958 0x000001cd19aa3990 code [0x000001cd19aa3ba0, 0x000001cd19aa4198]
Event: 26765.911 Thread 0x000001cd30d38000  959       3       java.lang.invoke.DirectMethodHandle$Holder::invokeStatic (15 bytes)
Event: 26765.961 Thread 0x000001cd30d38000 nmethod 959 0x000001cd19aa4390 code [0x000001cd19aa4560, 0x000001cd19aa4ab8]
Event: 26766.933 Thread 0x000001cd30d38000  960       3       java.lang.Integer::numberOfLeadingZeros (79 bytes)
Event: 26766.962 Thread 0x000001cd30d38000 nmethod 960 0x000001cd19aa4c10 code [0x000001cd19aa4dc0, 0x000001cd19aa5098]

GC Heap History (6 events):
Event: 26697.435 GC heap before
{Heap before GC invocations=0 (full 0):
 garbage-first heap   total 129024K, used 58368K [0x0000000082a00000, 0x0000000100000000)
  region size 1024K, 16 young (16384K), 0 survivors (0K)
 Metaspace       used 7237K, committed 7424K, reserved 1114112K
  class space    used 778K, committed 896K, reserved 1048576K
}
Event: 26697.662 GC heap after
{Heap after GC invocations=1 (full 0):
 garbage-first heap   total 129024K, used 45056K [0x0000000082a00000, 0x0000000100000000)
  region size 1024K, 2 young (2048K), 2 survivors (2048K)
 Metaspace       used 7237K, committed 7424K, reserved 1114112K
  class space    used 778K, committed 896K, reserved 1048576K
}
Event: 26701.837 GC heap before
{Heap before GC invocations=1 (full 0):
 garbage-first heap   total 129024K, used 78848K [0x0000000082a00000, 0x0000000100000000)
  region size 1024K, 4 young (4096K), 2 survivors (2048K)
 Metaspace       used 7241K, committed 7424K, reserved 1114112K
  class space    used 778K, committed 896K, reserved 1048576K
}
Event: 26702.012 GC heap after
{Heap after GC invocations=2 (full 0):
 garbage-first heap   total 129024K, used 77738K [0x0000000082a00000, 0x0000000100000000)
  region size 1024K, 1 young (1024K), 1 survivors (1024K)
 Metaspace       used 7241K, committed 7424K, reserved 1114112K
  class space    used 778K, committed 896K, reserved 1048576K
}
Event: 26767.020 GC heap before
{Heap before GC invocations=3 (full 0):
 garbage-first heap   total 133120K, used 77738K [0x0000000082a00000, 0x0000000100000000)
  region size 1024K, 2 young (2048K), 1 survivors (1024K)
 Metaspace       used 7241K, committed 7424K, reserved 1114112K
  class space    used 778K, committed 896K, reserved 1048576K
}
Event: 26767.239 GC heap after
{Heap after GC invocations=4 (full 0):
 garbage-first heap   total 133120K, used 77708K [0x0000000082a00000, 0x0000000100000000)
  region size 1024K, 1 young (1024K), 1 survivors (1024K)
 Metaspace       used 7241K, committed 7424K, reserved 1114112K
  class space    used 778K, committed 896K, reserved 1048576K
}

Dll operation events (9 events):
Event: 0.007 Loaded shared library C:\Program Files\Java\jdk-19\bin\java.dll
Event: 0.016 Loaded shared library C:\Program Files\Java\jdk-19\bin\jsvml.dll
Event: 0.060 Loaded shared library C:\Program Files\Java\jdk-19\bin\jimage.dll
Event: 0.074 Loaded shared library C:\Program Files\Java\jdk-19\bin\awt.dll
Event: 0.214 Loaded shared library C:\Program Files\Java\jdk-19\bin\zip.dll
Event: 0.486 Loaded shared library C:\Program Files\Java\jdk-19\bin\freetype.dll
Event: 0.486 Loaded shared library C:\Program Files\Java\jdk-19\bin\fontmanager.dll
Event: 0.562 Loaded shared library C:\Program Files\Java\jdk-19\bin\net.dll
Event: 0.564 Loaded shared library C:\Program Files\Java\jdk-19\bin\nio.dll

Deoptimization events (20 events):
Event: 0.428 Thread 0x000001cd353a2420 DEOPT PACKING pc=0x000001cd21401168 sp=0x00000078d38ff0e0
Event: 0.428 Thread 0x000001cd353a2420 DEOPT UNPACKING pc=0x000001cd20e96da3 sp=0x00000078d38ff048 mode 2
Event: 0.428 Thread 0x000001cd353a2420 Uncommon trap: trap_request=0xffffff45 fr.pc=0x000001cd213ff018 relative=0x0000000000000358
Event: 0.428 Thread 0x000001cd353a2420 Uncommon trap: reason=unstable_if action=reinterpret pc=0x000001cd213ff018 method=java.util.zip.Inflater.inflate([BII)I @ 314 c2
Event: 0.428 Thread 0x000001cd353a2420 DEOPT PACKING pc=0x000001cd213ff018 sp=0x00000078d38ff270
Event: 0.428 Thread 0x000001cd353a2420 DEOPT UNPACKING pc=0x000001cd20e96da3 sp=0x00000078d38ff1e0 mode 2
Event: 0.428 Thread 0x000001cd353a2420 Uncommon trap: trap_request=0xffffff45 fr.pc=0x000001cd213f87c4 relative=0x0000000000000da4
Event: 0.428 Thread 0x000001cd353a2420 Uncommon trap: reason=unstable_if action=reinterpret pc=0x000001cd213f87c4 method=sun.awt.image.PNGImageDecoder.produceImage()V @ 867 c2
Event: 0.428 Thread 0x000001cd353a2420 DEOPT PACKING pc=0x000001cd213f87c4 sp=0x00000078d38ff5d0
Event: 0.428 Thread 0x000001cd353a2420 DEOPT UNPACKING pc=0x000001cd20e96da3 sp=0x00000078d38ff520 mode 2
Event: 0.434 Thread 0x000001cd353a2420 DEOPT PACKING pc=0x000001cd199e1fd8 sp=0x00000078d38ff360
Event: 0.434 Thread 0x000001cd353a2420 DEOPT UNPACKING pc=0x000001cd20e97543 sp=0x00000078d38fe850 mode 0
Event: 0.435 Thread 0x000001cd353a2420 Uncommon trap: trap_request=0xffffff45 fr.pc=0x000001cd21402e30 relative=0x0000000000000310
Event: 0.435 Thread 0x000001cd353a2420 Uncommon trap: reason=unstable_if action=reinterpret pc=0x000001cd21402e30 method=sun.awt.image.ImageRepresentation.getOpaqueRGBImage()Ljava/awt/image/BufferedImage; @ 57 c2
Event: 0.435 Thread 0x000001cd353a2420 DEOPT PACKING pc=0x000001cd21402e30 sp=0x00000078d38ff3c0
Event: 0.435 Thread 0x000001cd353a2420 DEOPT UNPACKING pc=0x000001cd20e96da3 sp=0x00000078d38ff350 mode 2
Event: 0.448 Thread 0x000001cd353a2420 Uncommon trap: trap_request=0xffffff45 fr.pc=0x000001cd213fa820 relative=0x00000000000002e0
Event: 0.448 Thread 0x000001cd353a2420 Uncommon trap: reason=unstable_if action=reinterpret pc=0x000001cd213fa820 method=sun.awt.image.PNGImageDecoder.produceImage()V @ 94 c2
Event: 0.448 Thread 0x000001cd353a2420 DEOPT PACKING pc=0x000001cd213fa820 sp=0x00000078d38ff630
Event: 0.448 Thread 0x000001cd353a2420 DEOPT UNPACKING pc=0x000001cd20e96da3 sp=0x00000078d38ff528 mode 2

Classes loaded (20 events):
Event: 4.642 Loading class javax/swing/JComponent$IntVector
Event: 4.642 Loading class javax/swing/JComponent$IntVector done
Event: 4.642 Loading class javax/swing/KeyboardManager
Event: 4.643 Loading class javax/swing/KeyboardManager done
Event: 4.643 Loading class javax/swing/Popup$HeavyWeightWindow
Event: 4.643 Loading class sun/awt/ModalExclude
Event: 4.643 Loading class sun/awt/ModalExclude done
Event: 4.643 Loading class javax/swing/JWindow
Event: 4.643 Loading class javax/swing/JWindow done
Event: 4.643 Loading class javax/swing/Popup$HeavyWeightWindow done
Event: 4.912 Loading class java/awt/LightweightDispatcher$2
Event: 4.913 Loading class java/awt/LightweightDispatcher$2 done
Event: 16.472 Loading class java/awt/KeyboardFocusManager$2
Event: 16.472 Loading class java/awt/KeyboardFocusManager$2 done
Event: 26677.840 Loading class java/util/WeakHashMap$KeyIterator
Event: 26677.921 Loading class java/util/WeakHashMap$HashIterator
Event: 26678.002 Loading class java/util/WeakHashMap$HashIterator done
Event: 26678.002 Loading class java/util/WeakHashMap$KeyIterator done
Event: 26678.282 Loading class javax/swing/RepaintManager$DisplayChangedRunnable
Event: 26679.318 Loading class javax/swing/RepaintManager$DisplayChangedRunnable done

Classes unloaded (20 events):
Event: 26771.676 Thread 0x000001cd30cfcd20 Unloading class 0x000000080100b400 'java/lang/invoke/LambdaForm$MH+0x000000080100b400'
Event: 26771.676 Thread 0x000001cd30cfcd20 Unloading class 0x000000080100ac00 'java/lang/invoke/LambdaForm$MH+0x000000080100ac00'
Event: 26771.676 Thread 0x000001cd30cfcd20 Unloading class 0x0000000801009c00 'java/lang/invoke/LambdaForm$MH+0x0000000801009c00'
Event: 26771.676 Thread 0x000001cd30cfcd20 Unloading class 0x0000000801009800 'java/lang/invoke/LambdaForm$MH+0x0000000801009800'
Event: 26771.676 Thread 0x000001cd30cfcd20 Unloading class 0x0000000801009000 'java/lang/invoke/LambdaForm$MH+0x0000000801009000'
Event: 26771.679 Thread 0x000001cd30cfcd20 Unloading class 0x0000000801008400 'java/lang/invoke/LambdaForm$MH+0x0000000801008400'
Event: 26771.679 Thread 0x000001cd30cfcd20 Unloading class 0x0000000801007c00 'java/lang/invoke/LambdaForm$MH+0x0000000801007c00'
Event: 26771.679 Thread 0x000001cd30cfcd20 Unloading class 0x0000000801007800 'java/lang/invoke/LambdaForm$MH+0x0000000801007800'
Event: 26771.679 Thread 0x000001cd30cfcd20 Unloading class 0x0000000801007400 'java/lang/invoke/LambdaForm$MH+0x0000000801007400'
Event: 26771.679 Thread 0x000001cd30cfcd20 Unloading class 0x0000000801007000 'java/lang/invoke/LambdaForm$MH+0x0000000801007000'
Event: 26771.679 Thread 0x000001cd30cfcd20 Unloading class 0x0000000801006800 'java/lang/invoke/LambdaForm$MH+0x0000000801006800'
Event: 26771.679 Thread 0x000001cd30cfcd20 Unloading class 0x0000000801006400 'java/lang/invoke/LambdaForm$MH+0x0000000801006400'
Event: 26771.679 Thread 0x000001cd30cfcd20 Unloading class 0x0000000801006000 'java/lang/invoke/LambdaForm$MH+0x0000000801006000'
Event: 26771.679 Thread 0x000001cd30cfcd20 Unloading class 0x0000000801005800 'java/lang/invoke/LambdaForm$MH+0x0000000801005800'
Event: 26771.679 Thread 0x000001cd30cfcd20 Unloading class 0x0000000801004c00 'java/lang/invoke/LambdaForm$MH+0x0000000801004c00'
Event: 26771.679 Thread 0x000001cd30cfcd20 Unloading class 0x0000000801004800 'java/lang/invoke/LambdaForm$MH+0x0000000801004800'
Event: 26771.679 Thread 0x000001cd30cfcd20 Unloading class 0x0000000801004000 'java/lang/invoke/LambdaForm$MH+0x0000000801004000'
Event: 26771.679 Thread 0x000001cd30cfcd20 Unloading class 0x0000000801001800 'java/lang/invoke/LambdaForm$MH+0x0000000801001800'
Event: 26771.679 Thread 0x000001cd30cfcd20 Unloading class 0x0000000801000800 'java/lang/invoke/LambdaForm$MH+0x0000000801000800'
Event: 26771.680 Thread 0x000001cd30cfcd20 Unloading class 0x0000000801000400 'java/lang/invoke/LambdaForm$MH+0x0000000801000400'

Classes redefined (0 events):
No events

Internal exceptions (14 events):
Event: 0.066 Thread 0x000001cd101c59b0 Exception <a 'java/lang/ClassNotFoundException'{0x000000008a50e308}: sun/awt/resources/spi/awtProvider> (0x000000008a50e308) 
thrown [s\open\src\hotspot\share\classfile\systemDictionary.cpp, line 255]
Event: 0.087 Thread 0x000001cd101c59b0 Exception <a 'java/io/FileNotFoundException'{0x000000008a567820}> (0x000000008a567820) 
thrown [s\open\src\hotspot\share\prims\jni.cpp, line 517]
Event: 0.093 Thread 0x000001cd101c59b0 Exception <a 'java/io/FileNotFoundException'{0x000000008a594120}> (0x000000008a594120) 
thrown [s\open\src\hotspot\share\prims\jni.cpp, line 517]
Event: 0.115 Thread 0x000001cd101c59b0 Exception <a 'java/lang/NoSuchMethodError'{0x000000008a5ca068}: 'java.lang.Object java.lang.invoke.DirectMethodHandle$Holder.invokeStaticInit(java.lang.Object)'> (0x000000008a5ca068) 
thrown [s\open\src\hotspot\share\interpreter\linkResolver.cpp, line 774]
Event: 0.160 Thread 0x000001cd3531d710 Exception <a 'java/lang/NoSuchMethodError'{0x000000008a3453f0}: 'void java.lang.invoke.DirectMethodHandle$Holder.invokeSpecial(java.lang.Object, java.lang.Object, java.lang.Object)'> (0x000000008a3453f0) 
thrown [s\open\src\hotspot\share\interpreter\linkResolver.cpp, line 774]
Event: 0.168 Thread 0x000001cd3531d710 Exception <a 'java/lang/NoSuchMethodError'{0x000000008a36ff98}: 'java.lang.Object java.lang.invoke.DirectMethodHandle$Holder.newInvokeSpecial(java.lang.Object, java.lang.Object, java.lang.Object, java.lang.Object, java.lang.Object)'> (0x000000008a36ff98) 
thrown [s\open\src\hotspot\share\interpreter\linkResolver.cpp, line 774]
Event: 0.174 Thread 0x000001cd3531d710 Exception <a 'java/lang/NoSuchMethodError'{0x000000008a3a18c0}: 'java.lang.Object java.lang.invoke.DirectMethodHandle$Holder.invokeStatic(java.lang.Object, int, java.lang.Object)'> (0x000000008a3a18c0) 
thrown [s\open\src\hotspot\share\interpreter\linkResolver.cpp, line 774]
Event: 0.199 Thread 0x000001cd3531d710 Exception <a 'java/lang/ClassNotFoundException'{0x000000008a25d6d8}: com/sun/swing/internal/plaf/metal/resources/spi/metalProvider> (0x000000008a25d6d8) 
thrown [s\open\src\hotspot\share\classfile\systemDictionary.cpp, line 255]
Event: 0.200 Thread 0x000001cd3531d710 Exception <a 'java/lang/ClassNotFoundException'{0x000000008a261688}: com/sun/swing/internal/plaf/basic/resources/spi/basicProvider> (0x000000008a261688) 
thrown [s\open\src\hotspot\share\classfile\systemDictionary.cpp, line 255]
Event: 0.207 Thread 0x000001cd3531d710 Exception <a 'java/lang/NoSuchMethodError'{0x000000008a281bc0}: 'int java.lang.invoke.Invokers$Holder.invokeExact_MT(java.lang.Object, java.lang.Object)'> (0x000000008a281bc0) 
thrown [s\open\src\hotspot\share\interpreter\linkResolver.cpp, line 774]
Event: 0.216 Thread 0x000001cd353a2420 Exception <a 'java/lang/NoSuchMethodError'{0x000000008a2ff098}: 'java.lang.Object java.lang.invoke.DirectMethodHandle$Holder.newInvokeSpecial(java.lang.Object, java.lang.Object, java.lang.Object, int, int, int, int, int)'> (0x000000008a2ff098) 
thrown [s\open\src\hotspot\share\interpreter\linkResolver.cpp, line 774]
Event: 0.481 Thread 0x000001cd3531d710 Exception <a 'java/lang/NoSuchMethodError'{0x000000008a2beb40}: 'void java.lang.invoke.DirectMethodHandle$Holder.invokeStaticInit(java.lang.Object)'> (0x000000008a2beb40) 
thrown [s\open\src\hotspot\share\interpreter\linkResolver.cpp, line 774]
Event: 0.490 Thread 0x000001cd3531d710 Exception <a 'java/io/FileNotFoundException'{0x000000008a2cbb80}> (0x000000008a2cbb80) 
thrown [s\open\src\hotspot\share\prims\jni.cpp, line 517]
Event: 0.536 Thread 0x000001cd35331160 Exception <a 'java/lang/NoSuchMethodError'{0x000000008a40fd20}: 'void java.lang.invoke.DirectMethodHandle$Holder.invokeVirtual(java.lang.Object, java.lang.Object)'> (0x000000008a40fd20) 
thrown [s\open\src\hotspot\share\interpreter\linkResolver.cpp, line 774]

VM Operations (20 events):
Event: 26686.350 Executing VM operation: Cleanup done
Event: 26688.351 Executing VM operation: Cleanup
Event: 26688.634 Executing VM operation: Cleanup done
Event: 26689.635 Executing VM operation: Cleanup
Event: 26689.635 Executing VM operation: Cleanup done
Event: 26697.432 Executing VM operation: G1TryInitiateConcMark
Event: 26697.663 Executing VM operation: G1TryInitiateConcMark done
Event: 26701.679 Executing VM operation: Cleanup
Event: 26701.679 Executing VM operation: Cleanup done
Event: 26701.833 Executing VM operation: G1TryInitiateConcMark
Event: 26702.012 Executing VM operation: G1TryInitiateConcMark done
Event: 26702.400 Executing VM operation: G1PauseRemark
Event: 26704.379 Executing VM operation: G1PauseRemark done
Event: 26704.383 Executing VM operation: G1PauseCleanup
Event: 26704.384 Executing VM operation: G1PauseCleanup done
Event: 26766.880 Executing VM operation: Cleanup
Event: 26766.913 Executing VM operation: Cleanup done
Event: 26767.003 Executing VM operation: G1TryInitiateConcMark
Event: 26767.239 Executing VM operation: G1TryInitiateConcMark done
Event: 26768.276 Executing VM operation: G1PauseRemark

Events (20 events):
Event: 0.016 Thread 0x000001cd101c59b0 Thread added: 0x000001cd101c59b0
Event: 0.031 Thread 0x000001cd30d1c990 Thread added: 0x000001cd30d1c990
Event: 0.032 Thread 0x000001cd30d1f4d0 Thread added: 0x000001cd30d1f4d0
Event: 0.032 Thread 0x000001cd30d20000 Thread added: 0x000001cd30d20000
Event: 0.032 Thread 0x000001cd30d22cc0 Thread added: 0x000001cd30d22cc0
Event: 0.032 Thread 0x000001cd30d235f0 Thread added: 0x000001cd30d235f0
Event: 0.032 Thread 0x000001cd30d23f20 Thread added: 0x000001cd30d23f20
Event: 0.032 Thread 0x000001cd30d35680 Thread added: 0x000001cd30d35680
Event: 0.032 Thread 0x000001cd30d38000 Thread added: 0x000001cd30d38000
Event: 0.032 Thread 0x000001cd30d38970 Thread added: 0x000001cd30d38970
Event: 0.044 Thread 0x000001cd350f9900 Thread added: 0x000001cd350f9900
Event: 0.047 Thread 0x000001cd350fd920 Thread added: 0x000001cd350fd920
Event: 0.117 Thread 0x000001cd353282c0 Thread added: 0x000001cd353282c0
Event: 0.118 Thread 0x000001cd35330a20 Thread added: 0x000001cd35330a20
Event: 0.119 Thread 0x000001cd35331160 Thread added: 0x000001cd35331160
Event: 0.133 Thread 0x000001cd3531d710 Thread added: 0x000001cd3531d710
Event: 0.134 Thread 0x000001cd101c59b0 Thread exited: 0x000001cd101c59b0
Event: 0.134 Thread 0x000001cd101c59b0 Thread added: 0x000001cd101c59b0
Event: 0.212 Thread 0x000001cd353a2420 Thread added: 0x000001cd353a2420
Event: 5.471 Thread 0x000001cd353a2420 Thread exited: 0x000001cd353a2420


Dynamic libraries:
0x00007ff7a43b0000 - 0x00007ff7a43c0000 	C:\Program Files\Java\jdk-19\bin\javaw.exe
0x00007ffce2530000 - 0x00007ffce2747000 	C:\Windows\SYSTEM32\ntdll.dll
0x00007ffce1a00000 - 0x00007ffce1ac4000 	C:\Windows\System32\KERNEL32.DLL
0x00007ffcdfdc0000 - 0x00007ffce0166000 	C:\Windows\System32\KERNELBASE.dll
0x00007ffcdfc00000 - 0x00007ffcdfd11000 	C:\Windows\System32\ucrtbase.dll
0x00007ffcda750000 - 0x00007ffcda768000 	C:\Program Files\Java\jdk-19\bin\jli.dll
0x00007ffcd9460000 - 0x00007ffcd947b000 	C:\Program Files\Java\jdk-19\bin\VCRUNTIME140.dll
0x00007ffce0320000 - 0x00007ffce03d0000 	C:\Windows\System32\ADVAPI32.dll
0x00007ffce0de0000 - 0x00007ffce0e87000 	C:\Windows\System32\msvcrt.dll
0x00007ffce0c50000 - 0x00007ffce0cf6000 	C:\Windows\System32\sechost.dll
0x00007ffce0b30000 - 0x00007ffce0c47000 	C:\Windows\System32\RPCRT4.dll
0x00007ffce0860000 - 0x00007ffce0a0d000 	C:\Windows\System32\USER32.dll
0x00007ffce01f0000 - 0x00007ffce0216000 	C:\Windows\System32\win32u.dll
0x00007ffcc29a0000 - 0x00007ffcc2c33000 	C:\Windows\WinSxS\amd64_microsoft.windows.common-controls_6595b64144ccf1df_6.0.22621.2361_none_2712ced57382f843\COMCTL32.dll
0x00007ffce24a0000 - 0x00007ffce24c9000 	C:\Windows\System32\GDI32.dll
0x00007ffcdfa20000 - 0x00007ffcdfb38000 	C:\Windows\System32\gdi32full.dll
0x00007ffcdfd20000 - 0x00007ffcdfdba000 	C:\Windows\System32\msvcp_win.dll
0x00007ffcc9aa0000 - 0x00007ffcc9aaa000 	C:\Windows\SYSTEM32\VERSION.dll
0x00007ffce07c0000 - 0x00007ffce07f1000 	C:\Windows\System32\IMM32.DLL
0x00007ffcd93e0000 - 0x00007ffcd93ec000 	C:\Program Files\Java\jdk-19\bin\vcruntime140_1.dll
0x00007ffcc34a0000 - 0x00007ffcc352e000 	C:\Program Files\Java\jdk-19\bin\msvcp140.dll
0x00007ffc46ef0000 - 0x00007ffc47bb0000 	C:\Program Files\Java\jdk-19\bin\server\jvm.dll
0x00007ffcd7ab0000 - 0x00007ffcd7ae4000 	C:\Windows\SYSTEM32\WINMM.dll
0x00007ffcc4d20000 - 0x00007ffcc4d29000 	C:\Windows\SYSTEM32\WSOCK32.dll
0x00007ffce1980000 - 0x00007ffce19f1000 	C:\Windows\System32\WS2_32.dll
0x00007ffcde950000 - 0x00007ffcde968000 	C:\Windows\SYSTEM32\kernel.appcore.dll
0x00007ffcd87f0000 - 0x00007ffcd87fa000 	C:\Program Files\Java\jdk-19\bin\jimage.dll
0x00007ffcdd0f0000 - 0x00007ffcdd31e000 	C:\Windows\SYSTEM32\DBGHELP.DLL
0x00007ffce1c90000 - 0x00007ffce201a000 	C:\Windows\System32\combase.dll
0x00007ffce0d00000 - 0x00007ffce0dd7000 	C:\Windows\System32\OLEAUT32.dll
0x00007ffcc5ba0000 - 0x00007ffcc5bd2000 	C:\Windows\SYSTEM32\dbgcore.DLL
0x00007ffce0170000 - 0x00007ffce01ea000 	C:\Windows\System32\bcryptPrimitives.dll
0x00007ffccf460000 - 0x00007ffccf486000 	C:\Program Files\Java\jdk-19\bin\java.dll
0x00007ffcab530000 - 0x00007ffcab607000 	C:\Program Files\Java\jdk-19\bin\jsvml.dll
0x00007ffce1060000 - 0x00007ffce18b8000 	C:\Windows\System32\SHELL32.dll
0x00007ffcdd7d0000 - 0x00007ffcde0c2000 	C:\Windows\SYSTEM32\windows.storage.dll
0x00007ffcdd690000 - 0x00007ffcdd7ce000 	C:\Windows\SYSTEM32\wintypes.dll
0x00007ffce0a10000 - 0x00007ffce0b03000 	C:\Windows\System32\SHCORE.dll
0x00007ffce0e90000 - 0x00007ffce0eee000 	C:\Windows\System32\shlwapi.dll
0x00007ffcdf7e0000 - 0x00007ffcdf806000 	C:\Windows\SYSTEM32\profapi.dll
0x00007ffc7c850000 - 0x00007ffc7c9e1000 	C:\Program Files\Java\jdk-19\bin\awt.dll
0x00007ffcdc2b0000 - 0x00007ffcdc347000 	C:\Windows\SYSTEM32\apphelp.dll
0x00007ffcdc3b0000 - 0x00007ffcdc45b000 	C:\Windows\system32\uxtheme.dll
0x00007ffce0460000 - 0x00007ffce05ac000 	C:\Windows\System32\MSCTF.dll
0x00007ffce1ad0000 - 0x00007ffce1c6f000 	C:\Windows\System32\ole32.dll
0x00007ffcdcba0000 - 0x00007ffcdcbcb000 	C:\Windows\system32\DWMAPI.DLL
0x00007ffc7a8b0000 - 0x00007ffc7a9b0000 	C:\Windows\system32\opengl32.dll
0x00007ffcb4bb0000 - 0x00007ffcb4bdd000 	C:\Windows\SYSTEM32\GLU32.dll
0x00007ffcdca20000 - 0x00007ffcdca56000 	C:\Windows\SYSTEM32\dxcore.dll
0x00007ffcc39d0000 - 0x00007ffcc39e8000 	C:\Program Files\Java\jdk-19\bin\zip.dll
0x00007ffca70b0000 - 0x00007ffca7136000 	C:\Program Files\Java\jdk-19\bin\freetype.dll
0x00007ffca2030000 - 0x00007ffca20f6000 	C:\Program Files\Java\jdk-19\bin\fontmanager.dll
0x00007ffcd5d70000 - 0x00007ffcd5eba000 	C:\Windows\SYSTEM32\textinputframework.dll
0x00007ffcc09e0000 - 0x00007ffcc0a49000 	C:\Windows\system32\Oleacc.dll
0x00007ffccaf20000 - 0x00007ffccaf33000 	C:\Program Files\Java\jdk-19\bin\net.dll
0x00007ffcd9250000 - 0x00007ffcd9387000 	C:\Windows\SYSTEM32\WINHTTP.dll
0x00007ffcdee60000 - 0x00007ffcdeec9000 	C:\Windows\system32\mswsock.dll
0x00007ffcca930000 - 0x00007ffcca946000 	C:\Program Files\Java\jdk-19\bin\nio.dll
0x00007ffcdbfc0000 - 0x00007ffcdc0f3000 	C:\Windows\SYSTEM32\CoreMessaging.dll
0x00007ffcd75c0000 - 0x00007ffcd792c000 	C:\Windows\SYSTEM32\CoreUIComponents.dll
0x00007ffcdf0b0000 - 0x00007ffcdf0bc000 	C:\Windows\SYSTEM32\CRYPTBASE.DLL

dbghelp: loaded successfully - version: 4.0.5 - missing functions: none
symbol engine: initialized successfully - sym options: 0x614 - pdb path: .;C:\Program Files\Java\jdk-19\bin;C:\Windows\SYSTEM32;C:\Windows\WinSxS\amd64_microsoft.windows.common-controls_6595b64144ccf1df_6.0.22621.2361_none_2712ced57382f843;C:\Program Files\Java\jdk-19\bin\server

VM Arguments:
jvm_args: -Dfile.encoding=UTF-8 -XX:+ShowCodeDetailsInExceptionMessages 
java_command: Pokemon_Save_Area.Pokemon_Save_Area
java_class_path (initial): C:\Project\GameProject-DB_feature\Pokemon_Save_Area\bin
Launcher Type: SUN_STANDARD

[Global flags]
     intx CICompilerCount                          = 4                                         {product} {ergonomic}
     uint ConcGCThreads                            = 3                                         {product} {ergonomic}
     uint G1ConcRefinementThreads                  = 10                                        {product} {ergonomic}
   size_t G1HeapRegionSize                         = 1048576                                   {product} {ergonomic}
    uintx GCDrainStackTargetSize                   = 64                                        {product} {ergonomic}
   size_t InitialHeapSize                          = 132120576                                 {product} {ergonomic}
   size_t MarkStackSize                            = 4194304                                   {product} {ergonomic}
   size_t MaxHeapSize                              = 2103443456                                {product} {ergonomic}
   size_t MaxNewSize                               = 1261436928                                {product} {ergonomic}
   size_t MinHeapDeltaBytes                        = 1048576                                   {product} {ergonomic}
   size_t MinHeapSize                              = 8388608                                   {product} {ergonomic}
    uintx NonNMethodCodeHeapSize                   = 5839372                                {pd product} {ergonomic}
    uintx NonProfiledCodeHeapSize                  = 122909434                              {pd product} {ergonomic}
    uintx ProfiledCodeHeapSize                     = 122909434                              {pd product} {ergonomic}
    uintx ReservedCodeCacheSize                    = 251658240                              {pd product} {ergonomic}
     bool SegmentedCodeCache                       = true                                      {product} {ergonomic}
     bool ShowCodeDetailsInExceptionMessages       = true                                   {manageable} {command line}
   size_t SoftMaxHeapSize                          = 2103443456                             {manageable} {ergonomic}
     bool UseCompressedClassPointers               = true                           {product lp64_product} {ergonomic}
     bool UseCompressedOops                        = true                           {product lp64_product} {ergonomic}
     bool UseG1GC                                  = true                                      {product} {ergonomic}
     bool UseLargePagesIndividualAllocation        = false                                  {pd product} {ergonomic}

Logging:
Log output configuration:
 #0: stdout all=warning uptime,level,tags foldmultilines=false
 #1: stderr all=off uptime,level,tags foldmultilines=false

Environment Variables:
PATH=C:\oraclexe\app\oracle\product\11.2.0\server\bin;;C:\Program Files\Common Files\Oracle\Java\javapath;C:\Windows\system32;C:\Windows;C:\Windows\System32\Wbem;C:\Windows\System32\WindowsPowerShell\v1.0\;C:\Windows\System32\OpenSSH\;C:\Program Files\Git\cmd;C:\Program Files\dotnet\;C:\Program Files\MySQL\MySQL Shell 8.0\bin\;C:\Users\bak33\AppData\Local\Programs\Python\Python311\Scripts\;C:\Users\bak33\AppData\Local\Programs\Python\Python311\;C:\Users\bak33\AppData\Local\Microsoft\WindowsApps;;C:\Users\bak33\AppData\Local\Programs\Microsoft VS Code\bin;C:\Users\bak33\AppData\Local\afreeca
USERNAME=bak33
OS=Windows_NT
PROCESSOR_IDENTIFIER=Intel64 Family 6 Model 154 Stepping 4, GenuineIntel
TMP=C:\Users\bak33\AppData\Local\Temp
TEMP=C:\Users\bak33\AppData\Local\Temp



---------------  S Y S T E M  ---------------

OS:
 Windows 11 , 64 bit Build 22621 (10.0.22621.2428)
OS uptime: 7 days 23:34 hours
Hyper-V role detected

CPU: total 12 (initial active 12) (6 cores per cpu, 2 threads per core) family 6 model 154 stepping 4 microcode 0x420, cx8, cmov, fxsr, ht, mmx, 3dnowpref, sse, sse2, sse3, ssse3, sse4.1, sse4.2, popcnt, lzcnt, tsc, tscinvbit, avx, avx2, aes, erms, clmul, bmi1, bmi2, adx, sha, fma, vzeroupper, clflush, clflushopt, clwb, hv, serialize, rdtscp, rdpid, fsrm

Memory: 4k page, system-wide physical 8017M (82M free)
TotalPageFile size 32593M (AvailPageFile size 11M)
current process WorkingSet (physical memory assigned to process): 49M, peak: 83M
current process commit charge ("private bytes"): 260M, peak: 280M

vm_info: Java HotSpot(TM) 64-Bit Server VM (19.0.2+7-44) for windows-amd64 JRE (19.0.2+7-44), built on 2022-11-30T18:02:09Z by "mach5one" with MS VC++ 17.1 (VS2022)

END.
