#
# There is insufficient memory for the Java Runtime Environment to continue.
# Native memory allocation (mmap) failed to map 16777216 bytes for G1 virtual space
# Possible reasons:
#   The system is out of physical RAM or swap space
#   The process is running with CompressedOops enabled, and the Java Heap may be blocking the growth of the native heap
# Possible solutions:
#   Reduce memory load on the system
#   Increase physical memory or swap space
#   Check if swap backing store is full
#   Decrease Java heap size (-Xmx/-Xms)
#   Decrease number of Java threads
#   Decrease Java thread stack sizes (-Xss)
#   Set larger code cache with -XX:ReservedCodeCacheSize=
#   JVM is running with Unscaled Compressed Oops mode in which the Java heap is
#     placed in the first 4GB address space. The Java Heap base address is the
#     maximum limit for the native heap growth. Please use -XX:HeapBaseMinAddress
#     to set the Java Heap base and to place the Java Heap above 4GB virtual address.
# This output file may be truncated or incomplete.
#
#  Out of Memory Error (os_windows.cpp:3536), pid=15132, tid=35324
#
# JRE version: Java(TM) SE Runtime Environment (19.0.2+7) (build 19.0.2+7-44)
# Java VM: Java HotSpot(TM) 64-Bit Server VM (19.0.2+7-44, mixed mode, sharing, tiered, compressed oops, compressed class ptrs, g1 gc, windows-amd64)
# No core dump will be written. Minidumps are not enabled by default on client versions of Windows
#

---------------  S U M M A R Y ------------

Command Line: -Dfile.encoding=UTF-8 -XX:+ShowCodeDetailsInExceptionMessages Pokemon_Save_Area.Pokemon_Save_Area

Host: 12th Gen Intel(R) Core(TM) i5-1235U, 12 cores, 7G,  Windows 11 , 64 bit Build 22621 (10.0.22621.2428)
Time: Sat Nov 11 19:49:04 2023  Windows 11 , 64 bit Build 22621 (10.0.22621.2428) elapsed time: 2190.090417 seconds (0d 0h 36m 30s)

---------------  T H R E A D  ---------------

Current thread (0x000001d43688a500):  VMThread "VM Thread" [stack: 0x000000ae22d00000,0x000000ae22e00000] [id=35324]

Stack: [0x000000ae22d00000,0x000000ae22e00000]
Native frames: (J=compiled Java code, j=interpreted, Vv=VM code, C=native code)
V  [jvm.dll+0x6ee21a]
V  [jvm.dll+0x85765e]
V  [jvm.dll+0x85904e]
V  [jvm.dll+0x859703]
V  [jvm.dll+0x28298f]
V  [jvm.dll+0x6eb009]
V  [jvm.dll+0x6dfbaa]
V  [jvm.dll+0x3573f6]
V  [jvm.dll+0x35ee56]
V  [jvm.dll+0x3b541e]
V  [jvm.dll+0x3b564f]
V  [jvm.dll+0x32c9ea]
V  [jvm.dll+0x32f576]
V  [jvm.dll+0x33a0f5]
V  [jvm.dll+0x372bc0]
V  [jvm.dll+0x85ebc3]
V  [jvm.dll+0x85f989]
V  [jvm.dll+0x85febd]
V  [jvm.dll+0x86034b]
V  [jvm.dll+0x860407]
V  [jvm.dll+0x80125a]
V  [jvm.dll+0x6ecf0b]
C  [ucrtbase.dll+0x29363]
C  [KERNEL32.DLL+0x1257d]
C  [ntdll.dll+0x5aa78]

VM_Operation (0x000000ae229ffa80): G1PauseRemark, mode: safepoint, requested by thread 0x000001d417d469c0


---------------  P R O C E S S  ---------------

Threads class SMR info:
_java_thread_list=0x000001d43b363dd0, length=16, elements={
0x000001d4368a9690, 0x000001d4368ac270, 0x000001d4368ad2a0, 0x000001d4368adf70,
0x000001d4368b08b0, 0x000001d4368b31f0, 0x000001d4368bf1c0, 0x000001d4368c6410,
0x000001d43ac28080, 0x000001d43ad2e5b0, 0x000001d43ad34fa0, 0x000001d43ad79e60,
0x000001d43af2c060, 0x000001d43af2e9c0, 0x000001d43af3c7d0, 0x000001d417cd5d10
}

Java Threads: ( => current thread )
  0x000001d4368a9690 JavaThread "Reference Handler" daemon [_thread_blocked, id=36680, stack(0x000000ae22e00000,0x000000ae22f00000)]
  0x000001d4368ac270 JavaThread "Finalizer" daemon [_thread_blocked, id=36064, stack(0x000000ae22f00000,0x000000ae23000000)]
  0x000001d4368ad2a0 JavaThread "Signal Dispatcher" daemon [_thread_blocked, id=36056, stack(0x000000ae23000000,0x000000ae23100000)]
  0x000001d4368adf70 JavaThread "Attach Listener" daemon [_thread_blocked, id=36040, stack(0x000000ae23100000,0x000000ae23200000)]
  0x000001d4368b08b0 JavaThread "Service Thread" daemon [_thread_blocked, id=1544, stack(0x000000ae23200000,0x000000ae23300000)]
  0x000001d4368b31f0 JavaThread "Monitor Deflation Thread" daemon [_thread_blocked, id=36108, stack(0x000000ae23300000,0x000000ae23400000)]
  0x000001d4368bf1c0 JavaThread "C2 CompilerThread0" daemon [_thread_blocked, id=904, stack(0x000000ae23400000,0x000000ae23500000)]
  0x000001d4368c6410 JavaThread "C1 CompilerThread0" daemon [_thread_blocked, id=28816, stack(0x000000ae23500000,0x000000ae23600000)]
  0x000001d43ac28080 JavaThread "Sweeper thread" daemon [_thread_blocked, id=17048, stack(0x000000ae23600000,0x000000ae23700000)]
  0x000001d43ad2e5b0 JavaThread "Notification Thread" daemon [_thread_blocked, id=21476, stack(0x000000ae23700000,0x000000ae23800000)]
  0x000001d43ad34fa0 JavaThread "Common-Cleaner" daemon [_thread_blocked, id=2516, stack(0x000000ae23900000,0x000000ae23a00000)]
  0x000001d43ad79e60 JavaThread "Java2D Disposer" daemon [_thread_blocked, id=25724, stack(0x000000ae23a00000,0x000000ae23b00000)]
  0x000001d43af2c060 JavaThread "AWT-Shutdown" [_thread_blocked, id=16924, stack(0x000000ae23b00000,0x000000ae23c00000)]
  0x000001d43af2e9c0 JavaThread "AWT-Windows" daemon [_thread_in_native, id=29420, stack(0x000000ae23c00000,0x000000ae23d00000)]
  0x000001d43af3c7d0 JavaThread "AWT-EventQueue-0" [_thread_blocked, id=20368, stack(0x000000ae23d00000,0x000000ae23e00000)]
  0x000001d417cd5d10 JavaThread "DestroyJavaVM" [_thread_blocked, id=24108, stack(0x000000ae22700000,0x000000ae22800000)]

Other Threads:
=>0x000001d43688a500 VMThread "VM Thread" [stack: 0x000000ae22d00000,0x000000ae22e00000] [id=35324]
  0x000001d43ad33b30 WatcherThread "VM Periodic Task Thread" [stack: 0x000000ae23800000,0x000000ae23900000] [id=29040]
  0x000001d417d35fa0 WorkerThread "GC Thread#0" [stack: 0x000000ae22800000,0x000000ae22900000] [id=33856]
  0x000001d43afc5db0 WorkerThread "GC Thread#1" [stack: 0x000000ae22400000,0x000000ae22500000] [id=21176]
  0x000001d43afc6080 WorkerThread "GC Thread#2" [stack: 0x000000ae22500000,0x000000ae22600000] [id=35832]
  0x000001d43b4d86b0 WorkerThread "GC Thread#3" [stack: 0x000000ae22600000,0x000000ae22700000] [id=21656]
  0x000001d43b4d94c0 WorkerThread "GC Thread#4" [stack: 0x000000ae23e00000,0x000000ae23f00000] [id=18508]
  0x000001d43b4d9790 WorkerThread "GC Thread#5" [stack: 0x000000ae23f00000,0x000000ae24000000] [id=26432]
  0x000001d43b4d9a60 WorkerThread "GC Thread#6" [stack: 0x000000ae24000000,0x000000ae24100000] [id=22192]
  0x000001d417d469c0 ConcurrentGCThread "G1 Main Marker" [stack: 0x000000ae22900000,0x000000ae22a00000] [id=26660]
  0x000001d417d473f0 WorkerThread "G1 Conc#0" [stack: 0x000000ae22a00000,0x000000ae22b00000] [id=25468]
  0x000001d43b4d8980 WorkerThread "G1 Conc#1" [stack: 0x000000ae24100000,0x000000ae24200000] [id=36052]
  0x000001d43b4d8c50 WorkerThread "G1 Conc#2" [stack: 0x000000ae24200000,0x000000ae24300000] [id=15172]
  0x000001d4367474d0 ConcurrentGCThread "G1 Refine#0" [stack: 0x000000ae22b00000,0x000000ae22c00000] [id=16612]
  0x000001d436748010 ConcurrentGCThread "G1 Service" [stack: 0x000000ae22c00000,0x000000ae22d00000] [id=28308]

Threads with active compile tasks:

VM state: at safepoint (normal execution)

VM Mutex/Monitor currently owned by a thread:  ([mutex/lock_event])
[0x000001d417cd1180] Threads_lock - owner thread: 0x000001d43688a500
[0x000001d417cd02e0] Heap_lock - owner thread: 0x000001d417d469c0

Heap address: 0x0000000082a00000, size: 2006 MB, Compressed Oops mode: 32-bit

CDS archive(s) mapped at: [0x0000000800000000-0x0000000800c40000-0x0000000800c40000), size 12845056, SharedBaseAddress: 0x0000000800000000, ArchiveRelocationMode: 0.
Compressed class space mapped at: 0x0000000801000000-0x0000000841000000, reserved size: 1073741824
Narrow klass base: 0x0000000800000000, Narrow klass shift: 0, Narrow klass range: 0x100000000

GC Precious Log:
 CardTable entry size: 512
 Card Set container configuration: InlinePtr #cards 5 size 8 Array Of Cards #cards 12 size 40 Howl #buckets 4 coarsen threshold 1843 Howl Bitmap #cards 512 size 80 coarsen threshold 460 Card regions per heap region 1 cards per card region 2048
 CPUs: 12 total, 12 available
 Memory: 8017M
 Large Page Support: Disabled
 NUMA Support: Disabled
 Compressed Oops: Enabled (32-bit)
 Heap Region Size: 1M
 Heap Min Capacity: 8M
 Heap Initial Capacity: 126M
 Heap Max Capacity: 2006M
 Pre-touch: Disabled
 Parallel Workers: 10
 Concurrent Workers: 3
 Concurrent Refinement Workers: 10
 Periodic GC: Disabled

Heap:
 garbage-first heap   total 167936K, used 109406K [0x0000000082a00000, 0x0000000100000000)
  region size 1024K, 1 young (1024K), 1 survivors (1024K)
 Metaspace       used 6073K, committed 6400K, reserved 1114112K
  class space    used 634K, committed 768K, reserved 1048576K

Heap Regions: E=young(eden), S=young(survivor), O=old, HS=humongous(starts), HC=humongous(continues), CS=collection set, F=free, OA=open archive, CA=closed archive, TAMS=top-at-mark-start (previous, next)
|   0|0x0000000082a00000, 0x0000000082b00000, 0x0000000082b00000|100%|HS|  |TAMS 0x0000000082b00000, 0x0000000082a00000| Complete 
|   1|0x0000000082b00000, 0x0000000082c00000, 0x0000000082c00000|100%|HC|  |TAMS 0x0000000082c00000, 0x0000000082b00000| Complete 
|   2|0x0000000082c00000, 0x0000000082d00000, 0x0000000082d00000|100%|HC|  |TAMS 0x0000000082d00000, 0x0000000082c00000| Complete 
|   3|0x0000000082d00000, 0x0000000082e00000, 0x0000000082e00000|100%|HC|  |TAMS 0x0000000082e00000, 0x0000000082d00000| Complete 
|   4|0x0000000082e00000, 0x0000000082f00000, 0x0000000082f00000|100%|HC|  |TAMS 0x0000000082f00000, 0x0000000082e00000| Complete 
|   5|0x0000000082f00000, 0x0000000083000000, 0x0000000083000000|100%|HC|  |TAMS 0x0000000083000000, 0x0000000082f00000| Complete 
|   6|0x0000000083000000, 0x0000000083100000, 0x0000000083100000|100%|HC|  |TAMS 0x0000000083100000, 0x0000000083000000| Complete 
|   7|0x0000000083100000, 0x0000000083200000, 0x0000000083200000|100%|HC|  |TAMS 0x0000000083200000, 0x0000000083100000| Complete 
|   8|0x0000000083200000, 0x0000000083200000, 0x0000000083300000|  0%| F|  |TAMS 0x0000000083200000, 0x0000000083200000| Untracked 
|   9|0x0000000083300000, 0x0000000083300000, 0x0000000083400000|  0%| F|  |TAMS 0x0000000083300000, 0x0000000083300000| Untracked 
|  10|0x0000000083400000, 0x0000000083500000, 0x0000000083500000|100%|HS|  |TAMS 0x0000000083500000, 0x0000000083400000| Complete 
|  11|0x0000000083500000, 0x0000000083600000, 0x0000000083600000|100%|HC|  |TAMS 0x0000000083600000, 0x0000000083500000| Complete 
|  12|0x0000000083600000, 0x0000000083700000, 0x0000000083700000|100%|HC|  |TAMS 0x0000000083700000, 0x0000000083600000| Complete 
|  13|0x0000000083700000, 0x0000000083800000, 0x0000000083800000|100%|HC|  |TAMS 0x0000000083800000, 0x0000000083700000| Complete 
|  14|0x0000000083800000, 0x0000000083900000, 0x0000000083900000|100%|HC|  |TAMS 0x0000000083900000, 0x0000000083800000| Complete 
|  15|0x0000000083900000, 0x0000000083a00000, 0x0000000083a00000|100%|HC|  |TAMS 0x0000000083a00000, 0x0000000083900000| Complete 
|  16|0x0000000083a00000, 0x0000000083b00000, 0x0000000083b00000|100%|HC|  |TAMS 0x0000000083b00000, 0x0000000083a00000| Complete 
|  17|0x0000000083b00000, 0x0000000083c00000, 0x0000000083c00000|100%|HC|  |TAMS 0x0000000083c00000, 0x0000000083b00000| Complete 
|  18|0x0000000083c00000, 0x0000000083c00000, 0x0000000083d00000|  0%| F|  |TAMS 0x0000000083c00000, 0x0000000083c00000| Untracked 
|  19|0x0000000083d00000, 0x0000000083d00000, 0x0000000083e00000|  0%| F|  |TAMS 0x0000000083d00000, 0x0000000083d00000| Untracked 
|  20|0x0000000083e00000, 0x0000000083e00000, 0x0000000083f00000|  0%| F|  |TAMS 0x0000000083e00000, 0x0000000083e00000| Untracked 
|  21|0x0000000083f00000, 0x0000000083f00000, 0x0000000084000000|  0%| F|  |TAMS 0x0000000083f00000, 0x0000000083f00000| Untracked 
|  22|0x0000000084000000, 0x0000000084000000, 0x0000000084100000|  0%| F|  |TAMS 0x0000000084000000, 0x0000000084000000| Untracked 
|  23|0x0000000084100000, 0x0000000084100000, 0x0000000084200000|  0%| F|  |TAMS 0x0000000084100000, 0x0000000084100000| Untracked 
|  24|0x0000000084200000, 0x0000000084200000, 0x0000000084300000|  0%| F|  |TAMS 0x0000000084200000, 0x0000000084200000| Untracked 
|  25|0x0000000084300000, 0x0000000084300000, 0x0000000084400000|  0%| F|  |TAMS 0x0000000084300000, 0x0000000084300000| Untracked 
|  26|0x0000000084400000, 0x0000000084400000, 0x0000000084500000|  0%| F|  |TAMS 0x0000000084400000, 0x0000000084400000| Untracked 
|  27|0x0000000084500000, 0x0000000084500000, 0x0000000084600000|  0%| F|  |TAMS 0x0000000084500000, 0x0000000084500000| Untracked 
|  28|0x0000000084600000, 0x0000000084600000, 0x0000000084700000|  0%| F|  |TAMS 0x0000000084600000, 0x0000000084600000| Untracked 
|  29|0x0000000084700000, 0x0000000084700000, 0x0000000084800000|  0%| F|  |TAMS 0x0000000084700000, 0x0000000084700000| Untracked 
|  30|0x0000000084800000, 0x0000000084800000, 0x0000000084900000|  0%| F|  |TAMS 0x0000000084800000, 0x0000000084800000| Untracked 
|  31|0x0000000084900000, 0x0000000084900000, 0x0000000084a00000|  0%| F|  |TAMS 0x0000000084900000, 0x0000000084900000| Untracked 
|  32|0x0000000084a00000, 0x0000000084a00000, 0x0000000084b00000|  0%| F|  |TAMS 0x0000000084a00000, 0x0000000084a00000| Untracked 
|  33|0x0000000084b00000, 0x0000000084b00000, 0x0000000084c00000|  0%| F|  |TAMS 0x0000000084b00000, 0x0000000084b00000| Untracked 
|  34|0x0000000084c00000, 0x0000000084c00000, 0x0000000084d00000|  0%| F|  |TAMS 0x0000000084c00000, 0x0000000084c00000| Untracked 
|  35|0x0000000084d00000, 0x0000000084d00000, 0x0000000084e00000|  0%| F|  |TAMS 0x0000000084d00000, 0x0000000084d00000| Untracked 
|  36|0x0000000084e00000, 0x0000000084e00000, 0x0000000084f00000|  0%| F|  |TAMS 0x0000000084e00000, 0x0000000084e00000| Untracked 
|  37|0x0000000084f00000, 0x0000000084f00000, 0x0000000085000000|  0%| F|  |TAMS 0x0000000084f00000, 0x0000000084f00000| Untracked 
|  38|0x0000000085000000, 0x0000000085000000, 0x0000000085100000|  0%| F|  |TAMS 0x0000000085000000, 0x0000000085000000| Untracked 
|  39|0x0000000085100000, 0x0000000085100000, 0x0000000085200000|  0%| F|  |TAMS 0x0000000085100000, 0x0000000085100000| Untracked 
|  40|0x0000000085200000, 0x0000000085200000, 0x0000000085300000|  0%| F|  |TAMS 0x0000000085200000, 0x0000000085200000| Untracked 
|  41|0x0000000085300000, 0x0000000085300000, 0x0000000085400000|  0%| F|  |TAMS 0x0000000085300000, 0x0000000085300000| Untracked 
|  42|0x0000000085400000, 0x0000000085400000, 0x0000000085500000|  0%| F|  |TAMS 0x0000000085400000, 0x0000000085400000| Untracked 
|  43|0x0000000085500000, 0x0000000085600000, 0x0000000085600000|100%|HS|  |TAMS 0x0000000085600000, 0x0000000085500000| Complete 
|  44|0x0000000085600000, 0x0000000085700000, 0x0000000085700000|100%|HC|  |TAMS 0x0000000085700000, 0x0000000085600000| Complete 
|  45|0x0000000085700000, 0x0000000085800000, 0x0000000085800000|100%|HC|  |TAMS 0x0000000085800000, 0x0000000085700000| Complete 
|  46|0x0000000085800000, 0x0000000085900000, 0x0000000085900000|100%|HC|  |TAMS 0x0000000085900000, 0x0000000085800000| Complete 
|  47|0x0000000085900000, 0x0000000085a00000, 0x0000000085a00000|100%|HC|  |TAMS 0x0000000085a00000, 0x0000000085900000| Complete 
|  48|0x0000000085a00000, 0x0000000085b00000, 0x0000000085b00000|100%|HC|  |TAMS 0x0000000085b00000, 0x0000000085a00000| Complete 
|  49|0x0000000085b00000, 0x0000000085c00000, 0x0000000085c00000|100%|HC|  |TAMS 0x0000000085c00000, 0x0000000085b00000| Complete 
|  50|0x0000000085c00000, 0x0000000085d00000, 0x0000000085d00000|100%|HC|  |TAMS 0x0000000085d00000, 0x0000000085c00000| Complete 
|  51|0x0000000085d00000, 0x0000000085e00000, 0x0000000085e00000|100%|HC|  |TAMS 0x0000000085e00000, 0x0000000085d00000| Complete 
|  52|0x0000000085e00000, 0x0000000085f00000, 0x0000000085f00000|100%|HC|  |TAMS 0x0000000085f00000, 0x0000000085e00000| Complete 
|  53|0x0000000085f00000, 0x0000000086000000, 0x0000000086000000|100%|HC|  |TAMS 0x0000000086000000, 0x0000000085f00000| Complete 
|  54|0x0000000086000000, 0x0000000086100000, 0x0000000086100000|100%|HC|  |TAMS 0x0000000086100000, 0x0000000086000000| Complete 
|  55|0x0000000086100000, 0x0000000086200000, 0x0000000086200000|100%|HC|  |TAMS 0x0000000086200000, 0x0000000086100000| Complete 
|  56|0x0000000086200000, 0x0000000086300000, 0x0000000086300000|100%|HC|  |TAMS 0x0000000086300000, 0x0000000086200000| Complete 
|  57|0x0000000086300000, 0x0000000086400000, 0x0000000086400000|100%|HC|  |TAMS 0x0000000086400000, 0x0000000086300000| Complete 
|  58|0x0000000086400000, 0x0000000086500000, 0x0000000086500000|100%|HC|  |TAMS 0x0000000086500000, 0x0000000086400000| Complete 
|  59|0x0000000086500000, 0x0000000086600000, 0x0000000086600000|100%|HC|  |TAMS 0x0000000086600000, 0x0000000086500000| Complete 
|  60|0x0000000086600000, 0x0000000086700000, 0x0000000086700000|100%|HC|  |TAMS 0x0000000086700000, 0x0000000086600000| Complete 
|  61|0x0000000086700000, 0x0000000086800000, 0x0000000086800000|100%|HC|  |TAMS 0x0000000086800000, 0x0000000086700000| Complete 
|  62|0x0000000086800000, 0x0000000086900000, 0x0000000086900000|100%|HC|  |TAMS 0x0000000086900000, 0x0000000086800000| Complete 
|  63|0x0000000086900000, 0x0000000086a00000, 0x0000000086a00000|100%|HC|  |TAMS 0x0000000086a00000, 0x0000000086900000| Complete 
|  64|0x0000000086a00000, 0x0000000086b00000, 0x0000000086b00000|100%|HC|  |TAMS 0x0000000086b00000, 0x0000000086a00000| Complete 
|  65|0x0000000086b00000, 0x0000000086c00000, 0x0000000086c00000|100%|HC|  |TAMS 0x0000000086c00000, 0x0000000086b00000| Complete 
|  66|0x0000000086c00000, 0x0000000086d00000, 0x0000000086d00000|100%|HC|  |TAMS 0x0000000086d00000, 0x0000000086c00000| Complete 
|  67|0x0000000086d00000, 0x0000000086e00000, 0x0000000086e00000|100%|HC|  |TAMS 0x0000000086e00000, 0x0000000086d00000| Complete 
|  68|0x0000000086e00000, 0x0000000086f00000, 0x0000000086f00000|100%|HC|  |TAMS 0x0000000086f00000, 0x0000000086e00000| Complete 
|  69|0x0000000086f00000, 0x0000000087000000, 0x0000000087000000|100%|HC|  |TAMS 0x0000000087000000, 0x0000000086f00000| Complete 
|  70|0x0000000087000000, 0x0000000087100000, 0x0000000087100000|100%|HC|  |TAMS 0x0000000087100000, 0x0000000087000000| Complete 
|  71|0x0000000087100000, 0x0000000087200000, 0x0000000087200000|100%|HC|  |TAMS 0x0000000087200000, 0x0000000087100000| Complete 
|  72|0x0000000087200000, 0x0000000087300000, 0x0000000087300000|100%|HC|  |TAMS 0x0000000087300000, 0x0000000087200000| Complete 
|  73|0x0000000087300000, 0x0000000087400000, 0x0000000087400000|100%|HC|  |TAMS 0x0000000087400000, 0x0000000087300000| Complete 
|  74|0x0000000087400000, 0x0000000087500000, 0x0000000087500000|100%|HC|  |TAMS 0x0000000087500000, 0x0000000087400000| Complete 
|  75|0x0000000087500000, 0x0000000087600000, 0x0000000087600000|100%| O|  |TAMS 0x0000000087600000, 0x0000000087500000| Untracked 
|  76|0x0000000087600000, 0x00000000876c2400, 0x0000000087700000| 75%| O|  |TAMS 0x00000000876c2400, 0x0000000087600000| Updating 
|  77|0x0000000087700000, 0x0000000087800000, 0x0000000087800000|100%|HS|  |TAMS 0x0000000087800000, 0x0000000087700000| Complete 
|  78|0x0000000087800000, 0x0000000087900000, 0x0000000087900000|100%|HC|  |TAMS 0x0000000087900000, 0x0000000087800000| Complete 
|  79|0x0000000087900000, 0x0000000087a00000, 0x0000000087a00000|100%|HC|  |TAMS 0x0000000087a00000, 0x0000000087900000| Complete 
|  80|0x0000000087a00000, 0x0000000087b00000, 0x0000000087b00000|100%|HC|  |TAMS 0x0000000087b00000, 0x0000000087a00000| Complete 
|  81|0x0000000087b00000, 0x0000000087c00000, 0x0000000087c00000|100%|HC|  |TAMS 0x0000000087c00000, 0x0000000087b00000| Complete 
|  82|0x0000000087c00000, 0x0000000087d00000, 0x0000000087d00000|100%|HC|  |TAMS 0x0000000087d00000, 0x0000000087c00000| Complete 
|  83|0x0000000087d00000, 0x0000000087e00000, 0x0000000087e00000|100%|HC|  |TAMS 0x0000000087e00000, 0x0000000087d00000| Complete 
|  84|0x0000000087e00000, 0x0000000087f00000, 0x0000000087f00000|100%|HC|  |TAMS 0x0000000087f00000, 0x0000000087e00000| Complete 
|  85|0x0000000087f00000, 0x0000000088000000, 0x0000000088000000|100%|HC|  |TAMS 0x0000000088000000, 0x0000000087f00000| Complete 
|  86|0x0000000088000000, 0x0000000088100000, 0x0000000088100000|100%|HC|  |TAMS 0x0000000088100000, 0x0000000088000000| Complete 
|  87|0x0000000088100000, 0x0000000088200000, 0x0000000088200000|100%|HC|  |TAMS 0x0000000088200000, 0x0000000088100000| Complete 
|  88|0x0000000088200000, 0x0000000088300000, 0x0000000088300000|100%|HC|  |TAMS 0x0000000088300000, 0x0000000088200000| Complete 
|  89|0x0000000088300000, 0x0000000088400000, 0x0000000088400000|100%|HC|  |TAMS 0x0000000088400000, 0x0000000088300000| Complete 
|  90|0x0000000088400000, 0x0000000088500000, 0x0000000088500000|100%|HC|  |TAMS 0x0000000088500000, 0x0000000088400000| Complete 
|  91|0x0000000088500000, 0x0000000088600000, 0x0000000088600000|100%|HC|  |TAMS 0x0000000088600000, 0x0000000088500000| Complete 
|  92|0x0000000088600000, 0x0000000088700000, 0x0000000088700000|100%|HC|  |TAMS 0x0000000088700000, 0x0000000088600000| Complete 
|  93|0x0000000088700000, 0x0000000088800000, 0x0000000088800000|100%|HC|  |TAMS 0x0000000088800000, 0x0000000088700000| Complete 
|  94|0x0000000088800000, 0x0000000088900000, 0x0000000088900000|100%|HC|  |TAMS 0x0000000088900000, 0x0000000088800000| Complete 
|  95|0x0000000088900000, 0x0000000088a00000, 0x0000000088a00000|100%|HC|  |TAMS 0x0000000088a00000, 0x0000000088900000| Complete 
|  96|0x0000000088a00000, 0x0000000088b00000, 0x0000000088b00000|100%|HC|  |TAMS 0x0000000088b00000, 0x0000000088a00000| Complete 
|  97|0x0000000088b00000, 0x0000000088c00000, 0x0000000088c00000|100%|HC|  |TAMS 0x0000000088c00000, 0x0000000088b00000| Complete 
|  98|0x0000000088c00000, 0x0000000088d00000, 0x0000000088d00000|100%|HC|  |TAMS 0x0000000088d00000, 0x0000000088c00000| Complete 
|  99|0x0000000088d00000, 0x0000000088e00000, 0x0000000088e00000|100%|HC|  |TAMS 0x0000000088e00000, 0x0000000088d00000| Complete 
| 100|0x0000000088e00000, 0x0000000088f00000, 0x0000000088f00000|100%|HC|  |TAMS 0x0000000088f00000, 0x0000000088e00000| Complete 
| 101|0x0000000088f00000, 0x0000000089000000, 0x0000000089000000|100%|HC|  |TAMS 0x0000000089000000, 0x0000000088f00000| Complete 
| 102|0x0000000089000000, 0x0000000089000000, 0x0000000089100000|  0%| F|  |TAMS 0x0000000089000000, 0x0000000089000000| Untracked 
| 103|0x0000000089100000, 0x0000000089100000, 0x0000000089200000|  0%| F|  |TAMS 0x0000000089100000, 0x0000000089100000| Untracked 
| 104|0x0000000089200000, 0x0000000089200000, 0x0000000089300000|  0%| F|  |TAMS 0x0000000089200000, 0x0000000089200000| Untracked 
| 105|0x0000000089300000, 0x0000000089300000, 0x0000000089400000|  0%| F|  |TAMS 0x0000000089300000, 0x0000000089300000| Untracked 
| 106|0x0000000089400000, 0x0000000089400000, 0x0000000089500000|  0%| F|  |TAMS 0x0000000089400000, 0x0000000089400000| Untracked 
| 107|0x0000000089500000, 0x0000000089500000, 0x0000000089600000|  0%| F|  |TAMS 0x0000000089500000, 0x0000000089500000| Untracked 
| 108|0x0000000089600000, 0x0000000089600000, 0x0000000089700000|  0%| F|  |TAMS 0x0000000089600000, 0x0000000089600000| Untracked 
| 109|0x0000000089700000, 0x0000000089700000, 0x0000000089800000|  0%| F|  |TAMS 0x0000000089700000, 0x0000000089700000| Untracked 
| 110|0x0000000089800000, 0x0000000089800000, 0x0000000089900000|  0%| F|  |TAMS 0x0000000089800000, 0x0000000089800000| Untracked 
| 111|0x0000000089900000, 0x0000000089900000, 0x0000000089a00000|  0%| F|  |TAMS 0x0000000089900000, 0x0000000089900000| Untracked 
| 112|0x0000000089a00000, 0x0000000089a00000, 0x0000000089b00000|  0%| F|  |TAMS 0x0000000089a00000, 0x0000000089a00000| Untracked 
| 113|0x0000000089b00000, 0x0000000089b00000, 0x0000000089c00000|  0%| F|  |TAMS 0x0000000089b00000, 0x0000000089b00000| Untracked 
| 114|0x0000000089c00000, 0x0000000089c00000, 0x0000000089d00000|  0%| F|  |TAMS 0x0000000089c00000, 0x0000000089c00000| Untracked 
| 115|0x0000000089d00000, 0x0000000089d00000, 0x0000000089e00000|  0%| F|  |TAMS 0x0000000089d00000, 0x0000000089d00000| Untracked 
| 116|0x0000000089e00000, 0x0000000089e00000, 0x0000000089f00000|  0%| F|  |TAMS 0x0000000089e00000, 0x0000000089e00000| Untracked 
| 117|0x0000000089f00000, 0x0000000089f00000, 0x000000008a000000|  0%| F|  |TAMS 0x0000000089f00000, 0x0000000089f00000| Untracked 
| 118|0x000000008a000000, 0x000000008a000000, 0x000000008a100000|  0%| F|  |TAMS 0x000000008a000000, 0x000000008a000000| Untracked 
| 119|0x000000008a100000, 0x000000008a100000, 0x000000008a200000|  0%| F|  |TAMS 0x000000008a100000, 0x000000008a100000| Untracked 
| 120|0x000000008a200000, 0x000000008a200000, 0x000000008a300000|  0%| F|  |TAMS 0x000000008a200000, 0x000000008a200000| Untracked 
| 121|0x000000008a300000, 0x000000008a300000, 0x000000008a400000|  0%| F|  |TAMS 0x000000008a300000, 0x000000008a300000| Untracked 
| 122|0x000000008a400000, 0x000000008a400000, 0x000000008a500000|  0%| F|  |TAMS 0x000000008a400000, 0x000000008a400000| Untracked 
| 123|0x000000008a500000, 0x000000008a500000, 0x000000008a600000|  0%| F|  |TAMS 0x000000008a500000, 0x000000008a500000| Untracked 
| 124|0x000000008a600000, 0x000000008a600000, 0x000000008a700000|  0%| F|  |TAMS 0x000000008a600000, 0x000000008a600000| Untracked 
| 125|0x000000008a700000, 0x000000008a700000, 0x000000008a800000|  0%| F|  |TAMS 0x000000008a700000, 0x000000008a700000| Untracked 
| 126|0x000000008a800000, 0x000000008a800000, 0x000000008a900000|  0%| F|  |TAMS 0x000000008a800000, 0x000000008a800000| Untracked 
| 127|0x000000008a900000, 0x000000008a900000, 0x000000008aa00000|  0%| F|  |TAMS 0x000000008a900000, 0x000000008a900000| Untracked 
| 128|0x000000008aa00000, 0x000000008aa00000, 0x000000008ab00000|  0%| F|  |TAMS 0x000000008aa00000, 0x000000008aa00000| Untracked 
| 129|0x000000008ab00000, 0x000000008ab00000, 0x000000008ac00000|  0%| F|  |TAMS 0x000000008ab00000, 0x000000008ab00000| Untracked 
| 130|0x000000008ac00000, 0x000000008ac00000, 0x000000008ad00000|  0%| F|  |TAMS 0x000000008ac00000, 0x000000008ac00000| Untracked 
| 131|0x000000008ad00000, 0x000000008ad156f0, 0x000000008ae00000|  8%| S|CS|TAMS 0x000000008ad00000, 0x000000008ad00000| Complete 
| 132|0x000000008ae00000, 0x000000008af00000, 0x000000008af00000|100%|HS|  |TAMS 0x000000008ae00000, 0x000000008ae00000| Complete 
| 133|0x000000008af00000, 0x000000008b000000, 0x000000008b000000|100%|HC|  |TAMS 0x000000008af00000, 0x000000008af00000| Complete 
| 134|0x000000008b000000, 0x000000008b100000, 0x000000008b100000|100%|HC|  |TAMS 0x000000008b000000, 0x000000008b000000| Complete 
| 135|0x000000008b100000, 0x000000008b200000, 0x000000008b200000|100%|HC|  |TAMS 0x000000008b100000, 0x000000008b100000| Complete 
| 136|0x000000008b200000, 0x000000008b300000, 0x000000008b300000|100%|HC|  |TAMS 0x000000008b200000, 0x000000008b200000| Complete 
| 137|0x000000008b300000, 0x000000008b400000, 0x000000008b400000|100%|HC|  |TAMS 0x000000008b300000, 0x000000008b300000| Complete 
| 138|0x000000008b400000, 0x000000008b500000, 0x000000008b500000|100%|HC|  |TAMS 0x000000008b400000, 0x000000008b400000| Complete 
| 139|0x000000008b500000, 0x000000008b600000, 0x000000008b600000|100%|HC|  |TAMS 0x000000008b500000, 0x000000008b500000| Complete 
| 140|0x000000008b600000, 0x000000008b700000, 0x000000008b700000|100%|HC|  |TAMS 0x000000008b600000, 0x000000008b600000| Complete 
| 141|0x000000008b700000, 0x000000008b800000, 0x000000008b800000|100%|HC|  |TAMS 0x000000008b700000, 0x000000008b700000| Complete 
| 142|0x000000008b800000, 0x000000008b900000, 0x000000008b900000|100%|HC|  |TAMS 0x000000008b800000, 0x000000008b800000| Complete 
| 143|0x000000008b900000, 0x000000008ba00000, 0x000000008ba00000|100%|HC|  |TAMS 0x000000008b900000, 0x000000008b900000| Complete 
| 144|0x000000008ba00000, 0x000000008bb00000, 0x000000008bb00000|100%|HC|  |TAMS 0x000000008ba00000, 0x000000008ba00000| Complete 
| 145|0x000000008bb00000, 0x000000008bc00000, 0x000000008bc00000|100%|HC|  |TAMS 0x000000008bb00000, 0x000000008bb00000| Complete 
| 146|0x000000008bc00000, 0x000000008bd00000, 0x000000008bd00000|100%|HC|  |TAMS 0x000000008bc00000, 0x000000008bc00000| Complete 
| 147|0x000000008bd00000, 0x000000008be00000, 0x000000008be00000|100%|HC|  |TAMS 0x000000008bd00000, 0x000000008bd00000| Complete 
| 148|0x000000008be00000, 0x000000008bf00000, 0x000000008bf00000|100%|HC|  |TAMS 0x000000008be00000, 0x000000008be00000| Complete 
| 149|0x000000008bf00000, 0x000000008c000000, 0x000000008c000000|100%|HC|  |TAMS 0x000000008bf00000, 0x000000008bf00000| Complete 
| 150|0x000000008c000000, 0x000000008c100000, 0x000000008c100000|100%|HC|  |TAMS 0x000000008c000000, 0x000000008c000000| Complete 
| 151|0x000000008c100000, 0x000000008c200000, 0x000000008c200000|100%|HC|  |TAMS 0x000000008c100000, 0x000000008c100000| Complete 
| 152|0x000000008c200000, 0x000000008c300000, 0x000000008c300000|100%|HC|  |TAMS 0x000000008c200000, 0x000000008c200000| Complete 
| 153|0x000000008c300000, 0x000000008c400000, 0x000000008c400000|100%|HC|  |TAMS 0x000000008c300000, 0x000000008c300000| Complete 
| 154|0x000000008c400000, 0x000000008c500000, 0x000000008c500000|100%|HC|  |TAMS 0x000000008c400000, 0x000000008c400000| Complete 
| 155|0x000000008c500000, 0x000000008c600000, 0x000000008c600000|100%|HC|  |TAMS 0x000000008c500000, 0x000000008c500000| Complete 
| 156|0x000000008c600000, 0x000000008c700000, 0x000000008c700000|100%|HC|  |TAMS 0x000000008c600000, 0x000000008c600000| Complete 
| 157|0x000000008c700000, 0x000000008c800000, 0x000000008c800000|100%|HC|  |TAMS 0x000000008c700000, 0x000000008c700000| Complete 
| 158|0x000000008c800000, 0x000000008c900000, 0x000000008c900000|100%|HC|  |TAMS 0x000000008c800000, 0x000000008c800000| Complete 
| 159|0x000000008c900000, 0x000000008ca00000, 0x000000008ca00000|100%|HC|  |TAMS 0x000000008c900000, 0x000000008c900000| Complete 
| 160|0x000000008ca00000, 0x000000008cb00000, 0x000000008cb00000|100%|HC|  |TAMS 0x000000008ca00000, 0x000000008ca00000| Complete 
| 161|0x000000008cb00000, 0x000000008cc00000, 0x000000008cc00000|100%|HC|  |TAMS 0x000000008cb00000, 0x000000008cb00000| Complete 
| 162|0x000000008cc00000, 0x000000008cd00000, 0x000000008cd00000|100%|HC|  |TAMS 0x000000008cc00000, 0x000000008cc00000| Complete 
| 163|0x000000008cd00000, 0x000000008ce00000, 0x000000008ce00000|100%|HC|  |TAMS 0x000000008cd00000, 0x000000008cd00000| Complete 

Card table byte_map: [0x000001d42f590000,0x000001d42f980000] _byte_map_base: 0x000001d42f17b000

Marking Bits (Prev, Next): (CMBitMap*) 0x000001d417d365d0, (CMBitMap*) 0x000001d417d36610
 Prev Bits: [0x000001d42fd70000, 0x000001d431cc8000)
 Next Bits: [0x000001d431cd0000, 0x000001d433c28000)

Polling page: 0x000001d4174a0000

Metaspace:

Usage:
  Non-class:      5.31 MB used.
      Class:    634.07 KB used.
       Both:      5.93 MB used.

Virtual space:
  Non-class space:       64.00 MB reserved,       5.50 MB (  9%) committed,  1 nodes.
      Class space:        1.00 GB reserved,     768.00 KB ( <1%) committed,  1 nodes.
             Both:        1.06 GB reserved,       6.25 MB ( <1%) committed. 

Chunk freelists:
   Non-Class:  2.41 MB
       Class:  3.27 MB
        Both:  5.68 MB

MaxMetaspaceSize: unlimited
CompressedClassSpaceSize: 1.00 GB
Initial GC threshold: 21.00 MB
Current GC threshold: 21.00 MB
CDS: on
MetaspaceReclaimPolicy: balanced
 - commit_granule_bytes: 65536.
 - commit_granule_words: 8192.
 - virtual_space_node_default_size: 8388608.
 - enlarge_chunks_in_place: 1.
 - new_chunks_are_fully_committed: 0.
 - uncommit_free_chunks: 1.
 - use_allocation_guard: 0.


Internal statistics:

num_allocs_failed_limit: 0.
num_arena_births: 150.
num_arena_deaths: 60.
num_vsnodes_births: 2.
num_vsnodes_deaths: 0.
num_space_committed: 100.
num_space_uncommitted: 0.
num_chunks_returned_to_freelist: 60.
num_chunks_taken_from_freelist: 158.
num_chunk_merges: 12.
num_chunk_splits: 112.
num_chunks_enlarged: 73.
num_inconsistent_stats: 0.

CodeHeap 'non-profiled nmethods': size=120000Kb used=262Kb max_used=262Kb free=119738Kb
 bounds [0x000001d427710000, 0x000001d427980000, 0x000001d42ec40000]
CodeHeap 'profiled nmethods': size=120000Kb used=1211Kb max_used=1211Kb free=118788Kb
 bounds [0x000001d41fc40000, 0x000001d41feb0000, 0x000001d427170000]
CodeHeap 'non-nmethods': size=5760Kb used=1331Kb max_used=1354Kb free=4428Kb
 bounds [0x000001d427170000, 0x000001d4273e0000, 0x000001d427710000]
 total_blobs=1341 nmethods=773 adapters=479
 compilation: enabled
              stopped_count=0, restarted_count=0
 full_count=0

Compilation events (20 events):
Event: 2119.950 Thread 0x000001d4368c6410  764       3       java.awt.Component::isValid (20 bytes)
Event: 2119.950 Thread 0x000001d4368c6410 nmethod 764 0x000001d41fd6a810 code [0x000001d41fd6a9a0, 0x000001d41fd6ab58]
Event: 2126.439 Thread 0x000001d4368bf1c0  765       4       java.lang.String::compareTo (9 bytes)
Event: 2126.456 Thread 0x000001d4368bf1c0 nmethod 765 0x000001d42774f810 code [0x000001d42774f9a0, 0x000001d42774fbd8]
Event: 2126.456 Thread 0x000001d4368bf1c0  766       4       java.lang.String::compareTo (63 bytes)
Event: 2126.458 Thread 0x000001d4368bf1c0 nmethod 766 0x000001d42774fd10 code [0x000001d42774fea0, 0x000001d4277500b8]
Event: 2126.465 Thread 0x000001d4368c6410  768       3       java.awt.Color::equals (27 bytes)
Event: 2126.465 Thread 0x000001d4368bf1c0  767       4       java.util.HashMap::put (13 bytes)
Event: 2126.466 Thread 0x000001d4368c6410 nmethod 768 0x000001d41fd6ac10 code [0x000001d41fd6adc0, 0x000001d41fd6b298]
Event: 2126.466 Thread 0x000001d4368c6410  769       3       java.util.IdentityHashMap$IdentityHashMapIterator::nextIndex (72 bytes)
Event: 2126.468 Thread 0x000001d4368c6410 nmethod 769 0x000001d41fd6b390 code [0x000001d41fd6b560, 0x000001d41fd6b8e8]
Event: 2126.505 Thread 0x000001d4368bf1c0 nmethod 767 0x000001d427750190 code [0x000001d427750380, 0x000001d427750d90]
Event: 2183.356 Thread 0x000001d4368c6410  770  s    3       sun.awt.windows.WDesktopProperties::setIntegerProperty (57 bytes)
Event: 2183.402 Thread 0x000001d4368c6410 nmethod 770 0x000001d41fd6ba90 code [0x000001d41fd6bcc0, 0x000001d41fd6c558]
Event: 2183.728 Thread 0x000001d4368c6410  771       3       java.lang.StringConcatHelper::initialCoder (14 bytes)
Event: 2183.729 Thread 0x000001d4368c6410 nmethod 771 0x000001d41fd6c890 code [0x000001d41fd6ca20, 0x000001d41fd6cb38]
Event: 2183.738 Thread 0x000001d4368c6410  772       3       java.lang.StringConcatHelper::simpleConcat (94 bytes)
Event: 2183.741 Thread 0x000001d4368c6410 nmethod 772 0x000001d41fd6cb90 code [0x000001d41fd6cec0, 0x000001d41fd6e118]
Event: 2183.873 Thread 0x000001d4368c6410  773       3       java.awt.Component::checkTreeLock (21 bytes)
Event: 2183.919 Thread 0x000001d4368c6410 nmethod 773 0x000001d41fd6e790 code [0x000001d41fd6e960, 0x000001d41fd6ebf8]

GC Heap History (6 events):
Event: 2111.939 GC heap before
{Heap before GC invocations=0 (full 0):
 garbage-first heap   total 129024K, used 59392K [0x0000000082a00000, 0x0000000100000000)
  region size 1024K, 16 young (16384K), 0 survivors (0K)
 Metaspace       used 6119K, committed 6336K, reserved 1114112K
  class space    used 648K, committed 768K, reserved 1048576K
}
Event: 2114.863 GC heap after
{Heap after GC invocations=1 (full 0):
 garbage-first heap   total 129024K, used 45777K [0x0000000082a00000, 0x0000000100000000)
  region size 1024K, 2 young (2048K), 2 survivors (2048K)
 Metaspace       used 6119K, committed 6336K, reserved 1114112K
  class space    used 648K, committed 768K, reserved 1048576K
}
Event: 2120.423 GC heap before
{Heap before GC invocations=1 (full 0):
 garbage-first heap   total 129024K, used 79569K [0x0000000082a00000, 0x0000000100000000)
  region size 1024K, 4 young (4096K), 2 survivors (2048K)
 Metaspace       used 6127K, committed 6400K, reserved 1114112K
  class space    used 648K, committed 768K, reserved 1048576K
}
Event: 2120.507 GC heap after
{Heap after GC invocations=2 (full 0):
 garbage-first heap   total 129024K, used 78822K [0x0000000082a00000, 0x0000000100000000)
  region size 1024K, 1 young (1024K), 1 survivors (1024K)
 Metaspace       used 6127K, committed 6400K, reserved 1114112K
  class space    used 648K, committed 768K, reserved 1048576K
}
Event: 2184.026 GC heap before
{Heap before GC invocations=3 (full 0):
 garbage-first heap   total 135168K, used 78822K [0x0000000082a00000, 0x0000000100000000)
  region size 1024K, 2 young (2048K), 1 survivors (1024K)
 Metaspace       used 6127K, committed 6400K, reserved 1114112K
  class space    used 648K, committed 768K, reserved 1048576K
}
Event: 2184.377 GC heap after
{Heap after GC invocations=4 (full 0):
 garbage-first heap   total 135168K, used 78686K [0x0000000082a00000, 0x0000000100000000)
  region size 1024K, 1 young (1024K), 1 survivors (1024K)
 Metaspace       used 6127K, committed 6400K, reserved 1114112K
  class space    used 648K, committed 768K, reserved 1048576K
}

Dll operation events (7 events):
Event: 0.010 Loaded shared library C:\Program Files\Java\jdk-19\bin\java.dll
Event: 0.023 Loaded shared library C:\Program Files\Java\jdk-19\bin\jsvml.dll
Event: 0.072 Loaded shared library C:\Program Files\Java\jdk-19\bin\jimage.dll
Event: 0.088 Loaded shared library C:\Program Files\Java\jdk-19\bin\awt.dll
Event: 0.254 Loaded shared library C:\Program Files\Java\jdk-19\bin\zip.dll
Event: 0.498 Loaded shared library C:\Program Files\Java\jdk-19\bin\freetype.dll
Event: 0.499 Loaded shared library C:\Program Files\Java\jdk-19\bin\fontmanager.dll

Deoptimization events (20 events):
Event: 0.399 Thread 0x000001d43afbf420 DEOPT PACKING pc=0x000001d41fcecbde sp=0x000000ae23efef10
Event: 0.399 Thread 0x000001d43afbf420 DEOPT UNPACKING pc=0x000001d4271d7543 sp=0x000000ae23efe380 mode 0
Event: 0.460 Thread 0x000001d43afbf420 Uncommon trap: trap_request=0xffffff45 fr.pc=0x000001d42773e568 relative=0x0000000000000d88
Event: 0.460 Thread 0x000001d43afbf420 Uncommon trap: reason=unstable_if action=reinterpret pc=0x000001d42773e568 method=java.io.BufferedInputStream.fill()V @ 189 c2
Event: 0.460 Thread 0x000001d43afbf420 DEOPT PACKING pc=0x000001d42773e568 sp=0x000000ae23efeaa0
Event: 0.460 Thread 0x000001d43afbf420 DEOPT UNPACKING pc=0x000001d4271d6da3 sp=0x000000ae23efea08 mode 2
Event: 0.460 Thread 0x000001d43afbf420 Uncommon trap: trap_request=0xffffff45 fr.pc=0x000001d42773c718 relative=0x0000000000000358
Event: 0.460 Thread 0x000001d43afbf420 Uncommon trap: reason=unstable_if action=reinterpret pc=0x000001d42773c718 method=java.util.zip.Inflater.inflate([BII)I @ 314 c2
Event: 0.460 Thread 0x000001d43afbf420 DEOPT PACKING pc=0x000001d42773c718 sp=0x000000ae23efec30
Event: 0.460 Thread 0x000001d43afbf420 DEOPT UNPACKING pc=0x000001d4271d6da3 sp=0x000000ae23efeba0 mode 2
Event: 0.461 Thread 0x000001d43afbf420 Uncommon trap: trap_request=0xffffff45 fr.pc=0x000001d427736ce0 relative=0x0000000000000c40
Event: 0.461 Thread 0x000001d43afbf420 Uncommon trap: reason=unstable_if action=reinterpret pc=0x000001d427736ce0 method=sun.awt.image.PNGImageDecoder.produceImage()V @ 867 c2
Event: 0.461 Thread 0x000001d43afbf420 DEOPT PACKING pc=0x000001d427736ce0 sp=0x000000ae23efef90
Event: 0.461 Thread 0x000001d43afbf420 DEOPT UNPACKING pc=0x000001d4271d6da3 sp=0x000000ae23efeee0 mode 2
Event: 0.467 Thread 0x000001d43afbf420 DEOPT PACKING pc=0x000001d41fd26b58 sp=0x000000ae23efed20
Event: 0.467 Thread 0x000001d43afbf420 DEOPT UNPACKING pc=0x000001d4271d7543 sp=0x000000ae23efe210 mode 0
Event: 0.467 Thread 0x000001d43afbf420 Uncommon trap: trap_request=0xffffff45 fr.pc=0x000001d427740230 relative=0x0000000000000310
Event: 0.467 Thread 0x000001d43afbf420 Uncommon trap: reason=unstable_if action=reinterpret pc=0x000001d427740230 method=sun.awt.image.ImageRepresentation.getOpaqueRGBImage()Ljava/awt/image/BufferedImage; @ 57 c2
Event: 0.467 Thread 0x000001d43afbf420 DEOPT PACKING pc=0x000001d427740230 sp=0x000000ae23efed80
Event: 0.467 Thread 0x000001d43afbf420 DEOPT UNPACKING pc=0x000001d4271d6da3 sp=0x000000ae23efed10 mode 2

Classes loaded (20 events):
Event: 2.421 Loading class javax/swing/JComponent$KeyboardState
Event: 2.422 Loading class javax/swing/JComponent$KeyboardState done
Event: 2.422 Loading class javax/swing/JComponent$IntVector
Event: 2.422 Loading class javax/swing/JComponent$IntVector done
Event: 2.422 Loading class javax/swing/KeyboardManager
Event: 2.422 Loading class javax/swing/KeyboardManager done
Event: 2.422 Loading class javax/swing/Popup$HeavyWeightWindow
Event: 2.423 Loading class sun/awt/ModalExclude
Event: 2.423 Loading class sun/awt/ModalExclude done
Event: 2.423 Loading class javax/swing/JWindow
Event: 2.423 Loading class javax/swing/JWindow done
Event: 2.423 Loading class javax/swing/Popup$HeavyWeightWindow done
Event: 5.206 Loading class java/awt/KeyboardFocusManager$2
Event: 5.206 Loading class java/awt/KeyboardFocusManager$2 done
Event: 2095.358 Loading class java/util/WeakHashMap$KeyIterator
Event: 2095.375 Loading class java/util/WeakHashMap$HashIterator
Event: 2095.378 Loading class java/util/WeakHashMap$HashIterator done
Event: 2095.378 Loading class java/util/WeakHashMap$KeyIterator done
Event: 2095.678 Loading class javax/swing/RepaintManager$DisplayChangedRunnable
Event: 2095.812 Loading class javax/swing/RepaintManager$DisplayChangedRunnable done

Classes unloaded (20 events):
Event: 2189.845 Thread 0x000001d43688a500 Unloading class 0x000000080100b400 'java/lang/invoke/LambdaForm$MH+0x000000080100b400'
Event: 2189.845 Thread 0x000001d43688a500 Unloading class 0x000000080100ac00 'java/lang/invoke/LambdaForm$MH+0x000000080100ac00'
Event: 2189.846 Thread 0x000001d43688a500 Unloading class 0x0000000801009c00 'java/lang/invoke/LambdaForm$MH+0x0000000801009c00'
Event: 2189.846 Thread 0x000001d43688a500 Unloading class 0x0000000801009800 'java/lang/invoke/LambdaForm$MH+0x0000000801009800'
Event: 2189.846 Thread 0x000001d43688a500 Unloading class 0x0000000801009000 'java/lang/invoke/LambdaForm$MH+0x0000000801009000'
Event: 2189.850 Thread 0x000001d43688a500 Unloading class 0x0000000801008400 'java/lang/invoke/LambdaForm$MH+0x0000000801008400'
Event: 2189.850 Thread 0x000001d43688a500 Unloading class 0x0000000801007c00 'java/lang/invoke/LambdaForm$MH+0x0000000801007c00'
Event: 2189.850 Thread 0x000001d43688a500 Unloading class 0x0000000801007800 'java/lang/invoke/LambdaForm$MH+0x0000000801007800'
Event: 2189.850 Thread 0x000001d43688a500 Unloading class 0x0000000801007400 'java/lang/invoke/LambdaForm$MH+0x0000000801007400'
Event: 2189.850 Thread 0x000001d43688a500 Unloading class 0x0000000801007000 'java/lang/invoke/LambdaForm$MH+0x0000000801007000'
Event: 2189.850 Thread 0x000001d43688a500 Unloading class 0x0000000801006800 'java/lang/invoke/LambdaForm$MH+0x0000000801006800'
Event: 2189.850 Thread 0x000001d43688a500 Unloading class 0x0000000801006400 'java/lang/invoke/LambdaForm$MH+0x0000000801006400'
Event: 2189.850 Thread 0x000001d43688a500 Unloading class 0x0000000801006000 'java/lang/invoke/LambdaForm$MH+0x0000000801006000'
Event: 2189.850 Thread 0x000001d43688a500 Unloading class 0x0000000801005800 'java/lang/invoke/LambdaForm$MH+0x0000000801005800'
Event: 2189.850 Thread 0x000001d43688a500 Unloading class 0x0000000801004c00 'java/lang/invoke/LambdaForm$MH+0x0000000801004c00'
Event: 2189.850 Thread 0x000001d43688a500 Unloading class 0x0000000801004800 'java/lang/invoke/LambdaForm$MH+0x0000000801004800'
Event: 2189.850 Thread 0x000001d43688a500 Unloading class 0x0000000801004000 'java/lang/invoke/LambdaForm$MH+0x0000000801004000'
Event: 2189.850 Thread 0x000001d43688a500 Unloading class 0x0000000801001800 'java/lang/invoke/LambdaForm$MH+0x0000000801001800'
Event: 2189.851 Thread 0x000001d43688a500 Unloading class 0x0000000801000800 'java/lang/invoke/LambdaForm$MH+0x0000000801000800'
Event: 2189.851 Thread 0x000001d43688a500 Unloading class 0x0000000801000400 'java/lang/invoke/LambdaForm$MH+0x0000000801000400'

Classes redefined (0 events):
No events

Internal exceptions (14 events):
Event: 0.079 Thread 0x000001d417cd5d10 Exception <a 'java/lang/ClassNotFoundException'{0x000000008a50ce48}: sun/awt/resources/spi/awtProvider> (0x000000008a50ce48) 
thrown [s\open\src\hotspot\share\classfile\systemDictionary.cpp, line 255]
Event: 0.099 Thread 0x000001d417cd5d10 Exception <a 'java/io/FileNotFoundException'{0x000000008a566360}> (0x000000008a566360) 
thrown [s\open\src\hotspot\share\prims\jni.cpp, line 517]
Event: 0.104 Thread 0x000001d417cd5d10 Exception <a 'java/io/FileNotFoundException'{0x000000008a592c70}> (0x000000008a592c70) 
thrown [s\open\src\hotspot\share\prims\jni.cpp, line 517]
Event: 0.129 Thread 0x000001d417cd5d10 Exception <a 'java/lang/NoSuchMethodError'{0x000000008a5c8c38}: 'java.lang.Object java.lang.invoke.DirectMethodHandle$Holder.invokeStaticInit(java.lang.Object)'> (0x000000008a5c8c38) 
thrown [s\open\src\hotspot\share\interpreter\linkResolver.cpp, line 774]
Event: 0.202 Thread 0x000001d43af3c7d0 Exception <a 'java/lang/NoSuchMethodError'{0x000000008a4cf5c8}: 'void java.lang.invoke.DirectMethodHandle$Holder.invokeSpecial(java.lang.Object, java.lang.Object, java.lang.Object)'> (0x000000008a4cf5c8) 
thrown [s\open\src\hotspot\share\interpreter\linkResolver.cpp, line 774]
Event: 0.208 Thread 0x000001d43af3c7d0 Exception <a 'java/lang/NoSuchMethodError'{0x000000008a30e1b0}: 'java.lang.Object java.lang.invoke.DirectMethodHandle$Holder.newInvokeSpecial(java.lang.Object, java.lang.Object, java.lang.Object, java.lang.Object, java.lang.Object)'> (0x000000008a30e1b0) 
thrown [s\open\src\hotspot\share\interpreter\linkResolver.cpp, line 774]
Event: 0.215 Thread 0x000001d43af3c7d0 Exception <a 'java/lang/NoSuchMethodError'{0x000000008a33f898}: 'java.lang.Object java.lang.invoke.DirectMethodHandle$Holder.invokeStatic(java.lang.Object, int, java.lang.Object)'> (0x000000008a33f898) 
thrown [s\open\src\hotspot\share\interpreter\linkResolver.cpp, line 774]
Event: 0.239 Thread 0x000001d43af3c7d0 Exception <a 'java/lang/ClassNotFoundException'{0x000000008a3fb5e0}: com/sun/swing/internal/plaf/metal/resources/spi/metalProvider> (0x000000008a3fb5e0) 
thrown [s\open\src\hotspot\share\classfile\systemDictionary.cpp, line 255]
Event: 0.240 Thread 0x000001d43af3c7d0 Exception <a 'java/lang/ClassNotFoundException'{0x000000008a3ff590}: com/sun/swing/internal/plaf/basic/resources/spi/basicProvider> (0x000000008a3ff590) 
thrown [s\open\src\hotspot\share\classfile\systemDictionary.cpp, line 255]
Event: 0.247 Thread 0x000001d43af3c7d0 Exception <a 'java/lang/NoSuchMethodError'{0x000000008a21ffe0}: 'int java.lang.invoke.Invokers$Holder.invokeExact_MT(java.lang.Object, java.lang.Object)'> (0x000000008a21ffe0) 
thrown [s\open\src\hotspot\share\interpreter\linkResolver.cpp, line 774]
Event: 0.255 Thread 0x000001d43afbf420 Exception <a 'java/lang/NoSuchMethodError'{0x000000008a2892e0}: 'java.lang.Object java.lang.invoke.DirectMethodHandle$Holder.newInvokeSpecial(java.lang.Object, java.lang.Object, java.lang.Object, int, int, int, int, int)'> (0x000000008a2892e0) 
thrown [s\open\src\hotspot\share\interpreter\linkResolver.cpp, line 774]
Event: 0.494 Thread 0x000001d43af3c7d0 Exception <a 'java/lang/NoSuchMethodError'{0x000000008a24a718}: 'void java.lang.invoke.DirectMethodHandle$Holder.invokeStaticInit(java.lang.Object)'> (0x000000008a24a718) 
thrown [s\open\src\hotspot\share\interpreter\linkResolver.cpp, line 774]
Event: 0.503 Thread 0x000001d43af3c7d0 Exception <a 'java/io/FileNotFoundException'{0x000000008a257758}> (0x000000008a257758) 
thrown [s\open\src\hotspot\share\prims\jni.cpp, line 517]
Event: 0.553 Thread 0x000001d43af2e9c0 Exception <a 'java/lang/NoSuchMethodError'{0x000000008a40fd20}: 'void java.lang.invoke.DirectMethodHandle$Holder.invokeVirtual(java.lang.Object, java.lang.Object)'> (0x000000008a40fd20) 
thrown [s\open\src\hotspot\share\interpreter\linkResolver.cpp, line 774]

VM Operations (20 events):
Event: 5.517 Executing VM operation: Cleanup done
Event: 2094.671 Executing VM operation: Cleanup
Event: 2094.678 Executing VM operation: Cleanup done
Event: 2095.683 Executing VM operation: Cleanup
Event: 2095.815 Executing VM operation: Cleanup done
Event: 2096.824 Executing VM operation: Cleanup
Event: 2096.824 Executing VM operation: Cleanup done
Event: 2111.938 Executing VM operation: G1TryInitiateConcMark
Event: 2114.891 Executing VM operation: G1TryInitiateConcMark done
Event: 2120.420 Executing VM operation: G1TryInitiateConcMark
Event: 2120.507 Executing VM operation: G1TryInitiateConcMark done
Event: 2120.693 Executing VM operation: G1PauseRemark
Event: 2120.945 Executing VM operation: G1PauseRemark done
Event: 2120.972 Executing VM operation: G1PauseCleanup
Event: 2120.975 Executing VM operation: G1PauseCleanup done
Event: 2182.418 Executing VM operation: Cleanup
Event: 2182.432 Executing VM operation: Cleanup done
Event: 2184.022 Executing VM operation: G1TryInitiateConcMark
Event: 2184.395 Executing VM operation: G1TryInitiateConcMark done
Event: 2184.453 Executing VM operation: G1PauseRemark

Events (20 events):
Event: 0.023 Thread 0x000001d417cd5d10 Thread added: 0x000001d417cd5d10
Event: 0.041 Thread 0x000001d4368a9690 Thread added: 0x000001d4368a9690
Event: 0.041 Thread 0x000001d4368ac270 Thread added: 0x000001d4368ac270
Event: 0.042 Thread 0x000001d4368ad2a0 Thread added: 0x000001d4368ad2a0
Event: 0.042 Thread 0x000001d4368adf70 Thread added: 0x000001d4368adf70
Event: 0.042 Thread 0x000001d4368b08b0 Thread added: 0x000001d4368b08b0
Event: 0.042 Thread 0x000001d4368b31f0 Thread added: 0x000001d4368b31f0
Event: 0.042 Thread 0x000001d4368bf1c0 Thread added: 0x000001d4368bf1c0
Event: 0.042 Thread 0x000001d4368c6410 Thread added: 0x000001d4368c6410
Event: 0.042 Thread 0x000001d43ac28080 Thread added: 0x000001d43ac28080
Event: 0.057 Thread 0x000001d43ad2e5b0 Thread added: 0x000001d43ad2e5b0
Event: 0.061 Thread 0x000001d43ad34fa0 Thread added: 0x000001d43ad34fa0
Event: 0.130 Thread 0x000001d43ad79e60 Thread added: 0x000001d43ad79e60
Event: 0.131 Thread 0x000001d43af2c060 Thread added: 0x000001d43af2c060
Event: 0.133 Thread 0x000001d43af2e9c0 Thread added: 0x000001d43af2e9c0
Event: 0.152 Thread 0x000001d43af3c7d0 Thread added: 0x000001d43af3c7d0
Event: 0.152 Thread 0x000001d417cd5d10 Thread exited: 0x000001d417cd5d10
Event: 0.152 Thread 0x000001d417cd5d10 Thread added: 0x000001d417cd5d10
Event: 0.252 Thread 0x000001d43afbf420 Thread added: 0x000001d43afbf420
Event: 5.487 Thread 0x000001d43afbf420 Thread exited: 0x000001d43afbf420


Dynamic libraries:
0x00007ff7a43b0000 - 0x00007ff7a43c0000 	C:\Program Files\Java\jdk-19\bin\javaw.exe
0x00007ffce2530000 - 0x00007ffce2747000 	C:\Windows\SYSTEM32\ntdll.dll
0x00007ffce1a00000 - 0x00007ffce1ac4000 	C:\Windows\System32\KERNEL32.DLL
0x00007ffcdfdc0000 - 0x00007ffce0166000 	C:\Windows\System32\KERNELBASE.dll
0x00007ffcdfc00000 - 0x00007ffcdfd11000 	C:\Windows\System32\ucrtbase.dll
0x00007ffcda750000 - 0x00007ffcda768000 	C:\Program Files\Java\jdk-19\bin\jli.dll
0x00007ffcd9460000 - 0x00007ffcd947b000 	C:\Program Files\Java\jdk-19\bin\VCRUNTIME140.dll
0x00007ffce0320000 - 0x00007ffce03d0000 	C:\Windows\System32\ADVAPI32.dll
0x00007ffce0de0000 - 0x00007ffce0e87000 	C:\Windows\System32\msvcrt.dll
0x00007ffce0c50000 - 0x00007ffce0cf6000 	C:\Windows\System32\sechost.dll
0x00007ffce0b30000 - 0x00007ffce0c47000 	C:\Windows\System32\RPCRT4.dll
0x00007ffce0860000 - 0x00007ffce0a0d000 	C:\Windows\System32\USER32.dll
0x00007ffce01f0000 - 0x00007ffce0216000 	C:\Windows\System32\win32u.dll
0x00007ffce24a0000 - 0x00007ffce24c9000 	C:\Windows\System32\GDI32.dll
0x00007ffcdfa20000 - 0x00007ffcdfb38000 	C:\Windows\System32\gdi32full.dll
0x00007ffcdfd20000 - 0x00007ffcdfdba000 	C:\Windows\System32\msvcp_win.dll
0x00007ffcc29a0000 - 0x00007ffcc2c33000 	C:\Windows\WinSxS\amd64_microsoft.windows.common-controls_6595b64144ccf1df_6.0.22621.2361_none_2712ced57382f843\COMCTL32.dll
0x00007ffcc9aa0000 - 0x00007ffcc9aaa000 	C:\Windows\SYSTEM32\VERSION.dll
0x00007ffce07c0000 - 0x00007ffce07f1000 	C:\Windows\System32\IMM32.DLL
0x00007ffcd93e0000 - 0x00007ffcd93ec000 	C:\Program Files\Java\jdk-19\bin\vcruntime140_1.dll
0x00007ffcc34a0000 - 0x00007ffcc352e000 	C:\Program Files\Java\jdk-19\bin\msvcp140.dll
0x00007ffc46ef0000 - 0x00007ffc47bb0000 	C:\Program Files\Java\jdk-19\bin\server\jvm.dll
0x00007ffcc4d20000 - 0x00007ffcc4d29000 	C:\Windows\SYSTEM32\WSOCK32.dll
0x00007ffcd7ab0000 - 0x00007ffcd7ae4000 	C:\Windows\SYSTEM32\WINMM.dll
0x00007ffce1980000 - 0x00007ffce19f1000 	C:\Windows\System32\WS2_32.dll
0x00007ffcde950000 - 0x00007ffcde968000 	C:\Windows\SYSTEM32\kernel.appcore.dll
0x00007ffcd87f0000 - 0x00007ffcd87fa000 	C:\Program Files\Java\jdk-19\bin\jimage.dll
0x00007ffcdd0f0000 - 0x00007ffcdd31e000 	C:\Windows\SYSTEM32\DBGHELP.DLL
0x00007ffce1c90000 - 0x00007ffce201a000 	C:\Windows\System32\combase.dll
0x00007ffce0d00000 - 0x00007ffce0dd7000 	C:\Windows\System32\OLEAUT32.dll
0x00007ffcc5ba0000 - 0x00007ffcc5bd2000 	C:\Windows\SYSTEM32\dbgcore.DLL
0x00007ffce0170000 - 0x00007ffce01ea000 	C:\Windows\System32\bcryptPrimitives.dll
0x00007ffccf460000 - 0x00007ffccf486000 	C:\Program Files\Java\jdk-19\bin\java.dll
0x00007ffcab530000 - 0x00007ffcab607000 	C:\Program Files\Java\jdk-19\bin\jsvml.dll
0x00007ffce1060000 - 0x00007ffce18b8000 	C:\Windows\System32\SHELL32.dll
0x00007ffcdd7d0000 - 0x00007ffcde0c2000 	C:\Windows\SYSTEM32\windows.storage.dll
0x00007ffcdd690000 - 0x00007ffcdd7ce000 	C:\Windows\SYSTEM32\wintypes.dll
0x00007ffce0a10000 - 0x00007ffce0b03000 	C:\Windows\System32\SHCORE.dll
0x00007ffce0e90000 - 0x00007ffce0eee000 	C:\Windows\System32\shlwapi.dll
0x00007ffcdf7e0000 - 0x00007ffcdf806000 	C:\Windows\SYSTEM32\profapi.dll
0x00007ffc7c850000 - 0x00007ffc7c9e1000 	C:\Program Files\Java\jdk-19\bin\awt.dll
0x00007ffcdc2b0000 - 0x00007ffcdc347000 	C:\Windows\SYSTEM32\apphelp.dll
0x00007ffcdc3b0000 - 0x00007ffcdc45b000 	C:\Windows\system32\uxtheme.dll
0x00007ffce0460000 - 0x00007ffce05ac000 	C:\Windows\System32\MSCTF.dll
0x00007ffce1ad0000 - 0x00007ffce1c6f000 	C:\Windows\System32\ole32.dll
0x00007ffcdcba0000 - 0x00007ffcdcbcb000 	C:\Windows\system32\DWMAPI.DLL
0x00007ffc7a8b0000 - 0x00007ffc7a9b0000 	C:\Windows\system32\opengl32.dll
0x00007ffcb4bb0000 - 0x00007ffcb4bdd000 	C:\Windows\SYSTEM32\GLU32.dll
0x00007ffcdca20000 - 0x00007ffcdca56000 	C:\Windows\SYSTEM32\dxcore.dll
0x00007ffcc39d0000 - 0x00007ffcc39e8000 	C:\Program Files\Java\jdk-19\bin\zip.dll
0x00007ffca70b0000 - 0x00007ffca7136000 	C:\Program Files\Java\jdk-19\bin\freetype.dll
0x00007ffca2030000 - 0x00007ffca20f6000 	C:\Program Files\Java\jdk-19\bin\fontmanager.dll
0x00007ffcd5d70000 - 0x00007ffcd5eba000 	C:\Windows\SYSTEM32\textinputframework.dll
0x00007ffcc09e0000 - 0x00007ffcc0a49000 	C:\Windows\system32\Oleacc.dll
0x00007ffcdbfc0000 - 0x00007ffcdc0f3000 	C:\Windows\SYSTEM32\CoreMessaging.dll
0x00007ffcd75c0000 - 0x00007ffcd792c000 	C:\Windows\SYSTEM32\CoreUIComponents.dll
0x00007ffcdf0b0000 - 0x00007ffcdf0bc000 	C:\Windows\SYSTEM32\CRYPTBASE.DLL

dbghelp: loaded successfully - version: 4.0.5 - missing functions: none
symbol engine: initialized successfully - sym options: 0x614 - pdb path: .;C:\Program Files\Java\jdk-19\bin;C:\Windows\SYSTEM32;C:\Windows\WinSxS\amd64_microsoft.windows.common-controls_6595b64144ccf1df_6.0.22621.2361_none_2712ced57382f843;C:\Program Files\Java\jdk-19\bin\server

VM Arguments:
jvm_args: -Dfile.encoding=UTF-8 -XX:+ShowCodeDetailsInExceptionMessages 
java_command: Pokemon_Save_Area.Pokemon_Save_Area
java_class_path (initial): C:\Project\GameProject-DB_feature\Pokemon_Save_Area\bin
Launcher Type: SUN_STANDARD

[Global flags]
     intx CICompilerCount                          = 4                                         {product} {ergonomic}
     uint ConcGCThreads                            = 3                                         {product} {ergonomic}
     uint G1ConcRefinementThreads                  = 10                                        {product} {ergonomic}
   size_t G1HeapRegionSize                         = 1048576                                   {product} {ergonomic}
    uintx GCDrainStackTargetSize                   = 64                                        {product} {ergonomic}
   size_t InitialHeapSize                          = 132120576                                 {product} {ergonomic}
   size_t MarkStackSize                            = 4194304                                   {product} {ergonomic}
   size_t MaxHeapSize                              = 2103443456                                {product} {ergonomic}
   size_t MaxNewSize                               = 1261436928                                {product} {ergonomic}
   size_t MinHeapDeltaBytes                        = 1048576                                   {product} {ergonomic}
   size_t MinHeapSize                              = 8388608                                   {product} {ergonomic}
    uintx NonNMethodCodeHeapSize                   = 5839372                                {pd product} {ergonomic}
    uintx NonProfiledCodeHeapSize                  = 122909434                              {pd product} {ergonomic}
    uintx ProfiledCodeHeapSize                     = 122909434                              {pd product} {ergonomic}
    uintx ReservedCodeCacheSize                    = 251658240                              {pd product} {ergonomic}
     bool SegmentedCodeCache                       = true                                      {product} {ergonomic}
     bool ShowCodeDetailsInExceptionMessages       = true                                   {manageable} {command line}
   size_t SoftMaxHeapSize                          = 2103443456                             {manageable} {ergonomic}
     bool UseCompressedClassPointers               = true                           {product lp64_product} {ergonomic}
     bool UseCompressedOops                        = true                           {product lp64_product} {ergonomic}
     bool UseG1GC                                  = true                                      {product} {ergonomic}
     bool UseLargePagesIndividualAllocation        = false                                  {pd product} {ergonomic}

Logging:
Log output configuration:
 #0: stdout all=warning uptime,level,tags foldmultilines=false
 #1: stderr all=off uptime,level,tags foldmultilines=false

Environment Variables:
PATH=C:\oraclexe\app\oracle\product\11.2.0\server\bin;;C:\Program Files\Common Files\Oracle\Java\javapath;C:\Windows\system32;C:\Windows;C:\Windows\System32\Wbem;C:\Windows\System32\WindowsPowerShell\v1.0\;C:\Windows\System32\OpenSSH\;C:\Program Files\Git\cmd;C:\Program Files\dotnet\;C:\Program Files\MySQL\MySQL Shell 8.0\bin\;C:\Users\bak33\AppData\Local\Programs\Python\Python311\Scripts\;C:\Users\bak33\AppData\Local\Programs\Python\Python311\;C:\Users\bak33\AppData\Local\Microsoft\WindowsApps;;C:\Users\bak33\AppData\Local\Programs\Microsoft VS Code\bin;C:\Users\bak33\AppData\Local\afreeca
USERNAME=bak33
OS=Windows_NT
PROCESSOR_IDENTIFIER=Intel64 Family 6 Model 154 Stepping 4, GenuineIntel
TMP=C:\Users\bak33\AppData\Local\Temp
TEMP=C:\Users\bak33\AppData\Local\Temp



---------------  S Y S T E M  ---------------

OS:
 Windows 11 , 64 bit Build 22621 (10.0.22621.2428)
OS uptime: 7 days 23:34 hours
Hyper-V role detected

CPU: total 12 (initial active 12) (6 cores per cpu, 2 threads per core) family 6 model 154 stepping 4 microcode 0x420, cx8, cmov, fxsr, ht, mmx, 3dnowpref, sse, sse2, sse3, ssse3, sse4.1, sse4.2, popcnt, lzcnt, tsc, tscinvbit, avx, avx2, aes, erms, clmul, bmi1, bmi2, adx, sha, fma, vzeroupper, clflush, clflushopt, clwb, hv, serialize, rdtscp, rdpid, fsrm

Memory: 4k page, system-wide physical 8017M (91M free)
TotalPageFile size 32593M (AvailPageFile size 12M)
current process WorkingSet (physical memory assigned to process): 44M, peak: 85M
current process commit charge ("private bytes"): 262M, peak: 278M

vm_info: Java HotSpot(TM) 64-Bit Server VM (19.0.2+7-44) for windows-amd64 JRE (19.0.2+7-44), built on 2022-11-30T18:02:09Z by "mach5one" with MS VC++ 17.1 (VS2022)

END.
