#
# There is insufficient memory for the Java Runtime Environment to continue.
# Native memory allocation (mmap) failed to map 6291456 bytes for G1 virtual space
# Possible reasons:
#   The system is out of physical RAM or swap space
#   The process is running with CompressedOops enabled, and the Java Heap may be blocking the growth of the native heap
# Possible solutions:
#   Reduce memory load on the system
#   Increase physical memory or swap space
#   Check if swap backing store is full
#   Decrease Java heap size (-Xmx/-Xms)
#   Decrease number of Java threads
#   Decrease Java thread stack sizes (-Xss)
#   Set larger code cache with -XX:ReservedCodeCacheSize=
#   JVM is running with Unscaled Compressed Oops mode in which the Java heap is
#     placed in the first 4GB address space. The Java Heap base address is the
#     maximum limit for the native heap growth. Please use -XX:HeapBaseMinAddress
#     to set the Java Heap base and to place the Java Heap above 4GB virtual address.
# This output file may be truncated or incomplete.
#
#  Out of Memory Error (os_windows.cpp:3536), pid=6968, tid=24556
#
# JRE version: Java(TM) SE Runtime Environment (19.0.2+7) (build 19.0.2+7-44)
# Java VM: Java HotSpot(TM) 64-Bit Server VM (19.0.2+7-44, mixed mode, sharing, tiered, compressed oops, compressed class ptrs, g1 gc, windows-amd64)
# No core dump will be written. Minidumps are not enabled by default on client versions of Windows
#

---------------  S U M M A R Y ------------

Command Line: -Dfile.encoding=UTF-8 -XX:+ShowCodeDetailsInExceptionMessages Pokemon_Save_Area.Pokemon_Save_Area

Host: 12th Gen Intel(R) Core(TM) i5-1235U, 12 cores, 7G,  Windows 11 , 64 bit Build 22621 (10.0.22621.2428)
Time: Sat Nov 11 19:47:56 2023  Windows 11 , 64 bit Build 22621 (10.0.22621.2428) elapsed time: 8718.562308 seconds (0d 2h 25m 18s)

---------------  T H R E A D  ---------------

Current thread (0x000002459526a6d0):  VMThread "VM Thread" [stack: 0x000000c783e00000,0x000000c783f00000] [id=24556]

Stack: [0x000000c783e00000,0x000000c783f00000]
Native frames: (J=compiled Java code, j=interpreted, Vv=VM code, C=native code)
V  [jvm.dll+0x6ee21a]
V  [jvm.dll+0x85765e]
V  [jvm.dll+0x85904e]
V  [jvm.dll+0x859703]
V  [jvm.dll+0x28298f]
V  [jvm.dll+0x6eb009]
V  [jvm.dll+0x6dfbaa]
V  [jvm.dll+0x3573f6]
V  [jvm.dll+0x35ee56]
V  [jvm.dll+0x3b541e]
V  [jvm.dll+0x3b564f]
V  [jvm.dll+0x32c9ea]
V  [jvm.dll+0x32f576]
V  [jvm.dll+0x33a0f5]
V  [jvm.dll+0x372bc0]
V  [jvm.dll+0x85ebc3]
V  [jvm.dll+0x85f989]
V  [jvm.dll+0x85febd]
V  [jvm.dll+0x86034b]
V  [jvm.dll+0x860407]
V  [jvm.dll+0x80125a]
V  [jvm.dll+0x6ecf0b]
C  [ucrtbase.dll+0x29363]
C  [KERNEL32.DLL+0x1257d]
C  [ntdll.dll+0x5aa78]

VM_Operation (0x000000c783aff3a0): G1PauseRemark, mode: safepoint, requested by thread 0x00000245f47182d0


---------------  P R O C E S S  ---------------

Threads class SMR info:
_java_thread_list=0x0000024599db3810, length=16, elements={
0x000002459528acc0, 0x000002459528dfa0, 0x000002459528f5d0, 0x0000024595290100,
0x00000245952931e0, 0x00000245952978e0, 0x00000245952a5a80, 0x00000245952a8010,
0x00000245952a1cd0, 0x00000245952a2220, 0x00000245952a2770, 0x00000245952a1780,
0x00000245952a2cc0, 0x00000245997189b0, 0x0000024599719ef0, 0x000002459971a990
}

Java Threads: ( => current thread )
  0x000002459528acc0 JavaThread "Reference Handler" daemon [_thread_blocked, id=19124, stack(0x000000c783f00000,0x000000c784000000)]
  0x000002459528dfa0 JavaThread "Finalizer" daemon [_thread_blocked, id=35704, stack(0x000000c784000000,0x000000c784100000)]
  0x000002459528f5d0 JavaThread "Signal Dispatcher" daemon [_thread_blocked, id=22296, stack(0x000000c784100000,0x000000c784200000)]
  0x0000024595290100 JavaThread "Attach Listener" daemon [_thread_blocked, id=29044, stack(0x000000c784200000,0x000000c784300000)]
  0x00000245952931e0 JavaThread "Service Thread" daemon [_thread_blocked, id=22204, stack(0x000000c784300000,0x000000c784400000)]
  0x00000245952978e0 JavaThread "Monitor Deflation Thread" daemon [_thread_blocked, id=19884, stack(0x000000c784400000,0x000000c784500000)]
  0x00000245952a5a80 JavaThread "C2 CompilerThread0" daemon [_thread_blocked, id=16940, stack(0x000000c784500000,0x000000c784600000)]
  0x00000245952a8010 JavaThread "C1 CompilerThread0" daemon [_thread_blocked, id=22616, stack(0x000000c784600000,0x000000c784700000)]
  0x00000245952a1cd0 JavaThread "Sweeper thread" daemon [_thread_blocked, id=35148, stack(0x000000c784700000,0x000000c784800000)]
  0x00000245952a2220 JavaThread "Notification Thread" daemon [_thread_blocked, id=35820, stack(0x000000c784800000,0x000000c784900000)]
  0x00000245952a2770 JavaThread "Common-Cleaner" daemon [_thread_blocked, id=16672, stack(0x000000c784a00000,0x000000c784b00000)]
  0x00000245952a1780 JavaThread "Java2D Disposer" daemon [_thread_blocked, id=11868, stack(0x000000c784b00000,0x000000c784c00000)]
  0x00000245952a2cc0 JavaThread "AWT-Shutdown" [_thread_blocked, id=35408, stack(0x000000c784c00000,0x000000c784d00000)]
  0x00000245997189b0 JavaThread "AWT-Windows" daemon [_thread_blocked, id=7860, stack(0x000000c784d00000,0x000000c784e00000)]
  0x0000024599719ef0 JavaThread "AWT-EventQueue-0" [_thread_blocked, id=28864, stack(0x000000c784e00000,0x000000c784f00000)]
  0x000002459971a990 JavaThread "DestroyJavaVM" [_thread_blocked, id=15248, stack(0x000000c783800000,0x000000c783900000)]

Other Threads:
=>0x000002459526a6d0 VMThread "VM Thread" [stack: 0x000000c783e00000,0x000000c783f00000] [id=24556]
  0x00000245994b9450 WatcherThread "VM Periodic Task Thread" [stack: 0x000000c784900000,0x000000c784a00000] [id=21280]
  0x00000245f4706f70 WorkerThread "GC Thread#0" [stack: 0x000000c783900000,0x000000c783a00000] [id=35800]
  0x0000024599639330 WorkerThread "GC Thread#1" [stack: 0x000000c783500000,0x000000c783600000] [id=36672]
  0x00000245994e2c60 WorkerThread "GC Thread#2" [stack: 0x000000c783600000,0x000000c783700000] [id=35036]
  0x00000245994e1e50 WorkerThread "GC Thread#3" [stack: 0x000000c783700000,0x000000c783800000] [id=34248]
  0x00000245994e2f30 WorkerThread "GC Thread#4" [stack: 0x000000c784f00000,0x000000c785000000] [id=24640]
  0x00000245994e2990 WorkerThread "GC Thread#5" [stack: 0x000000c785000000,0x000000c785100000] [id=6896]
  0x00000245994e1310 WorkerThread "GC Thread#6" [stack: 0x000000c785100000,0x000000c785200000] [id=2944]
  0x00000245f47182d0 ConcurrentGCThread "G1 Main Marker" [stack: 0x000000c783a00000,0x000000c783b00000] [id=18844]
  0x00000245f4718d00 WorkerThread "G1 Conc#0" [stack: 0x000000c783b00000,0x000000c783c00000] [id=2724]
  0x00000245994e2120 WorkerThread "G1 Conc#1" [stack: 0x000000c785200000,0x000000c785300000] [id=35200]
  0x00000245994e26c0 WorkerThread "G1 Conc#2" [stack: 0x000000c785300000,0x000000c785400000] [id=2992]
  0x00000245f476e070 ConcurrentGCThread "G1 Refine#0" [stack: 0x000000c783c00000,0x000000c783d00000] [id=10904]
  0x00000245f476ebb0 ConcurrentGCThread "G1 Service" [stack: 0x000000c783d00000,0x000000c783e00000] [id=20932]

Threads with active compile tasks:

VM state: at safepoint (normal execution)

VM Mutex/Monitor currently owned by a thread:  ([mutex/lock_event])
[0x00000245f46a3140] Threads_lock - owner thread: 0x000002459526a6d0
[0x00000245f46a31d0] Heap_lock - owner thread: 0x00000245f47182d0

Heap address: 0x0000000082a00000, size: 2006 MB, Compressed Oops mode: 32-bit

CDS archive(s) mapped at: [0x0000000800000000-0x0000000800c40000-0x0000000800c40000), size 12845056, SharedBaseAddress: 0x0000000800000000, ArchiveRelocationMode: 0.
Compressed class space mapped at: 0x0000000801000000-0x0000000841000000, reserved size: 1073741824
Narrow klass base: 0x0000000800000000, Narrow klass shift: 0, Narrow klass range: 0x100000000

GC Precious Log:
 CardTable entry size: 512
 Card Set container configuration: InlinePtr #cards 5 size 8 Array Of Cards #cards 12 size 40 Howl #buckets 4 coarsen threshold 1843 Howl Bitmap #cards 512 size 80 coarsen threshold 460 Card regions per heap region 1 cards per card region 2048
 CPUs: 12 total, 12 available
 Memory: 8017M
 Large Page Support: Disabled
 NUMA Support: Disabled
 Compressed Oops: Enabled (32-bit)
 Heap Region Size: 1M
 Heap Min Capacity: 8M
 Heap Initial Capacity: 126M
 Heap Max Capacity: 2006M
 Pre-touch: Disabled
 Parallel Workers: 10
 Concurrent Workers: 3
 Concurrent Refinement Workers: 10
 Periodic GC: Disabled

Heap:
 garbage-first heap   total 129024K, used 78952K [0x0000000082a00000, 0x0000000100000000)
  region size 1024K, 2 young (2048K), 1 survivors (1024K)
 Metaspace       used 7188K, committed 7360K, reserved 1114112K
  class space    used 780K, committed 896K, reserved 1048576K

Heap Regions: E=young(eden), S=young(survivor), O=old, HS=humongous(starts), HC=humongous(continues), CS=collection set, F=free, OA=open archive, CA=closed archive, TAMS=top-at-mark-start (previous, next)
|   0|0x0000000082a00000, 0x0000000082b00000, 0x0000000082b00000|100%|HS|  |TAMS 0x0000000082b00000, 0x0000000082a00000| Complete 
|   1|0x0000000082b00000, 0x0000000082c00000, 0x0000000082c00000|100%|HC|  |TAMS 0x0000000082c00000, 0x0000000082b00000| Complete 
|   2|0x0000000082c00000, 0x0000000082d00000, 0x0000000082d00000|100%|HC|  |TAMS 0x0000000082d00000, 0x0000000082c00000| Complete 
|   3|0x0000000082d00000, 0x0000000082e00000, 0x0000000082e00000|100%|HC|  |TAMS 0x0000000082e00000, 0x0000000082d00000| Complete 
|   4|0x0000000082e00000, 0x0000000082f00000, 0x0000000082f00000|100%|HC|  |TAMS 0x0000000082f00000, 0x0000000082e00000| Complete 
|   5|0x0000000082f00000, 0x0000000083000000, 0x0000000083000000|100%|HC|  |TAMS 0x0000000083000000, 0x0000000082f00000| Complete 
|   6|0x0000000083000000, 0x0000000083100000, 0x0000000083100000|100%|HC|  |TAMS 0x0000000083100000, 0x0000000083000000| Complete 
|   7|0x0000000083100000, 0x0000000083200000, 0x0000000083200000|100%|HC|  |TAMS 0x0000000083200000, 0x0000000083100000| Complete 
|   8|0x0000000083200000, 0x0000000083300000, 0x0000000083300000|100%|HS|  |TAMS 0x0000000083300000, 0x0000000083200000| Complete 
|   9|0x0000000083300000, 0x0000000083400000, 0x0000000083400000|100%|HC|  |TAMS 0x0000000083400000, 0x0000000083300000| Complete 
|  10|0x0000000083400000, 0x0000000083500000, 0x0000000083500000|100%|HS|  |TAMS 0x0000000083500000, 0x0000000083400000| Complete 
|  11|0x0000000083500000, 0x0000000083600000, 0x0000000083600000|100%|HC|  |TAMS 0x0000000083600000, 0x0000000083500000| Complete 
|  12|0x0000000083600000, 0x0000000083700000, 0x0000000083700000|100%|HC|  |TAMS 0x0000000083700000, 0x0000000083600000| Complete 
|  13|0x0000000083700000, 0x0000000083800000, 0x0000000083800000|100%|HC|  |TAMS 0x0000000083800000, 0x0000000083700000| Complete 
|  14|0x0000000083800000, 0x0000000083900000, 0x0000000083900000|100%|HC|  |TAMS 0x0000000083900000, 0x0000000083800000| Complete 
|  15|0x0000000083900000, 0x0000000083a00000, 0x0000000083a00000|100%|HC|  |TAMS 0x0000000083a00000, 0x0000000083900000| Complete 
|  16|0x0000000083a00000, 0x0000000083b00000, 0x0000000083b00000|100%|HC|  |TAMS 0x0000000083b00000, 0x0000000083a00000| Complete 
|  17|0x0000000083b00000, 0x0000000083c00000, 0x0000000083c00000|100%|HC|  |TAMS 0x0000000083c00000, 0x0000000083b00000| Complete 
|  18|0x0000000083c00000, 0x0000000083c00000, 0x0000000083d00000|  0%| F|  |TAMS 0x0000000083c00000, 0x0000000083c00000| Untracked 
|  19|0x0000000083d00000, 0x0000000083d00000, 0x0000000083e00000|  0%| F|  |TAMS 0x0000000083d00000, 0x0000000083d00000| Untracked 
|  20|0x0000000083e00000, 0x0000000083e00000, 0x0000000083f00000|  0%| F|  |TAMS 0x0000000083e00000, 0x0000000083e00000| Untracked 
|  21|0x0000000083f00000, 0x0000000083f00000, 0x0000000084000000|  0%| F|  |TAMS 0x0000000083f00000, 0x0000000083f00000| Untracked 
|  22|0x0000000084000000, 0x0000000084000000, 0x0000000084100000|  0%| F|  |TAMS 0x0000000084000000, 0x0000000084000000| Untracked 
|  23|0x0000000084100000, 0x0000000084100000, 0x0000000084200000|  0%| F|  |TAMS 0x0000000084100000, 0x0000000084100000| Untracked 
|  24|0x0000000084200000, 0x0000000084200000, 0x0000000084300000|  0%| F|  |TAMS 0x0000000084200000, 0x0000000084200000| Untracked 
|  25|0x0000000084300000, 0x0000000084300000, 0x0000000084400000|  0%| F|  |TAMS 0x0000000084300000, 0x0000000084300000| Untracked 
|  26|0x0000000084400000, 0x0000000084400000, 0x0000000084500000|  0%| F|  |TAMS 0x0000000084400000, 0x0000000084400000| Untracked 
|  27|0x0000000084500000, 0x0000000084500000, 0x0000000084600000|  0%| F|  |TAMS 0x0000000084500000, 0x0000000084500000| Untracked 
|  28|0x0000000084600000, 0x0000000084600000, 0x0000000084700000|  0%| F|  |TAMS 0x0000000084600000, 0x0000000084600000| Untracked 
|  29|0x0000000084700000, 0x0000000084700000, 0x0000000084800000|  0%| F|  |TAMS 0x0000000084700000, 0x0000000084700000| Untracked 
|  30|0x0000000084800000, 0x0000000084800000, 0x0000000084900000|  0%| F|  |TAMS 0x0000000084800000, 0x0000000084800000| Untracked 
|  31|0x0000000084900000, 0x0000000084900000, 0x0000000084a00000|  0%| F|  |TAMS 0x0000000084900000, 0x0000000084900000| Untracked 
|  32|0x0000000084a00000, 0x0000000084a00000, 0x0000000084b00000|  0%| F|  |TAMS 0x0000000084a00000, 0x0000000084a00000| Untracked 
|  33|0x0000000084b00000, 0x0000000084b00000, 0x0000000084c00000|  0%| F|  |TAMS 0x0000000084b00000, 0x0000000084b00000| Untracked 
|  34|0x0000000084c00000, 0x0000000084c00000, 0x0000000084d00000|  0%| F|  |TAMS 0x0000000084c00000, 0x0000000084c00000| Untracked 
|  35|0x0000000084d00000, 0x0000000084d00000, 0x0000000084e00000|  0%| F|  |TAMS 0x0000000084d00000, 0x0000000084d00000| Untracked 
|  36|0x0000000084e00000, 0x0000000084e00000, 0x0000000084f00000|  0%| F|  |TAMS 0x0000000084e00000, 0x0000000084e00000| Untracked 
|  37|0x0000000084f00000, 0x0000000084f00000, 0x0000000085000000|  0%| F|  |TAMS 0x0000000084f00000, 0x0000000084f00000| Untracked 
|  38|0x0000000085000000, 0x0000000085000000, 0x0000000085100000|  0%| F|  |TAMS 0x0000000085000000, 0x0000000085000000| Untracked 
|  39|0x0000000085100000, 0x0000000085100000, 0x0000000085200000|  0%| F|  |TAMS 0x0000000085100000, 0x0000000085100000| Untracked 
|  40|0x0000000085200000, 0x0000000085200000, 0x0000000085300000|  0%| F|  |TAMS 0x0000000085200000, 0x0000000085200000| Untracked 
|  41|0x0000000085300000, 0x0000000085300000, 0x0000000085400000|  0%| F|  |TAMS 0x0000000085300000, 0x0000000085300000| Untracked 
|  42|0x0000000085400000, 0x0000000085400000, 0x0000000085500000|  0%| F|  |TAMS 0x0000000085400000, 0x0000000085400000| Untracked 
|  43|0x0000000085500000, 0x0000000085600000, 0x0000000085600000|100%|HS|  |TAMS 0x0000000085600000, 0x0000000085500000| Complete 
|  44|0x0000000085600000, 0x0000000085700000, 0x0000000085700000|100%|HC|  |TAMS 0x0000000085700000, 0x0000000085600000| Complete 
|  45|0x0000000085700000, 0x0000000085800000, 0x0000000085800000|100%|HC|  |TAMS 0x0000000085800000, 0x0000000085700000| Complete 
|  46|0x0000000085800000, 0x0000000085900000, 0x0000000085900000|100%|HC|  |TAMS 0x0000000085900000, 0x0000000085800000| Complete 
|  47|0x0000000085900000, 0x0000000085a00000, 0x0000000085a00000|100%|HC|  |TAMS 0x0000000085a00000, 0x0000000085900000| Complete 
|  48|0x0000000085a00000, 0x0000000085b00000, 0x0000000085b00000|100%|HC|  |TAMS 0x0000000085b00000, 0x0000000085a00000| Complete 
|  49|0x0000000085b00000, 0x0000000085c00000, 0x0000000085c00000|100%|HC|  |TAMS 0x0000000085c00000, 0x0000000085b00000| Complete 
|  50|0x0000000085c00000, 0x0000000085d00000, 0x0000000085d00000|100%|HC|  |TAMS 0x0000000085d00000, 0x0000000085c00000| Complete 
|  51|0x0000000085d00000, 0x0000000085e00000, 0x0000000085e00000|100%|HC|  |TAMS 0x0000000085e00000, 0x0000000085d00000| Complete 
|  52|0x0000000085e00000, 0x0000000085f00000, 0x0000000085f00000|100%|HC|  |TAMS 0x0000000085f00000, 0x0000000085e00000| Complete 
|  53|0x0000000085f00000, 0x0000000086000000, 0x0000000086000000|100%|HC|  |TAMS 0x0000000086000000, 0x0000000085f00000| Complete 
|  54|0x0000000086000000, 0x0000000086100000, 0x0000000086100000|100%|HC|  |TAMS 0x0000000086100000, 0x0000000086000000| Complete 
|  55|0x0000000086100000, 0x0000000086200000, 0x0000000086200000|100%|HC|  |TAMS 0x0000000086200000, 0x0000000086100000| Complete 
|  56|0x0000000086200000, 0x0000000086300000, 0x0000000086300000|100%|HC|  |TAMS 0x0000000086300000, 0x0000000086200000| Complete 
|  57|0x0000000086300000, 0x0000000086400000, 0x0000000086400000|100%|HC|  |TAMS 0x0000000086400000, 0x0000000086300000| Complete 
|  58|0x0000000086400000, 0x0000000086500000, 0x0000000086500000|100%|HC|  |TAMS 0x0000000086500000, 0x0000000086400000| Complete 
|  59|0x0000000086500000, 0x0000000086600000, 0x0000000086600000|100%|HC|  |TAMS 0x0000000086600000, 0x0000000086500000| Complete 
|  60|0x0000000086600000, 0x0000000086700000, 0x0000000086700000|100%|HC|  |TAMS 0x0000000086700000, 0x0000000086600000| Complete 
|  61|0x0000000086700000, 0x0000000086800000, 0x0000000086800000|100%|HC|  |TAMS 0x0000000086800000, 0x0000000086700000| Complete 
|  62|0x0000000086800000, 0x0000000086900000, 0x0000000086900000|100%|HC|  |TAMS 0x0000000086900000, 0x0000000086800000| Complete 
|  63|0x0000000086900000, 0x0000000086a00000, 0x0000000086a00000|100%|HC|  |TAMS 0x0000000086a00000, 0x0000000086900000| Complete 
|  64|0x0000000086a00000, 0x0000000086b00000, 0x0000000086b00000|100%|HC|  |TAMS 0x0000000086b00000, 0x0000000086a00000| Complete 
|  65|0x0000000086b00000, 0x0000000086c00000, 0x0000000086c00000|100%|HC|  |TAMS 0x0000000086c00000, 0x0000000086b00000| Complete 
|  66|0x0000000086c00000, 0x0000000086d00000, 0x0000000086d00000|100%|HC|  |TAMS 0x0000000086d00000, 0x0000000086c00000| Complete 
|  67|0x0000000086d00000, 0x0000000086e00000, 0x0000000086e00000|100%|HC|  |TAMS 0x0000000086e00000, 0x0000000086d00000| Complete 
|  68|0x0000000086e00000, 0x0000000086f00000, 0x0000000086f00000|100%|HC|  |TAMS 0x0000000086f00000, 0x0000000086e00000| Complete 
|  69|0x0000000086f00000, 0x0000000087000000, 0x0000000087000000|100%|HC|  |TAMS 0x0000000087000000, 0x0000000086f00000| Complete 
|  70|0x0000000087000000, 0x0000000087100000, 0x0000000087100000|100%|HC|  |TAMS 0x0000000087100000, 0x0000000087000000| Complete 
|  71|0x0000000087100000, 0x0000000087200000, 0x0000000087200000|100%|HC|  |TAMS 0x0000000087200000, 0x0000000087100000| Complete 
|  72|0x0000000087200000, 0x0000000087300000, 0x0000000087300000|100%|HC|  |TAMS 0x0000000087300000, 0x0000000087200000| Complete 
|  73|0x0000000087300000, 0x0000000087400000, 0x0000000087400000|100%|HC|  |TAMS 0x0000000087400000, 0x0000000087300000| Complete 
|  74|0x0000000087400000, 0x0000000087500000, 0x0000000087500000|100%|HC|  |TAMS 0x0000000087500000, 0x0000000087400000| Complete 
|  75|0x0000000087500000, 0x0000000087600000, 0x0000000087600000|100%| O|  |TAMS 0x0000000087500000, 0x0000000087500000| Untracked 
|  76|0x0000000087600000, 0x00000000876df600, 0x0000000087700000| 87%| O|  |TAMS 0x0000000087600000, 0x0000000087600000| Untracked 
|  77|0x0000000087700000, 0x0000000087800000, 0x0000000087800000|100%|HS|  |TAMS 0x0000000087700000, 0x0000000087700000| Complete 
|  78|0x0000000087800000, 0x0000000087900000, 0x0000000087900000|100%|HC|  |TAMS 0x0000000087800000, 0x0000000087800000| Complete 
|  79|0x0000000087900000, 0x0000000087a00000, 0x0000000087a00000|100%|HC|  |TAMS 0x0000000087900000, 0x0000000087900000| Complete 
|  80|0x0000000087a00000, 0x0000000087b00000, 0x0000000087b00000|100%|HC|  |TAMS 0x0000000087a00000, 0x0000000087a00000| Complete 
|  81|0x0000000087b00000, 0x0000000087c00000, 0x0000000087c00000|100%|HC|  |TAMS 0x0000000087b00000, 0x0000000087b00000| Complete 
|  82|0x0000000087c00000, 0x0000000087d00000, 0x0000000087d00000|100%|HC|  |TAMS 0x0000000087c00000, 0x0000000087c00000| Complete 
|  83|0x0000000087d00000, 0x0000000087e00000, 0x0000000087e00000|100%|HC|  |TAMS 0x0000000087d00000, 0x0000000087d00000| Complete 
|  84|0x0000000087e00000, 0x0000000087f00000, 0x0000000087f00000|100%|HC|  |TAMS 0x0000000087e00000, 0x0000000087e00000| Complete 
|  85|0x0000000087f00000, 0x0000000088000000, 0x0000000088000000|100%|HC|  |TAMS 0x0000000087f00000, 0x0000000087f00000| Complete 
|  86|0x0000000088000000, 0x0000000088100000, 0x0000000088100000|100%|HC|  |TAMS 0x0000000088000000, 0x0000000088000000| Complete 
|  87|0x0000000088100000, 0x0000000088200000, 0x0000000088200000|100%|HC|  |TAMS 0x0000000088100000, 0x0000000088100000| Complete 
|  88|0x0000000088200000, 0x0000000088300000, 0x0000000088300000|100%|HC|  |TAMS 0x0000000088200000, 0x0000000088200000| Complete 
|  89|0x0000000088300000, 0x0000000088400000, 0x0000000088400000|100%|HC|  |TAMS 0x0000000088300000, 0x0000000088300000| Complete 
|  90|0x0000000088400000, 0x0000000088500000, 0x0000000088500000|100%|HC|  |TAMS 0x0000000088400000, 0x0000000088400000| Complete 
|  91|0x0000000088500000, 0x0000000088600000, 0x0000000088600000|100%|HC|  |TAMS 0x0000000088500000, 0x0000000088500000| Complete 
|  92|0x0000000088600000, 0x0000000088700000, 0x0000000088700000|100%|HC|  |TAMS 0x0000000088600000, 0x0000000088600000| Complete 
|  93|0x0000000088700000, 0x0000000088800000, 0x0000000088800000|100%|HC|  |TAMS 0x0000000088700000, 0x0000000088700000| Complete 
|  94|0x0000000088800000, 0x0000000088900000, 0x0000000088900000|100%|HC|  |TAMS 0x0000000088800000, 0x0000000088800000| Complete 
|  95|0x0000000088900000, 0x0000000088a00000, 0x0000000088a00000|100%|HC|  |TAMS 0x0000000088900000, 0x0000000088900000| Complete 
|  96|0x0000000088a00000, 0x0000000088b00000, 0x0000000088b00000|100%|HC|  |TAMS 0x0000000088a00000, 0x0000000088a00000| Complete 
|  97|0x0000000088b00000, 0x0000000088c00000, 0x0000000088c00000|100%|HC|  |TAMS 0x0000000088b00000, 0x0000000088b00000| Complete 
|  98|0x0000000088c00000, 0x0000000088d00000, 0x0000000088d00000|100%|HC|  |TAMS 0x0000000088c00000, 0x0000000088c00000| Complete 
|  99|0x0000000088d00000, 0x0000000088e00000, 0x0000000088e00000|100%|HC|  |TAMS 0x0000000088d00000, 0x0000000088d00000| Complete 
| 100|0x0000000088e00000, 0x0000000088f00000, 0x0000000088f00000|100%|HC|  |TAMS 0x0000000088e00000, 0x0000000088e00000| Complete 
| 101|0x0000000088f00000, 0x0000000089000000, 0x0000000089000000|100%|HC|  |TAMS 0x0000000088f00000, 0x0000000088f00000| Complete 
| 102|0x0000000089000000, 0x0000000089000000, 0x0000000089100000|  0%| F|  |TAMS 0x0000000089000000, 0x0000000089000000| Untracked 
| 103|0x0000000089100000, 0x0000000089100000, 0x0000000089200000|  0%| F|  |TAMS 0x0000000089100000, 0x0000000089100000| Untracked 
| 104|0x0000000089200000, 0x0000000089200000, 0x0000000089300000|  0%| F|  |TAMS 0x0000000089200000, 0x0000000089200000| Untracked 
| 105|0x0000000089300000, 0x0000000089300000, 0x0000000089400000|  0%| F|  |TAMS 0x0000000089300000, 0x0000000089300000| Untracked 
| 106|0x0000000089400000, 0x0000000089400000, 0x0000000089500000|  0%| F|  |TAMS 0x0000000089400000, 0x0000000089400000| Untracked 
| 107|0x0000000089500000, 0x0000000089500000, 0x0000000089600000|  0%| F|  |TAMS 0x0000000089500000, 0x0000000089500000| Untracked 
| 108|0x0000000089600000, 0x0000000089600000, 0x0000000089700000|  0%| F|  |TAMS 0x0000000089600000, 0x0000000089600000| Untracked 
| 109|0x0000000089700000, 0x0000000089700000, 0x0000000089800000|  0%| F|  |TAMS 0x0000000089700000, 0x0000000089700000| Untracked 
| 110|0x0000000089800000, 0x0000000089800000, 0x0000000089900000|  0%| F|  |TAMS 0x0000000089800000, 0x0000000089800000| Untracked 
| 111|0x0000000089900000, 0x0000000089900000, 0x0000000089a00000|  0%| F|  |TAMS 0x0000000089900000, 0x0000000089900000| Untracked 
| 112|0x0000000089a00000, 0x0000000089a00000, 0x0000000089b00000|  0%| F|  |TAMS 0x0000000089a00000, 0x0000000089a00000| Untracked 
| 113|0x0000000089b00000, 0x0000000089b00000, 0x0000000089c00000|  0%| F|  |TAMS 0x0000000089b00000, 0x0000000089b00000| Untracked 
| 114|0x0000000089c00000, 0x0000000089c00000, 0x0000000089d00000|  0%| F|  |TAMS 0x0000000089c00000, 0x0000000089c00000| Untracked 
| 115|0x0000000089d00000, 0x0000000089d00000, 0x0000000089e00000|  0%| F|  |TAMS 0x0000000089d00000, 0x0000000089d00000| Untracked 
| 116|0x0000000089e00000, 0x0000000089e00000, 0x0000000089f00000|  0%| F|  |TAMS 0x0000000089e00000, 0x0000000089e00000| Untracked 
| 117|0x0000000089f00000, 0x0000000089f00000, 0x000000008a000000|  0%| F|  |TAMS 0x0000000089f00000, 0x0000000089f00000| Untracked 
| 118|0x000000008a000000, 0x000000008a000000, 0x000000008a100000|  0%| F|  |TAMS 0x000000008a000000, 0x000000008a000000| Untracked 
| 119|0x000000008a100000, 0x000000008a100000, 0x000000008a200000|  0%| F|  |TAMS 0x000000008a100000, 0x000000008a100000| Untracked 
| 120|0x000000008a200000, 0x000000008a200000, 0x000000008a300000|  0%| F|  |TAMS 0x000000008a200000, 0x000000008a200000| Untracked 
| 121|0x000000008a300000, 0x000000008a300000, 0x000000008a400000|  0%| F|  |TAMS 0x000000008a300000, 0x000000008a300000| Untracked 
| 122|0x000000008a400000, 0x000000008a400000, 0x000000008a500000|  0%| F|  |TAMS 0x000000008a400000, 0x000000008a400000| Untracked 
| 123|0x000000008a500000, 0x000000008a53ab60, 0x000000008a600000| 22%| S|CS|TAMS 0x000000008a500000, 0x000000008a500000| Complete 
| 124|0x000000008a600000, 0x000000008a600000, 0x000000008a700000|  0%| F|  |TAMS 0x000000008a600000, 0x000000008a600000| Untracked 
| 125|0x000000008a700000, 0x000000008a728f78, 0x000000008a800000| 16%| E|  |TAMS 0x000000008a700000, 0x000000008a700000| Complete 

Card table byte_map: [0x00000245fee70000,0x00000245ff260000] _byte_map_base: 0x00000245fea5b000

Marking Bits (Prev, Next): (CMBitMap*) 0x00000245f47075e0, (CMBitMap*) 0x00000245f47075a0
 Prev Bits: [0x0000024590f60000, 0x0000024592eb8000)
 Next Bits: [0x000002458f000000, 0x0000024590f58000)

Polling page: 0x00000245f4770000

Metaspace:

Usage:
  Non-class:      6.26 MB used.
      Class:    780.98 KB used.
       Both:      7.02 MB used.

Virtual space:
  Non-class space:       64.00 MB reserved,       6.31 MB ( 10%) committed,  1 nodes.
      Class space:        1.00 GB reserved,     896.00 KB ( <1%) committed,  1 nodes.
             Both:        1.06 GB reserved,       7.19 MB ( <1%) committed. 

Chunk freelists:
   Non-Class:  1.00 MB
       Class:  3.11 MB
        Both:  4.11 MB

MaxMetaspaceSize: unlimited
CompressedClassSpaceSize: 1.00 GB
Initial GC threshold: 21.00 MB
Current GC threshold: 21.00 MB
CDS: on
MetaspaceReclaimPolicy: balanced
 - commit_granule_bytes: 65536.
 - commit_granule_words: 8192.
 - virtual_space_node_default_size: 8388608.
 - enlarge_chunks_in_place: 1.
 - new_chunks_are_fully_committed: 0.
 - uncommit_free_chunks: 1.
 - use_allocation_guard: 0.


Internal statistics:

num_allocs_failed_limit: 0.
num_arena_births: 150.
num_arena_deaths: 0.
num_vsnodes_births: 2.
num_vsnodes_deaths: 0.
num_space_committed: 115.
num_space_uncommitted: 0.
num_chunks_returned_to_freelist: 0.
num_chunks_taken_from_freelist: 164.
num_chunk_merges: 0.
num_chunk_splits: 112.
num_chunks_enlarged: 73.
num_inconsistent_stats: 0.

CodeHeap 'non-profiled nmethods': size=120000Kb used=304Kb max_used=304Kb free=119695Kb
 bounds [0x0000024587ad0000, 0x0000024587d40000, 0x000002458f000000]
CodeHeap 'profiled nmethods': size=120000Kb used=1521Kb max_used=1521Kb free=118478Kb
 bounds [0x0000024580000000, 0x0000024580270000, 0x0000024587530000]
CodeHeap 'non-nmethods': size=5760Kb used=1343Kb max_used=1360Kb free=4416Kb
 bounds [0x0000024587530000, 0x00000245877a0000, 0x0000024587ad0000]
 total_blobs=1508 nmethods=925 adapters=494
 compilation: enabled
              stopped_count=0, restarted_count=0
 full_count=0

Compilation events (20 events):
Event: 8715.408 Thread 0x00000245952a8010 nmethod 917 0x0000024580179710 code [0x0000024580179900, 0x0000024580179f48]
Event: 8715.408 Thread 0x00000245952a5a80 nmethod 914 0x0000024587b1ad10 code [0x0000024587b1aea0, 0x0000024587b1afd8]
Event: 8715.408 Thread 0x00000245952a5a80  915       4       java.util.concurrent.locks.AbstractQueuedSynchronizer::signalNext (34 bytes)
Event: 8715.414 Thread 0x00000245952a5a80 nmethod 915 0x0000024587b1b090 code [0x0000024587b1b220, 0x0000024587b1b348]
Event: 8715.416 Thread 0x00000245952a8010  918       3       java.lang.ref.ReferenceQueue::poll0 (65 bytes)
Event: 8715.417 Thread 0x00000245952a8010 nmethod 918 0x000002458017a090 code [0x000002458017a260, 0x000002458017a798]
Event: 8715.423 Thread 0x00000245952a5a80  919       4       java.util.concurrent.locks.ReentrantLock::lock (8 bytes)
Event: 8715.426 Thread 0x00000245952a5a80 nmethod 919 0x0000024587b1b490 code [0x0000024587b1b620, 0x0000024587b1b7e8]
Event: 8715.432 Thread 0x00000245952a8010  920   !   3       jdk.internal.ref.PhantomCleanable::isListEmpty (34 bytes)
Event: 8715.433 Thread 0x00000245952a8010 nmethod 920 0x000002458017a890 code [0x000002458017aa40, 0x000002458017ac98]
Event: 8715.433 Thread 0x00000245952a8010  921       3       jdk.internal.misc.InnocuousThread::eraseThreadLocals (23 bytes)
Event: 8715.433 Thread 0x00000245952a8010 nmethod 921 0x000002458017ad90 code [0x000002458017af40, 0x000002458017b138]
Event: 8715.655 Thread 0x00000245952a5a80  922       4       java.util.HashMap::getNode (150 bytes)
Event: 8715.655 Thread 0x00000245952a8010  923       3       java.lang.Integer::equals (29 bytes)
Event: 8715.656 Thread 0x00000245952a8010 nmethod 923 0x000002458017b210 code [0x000002458017b3c0, 0x000002458017b7b8]
Event: 8715.671 Thread 0x00000245952a5a80 nmethod 922 0x0000024587b1b910 code [0x0000024587b1bae0, 0x0000024587b1be58]
Event: 8717.018 Thread 0x00000245952a8010  924       3       java.awt.Color::equals (27 bytes)
Event: 8717.194 Thread 0x00000245952a8010 nmethod 924 0x000002458017b890 code [0x000002458017ba40, 0x000002458017bf18]
Event: 8717.194 Thread 0x00000245952a8010  925       3       java.util.IdentityHashMap$IdentityHashMapIterator::nextIndex (72 bytes)
Event: 8717.197 Thread 0x00000245952a8010 nmethod 925 0x000002458017c010 code [0x000002458017c1e0, 0x000002458017c568]

GC Heap History (4 events):
Event: 8712.867 GC heap before
{Heap before GC invocations=0 (full 0):
 garbage-first heap   total 129024K, used 60416K [0x0000000082a00000, 0x0000000100000000)
  region size 1024K, 17 young (17408K), 0 survivors (0K)
 Metaspace       used 7182K, committed 7360K, reserved 1114112K
  class space    used 780K, committed 896K, reserved 1048576K
}
Event: 8715.299 GC heap after
{Heap after GC invocations=1 (full 0):
 garbage-first heap   total 129024K, used 45900K [0x0000000082a00000, 0x0000000100000000)
  region size 1024K, 2 young (2048K), 2 survivors (2048K)
 Metaspace       used 7182K, committed 7360K, reserved 1114112K
  class space    used 780K, committed 896K, reserved 1048576K
}
Event: 8717.084 GC heap before
{Heap before GC invocations=1 (full 0):
 garbage-first heap   total 129024K, used 79692K [0x0000000082a00000, 0x0000000100000000)
  region size 1024K, 4 young (4096K), 2 survivors (2048K)
 Metaspace       used 7187K, committed 7360K, reserved 1114112K
  class space    used 780K, committed 896K, reserved 1048576K
}
Event: 8717.194 GC heap after
{Heap after GC invocations=2 (full 0):
 garbage-first heap   total 129024K, used 78952K [0x0000000082a00000, 0x0000000100000000)
  region size 1024K, 1 young (1024K), 1 survivors (1024K)
 Metaspace       used 7187K, committed 7360K, reserved 1114112K
  class space    used 780K, committed 896K, reserved 1048576K
}

Dll operation events (9 events):
Event: 0.012 Loaded shared library C:\Program Files\Java\jdk-19\bin\java.dll
Event: 0.026 Loaded shared library C:\Program Files\Java\jdk-19\bin\jsvml.dll
Event: 0.074 Loaded shared library C:\Program Files\Java\jdk-19\bin\jimage.dll
Event: 0.089 Loaded shared library C:\Program Files\Java\jdk-19\bin\awt.dll
Event: 0.252 Loaded shared library C:\Program Files\Java\jdk-19\bin\zip.dll
Event: 0.496 Loaded shared library C:\Program Files\Java\jdk-19\bin\freetype.dll
Event: 0.497 Loaded shared library C:\Program Files\Java\jdk-19\bin\fontmanager.dll
Event: 0.529 Loaded shared library C:\Program Files\Java\jdk-19\bin\net.dll
Event: 0.531 Loaded shared library C:\Program Files\Java\jdk-19\bin\nio.dll

Deoptimization events (20 events):
Event: 0.385 Thread 0x000002459971deb0 DEOPT PACKING pc=0x00000245800a975e sp=0x000000c784ffee40
Event: 0.385 Thread 0x000002459971deb0 DEOPT UNPACKING pc=0x0000024587597543 sp=0x000000c784ffe2b0 mode 0
Event: 0.385 Thread 0x000002459971deb0 DEOPT PACKING pc=0x00000245800a975e sp=0x000000c784ffee40
Event: 0.385 Thread 0x000002459971deb0 DEOPT UNPACKING pc=0x0000024587597543 sp=0x000000c784ffe2b0 mode 0
Event: 0.460 Thread 0x000002459971deb0 Uncommon trap: trap_request=0xffffff45 fr.pc=0x0000024587afeb68 relative=0x0000000000000d88
Event: 0.460 Thread 0x000002459971deb0 Uncommon trap: reason=unstable_if action=reinterpret pc=0x0000024587afeb68 method=java.io.BufferedInputStream.fill()V @ 189 c2
Event: 0.460 Thread 0x000002459971deb0 DEOPT PACKING pc=0x0000024587afeb68 sp=0x000000c784ffe9d0
Event: 0.460 Thread 0x000002459971deb0 DEOPT UNPACKING pc=0x0000024587596da3 sp=0x000000c784ffe938 mode 2
Event: 0.460 Thread 0x000002459971deb0 Uncommon trap: trap_request=0xffffff45 fr.pc=0x0000024587afcd18 relative=0x0000000000000358
Event: 0.460 Thread 0x000002459971deb0 Uncommon trap: reason=unstable_if action=reinterpret pc=0x0000024587afcd18 method=java.util.zip.Inflater.inflate([BII)I @ 314 c2
Event: 0.460 Thread 0x000002459971deb0 DEOPT PACKING pc=0x0000024587afcd18 sp=0x000000c784ffeb60
Event: 0.460 Thread 0x000002459971deb0 DEOPT UNPACKING pc=0x0000024587596da3 sp=0x000000c784ffead0 mode 2
Event: 0.460 Thread 0x000002459971deb0 Uncommon trap: trap_request=0xffffff45 fr.pc=0x0000024587af6ee0 relative=0x0000000000000cc0
Event: 0.460 Thread 0x000002459971deb0 Uncommon trap: reason=unstable_if action=reinterpret pc=0x0000024587af6ee0 method=sun.awt.image.PNGImageDecoder.produceImage()V @ 867 c2
Event: 0.460 Thread 0x000002459971deb0 DEOPT PACKING pc=0x0000024587af6ee0 sp=0x000000c784ffeec0
Event: 0.460 Thread 0x000002459971deb0 DEOPT UNPACKING pc=0x0000024587596da3 sp=0x000000c784ffee10 mode 2
Event: 28.291 Thread 0x0000024599719ef0 Uncommon trap: trap_request=0xffffff45 fr.pc=0x0000024587b142bc relative=0x000000000000009c
Event: 28.291 Thread 0x0000024599719ef0 Uncommon trap: reason=unstable_if action=reinterpret pc=0x0000024587b142bc method=java.awt.Component.inside(II)Z @ 1 c2
Event: 28.291 Thread 0x0000024599719ef0 DEOPT PACKING pc=0x0000024587b142bc sp=0x000000c784efe530
Event: 28.291 Thread 0x0000024599719ef0 DEOPT UNPACKING pc=0x0000024587596da3 sp=0x000000c784efe3d0 mode 2

Classes loaded (20 events):
Event: 3.061 Loading class javax/swing/JComponent$KeyboardState
Event: 3.062 Loading class javax/swing/JComponent$KeyboardState done
Event: 3.062 Loading class javax/swing/JComponent$IntVector
Event: 3.062 Loading class javax/swing/JComponent$IntVector done
Event: 3.062 Loading class javax/swing/KeyboardManager
Event: 3.062 Loading class javax/swing/KeyboardManager done
Event: 3.062 Loading class javax/swing/Popup$HeavyWeightWindow
Event: 3.062 Loading class sun/awt/ModalExclude
Event: 3.062 Loading class sun/awt/ModalExclude done
Event: 3.062 Loading class javax/swing/JWindow
Event: 3.062 Loading class javax/swing/JWindow done
Event: 3.062 Loading class javax/swing/Popup$HeavyWeightWindow done
Event: 3.465 Loading class java/awt/LightweightDispatcher$2
Event: 3.465 Loading class java/awt/LightweightDispatcher$2 done
Event: 8692.496 Loading class java/util/WeakHashMap$KeyIterator
Event: 8692.517 Loading class java/util/WeakHashMap$HashIterator
Event: 8692.521 Loading class java/util/WeakHashMap$HashIterator done
Event: 8692.522 Loading class java/util/WeakHashMap$KeyIterator done
Event: 8692.530 Loading class javax/swing/RepaintManager$DisplayChangedRunnable
Event: 8692.553 Loading class javax/swing/RepaintManager$DisplayChangedRunnable done

Classes unloaded (0 events):
No events

Classes redefined (0 events):
No events

Internal exceptions (14 events):
Event: 0.080 Thread 0x00000245f46a6ee0 Exception <a 'java/lang/ClassNotFoundException'{0x000000008a50e3e0}: sun/awt/resources/spi/awtProvider> (0x000000008a50e3e0) 
thrown [s\open\src\hotspot\share\classfile\systemDictionary.cpp, line 255]
Event: 0.105 Thread 0x00000245f46a6ee0 Exception <a 'java/io/FileNotFoundException'{0x000000008a5678f8}> (0x000000008a5678f8) 
thrown [s\open\src\hotspot\share\prims\jni.cpp, line 517]
Event: 0.112 Thread 0x00000245f46a6ee0 Exception <a 'java/io/FileNotFoundException'{0x000000008a594210}> (0x000000008a594210) 
thrown [s\open\src\hotspot\share\prims\jni.cpp, line 517]
Event: 0.137 Thread 0x00000245f46a6ee0 Exception <a 'java/lang/NoSuchMethodError'{0x000000008a5ca158}: 'java.lang.Object java.lang.invoke.DirectMethodHandle$Holder.invokeStaticInit(java.lang.Object)'> (0x000000008a5ca158) 
thrown [s\open\src\hotspot\share\interpreter\linkResolver.cpp, line 774]
Event: 0.198 Thread 0x0000024599719ef0 Exception <a 'java/lang/NoSuchMethodError'{0x000000008a3453f0}: 'void java.lang.invoke.DirectMethodHandle$Holder.invokeSpecial(java.lang.Object, java.lang.Object, java.lang.Object)'> (0x000000008a3453f0) 
thrown [s\open\src\hotspot\share\interpreter\linkResolver.cpp, line 774]
Event: 0.206 Thread 0x0000024599719ef0 Exception <a 'java/lang/NoSuchMethodError'{0x000000008a36ff98}: 'java.lang.Object java.lang.invoke.DirectMethodHandle$Holder.newInvokeSpecial(java.lang.Object, java.lang.Object, java.lang.Object, java.lang.Object, java.lang.Object)'> (0x000000008a36ff98) 
thrown [s\open\src\hotspot\share\interpreter\linkResolver.cpp, line 774]
Event: 0.212 Thread 0x0000024599719ef0 Exception <a 'java/lang/NoSuchMethodError'{0x000000008a3a18c0}: 'java.lang.Object java.lang.invoke.DirectMethodHandle$Holder.invokeStatic(java.lang.Object, int, java.lang.Object)'> (0x000000008a3a18c0) 
thrown [s\open\src\hotspot\share\interpreter\linkResolver.cpp, line 774]
Event: 0.237 Thread 0x0000024599719ef0 Exception <a 'java/lang/ClassNotFoundException'{0x000000008a25d948}: com/sun/swing/internal/plaf/metal/resources/spi/metalProvider> (0x000000008a25d948) 
thrown [s\open\src\hotspot\share\classfile\systemDictionary.cpp, line 255]
Event: 0.238 Thread 0x0000024599719ef0 Exception <a 'java/lang/ClassNotFoundException'{0x000000008a2618f8}: com/sun/swing/internal/plaf/basic/resources/spi/basicProvider> (0x000000008a2618f8) 
thrown [s\open\src\hotspot\share\classfile\systemDictionary.cpp, line 255]
Event: 0.245 Thread 0x0000024599719ef0 Exception <a 'java/lang/NoSuchMethodError'{0x000000008a281e68}: 'int java.lang.invoke.Invokers$Holder.invokeExact_MT(java.lang.Object, java.lang.Object)'> (0x000000008a281e68) 
thrown [s\open\src\hotspot\share\interpreter\linkResolver.cpp, line 774]
Event: 0.254 Thread 0x000002459971deb0 Exception <a 'java/lang/NoSuchMethodError'{0x000000008a2ff1c8}: 'java.lang.Object java.lang.invoke.DirectMethodHandle$Holder.newInvokeSpecial(java.lang.Object, java.lang.Object, java.lang.Object, int, int, int, int, int)'> (0x000000008a2ff1c8) 
thrown [s\open\src\hotspot\share\interpreter\linkResolver.cpp, line 774]
Event: 0.503 Thread 0x0000024599719ef0 Exception <a 'java/io/FileNotFoundException'{0x000000008a2a3680}> (0x000000008a2a3680) 
thrown [s\open\src\hotspot\share\prims\jni.cpp, line 517]
Event: 0.570 Thread 0x0000024599719ef0 Exception <a 'java/lang/NoSuchMethodError'{0x0000000089700b28}: 'void java.lang.invoke.DirectMethodHandle$Holder.invokeStaticInit(java.lang.Object)'> (0x0000000089700b28) 
thrown [s\open\src\hotspot\share\interpreter\linkResolver.cpp, line 774]
Event: 0.607 Thread 0x00000245997189b0 Exception <a 'java/lang/NoSuchMethodError'{0x000000008a40fd20}: 'void java.lang.invoke.DirectMethodHandle$Holder.invokeVirtual(java.lang.Object, java.lang.Object)'> (0x000000008a40fd20) 
thrown [s\open\src\hotspot\share\interpreter\linkResolver.cpp, line 774]

VM Operations (20 events):
Event: 24.807 Executing VM operation: Cleanup done
Event: 28.832 Executing VM operation: Cleanup
Event: 28.832 Executing VM operation: Cleanup done
Event: 38.910 Executing VM operation: Cleanup
Event: 38.910 Executing VM operation: Cleanup done
Event: 8670.703 Executing VM operation: Cleanup
Event: 8670.704 Executing VM operation: Cleanup done
Event: 8679.747 Executing VM operation: Cleanup
Event: 8679.748 Executing VM operation: Cleanup done
Event: 8693.879 Executing VM operation: Cleanup
Event: 8693.953 Executing VM operation: Cleanup done
Event: 8695.992 Executing VM operation: Cleanup
Event: 8696.035 Executing VM operation: Cleanup done
Event: 8712.865 Executing VM operation: G1TryInitiateConcMark
Event: 8715.300 Executing VM operation: G1TryInitiateConcMark done
Event: 8716.325 Executing VM operation: Cleanup
Event: 8716.325 Executing VM operation: Cleanup done
Event: 8717.043 Executing VM operation: G1TryInitiateConcMark
Event: 8717.194 Executing VM operation: G1TryInitiateConcMark done
Event: 8717.527 Executing VM operation: G1PauseRemark

Events (20 events):
Event: 0.027 Thread 0x00000245f46a6ee0 Thread added: 0x00000245f46a6ee0
Event: 0.044 Thread 0x000002459528acc0 Thread added: 0x000002459528acc0
Event: 0.044 Thread 0x000002459528dfa0 Thread added: 0x000002459528dfa0
Event: 0.045 Thread 0x000002459528f5d0 Thread added: 0x000002459528f5d0
Event: 0.045 Thread 0x0000024595290100 Thread added: 0x0000024595290100
Event: 0.045 Thread 0x00000245952931e0 Thread added: 0x00000245952931e0
Event: 0.045 Thread 0x00000245952978e0 Thread added: 0x00000245952978e0
Event: 0.045 Thread 0x00000245952a5a80 Thread added: 0x00000245952a5a80
Event: 0.045 Thread 0x00000245952a8010 Thread added: 0x00000245952a8010
Event: 0.045 Thread 0x00000245952a1cd0 Thread added: 0x00000245952a1cd0
Event: 0.056 Thread 0x00000245952a2220 Thread added: 0x00000245952a2220
Event: 0.060 Thread 0x00000245952a2770 Thread added: 0x00000245952a2770
Event: 0.138 Thread 0x00000245952a1780 Thread added: 0x00000245952a1780
Event: 0.139 Thread 0x00000245952a2cc0 Thread added: 0x00000245952a2cc0
Event: 0.141 Thread 0x00000245997189b0 Thread added: 0x00000245997189b0
Event: 0.162 Thread 0x0000024599719ef0 Thread added: 0x0000024599719ef0
Event: 0.163 Thread 0x00000245f46a6ee0 Thread exited: 0x00000245f46a6ee0
Event: 0.163 Thread 0x000002459971a990 Thread added: 0x000002459971a990
Event: 0.250 Thread 0x000002459971deb0 Thread added: 0x000002459971deb0
Event: 5.488 Thread 0x000002459971deb0 Thread exited: 0x000002459971deb0


Dynamic libraries:
0x00007ff7a43b0000 - 0x00007ff7a43c0000 	C:\Program Files\Java\jdk-19\bin\javaw.exe
0x00007ffce2530000 - 0x00007ffce2747000 	C:\Windows\SYSTEM32\ntdll.dll
0x00007ffce1a00000 - 0x00007ffce1ac4000 	C:\Windows\System32\KERNEL32.DLL
0x00007ffcdfdc0000 - 0x00007ffce0166000 	C:\Windows\System32\KERNELBASE.dll
0x00007ffcdfc00000 - 0x00007ffcdfd11000 	C:\Windows\System32\ucrtbase.dll
0x00007ffcda750000 - 0x00007ffcda768000 	C:\Program Files\Java\jdk-19\bin\jli.dll
0x00007ffce0320000 - 0x00007ffce03d0000 	C:\Windows\System32\ADVAPI32.dll
0x00007ffce0de0000 - 0x00007ffce0e87000 	C:\Windows\System32\msvcrt.dll
0x00007ffcd9460000 - 0x00007ffcd947b000 	C:\Program Files\Java\jdk-19\bin\VCRUNTIME140.dll
0x00007ffce0c50000 - 0x00007ffce0cf6000 	C:\Windows\System32\sechost.dll
0x00007ffce0b30000 - 0x00007ffce0c47000 	C:\Windows\System32\RPCRT4.dll
0x00007ffce0860000 - 0x00007ffce0a0d000 	C:\Windows\System32\USER32.dll
0x00007ffce01f0000 - 0x00007ffce0216000 	C:\Windows\System32\win32u.dll
0x00007ffce24a0000 - 0x00007ffce24c9000 	C:\Windows\System32\GDI32.dll
0x00007ffcdfa20000 - 0x00007ffcdfb38000 	C:\Windows\System32\gdi32full.dll
0x00007ffcdfd20000 - 0x00007ffcdfdba000 	C:\Windows\System32\msvcp_win.dll
0x00007ffcc29a0000 - 0x00007ffcc2c33000 	C:\Windows\WinSxS\amd64_microsoft.windows.common-controls_6595b64144ccf1df_6.0.22621.2361_none_2712ced57382f843\COMCTL32.dll
0x00007ffcc9aa0000 - 0x00007ffcc9aaa000 	C:\Windows\SYSTEM32\VERSION.dll
0x00007ffce07c0000 - 0x00007ffce07f1000 	C:\Windows\System32\IMM32.DLL
0x00007ffcd93e0000 - 0x00007ffcd93ec000 	C:\Program Files\Java\jdk-19\bin\vcruntime140_1.dll
0x00007ffcc34a0000 - 0x00007ffcc352e000 	C:\Program Files\Java\jdk-19\bin\msvcp140.dll
0x00007ffc46ef0000 - 0x00007ffc47bb0000 	C:\Program Files\Java\jdk-19\bin\server\jvm.dll
0x00007ffcc4d20000 - 0x00007ffcc4d29000 	C:\Windows\SYSTEM32\WSOCK32.dll
0x00007ffce1980000 - 0x00007ffce19f1000 	C:\Windows\System32\WS2_32.dll
0x00007ffcd7ab0000 - 0x00007ffcd7ae4000 	C:\Windows\SYSTEM32\WINMM.dll
0x00007ffcde950000 - 0x00007ffcde968000 	C:\Windows\SYSTEM32\kernel.appcore.dll
0x00007ffcd87f0000 - 0x00007ffcd87fa000 	C:\Program Files\Java\jdk-19\bin\jimage.dll
0x00007ffcdd0f0000 - 0x00007ffcdd31e000 	C:\Windows\SYSTEM32\DBGHELP.DLL
0x00007ffce1c90000 - 0x00007ffce201a000 	C:\Windows\System32\combase.dll
0x00007ffce0d00000 - 0x00007ffce0dd7000 	C:\Windows\System32\OLEAUT32.dll
0x00007ffcc5ba0000 - 0x00007ffcc5bd2000 	C:\Windows\SYSTEM32\dbgcore.DLL
0x00007ffce0170000 - 0x00007ffce01ea000 	C:\Windows\System32\bcryptPrimitives.dll
0x00007ffccf460000 - 0x00007ffccf486000 	C:\Program Files\Java\jdk-19\bin\java.dll
0x00007ffcab530000 - 0x00007ffcab607000 	C:\Program Files\Java\jdk-19\bin\jsvml.dll
0x00007ffce1060000 - 0x00007ffce18b8000 	C:\Windows\System32\SHELL32.dll
0x00007ffcdd7d0000 - 0x00007ffcde0c2000 	C:\Windows\SYSTEM32\windows.storage.dll
0x00007ffcdd690000 - 0x00007ffcdd7ce000 	C:\Windows\SYSTEM32\wintypes.dll
0x00007ffce0a10000 - 0x00007ffce0b03000 	C:\Windows\System32\SHCORE.dll
0x00007ffce0e90000 - 0x00007ffce0eee000 	C:\Windows\System32\shlwapi.dll
0x00007ffcdf7e0000 - 0x00007ffcdf806000 	C:\Windows\SYSTEM32\profapi.dll
0x00007ffc7c850000 - 0x00007ffc7c9e1000 	C:\Program Files\Java\jdk-19\bin\awt.dll
0x00007ffcdc2b0000 - 0x00007ffcdc347000 	C:\Windows\SYSTEM32\apphelp.dll
0x00007ffcdc3b0000 - 0x00007ffcdc45b000 	C:\Windows\system32\uxtheme.dll
0x00007ffce0460000 - 0x00007ffce05ac000 	C:\Windows\System32\MSCTF.dll
0x00007ffce1ad0000 - 0x00007ffce1c6f000 	C:\Windows\System32\ole32.dll
0x00007ffcdcba0000 - 0x00007ffcdcbcb000 	C:\Windows\system32\DWMAPI.DLL
0x00007ffc7a8b0000 - 0x00007ffc7a9b0000 	C:\Windows\system32\opengl32.dll
0x00007ffcb4bb0000 - 0x00007ffcb4bdd000 	C:\Windows\SYSTEM32\GLU32.dll
0x00007ffcdca20000 - 0x00007ffcdca56000 	C:\Windows\SYSTEM32\dxcore.dll
0x00007ffcc39d0000 - 0x00007ffcc39e8000 	C:\Program Files\Java\jdk-19\bin\zip.dll
0x00007ffca70b0000 - 0x00007ffca7136000 	C:\Program Files\Java\jdk-19\bin\freetype.dll
0x00007ffca2030000 - 0x00007ffca20f6000 	C:\Program Files\Java\jdk-19\bin\fontmanager.dll
0x00007ffccaf20000 - 0x00007ffccaf33000 	C:\Program Files\Java\jdk-19\bin\net.dll
0x00007ffcd9250000 - 0x00007ffcd9387000 	C:\Windows\SYSTEM32\WINHTTP.dll
0x00007ffcdee60000 - 0x00007ffcdeec9000 	C:\Windows\system32\mswsock.dll
0x00007ffcca930000 - 0x00007ffcca946000 	C:\Program Files\Java\jdk-19\bin\nio.dll
0x00007ffcd5d70000 - 0x00007ffcd5eba000 	C:\Windows\SYSTEM32\textinputframework.dll
0x00007ffcc09e0000 - 0x00007ffcc0a49000 	C:\Windows\system32\Oleacc.dll
0x00007ffcdbfc0000 - 0x00007ffcdc0f3000 	C:\Windows\SYSTEM32\CoreMessaging.dll
0x00007ffcd75c0000 - 0x00007ffcd792c000 	C:\Windows\SYSTEM32\CoreUIComponents.dll
0x00007ffcdf0b0000 - 0x00007ffcdf0bc000 	C:\Windows\SYSTEM32\CRYPTBASE.DLL

dbghelp: loaded successfully - version: 4.0.5 - missing functions: none
symbol engine: initialized successfully - sym options: 0x614 - pdb path: .;C:\Program Files\Java\jdk-19\bin;C:\Windows\SYSTEM32;C:\Windows\WinSxS\amd64_microsoft.windows.common-controls_6595b64144ccf1df_6.0.22621.2361_none_2712ced57382f843;C:\Program Files\Java\jdk-19\bin\server

VM Arguments:
jvm_args: -Dfile.encoding=UTF-8 -XX:+ShowCodeDetailsInExceptionMessages 
java_command: Pokemon_Save_Area.Pokemon_Save_Area
java_class_path (initial): C:\Project\GameProject-DB_feature\Pokemon_Save_Area\bin
Launcher Type: SUN_STANDARD

[Global flags]
     intx CICompilerCount                          = 4                                         {product} {ergonomic}
     uint ConcGCThreads                            = 3                                         {product} {ergonomic}
     uint G1ConcRefinementThreads                  = 10                                        {product} {ergonomic}
   size_t G1HeapRegionSize                         = 1048576                                   {product} {ergonomic}
    uintx GCDrainStackTargetSize                   = 64                                        {product} {ergonomic}
   size_t InitialHeapSize                          = 132120576                                 {product} {ergonomic}
   size_t MarkStackSize                            = 4194304                                   {product} {ergonomic}
   size_t MaxHeapSize                              = 2103443456                                {product} {ergonomic}
   size_t MaxNewSize                               = 1261436928                                {product} {ergonomic}
   size_t MinHeapDeltaBytes                        = 1048576                                   {product} {ergonomic}
   size_t MinHeapSize                              = 8388608                                   {product} {ergonomic}
    uintx NonNMethodCodeHeapSize                   = 5839372                                {pd product} {ergonomic}
    uintx NonProfiledCodeHeapSize                  = 122909434                              {pd product} {ergonomic}
    uintx ProfiledCodeHeapSize                     = 122909434                              {pd product} {ergonomic}
    uintx ReservedCodeCacheSize                    = 251658240                              {pd product} {ergonomic}
     bool SegmentedCodeCache                       = true                                      {product} {ergonomic}
     bool ShowCodeDetailsInExceptionMessages       = true                                   {manageable} {command line}
   size_t SoftMaxHeapSize                          = 2103443456                             {manageable} {ergonomic}
     bool UseCompressedClassPointers               = true                           {product lp64_product} {ergonomic}
     bool UseCompressedOops                        = true                           {product lp64_product} {ergonomic}
     bool UseG1GC                                  = true                                      {product} {ergonomic}
     bool UseLargePagesIndividualAllocation        = false                                  {pd product} {ergonomic}

Logging:
Log output configuration:
 #0: stdout all=warning uptime,level,tags foldmultilines=false
 #1: stderr all=off uptime,level,tags foldmultilines=false

Environment Variables:
PATH=C:\oraclexe\app\oracle\product\11.2.0\server\bin;;C:\Program Files\Common Files\Oracle\Java\javapath;C:\Windows\system32;C:\Windows;C:\Windows\System32\Wbem;C:\Windows\System32\WindowsPowerShell\v1.0\;C:\Windows\System32\OpenSSH\;C:\Program Files\Git\cmd;C:\Program Files\dotnet\;C:\Program Files\MySQL\MySQL Shell 8.0\bin\;C:\Users\bak33\AppData\Local\Programs\Python\Python311\Scripts\;C:\Users\bak33\AppData\Local\Programs\Python\Python311\;C:\Users\bak33\AppData\Local\Microsoft\WindowsApps;;C:\Users\bak33\AppData\Local\Programs\Microsoft VS Code\bin;C:\Users\bak33\AppData\Local\afreeca
USERNAME=bak33
OS=Windows_NT
PROCESSOR_IDENTIFIER=Intel64 Family 6 Model 154 Stepping 4, GenuineIntel
TMP=C:\Users\bak33\AppData\Local\Temp
TEMP=C:\Users\bak33\AppData\Local\Temp



---------------  S Y S T E M  ---------------

OS:
 Windows 11 , 64 bit Build 22621 (10.0.22621.2428)
OS uptime: 7 days 23:33 hours
Hyper-V role detected

CPU: total 12 (initial active 12) (6 cores per cpu, 2 threads per core) family 6 model 154 stepping 4 microcode 0x420, cx8, cmov, fxsr, ht, mmx, 3dnowpref, sse, sse2, sse3, ssse3, sse4.1, sse4.2, popcnt, lzcnt, tsc, tscinvbit, avx, avx2, aes, erms, clmul, bmi1, bmi2, adx, sha, fma, vzeroupper, clflush, clflushopt, clwb, hv, serialize, rdtscp, rdpid, fsrm

Memory: 4k page, system-wide physical 8017M (0M free)
TotalPageFile size 32593M (AvailPageFile size 6M)
current process WorkingSet (physical memory assigned to process): 80M, peak: 83M
current process commit charge ("private bytes"): 223M, peak: 229M

vm_info: Java HotSpot(TM) 64-Bit Server VM (19.0.2+7-44) for windows-amd64 JRE (19.0.2+7-44), built on 2022-11-30T18:02:09Z by "mach5one" with MS VC++ 17.1 (VS2022)

END.
