#
# There is insufficient memory for the Java Runtime Environment to continue.
# Native memory allocation (mmap) failed to map 1048576 bytes for G1 virtual space
# Possible reasons:
#   The system is out of physical RAM or swap space
#   The process is running with CompressedOops enabled, and the Java Heap may be blocking the growth of the native heap
# Possible solutions:
#   Reduce memory load on the system
#   Increase physical memory or swap space
#   Check if swap backing store is full
#   Decrease Java heap size (-Xmx/-Xms)
#   Decrease number of Java threads
#   Decrease Java thread stack sizes (-Xss)
#   Set larger code cache with -XX:ReservedCodeCacheSize=
#   JVM is running with Unscaled Compressed Oops mode in which the Java heap is
#     placed in the first 4GB address space. The Java Heap base address is the
#     maximum limit for the native heap growth. Please use -XX:HeapBaseMinAddress
#     to set the Java Heap base and to place the Java Heap above 4GB virtual address.
# This output file may be truncated or incomplete.
#
#  Out of Memory Error (os_windows.cpp:3536), pid=20552, tid=31252
#
# JRE version: Java(TM) SE Runtime Environment (19.0.2+7) (build 19.0.2+7-44)
# Java VM: Java HotSpot(TM) 64-Bit Server VM (19.0.2+7-44, mixed mode, sharing, tiered, compressed oops, compressed class ptrs, g1 gc, windows-amd64)
# No core dump will be written. Minidumps are not enabled by default on client versions of Windows
#

---------------  S U M M A R Y ------------

Command Line: -Dfile.encoding=UTF-8 -XX:+ShowCodeDetailsInExceptionMessages Pokemon_Save_Area.Pokemon_Save_Area

Host: 12th Gen Intel(R) Core(TM) i5-1235U, 12 cores, 7G,  Windows 11 , 64 bit Build 22621 (10.0.22621.2428)
Time: Sat Nov 11 19:49:04 2023  Windows 11 , 64 bit Build 22621 (10.0.22621.2428) elapsed time: 8540.779685 seconds (0d 2h 22m 20s)

---------------  T H R E A D  ---------------

Current thread (0x000001cfa68fae40):  JavaThread "AWT-EventQueue-0" [_thread_in_vm, id=31252, stack(0x0000003008b00000,0x0000003008c00000)]

Stack: [0x0000003008b00000,0x0000003008c00000]
Native frames: (J=compiled Java code, j=interpreted, Vv=VM code, C=native code)
V  [jvm.dll+0x6ee21a]
V  [jvm.dll+0x85765e]
V  [jvm.dll+0x85904e]
V  [jvm.dll+0x859703]
V  [jvm.dll+0x28298f]
V  [jvm.dll+0x6eb009]
V  [jvm.dll+0x6dfbaa]
V  [jvm.dll+0x3573f6]
V  [jvm.dll+0x35ee56]
V  [jvm.dll+0x3b510b]
V  [jvm.dll+0x3b5734]
V  [jvm.dll+0x3b52e6]
V  [jvm.dll+0x32ce34]
V  [jvm.dll+0x32af26]
V  [jvm.dll+0x6819a3]
V  [jvm.dll+0x243db2]
V  [jvm.dll+0x81e297]
V  [jvm.dll+0x3dc55a]
C  0x000001cf92dcd40b

Java frames: (J=compiled Java code, j=interpreted, Vv=VM code)
j  java.awt.image.DataBufferInt.<init>(I)V+11 java.desktop@19.0.2
j  java.awt.image.Raster.createPackedRaster(III[ILjava/awt/Point;)Ljava/awt/image/WritableRaster;+69 java.desktop@19.0.2
j  java.awt.image.DirectColorModel.createCompatibleWritableRaster(II)Ljava/awt/image/WritableRaster;+83 java.desktop@19.0.2
j  java.awt.GraphicsConfiguration.createCompatibleImage(II)Ljava/awt/image/BufferedImage;+8 java.desktop@19.0.2
j  java.awt.GraphicsConfiguration.createCompatibleImage(III)Ljava/awt/image/BufferedImage;+14 java.desktop@19.0.2
j  sun.awt.image.SunVolatileImage.getBackupImage(DD)Ljava/awt/image/BufferedImage;+36 java.desktop@19.0.2
j  sun.awt.image.VolatileSurfaceManager.getBackupSurface()Lsun/java2d/SurfaceData;+38 java.desktop@19.0.2
j  sun.awt.image.VolatileSurfaceManager.displayChanged()V+82 java.desktop@19.0.2
j  sun.awt.SunDisplayChanger.notifyListeners()V+108 java.desktop@19.0.2
j  sun.awt.Win32GraphicsEnvironment.displayChanged()V+291 java.desktop@19.0.2
j  sun.awt.windows.WToolkit.lambda$displayChanged$4()V+15 java.desktop@19.0.2
j  sun.awt.windows.WToolkit$$Lambda$124+0x00000008010a8900.run()V+0 java.desktop@19.0.2
j  java.awt.event.InvocationEvent.dispatch()V+47 java.desktop@19.0.2
j  java.awt.EventQueue.dispatchEventImpl(Ljava/awt/AWTEvent;Ljava/lang/Object;)V+21 java.desktop@19.0.2
j  java.awt.EventQueue$4.run()Ljava/lang/Void;+32 java.desktop@19.0.2
j  java.awt.EventQueue$4.run()Ljava/lang/Object;+1 java.desktop@19.0.2
J 840 c1 java.security.ProtectionDomain$JavaSecurityAccessImpl.doIntersectionPrivilege(Ljava/security/PrivilegedAction;Ljava/security/AccessControlContext;Ljava/security/AccessControlContext;)Ljava/lang/Object; java.base@19.0.2 (22 bytes) @ 0x000001cf8b9bc5d4 [0x000001cf8b9bc340+0x0000000000000294]
j  java.awt.EventQueue.dispatchEvent(Ljava/awt/AWTEvent;)V+46 java.desktop@19.0.2
j  java.awt.EventDispatchThread.pumpOneEventForFilters(I)V+81 java.desktop@19.0.2
j  java.awt.EventDispatchThread.pumpEventsForFilter(ILjava/awt/Conditional;Ljava/awt/EventFilter;)V+35 java.desktop@19.0.2
j  java.awt.EventDispatchThread.pumpEventsForHierarchy(ILjava/awt/Conditional;Ljava/awt/Component;)V+11 java.desktop@19.0.2
j  java.awt.EventDispatchThread.pumpEvents(ILjava/awt/Conditional;)V+4 java.desktop@19.0.2
j  java.awt.EventDispatchThread.pumpEvents(Ljava/awt/Conditional;)V+3 java.desktop@19.0.2
j  java.awt.EventDispatchThread.run()V+9 java.desktop@19.0.2
v  ~StubRoutines::call_stub 0x000001cf92da100e

Compiled method (c1) 8542554  840       3       java.security.ProtectionDomain$JavaSecurityAccessImpl::doIntersectionPrivilege (22 bytes)
 total in heap  [0x000001cf8b9bc110,0x000001cf8b9bcad0] = 2496
 relocation     [0x000001cf8b9bc270,0x000001cf8b9bc328] = 184
 main code      [0x000001cf8b9bc340,0x000001cf8b9bc820] = 1248
 stub code      [0x000001cf8b9bc820,0x000001cf8b9bc8b8] = 152
 metadata       [0x000001cf8b9bc8b8,0x000001cf8b9bc8d8] = 32
 scopes data    [0x000001cf8b9bc8d8,0x000001cf8b9bc9b8] = 224
 scopes pcs     [0x000001cf8b9bc9b8,0x000001cf8b9bcab8] = 256
 dependencies   [0x000001cf8b9bcab8,0x000001cf8b9bcac0] = 8
 nul chk table  [0x000001cf8b9bcac0,0x000001cf8b9bcad0] = 16

[Constant Pool (empty)]

[MachCode]
[Entry Point]
  # {method} {0x000000080013e110} 'doIntersectionPrivilege' '(Ljava/security/PrivilegedAction;Ljava/security/AccessControlContext;Ljava/security/AccessControlContext;)Ljava/lang/Object;' in 'java/security/ProtectionDomain$JavaSecurityAccessImpl'
  # this:     rdx:rdx   = 'java/security/ProtectionDomain$JavaSecurityAccessImpl'
  # parm0:    r8:r8     = 'java/security/PrivilegedAction'
  # parm1:    r9:r9     = 'java/security/AccessControlContext'
  # parm2:    rdi:rdi   = 'java/security/AccessControlContext'
  #           [sp+0xa0]  (sp of caller)
  0x000001cf8b9bc340: 448b 5208 | 49bb 0000 | 0000 0800 | 0000 4d03 | d34c 3bd0 

  0x000001cf8b9bc354: ;   {runtime_call ic_miss_stub}
  0x000001cf8b9bc354: 0f85 2654 | 4407 660f | 1f44 0000 
[Verified Entry Point]
  0x000001cf8b9bc360: 8984 2400 | 90ff ff55 | 4881 ec90 

  0x000001cf8b9bc36c: ;   {metadata(method data for {method} {0x000000080013e110} 'doIntersectionPrivilege' '(Ljava/security/PrivilegedAction;Ljava/security/AccessControlContext;Ljava/security/AccessControlContext;)Ljava/lang/Object;' in 'java/security/ProtectionDomain$JavaSecurityAccessImpl')}
  0x000001cf8b9bc36c: 0000 0048 | be98 a8e3 | a2cf 0100 | 008b 9ecc | 0000 0083 | c302 899e | cc00 0000 | 81e3 fe07 
  0x000001cf8b9bc38c: 0000 83fb | 000f 8472 | 0300 0049 

  0x000001cf8b9bc398: ;   {metadata(method data for {method} {0x000000080013e110} 'doIntersectionPrivilege' '(Ljava/security/PrivilegedAction;Ljava/security/AccessControlContext;Ljava/security/AccessControlContext;)Ljava/lang/Object;' in 'java/security/ProtectionDomain$JavaSecurityAccessImpl')}
  0x000001cf8b9bc398: 83f8 0048 | ba98 a8e3 | a2cf 0100 | 0048 be20 | 0100 0000 | 0000 000f | 840a 0000 | 0048 be10 
  0x000001cf8b9bc3b8: 0100 0000 | 0000 0048 | 8b1c 3248 | 8d5b 0148 | 891c 320f | 84a2 0200 | 004c 8944 

  0x000001cf8b9bc3d4: ;   {metadata(method data for {method} {0x000000080013e110} 'doIntersectionPrivilege' '(Ljava/security/PrivilegedAction;Ljava/security/AccessControlContext;Ljava/security/AccessControlContext;)Ljava/lang/Object;' in 'java/security/ProtectionDomain$JavaSecurityAccessImpl')}
  0x000001cf8b9bc3d4: 2460 48ba | 98a8 e3a2 | cf01 0000 | 4883 8240 | 0100 0001 | 488b d74d 

  0x000001cf8b9bc3ec: ;   {static_call}
  0x000001cf8b9bc3ec: 8bc1 90e8 

  0x000001cf8b9bc3f0: ; ImmutableOopMap {[96]=Oop }
                      ;*invokestatic getCombinedACC {reexecute=0 rethrow=0 return_oop=0}
                      ; - java.security.ProtectionDomain$JavaSecurityAccessImpl::doIntersectionPrivilege@15 (line 88)
  0x000001cf8b9bc3f0: ec08 0000 

  0x000001cf8b9bc3f4: ;   {metadata(method data for {method} {0x000000080013e110} 'doIntersectionPrivilege' '(Ljava/security/PrivilegedAction;Ljava/security/AccessControlContext;Ljava/security/AccessControlContext;)Ljava/lang/Object;' in 'java/security/ProtectionDomain$JavaSecurityAccessImpl')}
  0x000001cf8b9bc3f4: 48be 98a8 | e3a2 cf01 | 0000 4883 | 8650 0100 

  0x000001cf8b9bc404: ;   {metadata(method data for {method} {0x0000000800063690} 'doPrivileged' '(Ljava/security/PrivilegedAction;Ljava/security/AccessControlContext;)Ljava/lang/Object;' in 'java/security/AccessController')}
  0x000001cf8b9bc404: 0001 48be | 2814 bda2 | cf01 0000 | 8bbe cc00 | 0000 83c7 | 0289 becc | 0000 0081 | e7fe ff1f 
  0x000001cf8b9bc424: 0083 ff00 | 0f84 fc02 

  0x000001cf8b9bc42c: ;   {metadata(method data for {method} {0x0000000800063690} 'doPrivileged' '(Ljava/security/PrivilegedAction;Ljava/security/AccessControlContext;)Ljava/lang/Object;' in 'java/security/AccessController')}
  0x000001cf8b9bc42c: 0000 48be | 2814 bda2 | cf01 0000 | 4883 8610 | 0100 0001 | 4889 4424 

  0x000001cf8b9bc444: ;   {static_call}
  0x000001cf8b9bc444: 6866 90e8 

  0x000001cf8b9bc448: ; ImmutableOopMap {[96]=Oop [104]=Oop }
                      ;*invokestatic getCallerClass {reexecute=0 rethrow=0 return_oop=0}
                      ; - java.security.AccessController::doPrivileged@0 (line 397)
                      ; - java.security.ProtectionDomain$JavaSecurityAccessImpl::doIntersectionPrivilege@18 (line 86)
  0x000001cf8b9bc448: 1460 9a07 

  0x000001cf8b9bc44c: ;   {metadata(method data for {method} {0x0000000800063690} 'doPrivileged' '(Ljava/security/PrivilegedAction;Ljava/security/AccessControlContext;)Ljava/lang/Object;' in 'java/security/AccessController')}
  0x000001cf8b9bc44c: 48ba 2814 | bda2 cf01 | 0000 4883 | 8220 0100 | 0001 488b | 5424 684c | 8bc0 4889 | 4424 700f 
  0x000001cf8b9bc46c: ;   {static_call}
  0x000001cf8b9bc46c: 1f40 00e8 

  0x000001cf8b9bc470: ; ImmutableOopMap {[96]=Oop [112]=Oop }
                      ;*invokestatic checkContext {reexecute=0 rethrow=0 return_oop=0}
                      ; - java.security.AccessController::doPrivileged@6 (line 398)
                      ; - java.security.ProtectionDomain$JavaSecurityAccessImpl::doIntersectionPrivilege@18 (line 86)
  0x000001cf8b9bc470: ccc0 f8ff | 4889 4424 

  0x000001cf8b9bc478: ;   {metadata(method data for {method} {0x0000000800063690} 'doPrivileged' '(Ljava/security/PrivilegedAction;Ljava/security/AccessControlContext;)Ljava/lang/Object;' in 'java/security/AccessController')}
  0x000001cf8b9bc478: 7848 ba28 | 14bd a2cf | 0100 0048 | 8382 3001 

  0x000001cf8b9bc488: ;   {metadata(method data for {method} {0x00000008000633c0} 'executePrivileged' '(Ljava/security/PrivilegedAction;Ljava/security/AccessControlContext;Ljava/lang/Class;)Ljava/lang/Object;' in 'java/security/AccessController')}
  0x000001cf8b9bc488: 0000 0148 | ba58 659f | a2cf 0100 | 008b b2cc | 0000 0083 | c602 89b2 | cc00 0000 | 81e6 feff 
  0x000001cf8b9bc4a8: 1f00 83fe | 000f 8498 | 0200 0048 

  0x000001cf8b9bc4b4: ;   {metadata(method data for {method} {0x00000008000633c0} 'executePrivileged' '(Ljava/security/PrivilegedAction;Ljava/security/AccessControlContext;Ljava/lang/Class;)Ljava/lang/Object;' in 'java/security/AccessController')}
  0x000001cf8b9bc4b4: 83f8 0048 | ba58 659f | a2cf 0100 | 0048 be10 | 0100 0000 | 0000 000f | 840a 0000 | 0048 be20 
  0x000001cf8b9bc4d4: 0100 0000 | 0000 0048 | 8b3c 3248 | 8d7f 0148 | 893c 320f | 841f 0000 

  0x000001cf8b9bc4ec: ;   {metadata(method data for {method} {0x00000008000633c0} 'executePrivileged' '(Ljava/security/PrivilegedAction;Ljava/security/AccessControlContext;Ljava/lang/Class;)Ljava/lang/Object;' in 'java/security/AccessController')}
  0x000001cf8b9bc4ec: 0048 ba58 | 659f a2cf | 0100 0048 | 8382 3001 | 0000 0148 | 8bd0 0f1f 

  0x000001cf8b9bc504: ;   {static_call}
  0x000001cf8b9bc504: 4400 00e8 

  0x000001cf8b9bc508: ; ImmutableOopMap {[96]=Oop [112]=Oop [120]=Oop }
                      ;*invokestatic ensureMaterializedForStackWalk {reexecute=0 rethrow=0 return_oop=0}
                      ; - java.security.AccessController::executePrivileged@5 (line 772)
                      ; - java.security.AccessController::doPrivileged@13 (line 399)
                      ; - java.security.ProtectionDomain$JavaSecurityAccessImpl::doIntersectionPrivilege@18 (line 86)
  0x000001cf8b9bc508: 349e 9a07 

  0x000001cf8b9bc50c: ;   {metadata(method data for {method} {0x00000008000633c0} 'executePrivileged' '(Ljava/security/PrivilegedAction;Ljava/security/AccessControlContext;Ljava/lang/Class;)Ljava/lang/Object;' in 'java/security/AccessController')}
  0x000001cf8b9bc50c: 48ba 5865 | 9fa2 cf01 | 0000 ff82 | 4001 0000 | 4c8b 4424 | 6049 3b00 

  0x000001cf8b9bc524: ;   {metadata(method data for {method} {0x00000008000633c0} 'executePrivileged' '(Ljava/security/PrivilegedAction;Ljava/security/AccessControlContext;Ljava/lang/Class;)Ljava/lang/Object;' in 'java/security/AccessController')}
  0x000001cf8b9bc524: 498b d048 | be58 659f | a2cf 0100 | 008b 5208 | 49ba 0000 | 0000 0800 | 0000 4903 | d248 3b96 
  0x000001cf8b9bc544: b001 0000 | 750d 4883 | 86b8 0100 | 0001 e966 | 0000 0048 | 3b96 c001 | 0000 750d | 4883 86c8 
  0x000001cf8b9bc564: 0100 0001 | e950 0000 | 0048 81be | b001 0000 | 0000 0000 | 7517 4889 | 96b0 0100 | 0048 c786 
  0x000001cf8b9bc584: b801 0000 | 0100 0000 | e92c 0000 | 0048 81be | c001 0000 | 0000 0000 | 7517 4889 | 96c0 0100 
  0x000001cf8b9bc5a4: 0048 c786 | c801 0000 | 0100 0000 | e908 0000 | 0048 8386 | a001 0000 | 0149 8bd0 | 0f1f 4400 
  0x000001cf8b9bc5c4: 0048 b850 | 1e99 a6cf 

  0x000001cf8b9bc5cc: ;   {virtual_call}
  0x000001cf8b9bc5cc: 0100 00e8 

  0x000001cf8b9bc5d0: ; ImmutableOopMap {[112]=Oop [120]=Oop }
                      ;*invokeinterface run {reexecute=0 rethrow=0 return_oop=0}
                      ; - java.security.AccessController::executePrivileged@29 (line 776)
                      ; - java.security.AccessController::doPrivileged@13 (line 399)
                      ; - java.security.ProtectionDomain$JavaSecurityAccessImpl::doIntersectionPrivilege@18 (line 86)
  0x000001cf8b9bc5d0: 9c99 4f07 

  0x000001cf8b9bc5d4: ;   {metadata(method data for {method} {0x00000008000633c0} 'executePrivileged' '(Ljava/security/PrivilegedAction;Ljava/security/AccessControlContext;Ljava/lang/Class;)Ljava/lang/Object;' in 'java/security/AccessController')}
  0x000001cf8b9bc5d4: 48ba 5865 | 9fa2 cf01 | 0000 ff82 | d801 0000 | 488b 5424 

  0x000001cf8b9bc5e8: ;   {metadata(method data for {method} {0x00000008000633c0} 'executePrivileged' '(Ljava/security/PrivilegedAction;Ljava/security/AccessControlContext;Ljava/lang/Class;)Ljava/lang/Object;' in 'java/security/AccessController')}
  0x000001cf8b9bc5e8: 7048 be58 | 659f a2cf | 0100 0048 | 8386 3802 

  0x000001cf8b9bc5f8: ;   {metadata(method data for {method} {0x00000008000462d8} 'reachabilityFence' '(Ljava/lang/Object;)V' in 'java/lang/ref/Reference')}
  0x000001cf8b9bc5f8: 0000 0148 | be48 a58a | a2cf 0100 | 008b becc | 0000 0083 | c702 89be | cc00 0000 | 81e7 feff 
  0x000001cf8b9bc618: 1f00 83ff | 000f 844e 

  0x000001cf8b9bc620: ;   {metadata(method data for {method} {0x00000008000633c0} 'executePrivileged' '(Ljava/security/PrivilegedAction;Ljava/security/AccessControlContext;Ljava/lang/Class;)Ljava/lang/Object;' in 'java/security/AccessController')}
  0x000001cf8b9bc620: 0100 0048 | ba58 659f | a2cf 0100 | 0048 8382 | 4802 0000 

  0x000001cf8b9bc634: ;   {metadata(method data for {method} {0x00000008000462d8} 'reachabilityFence' '(Ljava/lang/Object;)V' in 'java/lang/ref/Reference')}
  0x000001cf8b9bc634: 0148 ba48 | a58a a2cf | 0100 008b | b2cc 0000 | 0083 c602 | 89b2 cc00 | 0000 81e6 | feff 1f00 
  0x000001cf8b9bc654: 83fe 000f | 8435 0100 | 0048 81c4 | 9000 0000 

  0x000001cf8b9bc664: ;   {poll_return}
  0x000001cf8b9bc664: 5d49 3ba7 | 7803 0000 | 0f87 4101 | 0000 c30f | 1f44 0000 

  0x000001cf8b9bc678: ;   {no_reloc}
  0x000001cf8b9bc678: e95b 0100 | 0000 0000 | 0000 498b | 87f8 0000 | 0048 8d78 | 3049 3bbf | 0801 0000 | 0f87 4801 
  0x000001cf8b9bc698: 0000 4989 | bff8 0000 | 0048 c700 | 0100 0000 | 488b ca49 | ba00 0000 | 0008 0000 | 0049 2bca 
  0x000001cf8b9bc6b8: 8948 0848 | 33c9 8948 | 0c48 33c9 | 4889 4810 | 4889 4818 | 4889 4820 | 4889 4828 

  0x000001cf8b9bc6d4: ;   {metadata(method data for {method} {0x000000080013e110} 'doIntersectionPrivilege' '(Ljava/security/PrivilegedAction;Ljava/security/AccessControlContext;Ljava/security/AccessControlContext;)Ljava/lang/Object;' in 'java/security/ProtectionDomain$JavaSecurityAccessImpl')}
  0x000001cf8b9bc6d4: 488b d048 | be98 a8e3 | a2cf 0100 | 0048 8386 | 3001 0000 | 0148 8bd0 | 4889 8424 | 8000 0000 
  0x000001cf8b9bc6f4: ;   {optimized virtual_call}
  0x000001cf8b9bc6f4: 6666 90e8 

  0x000001cf8b9bc6f8: ; ImmutableOopMap {[128]=Oop }
                      ;*invokespecial <init> {reexecute=0 rethrow=0 return_oop=0}
                      ; - java.security.ProtectionDomain$JavaSecurityAccessImpl::doIntersectionPrivilege@8 (line 83)
  0x000001cf8b9bc6f8: 8453 4407 | 488b 8424 | 8000 0000 | e903 0100 

  0x000001cf8b9bc708: ;   {metadata({method} {0x000000080013e110} 'doIntersectionPrivilege' '(Ljava/security/PrivilegedAction;Ljava/security/AccessControlContext;Ljava/security/AccessControlContext;)Ljava/lang/Object;' in 'java/security/ProtectionDomain$JavaSecurityAccessImpl')}
  0x000001cf8b9bc708: 0049 ba08 | e113 0008 | 0000 004c | 8954 2408 | 48c7 0424 | ffff ffff 

  0x000001cf8b9bc720: ;   {runtime_call counter_overflow Runtime1 stub}
  0x000001cf8b9bc720: e8db 5f4f 

  0x000001cf8b9bc724: ; ImmutableOopMap {rdx=Oop r8=Oop r9=Oop rdi=Oop }
                      ;*synchronization entry
                      ; - java.security.ProtectionDomain$JavaSecurityAccessImpl::doIntersectionPrivilege@-1 (line 82)
  0x000001cf8b9bc724: 07e9 6dfc 

  0x000001cf8b9bc728: ;   {metadata({method} {0x0000000800063690} 'doPrivileged' '(Ljava/security/PrivilegedAction;Ljava/security/AccessControlContext;)Ljava/lang/Object;' in 'java/security/AccessController')}
  0x000001cf8b9bc728: ffff 49ba | 8836 0600 | 0800 0000 | 4c89 5424 | 0848 c704 | 24ff ffff 

  0x000001cf8b9bc740: ;   {runtime_call counter_overflow Runtime1 stub}
  0x000001cf8b9bc740: ffe8 ba5f 

  0x000001cf8b9bc744: ; ImmutableOopMap {rax=Oop [96]=Oop }
                      ;*synchronization entry
                      ; - java.security.AccessController::doPrivileged@-1 (line 397)
                      ; - java.security.ProtectionDomain$JavaSecurityAccessImpl::doIntersectionPrivilege@18 (line 86)
  0x000001cf8b9bc744: 4f07 e9e3 

  0x000001cf8b9bc748: ;   {metadata({method} {0x00000008000633c0} 'executePrivileged' '(Ljava/security/PrivilegedAction;Ljava/security/AccessControlContext;Ljava/lang/Class;)Ljava/lang/Object;' in 'java/security/AccessController')}
  0x000001cf8b9bc748: fcff ff49 | bab8 3306 | 0008 0000 | 004c 8954 | 2408 48c7 | 0424 ffff 

  0x000001cf8b9bc760: ;   {runtime_call counter_overflow Runtime1 stub}
  0x000001cf8b9bc760: ffff e899 

  0x000001cf8b9bc764: ; ImmutableOopMap {rax=Oop [96]=Oop [112]=Oop [120]=Oop }
                      ;*synchronization entry
                      ; - java.security.AccessController::executePrivileged@-1 (line 771)
                      ; - java.security.AccessController::doPrivileged@13 (line 399)
                      ; - java.security.ProtectionDomain$JavaSecurityAccessImpl::doIntersectionPrivilege@18 (line 86)
  0x000001cf8b9bc764: 5f4f 07e9 | 47fd ffff 

  0x000001cf8b9bc76c: ;   {runtime_call throw_null_pointer_exception Runtime1 stub}
  0x000001cf8b9bc76c: e8af 054f 

  0x000001cf8b9bc770: ; ImmutableOopMap {r8=Oop [112]=Oop [120]=Oop }
                      ;*invokeinterface run {reexecute=0 rethrow=0 return_oop=0}
                      ; - java.security.AccessController::executePrivileged@29 (line 776)
                      ; - java.security.AccessController::doPrivileged@13 (line 399)
                      ; - java.security.ProtectionDomain$JavaSecurityAccessImpl::doIntersectionPrivilege@18 (line 86)
                      ;   {metadata({method} {0x00000008000462d8} 'reachabilityFence' '(Ljava/lang/Object;)V' in 'java/lang/ref/Reference')}
  0x000001cf8b9bc770: 0749 bad0 | 6204 0008 | 0000 004c | 8954 2408 | 48c7 0424 | ffff ffff 

  0x000001cf8b9bc788: ;   {runtime_call counter_overflow Runtime1 stub}
  0x000001cf8b9bc788: e873 5f4f 

  0x000001cf8b9bc78c: ; ImmutableOopMap {rax=Oop rdx=Oop }
                      ;*synchronization entry
                      ; - java.lang.ref.Reference::reachabilityFence@-1 (line 627)
                      ; - java.security.AccessController::executePrivileged@56 (line 781)
                      ; - java.security.AccessController::doPrivileged@13 (line 399)
                      ; - java.security.ProtectionDomain$JavaSecurityAccessImpl::doIntersectionPrivilege@18 (line 86)
  0x000001cf8b9bc78c: 07e9 91fe 

  0x000001cf8b9bc790: ;   {metadata({method} {0x00000008000462d8} 'reachabilityFence' '(Ljava/lang/Object;)V' in 'java/lang/ref/Reference')}
  0x000001cf8b9bc790: ffff 49ba | d062 0400 | 0800 0000 | 4c89 5424 | 0848 c704 | 24ff ffff 

  0x000001cf8b9bc7a8: ;   {runtime_call counter_overflow Runtime1 stub}
  0x000001cf8b9bc7a8: ffe8 525f 

  0x000001cf8b9bc7ac: ; ImmutableOopMap {rax=Oop }
                      ;*synchronization entry
                      ; - java.lang.ref.Reference::reachabilityFence@-1 (line 627)
                      ; - java.security.AccessController::executePrivileged@60 (line 782)
                      ; - java.security.AccessController::doPrivileged@13 (line 399)
                      ; - java.security.ProtectionDomain$JavaSecurityAccessImpl::doIntersectionPrivilege@18 (line 86)
  0x000001cf8b9bc7ac: 4f07 e9aa 

  0x000001cf8b9bc7b0: ;   {internal_word}
  0x000001cf8b9bc7b0: feff ff49 | ba65 c69b | 8bcf 0100 | 004d 8997 | 9003 0000 

  0x000001cf8b9bc7c4: ;   {runtime_call SafepointBlob}
  0x000001cf8b9bc7c4: e937 b644 

  0x000001cf8b9bc7c8: ;   {metadata(NULL)}
  0x000001cf8b9bc7c8: 0748 ba00 | 0000 0000 | 0000 00b8 | 000f 050a 

  0x000001cf8b9bc7d8: ;   {runtime_call load_klass_patching Runtime1 stub}
  0x000001cf8b9bc7d8: e8a3 4e4f 

  0x000001cf8b9bc7dc: ; ImmutableOopMap {}
                      ;*new {reexecute=1 rethrow=0 return_oop=0}
                      ; - (reexecute) java.security.ProtectionDomain$JavaSecurityAccessImpl::doIntersectionPrivilege@4 (line 83)
  0x000001cf8b9bc7dc: 07e9 96fe | ffff 488b 

  0x000001cf8b9bc7e4: ;   {runtime_call fast_new_instance Runtime1 stub}
  0x000001cf8b9bc7e4: d2e8 160e 

  0x000001cf8b9bc7e8: ; ImmutableOopMap {}
                      ;*new {reexecute=0 rethrow=0 return_oop=0}
                      ; - java.security.ProtectionDomain$JavaSecurityAccessImpl::doIntersectionPrivilege@4 (line 83)
  0x000001cf8b9bc7e8: 4f07 e9e5 | feff ff49 | 8b87 2004 | 0000 49c7 | 8720 0400 | 0000 0000 | 0049 c787 | 2804 0000 
  0x000001cf8b9bc808: 0000 0000 | 4881 c490 | 0000 005d 

  0x000001cf8b9bc814: ;   {runtime_call unwind_exception Runtime1 stub}
  0x000001cf8b9bc814: e967 1946 | 07f4 f4f4 | f4f4 f4f4 
[Stub Code]
  0x000001cf8b9bc820: ;   {no_reloc}
  0x000001cf8b9bc820: 0f1f 4400 

  0x000001cf8b9bc824: ;   {static_stub}
  0x000001cf8b9bc824: 0048 bb00 | 0000 0000 

  0x000001cf8b9bc82c: ;   {runtime_call}
  0x000001cf8b9bc82c: 0000 00e9 | fbff ffff 

  0x000001cf8b9bc834: ;   {static_stub}
  0x000001cf8b9bc834: 9048 bb00 | 0000 0000 

  0x000001cf8b9bc83c: ;   {runtime_call}
  0x000001cf8b9bc83c: 0000 00e9 | fbff ffff 

  0x000001cf8b9bc844: ;   {static_stub}
  0x000001cf8b9bc844: 9048 bb00 | 0000 0000 

  0x000001cf8b9bc84c: ;   {runtime_call}
  0x000001cf8b9bc84c: 0000 00e9 | fbff ffff 

  0x000001cf8b9bc854: ;   {static_stub}
  0x000001cf8b9bc854: 9048 bb00 | 0000 0000 

  0x000001cf8b9bc85c: ;   {runtime_call}
  0x000001cf8b9bc85c: 0000 00e9 | fbff ffff 

  0x000001cf8b9bc864: ;   {static_stub}
  0x000001cf8b9bc864: 9048 bb00 | 0000 0000 

  0x000001cf8b9bc86c: ;   {runtime_call}
  0x000001cf8b9bc86c: 0000 00e9 | fbff ffff 

  0x000001cf8b9bc874: ;   {static_stub}
  0x000001cf8b9bc874: 9048 bb00 | 0000 0000 

  0x000001cf8b9bc87c: ;   {runtime_call}
  0x000001cf8b9bc87c: 0000 00e9 | fbff ffff 
[Exception Handler]
  0x000001cf8b9bc884: ;   {runtime_call handle_exception_from_callee Runtime1 stub}
  0x000001cf8b9bc884: e877 254f 

  0x000001cf8b9bc888: ;   {external_word}
  0x000001cf8b9bc888: 0748 b928 | 4985 47fc | 7f00 0048 

  0x000001cf8b9bc894: ;   {runtime_call}
  0x000001cf8b9bc894: 83e4 f049 | bab0 f850 | 47fc 7f00 | 0041 ffd2 

  0x000001cf8b9bc8a4: ;   {section_word}
  0x000001cf8b9bc8a4: f449 baa5 | c89b 8bcf | 0100 0041 

  0x000001cf8b9bc8b0: ;   {runtime_call DeoptimizationBlob}
  0x000001cf8b9bc8b0: 52e9 eaa7 | 4407 f4f4 
[/MachCode]


---------------  P R O C E S S  ---------------

Threads class SMR info:
_java_thread_list=0x000001cfa70e6a10, length=16, elements={
0x000001cfa24afbe0, 0x000001cfa24b2720, 0x000001cfa24b3250, 0x000001cfa24b5ef0,
0x000001cfa24b6820, 0x000001cfa24b7150, 0x000001cfa24bbdd0, 0x000001cfa24bc740,
0x000001cfa24bd0b0, 0x000001cfa68fbe30, 0x000001cfa68fc380, 0x000001cfa68fc8d0,
0x000001cfa68fce20, 0x000001cfa68fd370, 0x000001cfa68fae40, 0x000001cfa68f9e50
}

Java Threads: ( => current thread )
  0x000001cfa24afbe0 JavaThread "Reference Handler" daemon [_thread_blocked, id=34504, stack(0x0000003007c00000,0x0000003007d00000)]
  0x000001cfa24b2720 JavaThread "Finalizer" daemon [_thread_blocked, id=34588, stack(0x0000003007d00000,0x0000003007e00000)]
  0x000001cfa24b3250 JavaThread "Signal Dispatcher" daemon [_thread_blocked, id=15064, stack(0x0000003007e00000,0x0000003007f00000)]
  0x000001cfa24b5ef0 JavaThread "Attach Listener" daemon [_thread_blocked, id=20340, stack(0x0000003007f00000,0x0000003008000000)]
  0x000001cfa24b6820 JavaThread "Service Thread" daemon [_thread_blocked, id=23920, stack(0x0000003008000000,0x0000003008100000)]
  0x000001cfa24b7150 JavaThread "Monitor Deflation Thread" daemon [_thread_blocked, id=19360, stack(0x0000003008100000,0x0000003008200000)]
  0x000001cfa24bbdd0 JavaThread "C2 CompilerThread0" daemon [_thread_blocked, id=4668, stack(0x0000003008200000,0x0000003008300000)]
  0x000001cfa24bc740 JavaThread "C1 CompilerThread0" daemon [_thread_blocked, id=2540, stack(0x0000003008300000,0x0000003008400000)]
  0x000001cfa24bd0b0 JavaThread "Sweeper thread" daemon [_thread_blocked, id=27496, stack(0x0000003008400000,0x0000003008500000)]
  0x000001cfa68fbe30 JavaThread "Notification Thread" daemon [_thread_blocked, id=27500, stack(0x0000003008500000,0x0000003008600000)]
  0x000001cfa68fc380 JavaThread "Common-Cleaner" daemon [_thread_blocked, id=35404, stack(0x0000003008700000,0x0000003008800000)]
  0x000001cfa68fc8d0 JavaThread "Java2D Disposer" daemon [_thread_blocked, id=25940, stack(0x0000003008800000,0x0000003008900000)]
  0x000001cfa68fce20 JavaThread "AWT-Shutdown" [_thread_blocked, id=15860, stack(0x0000003008900000,0x0000003008a00000)]
  0x000001cfa68fd370 JavaThread "AWT-Windows" daemon [_thread_in_native, id=33380, stack(0x0000003008a00000,0x0000003008b00000)]
=>0x000001cfa68fae40 JavaThread "AWT-EventQueue-0" [_thread_in_vm, id=31252, stack(0x0000003008b00000,0x0000003008c00000)]
  0x000001cfa68f9e50 JavaThread "DestroyJavaVM" [_thread_blocked, id=34148, stack(0x0000003007500000,0x0000003007600000)]

Other Threads:
  0x000001cfa24917b0 VMThread "VM Thread" [stack: 0x0000003007b00000,0x0000003007c00000] [id=11608]
  0x000001cfa68fe220 WatcherThread "VM Periodic Task Thread" [stack: 0x0000003008600000,0x0000003008700000] [id=31664]
  0x000001cf83968fc0 WorkerThread "GC Thread#0" [stack: 0x0000003007600000,0x0000003007700000] [id=30392]
  0x000001cf83912ca0 WorkerThread "GC Thread#1" [stack: 0x0000003007200000,0x0000003007300000] [id=11144]
  0x000001cf83912f70 WorkerThread "GC Thread#2" [stack: 0x0000003007300000,0x0000003007400000] [id=16164]
  0x000001cfa687ef50 WorkerThread "GC Thread#3" [stack: 0x0000003007400000,0x0000003007500000] [id=27052]
  0x000001cfa687f4f0 WorkerThread "GC Thread#4" [stack: 0x0000003008c00000,0x0000003008d00000] [id=2112]
  0x000001cfa687e410 WorkerThread "GC Thread#5" [stack: 0x0000003008d00000,0x0000003008e00000] [id=21072]
  0x000001cfa687f7c0 WorkerThread "GC Thread#6" [stack: 0x0000003008e00000,0x0000003008f00000] [id=31592]
  0x000001cf8397a2a0 ConcurrentGCThread "G1 Main Marker" [stack: 0x0000003007700000,0x0000003007800000] [id=35552]
  0x000001cf8397b790 WorkerThread "G1 Conc#0" [stack: 0x0000003007800000,0x0000003007900000] [id=25440]
  0x000001cfa687f220 WorkerThread "G1 Conc#1" [stack: 0x0000003008f00000,0x0000003009000000] [id=14876]
  0x000001cfa687e6e0 WorkerThread "G1 Conc#2" [stack: 0x0000003009000000,0x0000003009100000] [id=9508]
  0x000001cfa234fd90 ConcurrentGCThread "G1 Refine#0" [stack: 0x0000003007900000,0x0000003007a00000] [id=2252]
  0x000001cfa2350580 ConcurrentGCThread "G1 Service" [stack: 0x0000003007a00000,0x0000003007b00000] [id=26652]

Threads with active compile tasks:

VM state: not at safepoint (normal execution)

VM Mutex/Monitor currently owned by a thread:  ([mutex/lock_event])
[0x000001cf839026e0] Heap_lock - owner thread: 0x000001cfa68fae40

Heap address: 0x0000000082a00000, size: 2006 MB, Compressed Oops mode: 32-bit

CDS archive(s) mapped at: [0x0000000800000000-0x0000000800c40000-0x0000000800c40000), size 12845056, SharedBaseAddress: 0x0000000800000000, ArchiveRelocationMode: 0.
Compressed class space mapped at: 0x0000000801000000-0x0000000841000000, reserved size: 1073741824
Narrow klass base: 0x0000000800000000, Narrow klass shift: 0, Narrow klass range: 0x100000000

GC Precious Log:
 CardTable entry size: 512
 Card Set container configuration: InlinePtr #cards 5 size 8 Array Of Cards #cards 12 size 40 Howl #buckets 4 coarsen threshold 1843 Howl Bitmap #cards 512 size 80 coarsen threshold 460 Card regions per heap region 1 cards per card region 2048
 CPUs: 12 total, 12 available
 Memory: 8017M
 Large Page Support: Disabled
 NUMA Support: Disabled
 Compressed Oops: Enabled (32-bit)
 Heap Region Size: 1M
 Heap Min Capacity: 8M
 Heap Initial Capacity: 126M
 Heap Max Capacity: 2006M
 Pre-touch: Disabled
 Parallel Workers: 10
 Concurrent Workers: 3
 Concurrent Refinement Workers: 10
 Periodic GC: Disabled

Heap:
 garbage-first heap   total 136192K, used 78732K [0x0000000082a00000, 0x0000000100000000)
  region size 1024K, 1 young (1024K), 1 survivors (1024K)
 Metaspace       used 7115K, committed 7296K, reserved 1114112K
  class space    used 781K, committed 896K, reserved 1048576K

Heap Regions: E=young(eden), S=young(survivor), O=old, HS=humongous(starts), HC=humongous(continues), CS=collection set, F=free, OA=open archive, CA=closed archive, TAMS=top-at-mark-start (previous, next)
|   0|0x0000000082a00000, 0x0000000082b00000, 0x0000000082b00000|100%|HS|  |TAMS 0x0000000082b00000, 0x0000000082b00000| Complete 
|   1|0x0000000082b00000, 0x0000000082c00000, 0x0000000082c00000|100%|HC|  |TAMS 0x0000000082c00000, 0x0000000082c00000| Complete 
|   2|0x0000000082c00000, 0x0000000082d00000, 0x0000000082d00000|100%|HC|  |TAMS 0x0000000082d00000, 0x0000000082d00000| Complete 
|   3|0x0000000082d00000, 0x0000000082e00000, 0x0000000082e00000|100%|HC|  |TAMS 0x0000000082e00000, 0x0000000082e00000| Complete 
|   4|0x0000000082e00000, 0x0000000082f00000, 0x0000000082f00000|100%|HC|  |TAMS 0x0000000082f00000, 0x0000000082f00000| Complete 
|   5|0x0000000082f00000, 0x0000000083000000, 0x0000000083000000|100%|HC|  |TAMS 0x0000000083000000, 0x0000000083000000| Complete 
|   6|0x0000000083000000, 0x0000000083100000, 0x0000000083100000|100%|HC|  |TAMS 0x0000000083100000, 0x0000000083100000| Complete 
|   7|0x0000000083100000, 0x0000000083200000, 0x0000000083200000|100%|HC|  |TAMS 0x0000000083200000, 0x0000000083200000| Complete 
|   8|0x0000000083200000, 0x0000000083300000, 0x0000000083300000|100%|HS|  |TAMS 0x0000000083300000, 0x0000000083300000| Complete 
|   9|0x0000000083300000, 0x0000000083400000, 0x0000000083400000|100%|HC|  |TAMS 0x0000000083400000, 0x0000000083400000| Complete 
|  10|0x0000000083400000, 0x0000000083500000, 0x0000000083500000|100%|HS|  |TAMS 0x0000000083500000, 0x0000000083500000| Complete 
|  11|0x0000000083500000, 0x0000000083600000, 0x0000000083600000|100%|HC|  |TAMS 0x0000000083600000, 0x0000000083600000| Complete 
|  12|0x0000000083600000, 0x0000000083700000, 0x0000000083700000|100%|HC|  |TAMS 0x0000000083700000, 0x0000000083700000| Complete 
|  13|0x0000000083700000, 0x0000000083800000, 0x0000000083800000|100%|HC|  |TAMS 0x0000000083800000, 0x0000000083800000| Complete 
|  14|0x0000000083800000, 0x0000000083900000, 0x0000000083900000|100%|HC|  |TAMS 0x0000000083900000, 0x0000000083900000| Complete 
|  15|0x0000000083900000, 0x0000000083a00000, 0x0000000083a00000|100%|HC|  |TAMS 0x0000000083a00000, 0x0000000083a00000| Complete 
|  16|0x0000000083a00000, 0x0000000083b00000, 0x0000000083b00000|100%|HC|  |TAMS 0x0000000083b00000, 0x0000000083b00000| Complete 
|  17|0x0000000083b00000, 0x0000000083c00000, 0x0000000083c00000|100%|HC|  |TAMS 0x0000000083c00000, 0x0000000083c00000| Complete 
|  18|0x0000000083c00000, 0x0000000083c00000, 0x0000000083d00000|  0%| F|  |TAMS 0x0000000083c00000, 0x0000000083c00000| Untracked 
|  19|0x0000000083d00000, 0x0000000083d00000, 0x0000000083e00000|  0%| F|  |TAMS 0x0000000083d00000, 0x0000000083d00000| Untracked 
|  20|0x0000000083e00000, 0x0000000083e00000, 0x0000000083f00000|  0%| F|  |TAMS 0x0000000083e00000, 0x0000000083e00000| Untracked 
|  21|0x0000000083f00000, 0x0000000083f00000, 0x0000000084000000|  0%| F|  |TAMS 0x0000000083f00000, 0x0000000083f00000| Untracked 
|  22|0x0000000084000000, 0x0000000084000000, 0x0000000084100000|  0%| F|  |TAMS 0x0000000084000000, 0x0000000084000000| Untracked 
|  23|0x0000000084100000, 0x0000000084100000, 0x0000000084200000|  0%| F|  |TAMS 0x0000000084100000, 0x0000000084100000| Untracked 
|  24|0x0000000084200000, 0x0000000084200000, 0x0000000084300000|  0%| F|  |TAMS 0x0000000084200000, 0x0000000084200000| Untracked 
|  25|0x0000000084300000, 0x0000000084300000, 0x0000000084400000|  0%| F|  |TAMS 0x0000000084300000, 0x0000000084300000| Untracked 
|  26|0x0000000084400000, 0x0000000084400000, 0x0000000084500000|  0%| F|  |TAMS 0x0000000084400000, 0x0000000084400000| Untracked 
|  27|0x0000000084500000, 0x0000000084500000, 0x0000000084600000|  0%| F|  |TAMS 0x0000000084500000, 0x0000000084500000| Untracked 
|  28|0x0000000084600000, 0x0000000084600000, 0x0000000084700000|  0%| F|  |TAMS 0x0000000084600000, 0x0000000084600000| Untracked 
|  29|0x0000000084700000, 0x0000000084700000, 0x0000000084800000|  0%| F|  |TAMS 0x0000000084700000, 0x0000000084700000| Untracked 
|  30|0x0000000084800000, 0x0000000084800000, 0x0000000084900000|  0%| F|  |TAMS 0x0000000084800000, 0x0000000084800000| Untracked 
|  31|0x0000000084900000, 0x0000000084900000, 0x0000000084a00000|  0%| F|  |TAMS 0x0000000084900000, 0x0000000084900000| Untracked 
|  32|0x0000000084a00000, 0x0000000084a00000, 0x0000000084b00000|  0%| F|  |TAMS 0x0000000084a00000, 0x0000000084a00000| Untracked 
|  33|0x0000000084b00000, 0x0000000084b00000, 0x0000000084c00000|  0%| F|  |TAMS 0x0000000084b00000, 0x0000000084b00000| Untracked 
|  34|0x0000000084c00000, 0x0000000084c00000, 0x0000000084d00000|  0%| F|  |TAMS 0x0000000084c00000, 0x0000000084c00000| Untracked 
|  35|0x0000000084d00000, 0x0000000084d00000, 0x0000000084e00000|  0%| F|  |TAMS 0x0000000084d00000, 0x0000000084d00000| Untracked 
|  36|0x0000000084e00000, 0x0000000084e00000, 0x0000000084f00000|  0%| F|  |TAMS 0x0000000084e00000, 0x0000000084e00000| Untracked 
|  37|0x0000000084f00000, 0x0000000084f00000, 0x0000000085000000|  0%| F|  |TAMS 0x0000000084f00000, 0x0000000084f00000| Untracked 
|  38|0x0000000085000000, 0x0000000085000000, 0x0000000085100000|  0%| F|  |TAMS 0x0000000085000000, 0x0000000085000000| Untracked 
|  39|0x0000000085100000, 0x0000000085100000, 0x0000000085200000|  0%| F|  |TAMS 0x0000000085100000, 0x0000000085100000| Untracked 
|  40|0x0000000085200000, 0x0000000085200000, 0x0000000085300000|  0%| F|  |TAMS 0x0000000085200000, 0x0000000085200000| Untracked 
|  41|0x0000000085300000, 0x0000000085300000, 0x0000000085400000|  0%| F|  |TAMS 0x0000000085300000, 0x0000000085300000| Untracked 
|  42|0x0000000085400000, 0x0000000085400000, 0x0000000085500000|  0%| F|  |TAMS 0x0000000085400000, 0x0000000085400000| Untracked 
|  43|0x0000000085500000, 0x0000000085600000, 0x0000000085600000|100%|HS|  |TAMS 0x0000000085600000, 0x0000000085600000| Complete 
|  44|0x0000000085600000, 0x0000000085700000, 0x0000000085700000|100%|HC|  |TAMS 0x0000000085700000, 0x0000000085700000| Complete 
|  45|0x0000000085700000, 0x0000000085800000, 0x0000000085800000|100%|HC|  |TAMS 0x0000000085800000, 0x0000000085800000| Complete 
|  46|0x0000000085800000, 0x0000000085900000, 0x0000000085900000|100%|HC|  |TAMS 0x0000000085900000, 0x0000000085900000| Complete 
|  47|0x0000000085900000, 0x0000000085a00000, 0x0000000085a00000|100%|HC|  |TAMS 0x0000000085a00000, 0x0000000085a00000| Complete 
|  48|0x0000000085a00000, 0x0000000085b00000, 0x0000000085b00000|100%|HC|  |TAMS 0x0000000085b00000, 0x0000000085b00000| Complete 
|  49|0x0000000085b00000, 0x0000000085c00000, 0x0000000085c00000|100%|HC|  |TAMS 0x0000000085c00000, 0x0000000085c00000| Complete 
|  50|0x0000000085c00000, 0x0000000085d00000, 0x0000000085d00000|100%|HC|  |TAMS 0x0000000085d00000, 0x0000000085d00000| Complete 
|  51|0x0000000085d00000, 0x0000000085e00000, 0x0000000085e00000|100%|HC|  |TAMS 0x0000000085e00000, 0x0000000085e00000| Complete 
|  52|0x0000000085e00000, 0x0000000085f00000, 0x0000000085f00000|100%|HC|  |TAMS 0x0000000085f00000, 0x0000000085f00000| Complete 
|  53|0x0000000085f00000, 0x0000000086000000, 0x0000000086000000|100%|HC|  |TAMS 0x0000000086000000, 0x0000000086000000| Complete 
|  54|0x0000000086000000, 0x0000000086100000, 0x0000000086100000|100%|HC|  |TAMS 0x0000000086100000, 0x0000000086100000| Complete 
|  55|0x0000000086100000, 0x0000000086200000, 0x0000000086200000|100%|HC|  |TAMS 0x0000000086200000, 0x0000000086200000| Complete 
|  56|0x0000000086200000, 0x0000000086300000, 0x0000000086300000|100%|HC|  |TAMS 0x0000000086300000, 0x0000000086300000| Complete 
|  57|0x0000000086300000, 0x0000000086400000, 0x0000000086400000|100%|HC|  |TAMS 0x0000000086400000, 0x0000000086400000| Complete 
|  58|0x0000000086400000, 0x0000000086500000, 0x0000000086500000|100%|HC|  |TAMS 0x0000000086500000, 0x0000000086500000| Complete 
|  59|0x0000000086500000, 0x0000000086600000, 0x0000000086600000|100%|HC|  |TAMS 0x0000000086600000, 0x0000000086600000| Complete 
|  60|0x0000000086600000, 0x0000000086700000, 0x0000000086700000|100%|HC|  |TAMS 0x0000000086700000, 0x0000000086700000| Complete 
|  61|0x0000000086700000, 0x0000000086800000, 0x0000000086800000|100%|HC|  |TAMS 0x0000000086800000, 0x0000000086800000| Complete 
|  62|0x0000000086800000, 0x0000000086900000, 0x0000000086900000|100%|HC|  |TAMS 0x0000000086900000, 0x0000000086900000| Complete 
|  63|0x0000000086900000, 0x0000000086a00000, 0x0000000086a00000|100%|HC|  |TAMS 0x0000000086a00000, 0x0000000086a00000| Complete 
|  64|0x0000000086a00000, 0x0000000086b00000, 0x0000000086b00000|100%|HC|  |TAMS 0x0000000086b00000, 0x0000000086b00000| Complete 
|  65|0x0000000086b00000, 0x0000000086c00000, 0x0000000086c00000|100%|HC|  |TAMS 0x0000000086c00000, 0x0000000086c00000| Complete 
|  66|0x0000000086c00000, 0x0000000086d00000, 0x0000000086d00000|100%|HC|  |TAMS 0x0000000086d00000, 0x0000000086d00000| Complete 
|  67|0x0000000086d00000, 0x0000000086e00000, 0x0000000086e00000|100%|HC|  |TAMS 0x0000000086e00000, 0x0000000086e00000| Complete 
|  68|0x0000000086e00000, 0x0000000086f00000, 0x0000000086f00000|100%|HC|  |TAMS 0x0000000086f00000, 0x0000000086f00000| Complete 
|  69|0x0000000086f00000, 0x0000000087000000, 0x0000000087000000|100%|HC|  |TAMS 0x0000000087000000, 0x0000000087000000| Complete 
|  70|0x0000000087000000, 0x0000000087100000, 0x0000000087100000|100%|HC|  |TAMS 0x0000000087100000, 0x0000000087100000| Complete 
|  71|0x0000000087100000, 0x0000000087200000, 0x0000000087200000|100%|HC|  |TAMS 0x0000000087200000, 0x0000000087200000| Complete 
|  72|0x0000000087200000, 0x0000000087300000, 0x0000000087300000|100%|HC|  |TAMS 0x0000000087300000, 0x0000000087300000| Complete 
|  73|0x0000000087300000, 0x0000000087400000, 0x0000000087400000|100%|HC|  |TAMS 0x0000000087400000, 0x0000000087400000| Complete 
|  74|0x0000000087400000, 0x0000000087500000, 0x0000000087500000|100%|HC|  |TAMS 0x0000000087500000, 0x0000000087500000| Complete 
|  75|0x0000000087500000, 0x0000000087600000, 0x0000000087600000|100%| O|  |TAMS 0x0000000087500000, 0x0000000087600000| Untracked 
|  76|0x0000000087600000, 0x00000000876cce00, 0x0000000087700000| 80%| O|  |TAMS 0x0000000087600000, 0x00000000876cce00| Untracked 
|  77|0x0000000087700000, 0x0000000087800000, 0x0000000087800000|100%|HS|  |TAMS 0x0000000087700000, 0x0000000087800000| Complete 
|  78|0x0000000087800000, 0x0000000087900000, 0x0000000087900000|100%|HC|  |TAMS 0x0000000087800000, 0x0000000087900000| Complete 
|  79|0x0000000087900000, 0x0000000087a00000, 0x0000000087a00000|100%|HC|  |TAMS 0x0000000087900000, 0x0000000087a00000| Complete 
|  80|0x0000000087a00000, 0x0000000087b00000, 0x0000000087b00000|100%|HC|  |TAMS 0x0000000087a00000, 0x0000000087b00000| Complete 
|  81|0x0000000087b00000, 0x0000000087c00000, 0x0000000087c00000|100%|HC|  |TAMS 0x0000000087b00000, 0x0000000087c00000| Complete 
|  82|0x0000000087c00000, 0x0000000087d00000, 0x0000000087d00000|100%|HC|  |TAMS 0x0000000087c00000, 0x0000000087d00000| Complete 
|  83|0x0000000087d00000, 0x0000000087e00000, 0x0000000087e00000|100%|HC|  |TAMS 0x0000000087d00000, 0x0000000087e00000| Complete 
|  84|0x0000000087e00000, 0x0000000087f00000, 0x0000000087f00000|100%|HC|  |TAMS 0x0000000087e00000, 0x0000000087f00000| Complete 
|  85|0x0000000087f00000, 0x0000000088000000, 0x0000000088000000|100%|HC|  |TAMS 0x0000000087f00000, 0x0000000088000000| Complete 
|  86|0x0000000088000000, 0x0000000088100000, 0x0000000088100000|100%|HC|  |TAMS 0x0000000088000000, 0x0000000088100000| Complete 
|  87|0x0000000088100000, 0x0000000088200000, 0x0000000088200000|100%|HC|  |TAMS 0x0000000088100000, 0x0000000088200000| Complete 
|  88|0x0000000088200000, 0x0000000088300000, 0x0000000088300000|100%|HC|  |TAMS 0x0000000088200000, 0x0000000088300000| Complete 
|  89|0x0000000088300000, 0x0000000088400000, 0x0000000088400000|100%|HC|  |TAMS 0x0000000088300000, 0x0000000088400000| Complete 
|  90|0x0000000088400000, 0x0000000088500000, 0x0000000088500000|100%|HC|  |TAMS 0x0000000088400000, 0x0000000088500000| Complete 
|  91|0x0000000088500000, 0x0000000088600000, 0x0000000088600000|100%|HC|  |TAMS 0x0000000088500000, 0x0000000088600000| Complete 
|  92|0x0000000088600000, 0x0000000088700000, 0x0000000088700000|100%|HC|  |TAMS 0x0000000088600000, 0x0000000088700000| Complete 
|  93|0x0000000088700000, 0x0000000088800000, 0x0000000088800000|100%|HC|  |TAMS 0x0000000088700000, 0x0000000088800000| Complete 
|  94|0x0000000088800000, 0x0000000088900000, 0x0000000088900000|100%|HC|  |TAMS 0x0000000088800000, 0x0000000088900000| Complete 
|  95|0x0000000088900000, 0x0000000088a00000, 0x0000000088a00000|100%|HC|  |TAMS 0x0000000088900000, 0x0000000088a00000| Complete 
|  96|0x0000000088a00000, 0x0000000088b00000, 0x0000000088b00000|100%|HC|  |TAMS 0x0000000088a00000, 0x0000000088b00000| Complete 
|  97|0x0000000088b00000, 0x0000000088c00000, 0x0000000088c00000|100%|HC|  |TAMS 0x0000000088b00000, 0x0000000088c00000| Complete 
|  98|0x0000000088c00000, 0x0000000088d00000, 0x0000000088d00000|100%|HC|  |TAMS 0x0000000088c00000, 0x0000000088d00000| Complete 
|  99|0x0000000088d00000, 0x0000000088e00000, 0x0000000088e00000|100%|HC|  |TAMS 0x0000000088d00000, 0x0000000088e00000| Complete 
| 100|0x0000000088e00000, 0x0000000088f00000, 0x0000000088f00000|100%|HC|  |TAMS 0x0000000088e00000, 0x0000000088f00000| Complete 
| 101|0x0000000088f00000, 0x0000000089000000, 0x0000000089000000|100%|HC|  |TAMS 0x0000000088f00000, 0x0000000089000000| Complete 
| 102|0x0000000089000000, 0x0000000089000000, 0x0000000089100000|  0%| F|  |TAMS 0x0000000089000000, 0x0000000089000000| Untracked 
| 103|0x0000000089100000, 0x0000000089100000, 0x0000000089200000|  0%| F|  |TAMS 0x0000000089100000, 0x0000000089100000| Untracked 
| 104|0x0000000089200000, 0x0000000089200000, 0x0000000089300000|  0%| F|  |TAMS 0x0000000089200000, 0x0000000089200000| Untracked 
| 105|0x0000000089300000, 0x0000000089300000, 0x0000000089400000|  0%| F|  |TAMS 0x0000000089300000, 0x0000000089300000| Untracked 
| 106|0x0000000089400000, 0x0000000089400000, 0x0000000089500000|  0%| F|  |TAMS 0x0000000089400000, 0x0000000089400000| Untracked 
| 107|0x0000000089500000, 0x0000000089500000, 0x0000000089600000|  0%| F|  |TAMS 0x0000000089500000, 0x0000000089500000| Untracked 
| 108|0x0000000089600000, 0x0000000089600000, 0x0000000089700000|  0%| F|  |TAMS 0x0000000089600000, 0x0000000089600000| Untracked 
| 109|0x0000000089700000, 0x0000000089700000, 0x0000000089800000|  0%| F|  |TAMS 0x0000000089700000, 0x0000000089700000| Untracked 
| 110|0x0000000089800000, 0x0000000089800000, 0x0000000089900000|  0%| F|  |TAMS 0x0000000089800000, 0x0000000089800000| Untracked 
| 111|0x0000000089900000, 0x0000000089900000, 0x0000000089a00000|  0%| F|  |TAMS 0x0000000089900000, 0x0000000089900000| Untracked 
| 112|0x0000000089a00000, 0x0000000089a00000, 0x0000000089b00000|  0%| F|  |TAMS 0x0000000089a00000, 0x0000000089a00000| Untracked 
| 113|0x0000000089b00000, 0x0000000089b00000, 0x0000000089c00000|  0%| F|  |TAMS 0x0000000089b00000, 0x0000000089b00000| Untracked 
| 114|0x0000000089c00000, 0x0000000089c00000, 0x0000000089d00000|  0%| F|  |TAMS 0x0000000089c00000, 0x0000000089c00000| Untracked 
| 115|0x0000000089d00000, 0x0000000089d00000, 0x0000000089e00000|  0%| F|  |TAMS 0x0000000089d00000, 0x0000000089d00000| Untracked 
| 116|0x0000000089e00000, 0x0000000089e00000, 0x0000000089f00000|  0%| F|  |TAMS 0x0000000089e00000, 0x0000000089e00000| Untracked 
| 117|0x0000000089f00000, 0x0000000089f00000, 0x000000008a000000|  0%| F|  |TAMS 0x0000000089f00000, 0x0000000089f00000| Untracked 
| 118|0x000000008a000000, 0x000000008a000000, 0x000000008a100000|  0%| F|  |TAMS 0x000000008a000000, 0x000000008a000000| Untracked 
| 119|0x000000008a100000, 0x000000008a100000, 0x000000008a200000|  0%| F|  |TAMS 0x000000008a100000, 0x000000008a100000| Untracked 
| 120|0x000000008a200000, 0x000000008a200000, 0x000000008a300000|  0%| F|  |TAMS 0x000000008a200000, 0x000000008a200000| Untracked 
| 121|0x000000008a300000, 0x000000008a300000, 0x000000008a400000|  0%| F|  |TAMS 0x000000008a300000, 0x000000008a300000| Untracked 
| 122|0x000000008a400000, 0x000000008a400000, 0x000000008a500000|  0%| F|  |TAMS 0x000000008a400000, 0x000000008a400000| Untracked 
| 123|0x000000008a500000, 0x000000008a500000, 0x000000008a600000|  0%| F|  |TAMS 0x000000008a500000, 0x000000008a500000| Untracked 
| 124|0x000000008a600000, 0x000000008a600000, 0x000000008a700000|  0%| F|  |TAMS 0x000000008a600000, 0x000000008a600000| Untracked 
| 125|0x000000008a700000, 0x000000008a700000, 0x000000008a800000|  0%| F|  |TAMS 0x000000008a700000, 0x000000008a700000| Untracked 
| 126|0x000000008a800000, 0x000000008a800000, 0x000000008a900000|  0%| F|  |TAMS 0x000000008a800000, 0x000000008a800000| Untracked 
| 127|0x000000008a900000, 0x000000008a900000, 0x000000008aa00000|  0%| F|  |TAMS 0x000000008a900000, 0x000000008a900000| Untracked 
| 128|0x000000008aa00000, 0x000000008aa00000, 0x000000008ab00000|  0%| F|  |TAMS 0x000000008aa00000, 0x000000008aa00000| Untracked 
| 129|0x000000008ab00000, 0x000000008ab00000, 0x000000008ac00000|  0%| F|  |TAMS 0x000000008ab00000, 0x000000008ab00000| Untracked 
| 130|0x000000008ac00000, 0x000000008ac00000, 0x000000008ad00000|  0%| F|  |TAMS 0x000000008ac00000, 0x000000008ac00000| Untracked 
| 131|0x000000008ad00000, 0x000000008ad162f0, 0x000000008ae00000|  8%| S|CS|TAMS 0x000000008ad00000, 0x000000008ad00000| Complete 
| 132|0x000000008ae00000, 0x000000008ae00000, 0x000000008af00000|  0%| F|  |TAMS 0x000000008ae00000, 0x000000008ae00000| Untracked 

Card table byte_map: [0x000001cf9b1c0000,0x000001cf9b5b0000] _byte_map_base: 0x000001cf9adab000

Marking Bits (Prev, Next): (CMBitMap*) 0x000001cf83969540, (CMBitMap*) 0x000001cf83969500
 Prev Bits: [0x000001cf9d900000, 0x000001cf9f858000)
 Next Bits: [0x000001cf9b9a0000, 0x000001cf9d8f8000)

Polling page: 0x000001cf830d0000

Metaspace:

Usage:
  Non-class:      6.19 MB used.
      Class:    781.51 KB used.
       Both:      6.95 MB used.

Virtual space:
  Non-class space:       64.00 MB reserved,       6.25 MB ( 10%) committed,  1 nodes.
      Class space:        1.00 GB reserved,     896.00 KB ( <1%) committed,  1 nodes.
             Both:        1.06 GB reserved,       7.12 MB ( <1%) committed. 

Chunk freelists:
   Non-Class:  1.01 MB
       Class:  3.11 MB
        Both:  4.11 MB

MaxMetaspaceSize: unlimited
CompressedClassSpaceSize: 1.00 GB
Initial GC threshold: 21.00 MB
Current GC threshold: 21.00 MB
CDS: on
MetaspaceReclaimPolicy: balanced
 - commit_granule_bytes: 65536.
 - commit_granule_words: 8192.
 - virtual_space_node_default_size: 8388608.
 - enlarge_chunks_in_place: 1.
 - new_chunks_are_fully_committed: 0.
 - uncommit_free_chunks: 1.
 - use_allocation_guard: 0.


Internal statistics:

num_allocs_failed_limit: 0.
num_arena_births: 150.
num_arena_deaths: 0.
num_vsnodes_births: 2.
num_vsnodes_deaths: 0.
num_space_committed: 114.
num_space_uncommitted: 0.
num_chunks_returned_to_freelist: 0.
num_chunks_taken_from_freelist: 162.
num_chunk_merges: 0.
num_chunk_splits: 112.
num_chunks_enlarged: 73.
num_inconsistent_stats: 0.

CodeHeap 'non-profiled nmethods': size=120000Kb used=289Kb max_used=289Kb free=119710Kb
 bounds [0x000001cf93340000, 0x000001cf935b0000, 0x000001cf9a870000]
CodeHeap 'profiled nmethods': size=120000Kb used=1370Kb max_used=1370Kb free=118629Kb
 bounds [0x000001cf8b870000, 0x000001cf8bae0000, 0x000001cf92da0000]
CodeHeap 'non-nmethods': size=5760Kb used=1341Kb max_used=1358Kb free=4418Kb
 bounds [0x000001cf92da0000, 0x000001cf93010000, 0x000001cf93340000]
 total_blobs=1446 nmethods=863 adapters=494
 compilation: enabled
              stopped_count=0, restarted_count=0
 full_count=0

Compilation events (20 events):
Event: 8471.283 Thread 0x000001cfa24bc740 nmethod 854 0x000001cf8b9c2d90 code [0x000001cf8b9c2f60, 0x000001cf8b9c32e8]
Event: 8471.508 Thread 0x000001cfa24bbdd0 nmethod 852 0x000001cf93386390 code [0x000001cf93386580, 0x000001cf93386f10]
Event: 8472.467 Thread 0x000001cfa24bc740  855   !   3       java.awt.Component::firePropertyChange (59 bytes)
Event: 8472.483 Thread 0x000001cfa24bc740 nmethod 855 0x000001cf8b9c3490 code [0x000001cf8b9c3660, 0x000001cf8b9c3bb8]
Event: 8477.419 Thread 0x000001cfa24bc740  856       3       java.awt.AWTEvent::<init> (81 bytes)
Event: 8477.425 Thread 0x000001cfa24bc740 nmethod 856 0x000001cf8b9c3d90 code [0x000001cf8b9c3f60, 0x000001cf8b9c4418]
Event: 8477.583 Thread 0x000001cfa24bbdd0  857       4       java.util.HashMap::getNode (150 bytes)
Event: 8477.594 Thread 0x000001cfa24bbdd0 nmethod 857 0x000001cf93387590 code [0x000001cf93387760, 0x000001cf93387ad8]
Event: 8477.723 Thread 0x000001cfa24bbdd0  858       4       java.lang.String::compareTo (9 bytes)
Event: 8477.726 Thread 0x000001cfa24bbdd0 nmethod 858 0x000001cf93387e10 code [0x000001cf93387fa0, 0x000001cf933881d8]
Event: 8477.726 Thread 0x000001cfa24bbdd0  859       4       java.lang.String::compareTo (63 bytes)
Event: 8477.730 Thread 0x000001cfa24bbdd0 nmethod 859 0x000001cf93388310 code [0x000001cf933884a0, 0x000001cf933886b8]
Event: 8477.748 Thread 0x000001cfa24bc740  860  s    3       java.awt.KeyboardFocusManager::getCurrentKeyboardFocusManager (32 bytes)
Event: 8477.757 Thread 0x000001cfa24bc740 nmethod 860 0x000001cf8b9c4590 code [0x000001cf8b9c4760, 0x000001cf8b9c4b68]
Event: 8532.485 Thread 0x000001cfa24bc740  861       3       java.lang.invoke.Invokers$Holder::linkToTargetMethod (9 bytes)
Event: 8532.529 Thread 0x000001cfa24bc740 nmethod 861 0x000001cf8b9c4c90 code [0x000001cf8b9c4e40, 0x000001cf8b9c5218]
Event: 8534.809 Thread 0x000001cfa24bc740  862  s    3       sun.awt.windows.WDesktopProperties::setIntegerProperty (57 bytes)
Event: 8534.948 Thread 0x000001cfa24bc740 nmethod 862 0x000001cf8b9c5310 code [0x000001cf8b9c5540, 0x000001cf8b9c5dd8]
Event: 8535.988 Thread 0x000001cfa24bc740  863       3       java.awt.KeyboardFocusManager::getCurrentKeyboardFocusManager (7 bytes)
Event: 8535.991 Thread 0x000001cfa24bc740 nmethod 863 0x000001cf8b9c6110 code [0x000001cf8b9c6300, 0x000001cf8b9c67b8]

GC Heap History (6 events):
Event: 8466.177 GC heap before
{Heap before GC invocations=0 (full 0):
 garbage-first heap   total 129024K, used 60416K [0x0000000082a00000, 0x0000000100000000)
  region size 1024K, 17 young (17408K), 0 survivors (0K)
 Metaspace       used 7109K, committed 7296K, reserved 1114112K
  class space    used 781K, committed 896K, reserved 1048576K
}
Event: 8466.563 GC heap after
{Heap after GC invocations=1 (full 0):
 garbage-first heap   total 129024K, used 46186K [0x0000000082a00000, 0x0000000100000000)
  region size 1024K, 3 young (3072K), 3 survivors (3072K)
 Metaspace       used 7109K, committed 7296K, reserved 1114112K
  class space    used 781K, committed 896K, reserved 1048576K
}
Event: 8471.160 GC heap before
{Heap before GC invocations=1 (full 0):
 garbage-first heap   total 129024K, used 79978K [0x0000000082a00000, 0x0000000100000000)
  region size 1024K, 5 young (5120K), 3 survivors (3072K)
 Metaspace       used 7114K, committed 7296K, reserved 1114112K
  class space    used 781K, committed 896K, reserved 1048576K
}
Event: 8471.270 GC heap after
{Heap after GC invocations=2 (full 0):
 garbage-first heap   total 129024K, used 78879K [0x0000000082a00000, 0x0000000100000000)
  region size 1024K, 1 young (1024K), 1 survivors (1024K)
 Metaspace       used 7114K, committed 7296K, reserved 1114112K
  class space    used 781K, committed 896K, reserved 1048576K
}
Event: 8539.842 GC heap before
{Heap before GC invocations=3 (full 0):
 garbage-first heap   total 135168K, used 78879K [0x0000000082a00000, 0x0000000100000000)
  region size 1024K, 2 young (2048K), 1 survivors (1024K)
 Metaspace       used 7115K, committed 7296K, reserved 1114112K
  class space    used 781K, committed 896K, reserved 1048576K
}
Event: 8540.170 GC heap after
{Heap after GC invocations=4 (full 0):
 garbage-first heap   total 135168K, used 78732K [0x0000000082a00000, 0x0000000100000000)
  region size 1024K, 1 young (1024K), 1 survivors (1024K)
 Metaspace       used 7115K, committed 7296K, reserved 1114112K
  class space    used 781K, committed 896K, reserved 1048576K
}

Dll operation events (9 events):
Event: 0.010 Loaded shared library C:\Program Files\Java\jdk-19\bin\java.dll
Event: 0.020 Loaded shared library C:\Program Files\Java\jdk-19\bin\jsvml.dll
Event: 0.068 Loaded shared library C:\Program Files\Java\jdk-19\bin\jimage.dll
Event: 0.083 Loaded shared library C:\Program Files\Java\jdk-19\bin\awt.dll
Event: 0.238 Loaded shared library C:\Program Files\Java\jdk-19\bin\zip.dll
Event: 0.488 Loaded shared library C:\Program Files\Java\jdk-19\bin\freetype.dll
Event: 0.490 Loaded shared library C:\Program Files\Java\jdk-19\bin\fontmanager.dll
Event: 0.522 Loaded shared library C:\Program Files\Java\jdk-19\bin\net.dll
Event: 0.524 Loaded shared library C:\Program Files\Java\jdk-19\bin\nio.dll

Deoptimization events (20 events):
Event: 0.453 Thread 0x000001cfa68fa3a0 DEOPT PACKING pc=0x000001cf9336fc64 sp=0x0000003008cfeb50
Event: 0.453 Thread 0x000001cfa68fa3a0 DEOPT UNPACKING pc=0x000001cf92e06da3 sp=0x0000003008cfeab8 mode 2
Event: 0.453 Thread 0x000001cfa68fa3a0 Uncommon trap: trap_request=0xffffff45 fr.pc=0x000001cf9336db18 relative=0x0000000000000358
Event: 0.453 Thread 0x000001cfa68fa3a0 Uncommon trap: reason=unstable_if action=reinterpret pc=0x000001cf9336db18 method=java.util.zip.Inflater.inflate([BII)I @ 314 c2
Event: 0.453 Thread 0x000001cfa68fa3a0 DEOPT PACKING pc=0x000001cf9336db18 sp=0x0000003008cfece0
Event: 0.453 Thread 0x000001cfa68fa3a0 DEOPT UNPACKING pc=0x000001cf92e06da3 sp=0x0000003008cfec50 mode 2
Event: 0.453 Thread 0x000001cfa68fa3a0 Uncommon trap: trap_request=0xffffff45 fr.pc=0x000001cf93367de0 relative=0x0000000000000e40
Event: 0.453 Thread 0x000001cfa68fa3a0 Uncommon trap: reason=unstable_if action=reinterpret pc=0x000001cf93367de0 method=sun.awt.image.PNGImageDecoder.produceImage()V @ 867 c2
Event: 0.453 Thread 0x000001cfa68fa3a0 DEOPT PACKING pc=0x000001cf93367de0 sp=0x0000003008cff040
Event: 0.453 Thread 0x000001cfa68fa3a0 DEOPT UNPACKING pc=0x000001cf92e06da3 sp=0x0000003008cfef90 mode 2
Event: 0.459 Thread 0x000001cfa68fa3a0 DEOPT PACKING pc=0x000001cf8b95ccd8 sp=0x0000003008cfedd0
Event: 0.459 Thread 0x000001cfa68fa3a0 DEOPT UNPACKING pc=0x000001cf92e07543 sp=0x0000003008cfe2c0 mode 0
Event: 0.460 Thread 0x000001cfa68fa3a0 Uncommon trap: trap_request=0xffffff45 fr.pc=0x000001cf93371930 relative=0x0000000000000310
Event: 0.460 Thread 0x000001cfa68fa3a0 Uncommon trap: reason=unstable_if action=reinterpret pc=0x000001cf93371930 method=sun.awt.image.ImageRepresentation.getOpaqueRGBImage()Ljava/awt/image/BufferedImage; @ 57 c2
Event: 0.460 Thread 0x000001cfa68fa3a0 DEOPT PACKING pc=0x000001cf93371930 sp=0x0000003008cfee30
Event: 0.460 Thread 0x000001cfa68fa3a0 DEOPT UNPACKING pc=0x000001cf92e06da3 sp=0x0000003008cfedc0 mode 2
Event: 0.484 Thread 0x000001cfa68fa3a0 Uncommon trap: trap_request=0xffffff45 fr.pc=0x000001cf93371fb4 relative=0x0000000000000274
Event: 0.484 Thread 0x000001cfa68fa3a0 Uncommon trap: reason=unstable_if action=reinterpret pc=0x000001cf93371fb4 method=sun.awt.image.ImageRepresentation.getOpaqueRGBImage()Ljava/awt/image/BufferedImage; @ 71 c2
Event: 0.484 Thread 0x000001cfa68fa3a0 DEOPT PACKING pc=0x000001cf93371fb4 sp=0x0000003008cfedc0
Event: 0.484 Thread 0x000001cfa68fa3a0 DEOPT UNPACKING pc=0x000001cf92e06da3 sp=0x0000003008cfed30 mode 2

Classes loaded (20 events):
Event: 1.818 Loading class javax/swing/JComponent$IntVector
Event: 1.818 Loading class javax/swing/JComponent$IntVector done
Event: 1.818 Loading class javax/swing/KeyboardManager
Event: 1.818 Loading class javax/swing/KeyboardManager done
Event: 1.818 Loading class javax/swing/Popup$HeavyWeightWindow
Event: 1.818 Loading class sun/awt/ModalExclude
Event: 1.818 Loading class sun/awt/ModalExclude done
Event: 1.818 Loading class javax/swing/JWindow
Event: 1.818 Loading class javax/swing/JWindow done
Event: 1.818 Loading class javax/swing/Popup$HeavyWeightWindow done
Event: 2.233 Loading class java/awt/LightweightDispatcher$2
Event: 2.233 Loading class java/awt/LightweightDispatcher$2 done
Event: 3.970 Loading class java/awt/KeyboardFocusManager$2
Event: 3.970 Loading class java/awt/KeyboardFocusManager$2 done
Event: 8448.136 Loading class java/util/WeakHashMap$KeyIterator
Event: 8449.350 Loading class java/util/WeakHashMap$HashIterator
Event: 8449.635 Loading class java/util/WeakHashMap$HashIterator done
Event: 8449.635 Loading class java/util/WeakHashMap$KeyIterator done
Event: 8450.091 Loading class javax/swing/RepaintManager$DisplayChangedRunnable
Event: 8451.083 Loading class javax/swing/RepaintManager$DisplayChangedRunnable done

Classes unloaded (0 events):
No events

Classes redefined (0 events):
No events

Internal exceptions (14 events):
Event: 0.074 Thread 0x000001cf83907e20 Exception <a 'java/lang/ClassNotFoundException'{0x000000008a50e3e0}: sun/awt/resources/spi/awtProvider> (0x000000008a50e3e0) 
thrown [s\open\src\hotspot\share\classfile\systemDictionary.cpp, line 255]
Event: 0.094 Thread 0x000001cf83907e20 Exception <a 'java/io/FileNotFoundException'{0x000000008a567890}> (0x000000008a567890) 
thrown [s\open\src\hotspot\share\prims\jni.cpp, line 517]
Event: 0.103 Thread 0x000001cf83907e20 Exception <a 'java/io/FileNotFoundException'{0x000000008a5941b0}> (0x000000008a5941b0) 
thrown [s\open\src\hotspot\share\prims\jni.cpp, line 517]
Event: 0.129 Thread 0x000001cf83907e20 Exception <a 'java/lang/NoSuchMethodError'{0x000000008a5ca0f8}: 'java.lang.Object java.lang.invoke.DirectMethodHandle$Holder.invokeStaticInit(java.lang.Object)'> (0x000000008a5ca0f8) 
thrown [s\open\src\hotspot\share\interpreter\linkResolver.cpp, line 774]
Event: 0.183 Thread 0x000001cfa68fae40 Exception <a 'java/lang/NoSuchMethodError'{0x000000008a4cf280}: 'void java.lang.invoke.DirectMethodHandle$Holder.invokeSpecial(java.lang.Object, java.lang.Object, java.lang.Object)'> (0x000000008a4cf280) 
thrown [s\open\src\hotspot\share\interpreter\linkResolver.cpp, line 774]
Event: 0.192 Thread 0x000001cfa68fae40 Exception <a 'java/lang/NoSuchMethodError'{0x000000008a30dde8}: 'java.lang.Object java.lang.invoke.DirectMethodHandle$Holder.newInvokeSpecial(java.lang.Object, java.lang.Object, java.lang.Object, java.lang.Object, java.lang.Object)'> (0x000000008a30dde8) 
thrown [s\open\src\hotspot\share\interpreter\linkResolver.cpp, line 774]
Event: 0.198 Thread 0x000001cfa68fae40 Exception <a 'java/lang/NoSuchMethodError'{0x000000008a33f4d0}: 'java.lang.Object java.lang.invoke.DirectMethodHandle$Holder.invokeStatic(java.lang.Object, int, java.lang.Object)'> (0x000000008a33f4d0) 
thrown [s\open\src\hotspot\share\interpreter\linkResolver.cpp, line 774]
Event: 0.221 Thread 0x000001cfa68fae40 Exception <a 'java/lang/ClassNotFoundException'{0x000000008a3fb078}: com/sun/swing/internal/plaf/metal/resources/spi/metalProvider> (0x000000008a3fb078) 
thrown [s\open\src\hotspot\share\classfile\systemDictionary.cpp, line 255]
Event: 0.223 Thread 0x000001cfa68fae40 Exception <a 'java/lang/ClassNotFoundException'{0x000000008a3ff028}: com/sun/swing/internal/plaf/basic/resources/spi/basicProvider> (0x000000008a3ff028) 
thrown [s\open\src\hotspot\share\classfile\systemDictionary.cpp, line 255]
Event: 0.230 Thread 0x000001cfa68fae40 Exception <a 'java/lang/NoSuchMethodError'{0x000000008a21f7d8}: 'int java.lang.invoke.Invokers$Holder.invokeExact_MT(java.lang.Object, java.lang.Object)'> (0x000000008a21f7d8) 
thrown [s\open\src\hotspot\share\interpreter\linkResolver.cpp, line 774]
Event: 0.240 Thread 0x000001cfa68fa3a0 Exception <a 'java/lang/NoSuchMethodError'{0x000000008a2892f0}: 'java.lang.Object java.lang.invoke.DirectMethodHandle$Holder.newInvokeSpecial(java.lang.Object, java.lang.Object, java.lang.Object, int, int, int, int, int)'> (0x000000008a2892f0) 
thrown [s\open\src\hotspot\share\interpreter\linkResolver.cpp, line 774]
Event: 0.498 Thread 0x000001cfa68fae40 Exception <a 'java/io/FileNotFoundException'{0x000000008a240eb8}> (0x000000008a240eb8) 
thrown [s\open\src\hotspot\share\prims\jni.cpp, line 517]
Event: 0.567 Thread 0x000001cfa68fae40 Exception <a 'java/lang/NoSuchMethodError'{0x000000008989d670}: 'void java.lang.invoke.DirectMethodHandle$Holder.invokeStaticInit(java.lang.Object)'> (0x000000008989d670) 
thrown [s\open\src\hotspot\share\interpreter\linkResolver.cpp, line 774]
Event: 0.607 Thread 0x000001cfa68fd370 Exception <a 'java/lang/NoSuchMethodError'{0x000000008a40fd20}: 'void java.lang.invoke.DirectMethodHandle$Holder.invokeVirtual(java.lang.Object, java.lang.Object)'> (0x000000008a40fd20) 
thrown [s\open\src\hotspot\share\interpreter\linkResolver.cpp, line 774]

VM Operations (20 events):
Event: 8445.796 Executing VM operation: Cleanup
Event: 8445.799 Executing VM operation: Cleanup done
Event: 8459.896 Executing VM operation: Cleanup
Event: 8460.025 Executing VM operation: Cleanup done
Event: 8466.075 Executing VM operation: Cleanup
Event: 8466.156 Executing VM operation: Cleanup done
Event: 8466.171 Executing VM operation: G1TryInitiateConcMark
Event: 8466.564 Executing VM operation: G1TryInitiateConcMark done
Event: 8469.591 Executing VM operation: Cleanup
Event: 8469.591 Executing VM operation: Cleanup done
Event: 8471.099 Executing VM operation: G1TryInitiateConcMark
Event: 8471.271 Executing VM operation: G1TryInitiateConcMark done
Event: 8471.730 Executing VM operation: G1PauseRemark
Event: 8472.414 Executing VM operation: G1PauseRemark done
Event: 8472.416 Executing VM operation: G1PauseCleanup
Event: 8472.435 Executing VM operation: G1PauseCleanup done
Event: 8478.475 Executing VM operation: Cleanup
Event: 8478.475 Executing VM operation: Cleanup done
Event: 8539.799 Executing VM operation: G1TryInitiateConcMark
Event: 8540.173 Executing VM operation: G1TryInitiateConcMark done

Events (20 events):
Event: 0.020 Thread 0x000001cf83907e20 Thread added: 0x000001cf83907e20
Event: 0.036 Thread 0x000001cfa24afbe0 Thread added: 0x000001cfa24afbe0
Event: 0.036 Thread 0x000001cfa24b2720 Thread added: 0x000001cfa24b2720
Event: 0.036 Thread 0x000001cfa24b3250 Thread added: 0x000001cfa24b3250
Event: 0.036 Thread 0x000001cfa24b5ef0 Thread added: 0x000001cfa24b5ef0
Event: 0.036 Thread 0x000001cfa24b6820 Thread added: 0x000001cfa24b6820
Event: 0.036 Thread 0x000001cfa24b7150 Thread added: 0x000001cfa24b7150
Event: 0.036 Thread 0x000001cfa24bbdd0 Thread added: 0x000001cfa24bbdd0
Event: 0.036 Thread 0x000001cfa24bc740 Thread added: 0x000001cfa24bc740
Event: 0.036 Thread 0x000001cfa24bd0b0 Thread added: 0x000001cfa24bd0b0
Event: 0.050 Thread 0x000001cfa68fbe30 Thread added: 0x000001cfa68fbe30
Event: 0.053 Thread 0x000001cfa68fc380 Thread added: 0x000001cfa68fc380
Event: 0.130 Thread 0x000001cfa68fc8d0 Thread added: 0x000001cfa68fc8d0
Event: 0.130 Thread 0x000001cfa68fce20 Thread added: 0x000001cfa68fce20
Event: 0.132 Thread 0x000001cfa68fd370 Thread added: 0x000001cfa68fd370
Event: 0.151 Thread 0x000001cfa68fae40 Thread added: 0x000001cfa68fae40
Event: 0.151 Thread 0x000001cf83907e20 Thread exited: 0x000001cf83907e20
Event: 0.151 Thread 0x000001cfa68f9e50 Thread added: 0x000001cfa68f9e50
Event: 0.236 Thread 0x000001cfa68fa3a0 Thread added: 0x000001cfa68fa3a0
Event: 5.493 Thread 0x000001cfa68fa3a0 Thread exited: 0x000001cfa68fa3a0


Dynamic libraries:
0x00007ff7a43b0000 - 0x00007ff7a43c0000 	C:\Program Files\Java\jdk-19\bin\javaw.exe
0x00007ffce2530000 - 0x00007ffce2747000 	C:\Windows\SYSTEM32\ntdll.dll
0x00007ffce1a00000 - 0x00007ffce1ac4000 	C:\Windows\System32\KERNEL32.DLL
0x00007ffcdfdc0000 - 0x00007ffce0166000 	C:\Windows\System32\KERNELBASE.dll
0x00007ffcdfc00000 - 0x00007ffcdfd11000 	C:\Windows\System32\ucrtbase.dll
0x00007ffcda750000 - 0x00007ffcda768000 	C:\Program Files\Java\jdk-19\bin\jli.dll
0x00007ffcd9460000 - 0x00007ffcd947b000 	C:\Program Files\Java\jdk-19\bin\VCRUNTIME140.dll
0x00007ffce0320000 - 0x00007ffce03d0000 	C:\Windows\System32\ADVAPI32.dll
0x00007ffce0de0000 - 0x00007ffce0e87000 	C:\Windows\System32\msvcrt.dll
0x00007ffce0c50000 - 0x00007ffce0cf6000 	C:\Windows\System32\sechost.dll
0x00007ffce0b30000 - 0x00007ffce0c47000 	C:\Windows\System32\RPCRT4.dll
0x00007ffce0860000 - 0x00007ffce0a0d000 	C:\Windows\System32\USER32.dll
0x00007ffce01f0000 - 0x00007ffce0216000 	C:\Windows\System32\win32u.dll
0x00007ffce24a0000 - 0x00007ffce24c9000 	C:\Windows\System32\GDI32.dll
0x00007ffcdfa20000 - 0x00007ffcdfb38000 	C:\Windows\System32\gdi32full.dll
0x00007ffcdfd20000 - 0x00007ffcdfdba000 	C:\Windows\System32\msvcp_win.dll
0x00007ffcc29a0000 - 0x00007ffcc2c33000 	C:\Windows\WinSxS\amd64_microsoft.windows.common-controls_6595b64144ccf1df_6.0.22621.2361_none_2712ced57382f843\COMCTL32.dll
0x00007ffcc9aa0000 - 0x00007ffcc9aaa000 	C:\Windows\SYSTEM32\VERSION.dll
0x00007ffce07c0000 - 0x00007ffce07f1000 	C:\Windows\System32\IMM32.DLL
0x00007ffcd93e0000 - 0x00007ffcd93ec000 	C:\Program Files\Java\jdk-19\bin\vcruntime140_1.dll
0x00007ffcc34a0000 - 0x00007ffcc352e000 	C:\Program Files\Java\jdk-19\bin\msvcp140.dll
0x00007ffc46ef0000 - 0x00007ffc47bb0000 	C:\Program Files\Java\jdk-19\bin\server\jvm.dll
0x00007ffcc4d20000 - 0x00007ffcc4d29000 	C:\Windows\SYSTEM32\WSOCK32.dll
0x00007ffce1980000 - 0x00007ffce19f1000 	C:\Windows\System32\WS2_32.dll
0x00007ffcd7ab0000 - 0x00007ffcd7ae4000 	C:\Windows\SYSTEM32\WINMM.dll
0x00007ffcde950000 - 0x00007ffcde968000 	C:\Windows\SYSTEM32\kernel.appcore.dll
0x00007ffcd87f0000 - 0x00007ffcd87fa000 	C:\Program Files\Java\jdk-19\bin\jimage.dll
0x00007ffcdd0f0000 - 0x00007ffcdd31e000 	C:\Windows\SYSTEM32\DBGHELP.DLL
0x00007ffce1c90000 - 0x00007ffce201a000 	C:\Windows\System32\combase.dll
0x00007ffce0d00000 - 0x00007ffce0dd7000 	C:\Windows\System32\OLEAUT32.dll
0x00007ffcc5ba0000 - 0x00007ffcc5bd2000 	C:\Windows\SYSTEM32\dbgcore.DLL
0x00007ffce0170000 - 0x00007ffce01ea000 	C:\Windows\System32\bcryptPrimitives.dll
0x00007ffccf460000 - 0x00007ffccf486000 	C:\Program Files\Java\jdk-19\bin\java.dll
0x00007ffcab530000 - 0x00007ffcab607000 	C:\Program Files\Java\jdk-19\bin\jsvml.dll
0x00007ffce1060000 - 0x00007ffce18b8000 	C:\Windows\System32\SHELL32.dll
0x00007ffcdd7d0000 - 0x00007ffcde0c2000 	C:\Windows\SYSTEM32\windows.storage.dll
0x00007ffcdd690000 - 0x00007ffcdd7ce000 	C:\Windows\SYSTEM32\wintypes.dll
0x00007ffce0a10000 - 0x00007ffce0b03000 	C:\Windows\System32\SHCORE.dll
0x00007ffce0e90000 - 0x00007ffce0eee000 	C:\Windows\System32\shlwapi.dll
0x00007ffcdf7e0000 - 0x00007ffcdf806000 	C:\Windows\SYSTEM32\profapi.dll
0x00007ffc7c850000 - 0x00007ffc7c9e1000 	C:\Program Files\Java\jdk-19\bin\awt.dll
0x00007ffcdc2b0000 - 0x00007ffcdc347000 	C:\Windows\SYSTEM32\apphelp.dll
0x00007ffcdc3b0000 - 0x00007ffcdc45b000 	C:\Windows\system32\uxtheme.dll
0x00007ffce0460000 - 0x00007ffce05ac000 	C:\Windows\System32\MSCTF.dll
0x00007ffce1ad0000 - 0x00007ffce1c6f000 	C:\Windows\System32\ole32.dll
0x00007ffcdcba0000 - 0x00007ffcdcbcb000 	C:\Windows\system32\DWMAPI.DLL
0x00007ffc7a8b0000 - 0x00007ffc7a9b0000 	C:\Windows\system32\opengl32.dll
0x00007ffcb4bb0000 - 0x00007ffcb4bdd000 	C:\Windows\SYSTEM32\GLU32.dll
0x00007ffcdca20000 - 0x00007ffcdca56000 	C:\Windows\SYSTEM32\dxcore.dll
0x00007ffcc39d0000 - 0x00007ffcc39e8000 	C:\Program Files\Java\jdk-19\bin\zip.dll
0x00007ffca70b0000 - 0x00007ffca7136000 	C:\Program Files\Java\jdk-19\bin\freetype.dll
0x00007ffca2030000 - 0x00007ffca20f6000 	C:\Program Files\Java\jdk-19\bin\fontmanager.dll
0x00007ffccaf20000 - 0x00007ffccaf33000 	C:\Program Files\Java\jdk-19\bin\net.dll
0x00007ffcd9250000 - 0x00007ffcd9387000 	C:\Windows\SYSTEM32\WINHTTP.dll
0x00007ffcdee60000 - 0x00007ffcdeec9000 	C:\Windows\system32\mswsock.dll
0x00007ffcca930000 - 0x00007ffcca946000 	C:\Program Files\Java\jdk-19\bin\nio.dll
0x00007ffcd5d70000 - 0x00007ffcd5eba000 	C:\Windows\SYSTEM32\textinputframework.dll
0x00007ffcc09e0000 - 0x00007ffcc0a49000 	C:\Windows\system32\Oleacc.dll
0x00007ffcdbfc0000 - 0x00007ffcdc0f3000 	C:\Windows\SYSTEM32\CoreMessaging.dll
0x00007ffcd75c0000 - 0x00007ffcd792c000 	C:\Windows\SYSTEM32\CoreUIComponents.dll
0x00007ffcdf0b0000 - 0x00007ffcdf0bc000 	C:\Windows\SYSTEM32\CRYPTBASE.DLL

dbghelp: loaded successfully - version: 4.0.5 - missing functions: none
symbol engine: initialized successfully - sym options: 0x614 - pdb path: .;C:\Program Files\Java\jdk-19\bin;C:\Windows\SYSTEM32;C:\Windows\WinSxS\amd64_microsoft.windows.common-controls_6595b64144ccf1df_6.0.22621.2361_none_2712ced57382f843;C:\Program Files\Java\jdk-19\bin\server

VM Arguments:
jvm_args: -Dfile.encoding=UTF-8 -XX:+ShowCodeDetailsInExceptionMessages 
java_command: Pokemon_Save_Area.Pokemon_Save_Area
java_class_path (initial): C:\Project\GameProject-DB_feature\Pokemon_Save_Area\bin
Launcher Type: SUN_STANDARD

[Global flags]
     intx CICompilerCount                          = 4                                         {product} {ergonomic}
     uint ConcGCThreads                            = 3                                         {product} {ergonomic}
     uint G1ConcRefinementThreads                  = 10                                        {product} {ergonomic}
   size_t G1HeapRegionSize                         = 1048576                                   {product} {ergonomic}
    uintx GCDrainStackTargetSize                   = 64                                        {product} {ergonomic}
   size_t InitialHeapSize                          = 132120576                                 {product} {ergonomic}
   size_t MarkStackSize                            = 4194304                                   {product} {ergonomic}
   size_t MaxHeapSize                              = 2103443456                                {product} {ergonomic}
   size_t MaxNewSize                               = 1261436928                                {product} {ergonomic}
   size_t MinHeapDeltaBytes                        = 1048576                                   {product} {ergonomic}
   size_t MinHeapSize                              = 8388608                                   {product} {ergonomic}
    uintx NonNMethodCodeHeapSize                   = 5839372                                {pd product} {ergonomic}
    uintx NonProfiledCodeHeapSize                  = 122909434                              {pd product} {ergonomic}
    uintx ProfiledCodeHeapSize                     = 122909434                              {pd product} {ergonomic}
    uintx ReservedCodeCacheSize                    = 251658240                              {pd product} {ergonomic}
     bool SegmentedCodeCache                       = true                                      {product} {ergonomic}
     bool ShowCodeDetailsInExceptionMessages       = true                                   {manageable} {command line}
   size_t SoftMaxHeapSize                          = 2103443456                             {manageable} {ergonomic}
     bool UseCompressedClassPointers               = true                           {product lp64_product} {ergonomic}
     bool UseCompressedOops                        = true                           {product lp64_product} {ergonomic}
     bool UseG1GC                                  = true                                      {product} {ergonomic}
     bool UseLargePagesIndividualAllocation        = false                                  {pd product} {ergonomic}

Logging:
Log output configuration:
 #0: stdout all=warning uptime,level,tags foldmultilines=false
 #1: stderr all=off uptime,level,tags foldmultilines=false

Environment Variables:
PATH=C:\oraclexe\app\oracle\product\11.2.0\server\bin;;C:\Program Files\Common Files\Oracle\Java\javapath;C:\Windows\system32;C:\Windows;C:\Windows\System32\Wbem;C:\Windows\System32\WindowsPowerShell\v1.0\;C:\Windows\System32\OpenSSH\;C:\Program Files\Git\cmd;C:\Program Files\dotnet\;C:\Program Files\MySQL\MySQL Shell 8.0\bin\;C:\Users\bak33\AppData\Local\Programs\Python\Python311\Scripts\;C:\Users\bak33\AppData\Local\Programs\Python\Python311\;C:\Users\bak33\AppData\Local\Microsoft\WindowsApps;;C:\Users\bak33\AppData\Local\Programs\Microsoft VS Code\bin;C:\Users\bak33\AppData\Local\afreeca
USERNAME=bak33
OS=Windows_NT
PROCESSOR_IDENTIFIER=Intel64 Family 6 Model 154 Stepping 4, GenuineIntel
TMP=C:\Users\bak33\AppData\Local\Temp
TEMP=C:\Users\bak33\AppData\Local\Temp



---------------  S Y S T E M  ---------------

OS:
 Windows 11 , 64 bit Build 22621 (10.0.22621.2428)
OS uptime: 7 days 23:34 hours
Hyper-V role detected

CPU: total 12 (initial active 12) (6 cores per cpu, 2 threads per core) family 6 model 154 stepping 4 microcode 0x420, cx8, cmov, fxsr, ht, mmx, 3dnowpref, sse, sse2, sse3, ssse3, sse4.1, sse4.2, popcnt, lzcnt, tsc, tscinvbit, avx, avx2, aes, erms, clmul, bmi1, bmi2, adx, sha, fma, vzeroupper, clflush, clflushopt, clwb, hv, serialize, rdtscp, rdpid, fsrm

Memory: 4k page, system-wide physical 8017M (225M free)
TotalPageFile size 32593M (AvailPageFile size 2664M)
current process WorkingSet (physical memory assigned to process): 15M, peak: 84M
current process commit charge ("private bytes"): 231M, peak: 232M

vm_info: Java HotSpot(TM) 64-Bit Server VM (19.0.2+7-44) for windows-amd64 JRE (19.0.2+7-44), built on 2022-11-30T18:02:09Z by "mach5one" with MS VC++ 17.1 (VS2022)

END.
