#
# There is insufficient memory for the Java Runtime Environment to continue.
# Native memory allocation (mmap) failed to map 6291456 bytes for G1 virtual space
# Possible reasons:
#   The system is out of physical RAM or swap space
#   The process is running with CompressedOops enabled, and the Java Heap may be blocking the growth of the native heap
# Possible solutions:
#   Reduce memory load on the system
#   Increase physical memory or swap space
#   Check if swap backing store is full
#   Decrease Java heap size (-Xmx/-Xms)
#   Decrease number of Java threads
#   Decrease Java thread stack sizes (-Xss)
#   Set larger code cache with -XX:ReservedCodeCacheSize=
#   JVM is running with Unscaled Compressed Oops mode in which the Java heap is
#     placed in the first 4GB address space. The Java Heap base address is the
#     maximum limit for the native heap growth. Please use -XX:HeapBaseMinAddress
#     to set the Java Heap base and to place the Java Heap above 4GB virtual address.
# This output file may be truncated or incomplete.
#
#  Out of Memory Error (os_windows.cpp:3536), pid=26348, tid=34140
#
# JRE version: Java(TM) SE Runtime Environment (19.0.2+7) (build 19.0.2+7-44)
# Java VM: Java HotSpot(TM) 64-Bit Server VM (19.0.2+7-44, mixed mode, sharing, tiered, compressed oops, compressed class ptrs, g1 gc, windows-amd64)
# No core dump will be written. Minidumps are not enabled by default on client versions of Windows
#

---------------  S U M M A R Y ------------

Command Line: -Dfile.encoding=UTF-8 -XX:+ShowCodeDetailsInExceptionMessages Pokemon_Save_Area.Pokemon_Save_Area

Host: 12th Gen Intel(R) Core(TM) i5-1235U, 12 cores, 7G,  Windows 11 , 64 bit Build 22621 (10.0.22621.2428)
Time: Sat Nov 11 19:47:56 2023  Windows 11 , 64 bit Build 22621 (10.0.22621.2428) elapsed time: 17480.429106 seconds (0d 4h 51m 20s)

---------------  T H R E A D  ---------------

Current thread (0x0000027e5887c830):  VMThread "VM Thread" [stack: 0x000000ff1dc00000,0x000000ff1dd00000] [id=34140]

Stack: [0x000000ff1dc00000,0x000000ff1dd00000]
Native frames: (J=compiled Java code, j=interpreted, Vv=VM code, C=native code)
V  [jvm.dll+0x6ee21a]
V  [jvm.dll+0x85765e]
V  [jvm.dll+0x85904e]
V  [jvm.dll+0x859703]
V  [jvm.dll+0x28298f]
V  [jvm.dll+0x6eb009]
V  [jvm.dll+0x6dfbaa]
V  [jvm.dll+0x3573f6]
V  [jvm.dll+0x35ee56]
V  [jvm.dll+0x3b541e]
V  [jvm.dll+0x3b564f]
V  [jvm.dll+0x32c9ea]
V  [jvm.dll+0x32f576]
V  [jvm.dll+0x33a0f5]
V  [jvm.dll+0x372bc0]
V  [jvm.dll+0x85ebc3]
V  [jvm.dll+0x85f989]
V  [jvm.dll+0x85febd]
V  [jvm.dll+0x86034b]
V  [jvm.dll+0x860407]
V  [jvm.dll+0x80125a]
V  [jvm.dll+0x6ecf0b]
C  [ucrtbase.dll+0x29363]
C  [KERNEL32.DLL+0x1257d]
C  [ntdll.dll+0x5aa78]

VM_Operation (0x000000ff1d8ff5a0): G1PauseRemark, mode: safepoint, requested by thread 0x0000027e39d79aa0


---------------  P R O C E S S  ---------------

Threads class SMR info:
_java_thread_list=0x0000027e5d254530, length=16, elements={
0x0000027e5889d9f0, 0x0000027e588a0530, 0x0000027e588a13a0, 0x0000027e588a3de0,
0x0000027e588a48b0, 0x0000027e588ad6f0, 0x0000027e588b3520, 0x0000027e588b9fc0,
0x0000027e588dc980, 0x0000027e588dbee0, 0x0000027e588dc430, 0x0000027e588dced0,
0x0000027e588da9a0, 0x0000027e588daef0, 0x0000027e588dd420, 0x0000027e588dd970
}

Java Threads: ( => current thread )
  0x0000027e5889d9f0 JavaThread "Reference Handler" daemon [_thread_blocked, id=6004, stack(0x000000ff1dd00000,0x000000ff1de00000)]
  0x0000027e588a0530 JavaThread "Finalizer" daemon [_thread_blocked, id=16824, stack(0x000000ff1de00000,0x000000ff1df00000)]
  0x0000027e588a13a0 JavaThread "Signal Dispatcher" daemon [_thread_blocked, id=10748, stack(0x000000ff1df00000,0x000000ff1e000000)]
  0x0000027e588a3de0 JavaThread "Attach Listener" daemon [_thread_blocked, id=7296, stack(0x000000ff1e000000,0x000000ff1e100000)]
  0x0000027e588a48b0 JavaThread "Service Thread" daemon [_thread_blocked, id=11096, stack(0x000000ff1e100000,0x000000ff1e200000)]
  0x0000027e588ad6f0 JavaThread "Monitor Deflation Thread" daemon [_thread_blocked, id=15900, stack(0x000000ff1e200000,0x000000ff1e300000)]
  0x0000027e588b3520 JavaThread "C2 CompilerThread0" daemon [_thread_blocked, id=13436, stack(0x000000ff1e300000,0x000000ff1e400000)]
  0x0000027e588b9fc0 JavaThread "C1 CompilerThread0" daemon [_thread_blocked, id=25396, stack(0x000000ff1e400000,0x000000ff1e500000)]
  0x0000027e588dc980 JavaThread "Sweeper thread" daemon [_thread_blocked, id=26336, stack(0x000000ff1e500000,0x000000ff1e600000)]
  0x0000027e588dbee0 JavaThread "Notification Thread" daemon [_thread_blocked, id=33976, stack(0x000000ff1e600000,0x000000ff1e700000)]
  0x0000027e588dc430 JavaThread "Common-Cleaner" daemon [_thread_blocked, id=17124, stack(0x000000ff1e800000,0x000000ff1e900000)]
  0x0000027e588dced0 JavaThread "Java2D Disposer" daemon [_thread_blocked, id=13220, stack(0x000000ff1e900000,0x000000ff1ea00000)]
  0x0000027e588da9a0 JavaThread "AWT-Shutdown" [_thread_blocked, id=23696, stack(0x000000ff1ea00000,0x000000ff1eb00000)]
  0x0000027e588daef0 JavaThread "AWT-Windows" daemon [_thread_blocked, id=10208, stack(0x000000ff1eb00000,0x000000ff1ec00000)]
  0x0000027e588dd420 JavaThread "AWT-EventQueue-0" [_thread_blocked, id=16972, stack(0x000000ff1ec00000,0x000000ff1ed00000)]
  0x0000027e588dd970 JavaThread "DestroyJavaVM" [_thread_blocked, id=30840, stack(0x000000ff1d600000,0x000000ff1d700000)]

Other Threads:
=>0x0000027e5887c830 VMThread "VM Thread" [stack: 0x000000ff1dc00000,0x000000ff1dd00000] [id=34140]
  0x0000027e5cd1a340 WatcherThread "VM Periodic Task Thread" [stack: 0x000000ff1e700000,0x000000ff1e800000] [id=32328]
  0x0000027e39d68830 WorkerThread "GC Thread#0" [stack: 0x000000ff1d700000,0x000000ff1d800000] [id=12980]
  0x0000027e5cd4e370 WorkerThread "GC Thread#1" [stack: 0x000000ff1d300000,0x000000ff1d400000] [id=29652]
  0x0000027e5ccd8560 WorkerThread "GC Thread#2" [stack: 0x000000ff1d400000,0x000000ff1d500000] [id=23424]
  0x0000027e5ccd8b00 WorkerThread "GC Thread#3" [stack: 0x000000ff1d500000,0x000000ff1d600000] [id=16116]
  0x0000027e5ccd8830 WorkerThread "GC Thread#4" [stack: 0x000000ff1ed00000,0x000000ff1ee00000] [id=7032]
  0x0000027e5ccd8290 WorkerThread "GC Thread#5" [stack: 0x000000ff1ee00000,0x000000ff1ef00000] [id=28040]
  0x0000027e5ccd8dd0 WorkerThread "GC Thread#6" [stack: 0x000000ff1ef00000,0x000000ff1f000000] [id=24804]
  0x0000027e39d79aa0 ConcurrentGCThread "G1 Main Marker" [stack: 0x000000ff1d800000,0x000000ff1d900000] [id=16928]
  0x0000027e39d7a3e0 WorkerThread "G1 Conc#0" [stack: 0x000000ff1d900000,0x000000ff1da00000] [id=22144]
  0x0000027e5ccd9910 WorkerThread "G1 Conc#1" [stack: 0x000000ff1f000000,0x000000ff1f100000] [id=1072]
  0x0000027e5ccd9640 WorkerThread "G1 Conc#2" [stack: 0x000000ff1f100000,0x000000ff1f200000] [id=31696]
  0x0000027e5873b520 ConcurrentGCThread "G1 Refine#0" [stack: 0x000000ff1da00000,0x000000ff1db00000] [id=17560]
  0x0000027e5873bd10 ConcurrentGCThread "G1 Service" [stack: 0x000000ff1db00000,0x000000ff1dc00000] [id=10640]

Threads with active compile tasks:

VM state: at safepoint (normal execution)

VM Mutex/Monitor currently owned by a thread:  ([mutex/lock_event])
[0x0000027e39d038a0] Threads_lock - owner thread: 0x0000027e5887c830
[0x0000027e39d02c40] Heap_lock - owner thread: 0x0000027e39d79aa0

Heap address: 0x0000000082a00000, size: 2006 MB, Compressed Oops mode: 32-bit

CDS archive(s) mapped at: [0x0000000800000000-0x0000000800c40000-0x0000000800c40000), size 12845056, SharedBaseAddress: 0x0000000800000000, ArchiveRelocationMode: 0.
Compressed class space mapped at: 0x0000000801000000-0x0000000841000000, reserved size: 1073741824
Narrow klass base: 0x0000000800000000, Narrow klass shift: 0, Narrow klass range: 0x100000000

GC Precious Log:
 CardTable entry size: 512
 Card Set container configuration: InlinePtr #cards 5 size 8 Array Of Cards #cards 12 size 40 Howl #buckets 4 coarsen threshold 1843 Howl Bitmap #cards 512 size 80 coarsen threshold 460 Card regions per heap region 1 cards per card region 2048
 CPUs: 12 total, 12 available
 Memory: 8017M
 Large Page Support: Disabled
 NUMA Support: Disabled
 Compressed Oops: Enabled (32-bit)
 Heap Region Size: 1M
 Heap Min Capacity: 8M
 Heap Initial Capacity: 126M
 Heap Max Capacity: 2006M
 Pre-touch: Disabled
 Parallel Workers: 10
 Concurrent Workers: 3
 Concurrent Refinement Workers: 10
 Periodic GC: Disabled

Heap:
 garbage-first heap   total 129024K, used 78751K [0x0000000082a00000, 0x0000000100000000)
  region size 1024K, 2 young (2048K), 1 survivors (1024K)
 Metaspace       used 7260K, committed 7488K, reserved 1114112K
  class space    used 777K, committed 896K, reserved 1048576K

Heap Regions: E=young(eden), S=young(survivor), O=old, HS=humongous(starts), HC=humongous(continues), CS=collection set, F=free, OA=open archive, CA=closed archive, TAMS=top-at-mark-start (previous, next)
|   0|0x0000000082a00000, 0x0000000082b00000, 0x0000000082b00000|100%|HS|  |TAMS 0x0000000082b00000, 0x0000000082a00000| Complete 
|   1|0x0000000082b00000, 0x0000000082c00000, 0x0000000082c00000|100%|HC|  |TAMS 0x0000000082c00000, 0x0000000082b00000| Complete 
|   2|0x0000000082c00000, 0x0000000082d00000, 0x0000000082d00000|100%|HC|  |TAMS 0x0000000082d00000, 0x0000000082c00000| Complete 
|   3|0x0000000082d00000, 0x0000000082e00000, 0x0000000082e00000|100%|HC|  |TAMS 0x0000000082e00000, 0x0000000082d00000| Complete 
|   4|0x0000000082e00000, 0x0000000082f00000, 0x0000000082f00000|100%|HC|  |TAMS 0x0000000082f00000, 0x0000000082e00000| Complete 
|   5|0x0000000082f00000, 0x0000000083000000, 0x0000000083000000|100%|HC|  |TAMS 0x0000000083000000, 0x0000000082f00000| Complete 
|   6|0x0000000083000000, 0x0000000083100000, 0x0000000083100000|100%|HC|  |TAMS 0x0000000083100000, 0x0000000083000000| Complete 
|   7|0x0000000083100000, 0x0000000083200000, 0x0000000083200000|100%|HC|  |TAMS 0x0000000083200000, 0x0000000083100000| Complete 
|   8|0x0000000083200000, 0x0000000083300000, 0x0000000083300000|100%|HS|  |TAMS 0x0000000083300000, 0x0000000083200000| Complete 
|   9|0x0000000083300000, 0x0000000083400000, 0x0000000083400000|100%|HC|  |TAMS 0x0000000083400000, 0x0000000083300000| Complete 
|  10|0x0000000083400000, 0x0000000083500000, 0x0000000083500000|100%|HS|  |TAMS 0x0000000083500000, 0x0000000083400000| Complete 
|  11|0x0000000083500000, 0x0000000083600000, 0x0000000083600000|100%|HC|  |TAMS 0x0000000083600000, 0x0000000083500000| Complete 
|  12|0x0000000083600000, 0x0000000083700000, 0x0000000083700000|100%|HC|  |TAMS 0x0000000083700000, 0x0000000083600000| Complete 
|  13|0x0000000083700000, 0x0000000083800000, 0x0000000083800000|100%|HC|  |TAMS 0x0000000083800000, 0x0000000083700000| Complete 
|  14|0x0000000083800000, 0x0000000083900000, 0x0000000083900000|100%|HC|  |TAMS 0x0000000083900000, 0x0000000083800000| Complete 
|  15|0x0000000083900000, 0x0000000083a00000, 0x0000000083a00000|100%|HC|  |TAMS 0x0000000083a00000, 0x0000000083900000| Complete 
|  16|0x0000000083a00000, 0x0000000083b00000, 0x0000000083b00000|100%|HC|  |TAMS 0x0000000083b00000, 0x0000000083a00000| Complete 
|  17|0x0000000083b00000, 0x0000000083c00000, 0x0000000083c00000|100%|HC|  |TAMS 0x0000000083c00000, 0x0000000083b00000| Complete 
|  18|0x0000000083c00000, 0x0000000083c00000, 0x0000000083d00000|  0%| F|  |TAMS 0x0000000083c00000, 0x0000000083c00000| Untracked 
|  19|0x0000000083d00000, 0x0000000083d00000, 0x0000000083e00000|  0%| F|  |TAMS 0x0000000083d00000, 0x0000000083d00000| Untracked 
|  20|0x0000000083e00000, 0x0000000083e00000, 0x0000000083f00000|  0%| F|  |TAMS 0x0000000083e00000, 0x0000000083e00000| Untracked 
|  21|0x0000000083f00000, 0x0000000083f00000, 0x0000000084000000|  0%| F|  |TAMS 0x0000000083f00000, 0x0000000083f00000| Untracked 
|  22|0x0000000084000000, 0x0000000084000000, 0x0000000084100000|  0%| F|  |TAMS 0x0000000084000000, 0x0000000084000000| Untracked 
|  23|0x0000000084100000, 0x0000000084100000, 0x0000000084200000|  0%| F|  |TAMS 0x0000000084100000, 0x0000000084100000| Untracked 
|  24|0x0000000084200000, 0x0000000084200000, 0x0000000084300000|  0%| F|  |TAMS 0x0000000084200000, 0x0000000084200000| Untracked 
|  25|0x0000000084300000, 0x0000000084300000, 0x0000000084400000|  0%| F|  |TAMS 0x0000000084300000, 0x0000000084300000| Untracked 
|  26|0x0000000084400000, 0x0000000084400000, 0x0000000084500000|  0%| F|  |TAMS 0x0000000084400000, 0x0000000084400000| Untracked 
|  27|0x0000000084500000, 0x0000000084500000, 0x0000000084600000|  0%| F|  |TAMS 0x0000000084500000, 0x0000000084500000| Untracked 
|  28|0x0000000084600000, 0x0000000084600000, 0x0000000084700000|  0%| F|  |TAMS 0x0000000084600000, 0x0000000084600000| Untracked 
|  29|0x0000000084700000, 0x0000000084700000, 0x0000000084800000|  0%| F|  |TAMS 0x0000000084700000, 0x0000000084700000| Untracked 
|  30|0x0000000084800000, 0x0000000084800000, 0x0000000084900000|  0%| F|  |TAMS 0x0000000084800000, 0x0000000084800000| Untracked 
|  31|0x0000000084900000, 0x0000000084900000, 0x0000000084a00000|  0%| F|  |TAMS 0x0000000084900000, 0x0000000084900000| Untracked 
|  32|0x0000000084a00000, 0x0000000084a00000, 0x0000000084b00000|  0%| F|  |TAMS 0x0000000084a00000, 0x0000000084a00000| Untracked 
|  33|0x0000000084b00000, 0x0000000084b00000, 0x0000000084c00000|  0%| F|  |TAMS 0x0000000084b00000, 0x0000000084b00000| Untracked 
|  34|0x0000000084c00000, 0x0000000084c00000, 0x0000000084d00000|  0%| F|  |TAMS 0x0000000084c00000, 0x0000000084c00000| Untracked 
|  35|0x0000000084d00000, 0x0000000084d00000, 0x0000000084e00000|  0%| F|  |TAMS 0x0000000084d00000, 0x0000000084d00000| Untracked 
|  36|0x0000000084e00000, 0x0000000084e00000, 0x0000000084f00000|  0%| F|  |TAMS 0x0000000084e00000, 0x0000000084e00000| Untracked 
|  37|0x0000000084f00000, 0x0000000084f00000, 0x0000000085000000|  0%| F|  |TAMS 0x0000000084f00000, 0x0000000084f00000| Untracked 
|  38|0x0000000085000000, 0x0000000085000000, 0x0000000085100000|  0%| F|  |TAMS 0x0000000085000000, 0x0000000085000000| Untracked 
|  39|0x0000000085100000, 0x0000000085100000, 0x0000000085200000|  0%| F|  |TAMS 0x0000000085100000, 0x0000000085100000| Untracked 
|  40|0x0000000085200000, 0x0000000085200000, 0x0000000085300000|  0%| F|  |TAMS 0x0000000085200000, 0x0000000085200000| Untracked 
|  41|0x0000000085300000, 0x0000000085300000, 0x0000000085400000|  0%| F|  |TAMS 0x0000000085300000, 0x0000000085300000| Untracked 
|  42|0x0000000085400000, 0x0000000085400000, 0x0000000085500000|  0%| F|  |TAMS 0x0000000085400000, 0x0000000085400000| Untracked 
|  43|0x0000000085500000, 0x0000000085600000, 0x0000000085600000|100%|HS|  |TAMS 0x0000000085600000, 0x0000000085500000| Complete 
|  44|0x0000000085600000, 0x0000000085700000, 0x0000000085700000|100%|HC|  |TAMS 0x0000000085700000, 0x0000000085600000| Complete 
|  45|0x0000000085700000, 0x0000000085800000, 0x0000000085800000|100%|HC|  |TAMS 0x0000000085800000, 0x0000000085700000| Complete 
|  46|0x0000000085800000, 0x0000000085900000, 0x0000000085900000|100%|HC|  |TAMS 0x0000000085900000, 0x0000000085800000| Complete 
|  47|0x0000000085900000, 0x0000000085a00000, 0x0000000085a00000|100%|HC|  |TAMS 0x0000000085a00000, 0x0000000085900000| Complete 
|  48|0x0000000085a00000, 0x0000000085b00000, 0x0000000085b00000|100%|HC|  |TAMS 0x0000000085b00000, 0x0000000085a00000| Complete 
|  49|0x0000000085b00000, 0x0000000085c00000, 0x0000000085c00000|100%|HC|  |TAMS 0x0000000085c00000, 0x0000000085b00000| Complete 
|  50|0x0000000085c00000, 0x0000000085d00000, 0x0000000085d00000|100%|HC|  |TAMS 0x0000000085d00000, 0x0000000085c00000| Complete 
|  51|0x0000000085d00000, 0x0000000085e00000, 0x0000000085e00000|100%|HC|  |TAMS 0x0000000085e00000, 0x0000000085d00000| Complete 
|  52|0x0000000085e00000, 0x0000000085f00000, 0x0000000085f00000|100%|HC|  |TAMS 0x0000000085f00000, 0x0000000085e00000| Complete 
|  53|0x0000000085f00000, 0x0000000086000000, 0x0000000086000000|100%|HC|  |TAMS 0x0000000086000000, 0x0000000085f00000| Complete 
|  54|0x0000000086000000, 0x0000000086100000, 0x0000000086100000|100%|HC|  |TAMS 0x0000000086100000, 0x0000000086000000| Complete 
|  55|0x0000000086100000, 0x0000000086200000, 0x0000000086200000|100%|HC|  |TAMS 0x0000000086200000, 0x0000000086100000| Complete 
|  56|0x0000000086200000, 0x0000000086300000, 0x0000000086300000|100%|HC|  |TAMS 0x0000000086300000, 0x0000000086200000| Complete 
|  57|0x0000000086300000, 0x0000000086400000, 0x0000000086400000|100%|HC|  |TAMS 0x0000000086400000, 0x0000000086300000| Complete 
|  58|0x0000000086400000, 0x0000000086500000, 0x0000000086500000|100%|HC|  |TAMS 0x0000000086500000, 0x0000000086400000| Complete 
|  59|0x0000000086500000, 0x0000000086600000, 0x0000000086600000|100%|HC|  |TAMS 0x0000000086600000, 0x0000000086500000| Complete 
|  60|0x0000000086600000, 0x0000000086700000, 0x0000000086700000|100%|HC|  |TAMS 0x0000000086700000, 0x0000000086600000| Complete 
|  61|0x0000000086700000, 0x0000000086800000, 0x0000000086800000|100%|HC|  |TAMS 0x0000000086800000, 0x0000000086700000| Complete 
|  62|0x0000000086800000, 0x0000000086900000, 0x0000000086900000|100%|HC|  |TAMS 0x0000000086900000, 0x0000000086800000| Complete 
|  63|0x0000000086900000, 0x0000000086a00000, 0x0000000086a00000|100%|HC|  |TAMS 0x0000000086a00000, 0x0000000086900000| Complete 
|  64|0x0000000086a00000, 0x0000000086b00000, 0x0000000086b00000|100%|HC|  |TAMS 0x0000000086b00000, 0x0000000086a00000| Complete 
|  65|0x0000000086b00000, 0x0000000086c00000, 0x0000000086c00000|100%|HC|  |TAMS 0x0000000086c00000, 0x0000000086b00000| Complete 
|  66|0x0000000086c00000, 0x0000000086d00000, 0x0000000086d00000|100%|HC|  |TAMS 0x0000000086d00000, 0x0000000086c00000| Complete 
|  67|0x0000000086d00000, 0x0000000086e00000, 0x0000000086e00000|100%|HC|  |TAMS 0x0000000086e00000, 0x0000000086d00000| Complete 
|  68|0x0000000086e00000, 0x0000000086f00000, 0x0000000086f00000|100%|HC|  |TAMS 0x0000000086f00000, 0x0000000086e00000| Complete 
|  69|0x0000000086f00000, 0x0000000087000000, 0x0000000087000000|100%|HC|  |TAMS 0x0000000087000000, 0x0000000086f00000| Complete 
|  70|0x0000000087000000, 0x0000000087100000, 0x0000000087100000|100%|HC|  |TAMS 0x0000000087100000, 0x0000000087000000| Complete 
|  71|0x0000000087100000, 0x0000000087200000, 0x0000000087200000|100%|HC|  |TAMS 0x0000000087200000, 0x0000000087100000| Complete 
|  72|0x0000000087200000, 0x0000000087300000, 0x0000000087300000|100%|HC|  |TAMS 0x0000000087300000, 0x0000000087200000| Complete 
|  73|0x0000000087300000, 0x0000000087400000, 0x0000000087400000|100%|HC|  |TAMS 0x0000000087400000, 0x0000000087300000| Complete 
|  74|0x0000000087400000, 0x0000000087500000, 0x0000000087500000|100%|HC|  |TAMS 0x0000000087500000, 0x0000000087400000| Complete 
|  75|0x0000000087500000, 0x0000000087600000, 0x0000000087600000|100%| O|  |TAMS 0x0000000087500000, 0x0000000087500000| Untracked 
|  76|0x0000000087600000, 0x00000000876ca600, 0x0000000087700000| 79%| O|  |TAMS 0x0000000087600000, 0x0000000087600000| Updating 
|  77|0x0000000087700000, 0x0000000087800000, 0x0000000087800000|100%|HS|  |TAMS 0x0000000087700000, 0x0000000087700000| Complete 
|  78|0x0000000087800000, 0x0000000087900000, 0x0000000087900000|100%|HC|  |TAMS 0x0000000087800000, 0x0000000087800000| Complete 
|  79|0x0000000087900000, 0x0000000087a00000, 0x0000000087a00000|100%|HC|  |TAMS 0x0000000087900000, 0x0000000087900000| Complete 
|  80|0x0000000087a00000, 0x0000000087b00000, 0x0000000087b00000|100%|HC|  |TAMS 0x0000000087a00000, 0x0000000087a00000| Complete 
|  81|0x0000000087b00000, 0x0000000087c00000, 0x0000000087c00000|100%|HC|  |TAMS 0x0000000087b00000, 0x0000000087b00000| Complete 
|  82|0x0000000087c00000, 0x0000000087d00000, 0x0000000087d00000|100%|HC|  |TAMS 0x0000000087c00000, 0x0000000087c00000| Complete 
|  83|0x0000000087d00000, 0x0000000087e00000, 0x0000000087e00000|100%|HC|  |TAMS 0x0000000087d00000, 0x0000000087d00000| Complete 
|  84|0x0000000087e00000, 0x0000000087f00000, 0x0000000087f00000|100%|HC|  |TAMS 0x0000000087e00000, 0x0000000087e00000| Complete 
|  85|0x0000000087f00000, 0x0000000088000000, 0x0000000088000000|100%|HC|  |TAMS 0x0000000087f00000, 0x0000000087f00000| Complete 
|  86|0x0000000088000000, 0x0000000088100000, 0x0000000088100000|100%|HC|  |TAMS 0x0000000088000000, 0x0000000088000000| Complete 
|  87|0x0000000088100000, 0x0000000088200000, 0x0000000088200000|100%|HC|  |TAMS 0x0000000088100000, 0x0000000088100000| Complete 
|  88|0x0000000088200000, 0x0000000088300000, 0x0000000088300000|100%|HC|  |TAMS 0x0000000088200000, 0x0000000088200000| Complete 
|  89|0x0000000088300000, 0x0000000088400000, 0x0000000088400000|100%|HC|  |TAMS 0x0000000088300000, 0x0000000088300000| Complete 
|  90|0x0000000088400000, 0x0000000088500000, 0x0000000088500000|100%|HC|  |TAMS 0x0000000088400000, 0x0000000088400000| Complete 
|  91|0x0000000088500000, 0x0000000088600000, 0x0000000088600000|100%|HC|  |TAMS 0x0000000088500000, 0x0000000088500000| Complete 
|  92|0x0000000088600000, 0x0000000088700000, 0x0000000088700000|100%|HC|  |TAMS 0x0000000088600000, 0x0000000088600000| Complete 
|  93|0x0000000088700000, 0x0000000088800000, 0x0000000088800000|100%|HC|  |TAMS 0x0000000088700000, 0x0000000088700000| Complete 
|  94|0x0000000088800000, 0x0000000088900000, 0x0000000088900000|100%|HC|  |TAMS 0x0000000088800000, 0x0000000088800000| Complete 
|  95|0x0000000088900000, 0x0000000088a00000, 0x0000000088a00000|100%|HC|  |TAMS 0x0000000088900000, 0x0000000088900000| Complete 
|  96|0x0000000088a00000, 0x0000000088b00000, 0x0000000088b00000|100%|HC|  |TAMS 0x0000000088a00000, 0x0000000088a00000| Complete 
|  97|0x0000000088b00000, 0x0000000088c00000, 0x0000000088c00000|100%|HC|  |TAMS 0x0000000088b00000, 0x0000000088b00000| Complete 
|  98|0x0000000088c00000, 0x0000000088d00000, 0x0000000088d00000|100%|HC|  |TAMS 0x0000000088c00000, 0x0000000088c00000| Complete 
|  99|0x0000000088d00000, 0x0000000088e00000, 0x0000000088e00000|100%|HC|  |TAMS 0x0000000088d00000, 0x0000000088d00000| Complete 
| 100|0x0000000088e00000, 0x0000000088f00000, 0x0000000088f00000|100%|HC|  |TAMS 0x0000000088e00000, 0x0000000088e00000| Complete 
| 101|0x0000000088f00000, 0x0000000089000000, 0x0000000089000000|100%|HC|  |TAMS 0x0000000088f00000, 0x0000000088f00000| Complete 
| 102|0x0000000089000000, 0x0000000089000000, 0x0000000089100000|  0%| F|  |TAMS 0x0000000089000000, 0x0000000089000000| Untracked 
| 103|0x0000000089100000, 0x0000000089100000, 0x0000000089200000|  0%| F|  |TAMS 0x0000000089100000, 0x0000000089100000| Untracked 
| 104|0x0000000089200000, 0x0000000089200000, 0x0000000089300000|  0%| F|  |TAMS 0x0000000089200000, 0x0000000089200000| Untracked 
| 105|0x0000000089300000, 0x0000000089300000, 0x0000000089400000|  0%| F|  |TAMS 0x0000000089300000, 0x0000000089300000| Untracked 
| 106|0x0000000089400000, 0x0000000089400000, 0x0000000089500000|  0%| F|  |TAMS 0x0000000089400000, 0x0000000089400000| Untracked 
| 107|0x0000000089500000, 0x0000000089500000, 0x0000000089600000|  0%| F|  |TAMS 0x0000000089500000, 0x0000000089500000| Untracked 
| 108|0x0000000089600000, 0x0000000089600000, 0x0000000089700000|  0%| F|  |TAMS 0x0000000089600000, 0x0000000089600000| Untracked 
| 109|0x0000000089700000, 0x0000000089700000, 0x0000000089800000|  0%| F|  |TAMS 0x0000000089700000, 0x0000000089700000| Untracked 
| 110|0x0000000089800000, 0x0000000089800000, 0x0000000089900000|  0%| F|  |TAMS 0x0000000089800000, 0x0000000089800000| Untracked 
| 111|0x0000000089900000, 0x0000000089900000, 0x0000000089a00000|  0%| F|  |TAMS 0x0000000089900000, 0x0000000089900000| Untracked 
| 112|0x0000000089a00000, 0x0000000089a00000, 0x0000000089b00000|  0%| F|  |TAMS 0x0000000089a00000, 0x0000000089a00000| Untracked 
| 113|0x0000000089b00000, 0x0000000089b00000, 0x0000000089c00000|  0%| F|  |TAMS 0x0000000089b00000, 0x0000000089b00000| Untracked 
| 114|0x0000000089c00000, 0x0000000089c00000, 0x0000000089d00000|  0%| F|  |TAMS 0x0000000089c00000, 0x0000000089c00000| Untracked 
| 115|0x0000000089d00000, 0x0000000089d00000, 0x0000000089e00000|  0%| F|  |TAMS 0x0000000089d00000, 0x0000000089d00000| Untracked 
| 116|0x0000000089e00000, 0x0000000089e00000, 0x0000000089f00000|  0%| F|  |TAMS 0x0000000089e00000, 0x0000000089e00000| Untracked 
| 117|0x0000000089f00000, 0x0000000089f00000, 0x000000008a000000|  0%| F|  |TAMS 0x0000000089f00000, 0x0000000089f00000| Untracked 
| 118|0x000000008a000000, 0x000000008a000000, 0x000000008a100000|  0%| F|  |TAMS 0x000000008a000000, 0x000000008a000000| Untracked 
| 119|0x000000008a100000, 0x000000008a100000, 0x000000008a200000|  0%| F|  |TAMS 0x000000008a100000, 0x000000008a100000| Untracked 
| 120|0x000000008a200000, 0x000000008a200000, 0x000000008a300000|  0%| F|  |TAMS 0x000000008a200000, 0x000000008a200000| Untracked 
| 121|0x000000008a300000, 0x000000008a300000, 0x000000008a400000|  0%| F|  |TAMS 0x000000008a300000, 0x000000008a300000| Untracked 
| 122|0x000000008a400000, 0x000000008a400000, 0x000000008a500000|  0%| F|  |TAMS 0x000000008a400000, 0x000000008a400000| Untracked 
| 123|0x000000008a500000, 0x000000008a51d720, 0x000000008a600000| 11%| S|CS|TAMS 0x000000008a500000, 0x000000008a500000| Complete 
| 124|0x000000008a600000, 0x000000008a600000, 0x000000008a700000|  0%| F|  |TAMS 0x000000008a600000, 0x000000008a600000| Untracked 
| 125|0x000000008a700000, 0x000000008a738538, 0x000000008a800000| 22%| E|  |TAMS 0x000000008a700000, 0x000000008a700000| Complete 

Card table byte_map: [0x0000027e515b0000,0x0000027e519a0000] _byte_map_base: 0x0000027e5119b000

Marking Bits (Prev, Next): (CMBitMap*) 0x0000027e39d68db0, (CMBitMap*) 0x0000027e39d68d70
 Prev Bits: [0x0000027e53cf0000, 0x0000027e55c48000)
 Next Bits: [0x0000027e51d90000, 0x0000027e53ce8000)

Polling page: 0x0000027e37c30000

Metaspace:

Usage:
  Non-class:      6.33 MB used.
      Class:    777.75 KB used.
       Both:      7.09 MB used.

Virtual space:
  Non-class space:       64.00 MB reserved,       6.44 MB ( 10%) committed,  1 nodes.
      Class space:        1.00 GB reserved,     896.00 KB ( <1%) committed,  1 nodes.
             Both:        1.06 GB reserved,       7.31 MB ( <1%) committed. 

Chunk freelists:
   Non-Class:  1.00 MB
       Class:  3.11 MB
        Both:  4.11 MB

MaxMetaspaceSize: unlimited
CompressedClassSpaceSize: 1.00 GB
Initial GC threshold: 21.00 MB
Current GC threshold: 21.00 MB
CDS: on
MetaspaceReclaimPolicy: balanced
 - commit_granule_bytes: 65536.
 - commit_granule_words: 8192.
 - virtual_space_node_default_size: 8388608.
 - enlarge_chunks_in_place: 1.
 - new_chunks_are_fully_committed: 0.
 - uncommit_free_chunks: 1.
 - use_allocation_guard: 0.


Internal statistics:

num_allocs_failed_limit: 0.
num_arena_births: 150.
num_arena_deaths: 0.
num_vsnodes_births: 2.
num_vsnodes_deaths: 0.
num_space_committed: 117.
num_space_uncommitted: 0.
num_chunks_returned_to_freelist: 0.
num_chunks_taken_from_freelist: 164.
num_chunk_merges: 0.
num_chunk_splits: 112.
num_chunks_enlarged: 73.
num_inconsistent_stats: 0.

CodeHeap 'non-profiled nmethods': size=120000Kb used=315Kb max_used=315Kb free=119684Kb
 bounds [0x0000027e49740000, 0x0000027e499b0000, 0x0000027e50c70000]
CodeHeap 'profiled nmethods': size=120000Kb used=1775Kb max_used=1775Kb free=118224Kb
 bounds [0x0000027e41c70000, 0x0000027e41ee0000, 0x0000027e491a0000]
CodeHeap 'non-nmethods': size=5760Kb used=1344Kb max_used=1360Kb free=4416Kb
 bounds [0x0000027e491a0000, 0x0000027e49410000, 0x0000027e49740000]
 total_blobs=1547 nmethods=962 adapters=496
 compilation: enabled
              stopped_count=0, restarted_count=0
 full_count=0

Compilation events (20 events):
Event: 17471.906 Thread 0x0000027e588b9fc0  953  s    3       sun.awt.windows.WDesktopProperties::setColorProperty (94 bytes)
Event: 17471.915 Thread 0x0000027e588b9fc0 nmethod 953 0x0000027e41e26210 code [0x0000027e41e26480, 0x0000027e41e272c8]
Event: 17475.138 Thread 0x0000027e588b9fc0  954       3       java.lang.ref.Reference::enqueueFromPending (19 bytes)
Event: 17475.139 Thread 0x0000027e588b9fc0 nmethod 954 0x0000027e41e27710 code [0x0000027e41e278c0, 0x0000027e41e27ae8]
Event: 17475.139 Thread 0x0000027e588b9fc0  955       3       java.lang.ref.ReferenceQueue::enqueue0 (98 bytes)
Event: 17475.140 Thread 0x0000027e588b9fc0 nmethod 955 0x0000027e41e27b90 code [0x0000027e41e27d80, 0x0000027e41e283c8]
Event: 17475.145 Thread 0x0000027e588b9fc0  956   !   3       jdk.internal.ref.PhantomCleanable::isListEmpty (34 bytes)
Event: 17475.146 Thread 0x0000027e588b9fc0 nmethod 956 0x0000027e41e28510 code [0x0000027e41e286c0, 0x0000027e41e28918]
Event: 17475.146 Thread 0x0000027e588b9fc0  957       3       jdk.internal.misc.InnocuousThread::eraseThreadLocals (23 bytes)
Event: 17475.146 Thread 0x0000027e588b9fc0 nmethod 957 0x0000027e41e28a10 code [0x0000027e41e28bc0, 0x0000027e41e28db8]
Event: 17475.172 Thread 0x0000027e588b9fc0  958   !   3       java.lang.ref.ReferenceQueue::remove (61 bytes)
Event: 17475.185 Thread 0x0000027e588b9fc0 nmethod 958 0x0000027e41e28e90 code [0x0000027e41e29100, 0x0000027e41e29cc8]
Event: 17475.185 Thread 0x0000027e588b9fc0  959       3       java.lang.ref.ReferenceQueue::remove0 (64 bytes)
Event: 17475.185 Thread 0x0000027e588b9fc0 nmethod 959 0x0000027e41e2a090 code [0x0000027e41e2a280, 0x0000027e41e2a728]
Event: 17477.230 Thread 0x0000027e588b9fc0  960       3       java.lang.Integer::equals (29 bytes)
Event: 17477.231 Thread 0x0000027e588b9fc0 nmethod 960 0x0000027e41e2a890 code [0x0000027e41e2aa40, 0x0000027e41e2ae38]
Event: 17478.433 Thread 0x0000027e588b9fc0  961       3       java.awt.Color::equals (27 bytes)
Event: 17478.433 Thread 0x0000027e588b9fc0 nmethod 961 0x0000027e41e2af10 code [0x0000027e41e2b0c0, 0x0000027e41e2b598]
Event: 17478.723 Thread 0x0000027e588b9fc0  962       3       java.util.IdentityHashMap$IdentityHashMapIterator::nextIndex (72 bytes)
Event: 17478.796 Thread 0x0000027e588b9fc0 nmethod 962 0x0000027e41e2b690 code [0x0000027e41e2b860, 0x0000027e41e2bbe8]

GC Heap History (4 events):
Event: 17474.617 GC heap before
{Heap before GC invocations=0 (full 0):
 garbage-first heap   total 129024K, used 60416K [0x0000000082a00000, 0x0000000100000000)
  region size 1024K, 17 young (17408K), 0 survivors (0K)
 Metaspace       used 7253K, committed 7424K, reserved 1114112K
  class space    used 777K, committed 896K, reserved 1048576K
}
Event: 17475.133 GC heap after
{Heap after GC invocations=1 (full 0):
 garbage-first heap   total 129024K, used 45884K [0x0000000082a00000, 0x0000000100000000)
  region size 1024K, 2 young (2048K), 2 survivors (2048K)
 Metaspace       used 7253K, committed 7424K, reserved 1114112K
  class space    used 777K, committed 896K, reserved 1048576K
}
Event: 17478.724 GC heap before
{Heap before GC invocations=1 (full 0):
 garbage-first heap   total 129024K, used 79676K [0x0000000082a00000, 0x0000000100000000)
  region size 1024K, 4 young (4096K), 2 survivors (2048K)
 Metaspace       used 7259K, committed 7488K, reserved 1114112K
  class space    used 777K, committed 896K, reserved 1048576K
}
Event: 17478.795 GC heap after
{Heap after GC invocations=2 (full 0):
 garbage-first heap   total 129024K, used 78751K [0x0000000082a00000, 0x0000000100000000)
  region size 1024K, 1 young (1024K), 1 survivors (1024K)
 Metaspace       used 7259K, committed 7488K, reserved 1114112K
  class space    used 777K, committed 896K, reserved 1048576K
}

Dll operation events (9 events):
Event: 0.015 Loaded shared library C:\Program Files\Java\jdk-19\bin\java.dll
Event: 0.026 Loaded shared library C:\Program Files\Java\jdk-19\bin\jsvml.dll
Event: 0.076 Loaded shared library C:\Program Files\Java\jdk-19\bin\jimage.dll
Event: 0.094 Loaded shared library C:\Program Files\Java\jdk-19\bin\awt.dll
Event: 0.258 Loaded shared library C:\Program Files\Java\jdk-19\bin\zip.dll
Event: 0.542 Loaded shared library C:\Program Files\Java\jdk-19\bin\freetype.dll
Event: 0.544 Loaded shared library C:\Program Files\Java\jdk-19\bin\fontmanager.dll
Event: 0.639 Loaded shared library C:\Program Files\Java\jdk-19\bin\net.dll
Event: 0.641 Loaded shared library C:\Program Files\Java\jdk-19\bin\nio.dll

Deoptimization events (20 events):
Event: 0.484 Thread 0x0000027e588db440 DEOPT PACKING pc=0x0000027e4976e598 sp=0x000000ff1edfee40
Event: 0.484 Thread 0x0000027e588db440 DEOPT UNPACKING pc=0x0000027e49206da3 sp=0x000000ff1edfedb0 mode 2
Event: 0.484 Thread 0x0000027e588db440 Uncommon trap: trap_request=0xffffff45 fr.pc=0x0000027e49767944 relative=0x0000000000000da4
Event: 0.484 Thread 0x0000027e588db440 Uncommon trap: reason=unstable_if action=reinterpret pc=0x0000027e49767944 method=sun.awt.image.PNGImageDecoder.produceImage()V @ 867 c2
Event: 0.484 Thread 0x0000027e588db440 DEOPT PACKING pc=0x0000027e49767944 sp=0x000000ff1edff1a0
Event: 0.484 Thread 0x0000027e588db440 DEOPT UNPACKING pc=0x0000027e49206da3 sp=0x000000ff1edff0f0 mode 2
Event: 0.490 Thread 0x0000027e588db440 DEOPT PACKING pc=0x0000027e41d4d158 sp=0x000000ff1edfef30
Event: 0.490 Thread 0x0000027e588db440 DEOPT UNPACKING pc=0x0000027e49207543 sp=0x000000ff1edfe420 mode 0
Event: 0.490 Thread 0x0000027e588db440 Uncommon trap: trap_request=0xffffff45 fr.pc=0x0000027e49772430 relative=0x0000000000000310
Event: 0.490 Thread 0x0000027e588db440 Uncommon trap: reason=unstable_if action=reinterpret pc=0x0000027e49772430 method=sun.awt.image.ImageRepresentation.getOpaqueRGBImage()Ljava/awt/image/BufferedImage; @ 57 c2
Event: 0.490 Thread 0x0000027e588db440 DEOPT PACKING pc=0x0000027e49772430 sp=0x000000ff1edfef90
Event: 0.490 Thread 0x0000027e588db440 DEOPT UNPACKING pc=0x0000027e49206da3 sp=0x000000ff1edfef20 mode 2
Event: 0.503 Thread 0x0000027e588db440 Uncommon trap: trap_request=0xffffff45 fr.pc=0x0000027e4976d220 relative=0x00000000000002e0
Event: 0.503 Thread 0x0000027e588db440 Uncommon trap: reason=unstable_if action=reinterpret pc=0x0000027e4976d220 method=sun.awt.image.PNGImageDecoder.produceImage()V @ 94 c2
Event: 0.503 Thread 0x0000027e588db440 DEOPT PACKING pc=0x0000027e4976d220 sp=0x000000ff1edff200
Event: 0.503 Thread 0x0000027e588db440 DEOPT UNPACKING pc=0x0000027e49206da3 sp=0x000000ff1edff0f8 mode 2
Event: 0.517 Thread 0x0000027e588db440 Uncommon trap: trap_request=0xffffff45 fr.pc=0x0000027e49772ab4 relative=0x0000000000000274
Event: 0.517 Thread 0x0000027e588db440 Uncommon trap: reason=unstable_if action=reinterpret pc=0x0000027e49772ab4 method=sun.awt.image.ImageRepresentation.getOpaqueRGBImage()Ljava/awt/image/BufferedImage; @ 71 c2
Event: 0.517 Thread 0x0000027e588db440 DEOPT PACKING pc=0x0000027e49772ab4 sp=0x000000ff1edfee40
Event: 0.517 Thread 0x0000027e588db440 DEOPT UNPACKING pc=0x0000027e49206da3 sp=0x000000ff1edfedb0 mode 2

Classes loaded (20 events):
Event: 3.356 Loading class javax/swing/JComponent$IntVector
Event: 3.356 Loading class javax/swing/JComponent$IntVector done
Event: 3.356 Loading class javax/swing/KeyboardManager
Event: 3.356 Loading class javax/swing/KeyboardManager done
Event: 3.356 Loading class javax/swing/Popup$HeavyWeightWindow
Event: 3.357 Loading class sun/awt/ModalExclude
Event: 3.357 Loading class sun/awt/ModalExclude done
Event: 3.357 Loading class javax/swing/JWindow
Event: 3.357 Loading class javax/swing/JWindow done
Event: 3.357 Loading class javax/swing/Popup$HeavyWeightWindow done
Event: 4.053 Loading class java/awt/LightweightDispatcher$2
Event: 4.053 Loading class java/awt/LightweightDispatcher$2 done
Event: 7.425 Loading class java/awt/KeyboardFocusManager$2
Event: 7.425 Loading class java/awt/KeyboardFocusManager$2 done
Event: 17457.139 Loading class java/util/WeakHashMap$KeyIterator
Event: 17458.085 Loading class java/util/WeakHashMap$HashIterator
Event: 17459.296 Loading class java/util/WeakHashMap$HashIterator done
Event: 17459.296 Loading class java/util/WeakHashMap$KeyIterator done
Event: 17459.932 Loading class javax/swing/RepaintManager$DisplayChangedRunnable
Event: 17461.608 Loading class javax/swing/RepaintManager$DisplayChangedRunnable done

Classes unloaded (0 events):
No events

Classes redefined (0 events):
No events

Internal exceptions (14 events):
Event: 0.082 Thread 0x0000027e39d08700 Exception <a 'java/lang/ClassNotFoundException'{0x000000008a50e2a0}: sun/awt/resources/spi/awtProvider> (0x000000008a50e2a0) 
thrown [s\open\src\hotspot\share\classfile\systemDictionary.cpp, line 255]
Event: 0.106 Thread 0x0000027e39d08700 Exception <a 'java/io/FileNotFoundException'{0x000000008a5677b8}> (0x000000008a5677b8) 
thrown [s\open\src\hotspot\share\prims\jni.cpp, line 517]
Event: 0.113 Thread 0x0000027e39d08700 Exception <a 'java/io/FileNotFoundException'{0x000000008a5940c8}> (0x000000008a5940c8) 
thrown [s\open\src\hotspot\share\prims\jni.cpp, line 517]
Event: 0.137 Thread 0x0000027e39d08700 Exception <a 'java/lang/NoSuchMethodError'{0x000000008a5ca010}: 'java.lang.Object java.lang.invoke.DirectMethodHandle$Holder.invokeStaticInit(java.lang.Object)'> (0x000000008a5ca010) 
thrown [s\open\src\hotspot\share\interpreter\linkResolver.cpp, line 774]
Event: 0.199 Thread 0x0000027e588dd420 Exception <a 'java/lang/NoSuchMethodError'{0x000000008a3453f0}: 'void java.lang.invoke.DirectMethodHandle$Holder.invokeSpecial(java.lang.Object, java.lang.Object, java.lang.Object)'> (0x000000008a3453f0) 
thrown [s\open\src\hotspot\share\interpreter\linkResolver.cpp, line 774]
Event: 0.208 Thread 0x0000027e588dd420 Exception <a 'java/lang/NoSuchMethodError'{0x000000008a36ff98}: 'java.lang.Object java.lang.invoke.DirectMethodHandle$Holder.newInvokeSpecial(java.lang.Object, java.lang.Object, java.lang.Object, java.lang.Object, java.lang.Object)'> (0x000000008a36ff98) 
thrown [s\open\src\hotspot\share\interpreter\linkResolver.cpp, line 774]
Event: 0.213 Thread 0x0000027e588dd420 Exception <a 'java/lang/NoSuchMethodError'{0x000000008a3a18c0}: 'java.lang.Object java.lang.invoke.DirectMethodHandle$Holder.invokeStatic(java.lang.Object, int, java.lang.Object)'> (0x000000008a3a18c0) 
thrown [s\open\src\hotspot\share\interpreter\linkResolver.cpp, line 774]
Event: 0.241 Thread 0x0000027e588dd420 Exception <a 'java/lang/ClassNotFoundException'{0x000000008a25d948}: com/sun/swing/internal/plaf/metal/resources/spi/metalProvider> (0x000000008a25d948) 
thrown [s\open\src\hotspot\share\classfile\systemDictionary.cpp, line 255]
Event: 0.242 Thread 0x0000027e588dd420 Exception <a 'java/lang/ClassNotFoundException'{0x000000008a2618f8}: com/sun/swing/internal/plaf/basic/resources/spi/basicProvider> (0x000000008a2618f8) 
thrown [s\open\src\hotspot\share\classfile\systemDictionary.cpp, line 255]
Event: 0.250 Thread 0x0000027e588dd420 Exception <a 'java/lang/NoSuchMethodError'{0x000000008a281e68}: 'int java.lang.invoke.Invokers$Holder.invokeExact_MT(java.lang.Object, java.lang.Object)'> (0x000000008a281e68) 
thrown [s\open\src\hotspot\share\interpreter\linkResolver.cpp, line 774]
Event: 0.260 Thread 0x0000027e588db440 Exception <a 'java/lang/NoSuchMethodError'{0x000000008a2ff1c8}: 'java.lang.Object java.lang.invoke.DirectMethodHandle$Holder.newInvokeSpecial(java.lang.Object, java.lang.Object, java.lang.Object, int, int, int, int, int)'> (0x000000008a2ff1c8) 
thrown [s\open\src\hotspot\share\interpreter\linkResolver.cpp, line 774]
Event: 0.538 Thread 0x0000027e588dd420 Exception <a 'java/lang/NoSuchMethodError'{0x000000008a2bdba0}: 'void java.lang.invoke.DirectMethodHandle$Holder.invokeStaticInit(java.lang.Object)'> (0x000000008a2bdba0) 
thrown [s\open\src\hotspot\share\interpreter\linkResolver.cpp, line 774]
Event: 0.549 Thread 0x0000027e588dd420 Exception <a 'java/io/FileNotFoundException'{0x000000008a2cabe0}> (0x000000008a2cabe0) 
thrown [s\open\src\hotspot\share\prims\jni.cpp, line 517]
Event: 0.606 Thread 0x0000027e588daef0 Exception <a 'java/lang/NoSuchMethodError'{0x000000008a40fd20}: 'void java.lang.invoke.DirectMethodHandle$Holder.invokeVirtual(java.lang.Object, java.lang.Object)'> (0x000000008a40fd20) 
thrown [s\open\src\hotspot\share\interpreter\linkResolver.cpp, line 774]

VM Operations (20 events):
Event: 7.684 Executing VM operation: Cleanup done
Event: 17433.576 Executing VM operation: Cleanup
Event: 17433.578 Executing VM operation: Cleanup done
Event: 17440.632 Executing VM operation: Cleanup
Event: 17440.633 Executing VM operation: Cleanup done
Event: 17441.645 Executing VM operation: Cleanup
Event: 17441.646 Executing VM operation: Cleanup done
Event: 17468.959 Executing VM operation: Cleanup
Event: 17468.963 Executing VM operation: Cleanup done
Event: 17470.983 Executing VM operation: Cleanup
Event: 17471.002 Executing VM operation: Cleanup done
Event: 17472.005 Executing VM operation: Cleanup
Event: 17472.005 Executing VM operation: Cleanup done
Event: 17474.084 Executing VM operation: Cleanup
Event: 17474.461 Executing VM operation: Cleanup done
Event: 17474.602 Executing VM operation: G1TryInitiateConcMark
Event: 17475.133 Executing VM operation: G1TryInitiateConcMark done
Event: 17478.724 Executing VM operation: G1TryInitiateConcMark
Event: 17478.795 Executing VM operation: G1TryInitiateConcMark done
Event: 17479.273 Executing VM operation: G1PauseRemark

Events (20 events):
Event: 0.026 Thread 0x0000027e39d08700 Thread added: 0x0000027e39d08700
Event: 0.045 Thread 0x0000027e5889d9f0 Thread added: 0x0000027e5889d9f0
Event: 0.045 Thread 0x0000027e588a0530 Thread added: 0x0000027e588a0530
Event: 0.046 Thread 0x0000027e588a13a0 Thread added: 0x0000027e588a13a0
Event: 0.046 Thread 0x0000027e588a3de0 Thread added: 0x0000027e588a3de0
Event: 0.046 Thread 0x0000027e588a48b0 Thread added: 0x0000027e588a48b0
Event: 0.046 Thread 0x0000027e588ad6f0 Thread added: 0x0000027e588ad6f0
Event: 0.046 Thread 0x0000027e588b3520 Thread added: 0x0000027e588b3520
Event: 0.046 Thread 0x0000027e588b9fc0 Thread added: 0x0000027e588b9fc0
Event: 0.046 Thread 0x0000027e588dc980 Thread added: 0x0000027e588dc980
Event: 0.058 Thread 0x0000027e588dbee0 Thread added: 0x0000027e588dbee0
Event: 0.061 Thread 0x0000027e588dc430 Thread added: 0x0000027e588dc430
Event: 0.139 Thread 0x0000027e588dced0 Thread added: 0x0000027e588dced0
Event: 0.140 Thread 0x0000027e588da9a0 Thread added: 0x0000027e588da9a0
Event: 0.142 Thread 0x0000027e588daef0 Thread added: 0x0000027e588daef0
Event: 0.166 Thread 0x0000027e588dd420 Thread added: 0x0000027e588dd420
Event: 0.166 Thread 0x0000027e39d08700 Thread exited: 0x0000027e39d08700
Event: 0.166 Thread 0x0000027e588dd970 Thread added: 0x0000027e588dd970
Event: 0.256 Thread 0x0000027e588db440 Thread added: 0x0000027e588db440
Event: 5.522 Thread 0x0000027e588db440 Thread exited: 0x0000027e588db440


Dynamic libraries:
0x00007ff7a43b0000 - 0x00007ff7a43c0000 	C:\Program Files\Java\jdk-19\bin\javaw.exe
0x00007ffce2530000 - 0x00007ffce2747000 	C:\Windows\SYSTEM32\ntdll.dll
0x00007ffce1a00000 - 0x00007ffce1ac4000 	C:\Windows\System32\KERNEL32.DLL
0x00007ffcdfdc0000 - 0x00007ffce0166000 	C:\Windows\System32\KERNELBASE.dll
0x00007ffcdfc00000 - 0x00007ffcdfd11000 	C:\Windows\System32\ucrtbase.dll
0x00007ffcda750000 - 0x00007ffcda768000 	C:\Program Files\Java\jdk-19\bin\jli.dll
0x00007ffce0320000 - 0x00007ffce03d0000 	C:\Windows\System32\ADVAPI32.dll
0x00007ffce0de0000 - 0x00007ffce0e87000 	C:\Windows\System32\msvcrt.dll
0x00007ffce0c50000 - 0x00007ffce0cf6000 	C:\Windows\System32\sechost.dll
0x00007ffce0b30000 - 0x00007ffce0c47000 	C:\Windows\System32\RPCRT4.dll
0x00007ffcd9460000 - 0x00007ffcd947b000 	C:\Program Files\Java\jdk-19\bin\VCRUNTIME140.dll
0x00007ffce0860000 - 0x00007ffce0a0d000 	C:\Windows\System32\USER32.dll
0x00007ffce01f0000 - 0x00007ffce0216000 	C:\Windows\System32\win32u.dll
0x00007ffce24a0000 - 0x00007ffce24c9000 	C:\Windows\System32\GDI32.dll
0x00007ffcdfa20000 - 0x00007ffcdfb38000 	C:\Windows\System32\gdi32full.dll
0x00007ffcdfd20000 - 0x00007ffcdfdba000 	C:\Windows\System32\msvcp_win.dll
0x00007ffcc29a0000 - 0x00007ffcc2c33000 	C:\Windows\WinSxS\amd64_microsoft.windows.common-controls_6595b64144ccf1df_6.0.22621.2361_none_2712ced57382f843\COMCTL32.dll
0x00007ffcc9aa0000 - 0x00007ffcc9aaa000 	C:\Windows\SYSTEM32\VERSION.dll
0x00007ffce07c0000 - 0x00007ffce07f1000 	C:\Windows\System32\IMM32.DLL
0x00007ffcd93e0000 - 0x00007ffcd93ec000 	C:\Program Files\Java\jdk-19\bin\vcruntime140_1.dll
0x00007ffcc34a0000 - 0x00007ffcc352e000 	C:\Program Files\Java\jdk-19\bin\msvcp140.dll
0x00007ffc46ef0000 - 0x00007ffc47bb0000 	C:\Program Files\Java\jdk-19\bin\server\jvm.dll
0x00007ffcc4d20000 - 0x00007ffcc4d29000 	C:\Windows\SYSTEM32\WSOCK32.dll
0x00007ffcd7ab0000 - 0x00007ffcd7ae4000 	C:\Windows\SYSTEM32\WINMM.dll
0x00007ffce1980000 - 0x00007ffce19f1000 	C:\Windows\System32\WS2_32.dll
0x00007ffcde950000 - 0x00007ffcde968000 	C:\Windows\SYSTEM32\kernel.appcore.dll
0x00007ffcd87f0000 - 0x00007ffcd87fa000 	C:\Program Files\Java\jdk-19\bin\jimage.dll
0x00007ffcdd0f0000 - 0x00007ffcdd31e000 	C:\Windows\SYSTEM32\DBGHELP.DLL
0x00007ffce1c90000 - 0x00007ffce201a000 	C:\Windows\System32\combase.dll
0x00007ffce0d00000 - 0x00007ffce0dd7000 	C:\Windows\System32\OLEAUT32.dll
0x00007ffcc5ba0000 - 0x00007ffcc5bd2000 	C:\Windows\SYSTEM32\dbgcore.DLL
0x00007ffce0170000 - 0x00007ffce01ea000 	C:\Windows\System32\bcryptPrimitives.dll
0x00007ffccf460000 - 0x00007ffccf486000 	C:\Program Files\Java\jdk-19\bin\java.dll
0x00007ffcab530000 - 0x00007ffcab607000 	C:\Program Files\Java\jdk-19\bin\jsvml.dll
0x00007ffce1060000 - 0x00007ffce18b8000 	C:\Windows\System32\SHELL32.dll
0x00007ffcdd7d0000 - 0x00007ffcde0c2000 	C:\Windows\SYSTEM32\windows.storage.dll
0x00007ffcdd690000 - 0x00007ffcdd7ce000 	C:\Windows\SYSTEM32\wintypes.dll
0x00007ffce0a10000 - 0x00007ffce0b03000 	C:\Windows\System32\SHCORE.dll
0x00007ffce0e90000 - 0x00007ffce0eee000 	C:\Windows\System32\shlwapi.dll
0x00007ffcdf7e0000 - 0x00007ffcdf806000 	C:\Windows\SYSTEM32\profapi.dll
0x00007ffc7c850000 - 0x00007ffc7c9e1000 	C:\Program Files\Java\jdk-19\bin\awt.dll
0x00007ffcdc2b0000 - 0x00007ffcdc347000 	C:\Windows\SYSTEM32\apphelp.dll
0x00007ffcdc3b0000 - 0x00007ffcdc45b000 	C:\Windows\system32\uxtheme.dll
0x00007ffce0460000 - 0x00007ffce05ac000 	C:\Windows\System32\MSCTF.dll
0x00007ffce1ad0000 - 0x00007ffce1c6f000 	C:\Windows\System32\ole32.dll
0x00007ffcdcba0000 - 0x00007ffcdcbcb000 	C:\Windows\system32\DWMAPI.DLL
0x00007ffc7a8b0000 - 0x00007ffc7a9b0000 	C:\Windows\system32\opengl32.dll
0x00007ffcb4bb0000 - 0x00007ffcb4bdd000 	C:\Windows\SYSTEM32\GLU32.dll
0x00007ffcdca20000 - 0x00007ffcdca56000 	C:\Windows\SYSTEM32\dxcore.dll
0x00007ffcc39d0000 - 0x00007ffcc39e8000 	C:\Program Files\Java\jdk-19\bin\zip.dll
0x00007ffca70b0000 - 0x00007ffca7136000 	C:\Program Files\Java\jdk-19\bin\freetype.dll
0x00007ffca2030000 - 0x00007ffca20f6000 	C:\Program Files\Java\jdk-19\bin\fontmanager.dll
0x00007ffcd5d70000 - 0x00007ffcd5eba000 	C:\Windows\SYSTEM32\textinputframework.dll
0x00007ffcc09e0000 - 0x00007ffcc0a49000 	C:\Windows\system32\Oleacc.dll
0x00007ffccaf20000 - 0x00007ffccaf33000 	C:\Program Files\Java\jdk-19\bin\net.dll
0x00007ffcd9250000 - 0x00007ffcd9387000 	C:\Windows\SYSTEM32\WINHTTP.dll
0x00007ffcdee60000 - 0x00007ffcdeec9000 	C:\Windows\system32\mswsock.dll
0x00007ffcca930000 - 0x00007ffcca946000 	C:\Program Files\Java\jdk-19\bin\nio.dll
0x00007ffcdbfc0000 - 0x00007ffcdc0f3000 	C:\Windows\SYSTEM32\CoreMessaging.dll
0x00007ffcd75c0000 - 0x00007ffcd792c000 	C:\Windows\SYSTEM32\CoreUIComponents.dll
0x00007ffcdf0b0000 - 0x00007ffcdf0bc000 	C:\Windows\SYSTEM32\CRYPTBASE.DLL

dbghelp: loaded successfully - version: 4.0.5 - missing functions: none
symbol engine: initialized successfully - sym options: 0x614 - pdb path: .;C:\Program Files\Java\jdk-19\bin;C:\Windows\SYSTEM32;C:\Windows\WinSxS\amd64_microsoft.windows.common-controls_6595b64144ccf1df_6.0.22621.2361_none_2712ced57382f843;C:\Program Files\Java\jdk-19\bin\server

VM Arguments:
jvm_args: -Dfile.encoding=UTF-8 -XX:+ShowCodeDetailsInExceptionMessages 
java_command: Pokemon_Save_Area.Pokemon_Save_Area
java_class_path (initial): C:\Project\GameProject-DB_feature\Pokemon_Save_Area\bin
Launcher Type: SUN_STANDARD

[Global flags]
     intx CICompilerCount                          = 4                                         {product} {ergonomic}
     uint ConcGCThreads                            = 3                                         {product} {ergonomic}
     uint G1ConcRefinementThreads                  = 10                                        {product} {ergonomic}
   size_t G1HeapRegionSize                         = 1048576                                   {product} {ergonomic}
    uintx GCDrainStackTargetSize                   = 64                                        {product} {ergonomic}
   size_t InitialHeapSize                          = 132120576                                 {product} {ergonomic}
   size_t MarkStackSize                            = 4194304                                   {product} {ergonomic}
   size_t MaxHeapSize                              = 2103443456                                {product} {ergonomic}
   size_t MaxNewSize                               = 1261436928                                {product} {ergonomic}
   size_t MinHeapDeltaBytes                        = 1048576                                   {product} {ergonomic}
   size_t MinHeapSize                              = 8388608                                   {product} {ergonomic}
    uintx NonNMethodCodeHeapSize                   = 5839372                                {pd product} {ergonomic}
    uintx NonProfiledCodeHeapSize                  = 122909434                              {pd product} {ergonomic}
    uintx ProfiledCodeHeapSize                     = 122909434                              {pd product} {ergonomic}
    uintx ReservedCodeCacheSize                    = 251658240                              {pd product} {ergonomic}
     bool SegmentedCodeCache                       = true                                      {product} {ergonomic}
     bool ShowCodeDetailsInExceptionMessages       = true                                   {manageable} {command line}
   size_t SoftMaxHeapSize                          = 2103443456                             {manageable} {ergonomic}
     bool UseCompressedClassPointers               = true                           {product lp64_product} {ergonomic}
     bool UseCompressedOops                        = true                           {product lp64_product} {ergonomic}
     bool UseG1GC                                  = true                                      {product} {ergonomic}
     bool UseLargePagesIndividualAllocation        = false                                  {pd product} {ergonomic}

Logging:
Log output configuration:
 #0: stdout all=warning uptime,level,tags foldmultilines=false
 #1: stderr all=off uptime,level,tags foldmultilines=false

Environment Variables:
PATH=C:\oraclexe\app\oracle\product\11.2.0\server\bin;;C:\Program Files\Common Files\Oracle\Java\javapath;C:\Windows\system32;C:\Windows;C:\Windows\System32\Wbem;C:\Windows\System32\WindowsPowerShell\v1.0\;C:\Windows\System32\OpenSSH\;C:\Program Files\Git\cmd;C:\Program Files\dotnet\;C:\Program Files\MySQL\MySQL Shell 8.0\bin\;C:\Users\bak33\AppData\Local\Programs\Python\Python311\Scripts\;C:\Users\bak33\AppData\Local\Programs\Python\Python311\;C:\Users\bak33\AppData\Local\Microsoft\WindowsApps;;C:\Users\bak33\AppData\Local\Programs\Microsoft VS Code\bin;C:\Users\bak33\AppData\Local\afreeca
USERNAME=bak33
OS=Windows_NT
PROCESSOR_IDENTIFIER=Intel64 Family 6 Model 154 Stepping 4, GenuineIntel
TMP=C:\Users\bak33\AppData\Local\Temp
TEMP=C:\Users\bak33\AppData\Local\Temp



---------------  S Y S T E M  ---------------

OS:
 Windows 11 , 64 bit Build 22621 (10.0.22621.2428)
OS uptime: 7 days 23:33 hours
Hyper-V role detected

CPU: total 12 (initial active 12) (6 cores per cpu, 2 threads per core) family 6 model 154 stepping 4 microcode 0x420, cx8, cmov, fxsr, ht, mmx, 3dnowpref, sse, sse2, sse3, ssse3, sse4.1, sse4.2, popcnt, lzcnt, tsc, tscinvbit, avx, avx2, aes, erms, clmul, bmi1, bmi2, adx, sha, fma, vzeroupper, clflush, clflushopt, clwb, hv, serialize, rdtscp, rdpid, fsrm

Memory: 4k page, system-wide physical 8017M (0M free)
TotalPageFile size 32593M (AvailPageFile size 4M)
current process WorkingSet (physical memory assigned to process): 30M, peak: 86M
current process commit charge ("private bytes"): 224M, peak: 230M

vm_info: Java HotSpot(TM) 64-Bit Server VM (19.0.2+7-44) for windows-amd64 JRE (19.0.2+7-44), built on 2022-11-30T18:02:09Z by "mach5one" with MS VC++ 17.1 (VS2022)

END.
