#
# There is insufficient memory for the Java Runtime Environment to continue.
# Native memory allocation (mmap) failed to map 3145728 bytes for G1 virtual space
# Possible reasons:
#   The system is out of physical RAM or swap space
#   The process is running with CompressedOops enabled, and the Java Heap may be blocking the growth of the native heap
# Possible solutions:
#   Reduce memory load on the system
#   Increase physical memory or swap space
#   Check if swap backing store is full
#   Decrease Java heap size (-Xmx/-Xms)
#   Decrease number of Java threads
#   Decrease Java thread stack sizes (-Xss)
#   Set larger code cache with -XX:ReservedCodeCacheSize=
#   JVM is running with Unscaled Compressed Oops mode in which the Java heap is
#     placed in the first 4GB address space. The Java Heap base address is the
#     maximum limit for the native heap growth. Please use -XX:HeapBaseMinAddress
#     to set the Java Heap base and to place the Java Heap above 4GB virtual address.
# This output file may be truncated or incomplete.
#
#  Out of Memory Error (os_windows.cpp:3536), pid=24616, tid=34264
#
# JRE version: Java(TM) SE Runtime Environment (19.0.2+7) (build 19.0.2+7-44)
# Java VM: Java HotSpot(TM) 64-Bit Server VM (19.0.2+7-44, mixed mode, sharing, tiered, compressed oops, compressed class ptrs, g1 gc, windows-amd64)
# No core dump will be written. Minidumps are not enabled by default on client versions of Windows
#

---------------  S U M M A R Y ------------

Command Line: -Dfile.encoding=UTF-8 -XX:+ShowCodeDetailsInExceptionMessages Pokemon_Save_Area.Pokemon_Save_Area

Host: 12th Gen Intel(R) Core(TM) i5-1235U, 12 cores, 7G,  Windows 11 , 64 bit Build 22621 (10.0.22621.2428)
Time: Sat Nov 11 19:47:56 2023  Windows 11 , 64 bit Build 22621 (10.0.22621.2428) elapsed time: 569.675207 seconds (0d 0h 9m 29s)

---------------  T H R E A D  ---------------

Current thread (0x000001e69d9a8aa0):  VMThread "VM Thread" [stack: 0x0000007cdce00000,0x0000007cdcf00000] [id=34264]

Stack: [0x0000007cdce00000,0x0000007cdcf00000]
Native frames: (J=compiled Java code, j=interpreted, Vv=VM code, C=native code)
V  [jvm.dll+0x6ee21a]
V  [jvm.dll+0x85765e]
V  [jvm.dll+0x85904e]
V  [jvm.dll+0x859703]
V  [jvm.dll+0x28298f]
V  [jvm.dll+0x6eb009]
V  [jvm.dll+0x6dfbaa]
V  [jvm.dll+0x3573f6]
V  [jvm.dll+0x35ee56]
V  [jvm.dll+0x3b541e]
V  [jvm.dll+0x3b564f]
V  [jvm.dll+0x32c9ea]
V  [jvm.dll+0x32f576]
V  [jvm.dll+0x33a0f5]
V  [jvm.dll+0x372bc0]
V  [jvm.dll+0x85ebc3]
V  [jvm.dll+0x85f989]
V  [jvm.dll+0x85febd]
V  [jvm.dll+0x86034b]
V  [jvm.dll+0x860407]
V  [jvm.dll+0x80125a]
V  [jvm.dll+0x6ecf0b]
C  [ucrtbase.dll+0x29363]
C  [KERNEL32.DLL+0x1257d]
C  [ntdll.dll+0x5aa78]

VM_Operation (0x0000007cdcaff790): G1PauseRemark, mode: safepoint, requested by thread 0x000001e6feda87b0


---------------  P R O C E S S  ---------------

Threads class SMR info:
_java_thread_list=0x000001e6a24e2ba0, length=16, elements={
0x000001e69d9c4850, 0x000001e69d9c7790, 0x000001e69d9ca560, 0x000001e69d9caf90,
0x000001e69d9cb8c0, 0x000001e69d9dcfe0, 0x000001e69d9d2550, 0x000001e69d9e2210,
0x000001e69d9f3340, 0x000001e6a1d2cbc0, 0x000001e6a1d31d90, 0x000001e6a1f19030,
0x000001e6a1f1f590, 0x000001e6a1f21dc0, 0x000001e6a1f2c300, 0x000001e6fcb2d230
}

Java Threads: ( => current thread )
  0x000001e69d9c4850 JavaThread "Reference Handler" daemon [_thread_blocked, id=6944, stack(0x0000007cdcf00000,0x0000007cdd000000)]
  0x000001e69d9c7790 JavaThread "Finalizer" daemon [_thread_blocked, id=32564, stack(0x0000007cdd000000,0x0000007cdd100000)]
  0x000001e69d9ca560 JavaThread "Signal Dispatcher" daemon [_thread_blocked, id=17368, stack(0x0000007cdd100000,0x0000007cdd200000)]
  0x000001e69d9caf90 JavaThread "Attach Listener" daemon [_thread_blocked, id=22580, stack(0x0000007cdd200000,0x0000007cdd300000)]
  0x000001e69d9cb8c0 JavaThread "Service Thread" daemon [_thread_blocked, id=33816, stack(0x0000007cdd300000,0x0000007cdd400000)]
  0x000001e69d9dcfe0 JavaThread "Monitor Deflation Thread" daemon [_thread_blocked, id=33348, stack(0x0000007cdd400000,0x0000007cdd500000)]
  0x000001e69d9d2550 JavaThread "C2 CompilerThread0" daemon [_thread_blocked, id=36184, stack(0x0000007cdd500000,0x0000007cdd600000)]
  0x000001e69d9e2210 JavaThread "C1 CompilerThread0" daemon [_thread_blocked, id=3856, stack(0x0000007cdd600000,0x0000007cdd700000)]
  0x000001e69d9f3340 JavaThread "Sweeper thread" daemon [_thread_blocked, id=23848, stack(0x0000007cdd700000,0x0000007cdd800000)]
  0x000001e6a1d2cbc0 JavaThread "Notification Thread" daemon [_thread_blocked, id=35940, stack(0x0000007cdd800000,0x0000007cdd900000)]
  0x000001e6a1d31d90 JavaThread "Common-Cleaner" daemon [_thread_blocked, id=35980, stack(0x0000007cdda00000,0x0000007cddb00000)]
  0x000001e6a1f19030 JavaThread "Java2D Disposer" daemon [_thread_blocked, id=26140, stack(0x0000007cddb00000,0x0000007cddc00000)]
  0x000001e6a1f1f590 JavaThread "AWT-Shutdown" [_thread_blocked, id=34324, stack(0x0000007cddc00000,0x0000007cddd00000)]
  0x000001e6a1f21dc0 JavaThread "AWT-Windows" daemon [_thread_blocked, id=13528, stack(0x0000007cddd00000,0x0000007cdde00000)]
  0x000001e6a1f2c300 JavaThread "AWT-EventQueue-0" [_thread_blocked, id=35464, stack(0x0000007cdde00000,0x0000007cddf00000)]
  0x000001e6fcb2d230 JavaThread "DestroyJavaVM" [_thread_blocked, id=36088, stack(0x0000007cdc800000,0x0000007cdc900000)]

Other Threads:
=>0x000001e69d9a8aa0 VMThread "VM Thread" [stack: 0x0000007cdce00000,0x0000007cdcf00000] [id=34264]
  0x000001e6a1d2f520 WatcherThread "VM Periodic Task Thread" [stack: 0x0000007cdd900000,0x0000007cdda00000] [id=18436]
  0x000001e6fed97450 WorkerThread "GC Thread#0" [stack: 0x0000007cdc900000,0x0000007cdca00000] [id=23080]
  0x000001e6a21cc410 WorkerThread "GC Thread#1" [stack: 0x0000007cdc500000,0x0000007cdc600000] [id=22096]
  0x000001e6a1fbf570 WorkerThread "GC Thread#2" [stack: 0x0000007cdc600000,0x0000007cdc700000] [id=28300]
  0x000001e6a1ccca70 WorkerThread "GC Thread#3" [stack: 0x0000007cdc700000,0x0000007cdc800000] [id=26196]
  0x000001e6a1ccdb50 WorkerThread "GC Thread#4" [stack: 0x0000007cddf00000,0x0000007cde000000] [id=36692]
  0x000001e6a1ccd5b0 WorkerThread "GC Thread#5" [stack: 0x0000007cde000000,0x0000007cde100000] [id=27192]
  0x000001e6a1ccd010 WorkerThread "GC Thread#6" [stack: 0x0000007cde100000,0x0000007cde200000] [id=35352]
  0x000001e6feda87b0 ConcurrentGCThread "G1 Main Marker" [stack: 0x0000007cdca00000,0x0000007cdcb00000] [id=16800]
  0x000001e6feda91e0 WorkerThread "G1 Conc#0" [stack: 0x0000007cdcb00000,0x0000007cdcc00000] [id=36788]
  0x000001e6a1ccd880 WorkerThread "G1 Conc#1" [stack: 0x0000007cde200000,0x0000007cde300000] [id=20152]
  0x000001e6a1ccbf30 WorkerThread "G1 Conc#2" [stack: 0x0000007cde300000,0x0000007cde400000] [id=8040]
  0x000001e69d868f60 ConcurrentGCThread "G1 Refine#0" [stack: 0x0000007cdcc00000,0x0000007cdcd00000] [id=25812]
  0x000001e69d869750 ConcurrentGCThread "G1 Service" [stack: 0x0000007cdcd00000,0x0000007cdce00000] [id=36444]

Threads with active compile tasks:

VM state: at safepoint (normal execution)

VM Mutex/Monitor currently owned by a thread:  ([mutex/lock_event])
[0x000001e6fed34d70] Threads_lock - owner thread: 0x000001e69d9a8aa0
[0x000001e6fed35790] Heap_lock - owner thread: 0x000001e6feda87b0

Heap address: 0x0000000082a00000, size: 2006 MB, Compressed Oops mode: 32-bit

CDS archive(s) mapped at: [0x0000000800000000-0x0000000800c40000-0x0000000800c40000), size 12845056, SharedBaseAddress: 0x0000000800000000, ArchiveRelocationMode: 0.
Compressed class space mapped at: 0x0000000801000000-0x0000000841000000, reserved size: 1073741824
Narrow klass base: 0x0000000800000000, Narrow klass shift: 0, Narrow klass range: 0x100000000

GC Precious Log:
 CardTable entry size: 512
 Card Set container configuration: InlinePtr #cards 5 size 8 Array Of Cards #cards 12 size 40 Howl #buckets 4 coarsen threshold 1843 Howl Bitmap #cards 512 size 80 coarsen threshold 460 Card regions per heap region 1 cards per card region 2048
 CPUs: 12 total, 12 available
 Memory: 8017M
 Large Page Support: Disabled
 NUMA Support: Disabled
 Compressed Oops: Enabled (32-bit)
 Heap Region Size: 1M
 Heap Min Capacity: 8M
 Heap Initial Capacity: 126M
 Heap Max Capacity: 2006M
 Pre-touch: Disabled
 Parallel Workers: 10
 Concurrent Workers: 3
 Concurrent Refinement Workers: 10
 Periodic GC: Disabled

Heap:
 garbage-first heap   total 129024K, used 76717K [0x0000000082a00000, 0x0000000100000000)
  region size 1024K, 2 young (2048K), 1 survivors (1024K)
 Metaspace       used 6135K, committed 6400K, reserved 1114112K
  class space    used 655K, committed 768K, reserved 1048576K

Heap Regions: E=young(eden), S=young(survivor), O=old, HS=humongous(starts), HC=humongous(continues), CS=collection set, F=free, OA=open archive, CA=closed archive, TAMS=top-at-mark-start (previous, next)
|   0|0x0000000082a00000, 0x0000000082b00000, 0x0000000082b00000|100%|HS|  |TAMS 0x0000000082b00000, 0x0000000082a00000| Complete 
|   1|0x0000000082b00000, 0x0000000082c00000, 0x0000000082c00000|100%|HC|  |TAMS 0x0000000082c00000, 0x0000000082b00000| Complete 
|   2|0x0000000082c00000, 0x0000000082d00000, 0x0000000082d00000|100%|HC|  |TAMS 0x0000000082d00000, 0x0000000082c00000| Complete 
|   3|0x0000000082d00000, 0x0000000082e00000, 0x0000000082e00000|100%|HC|  |TAMS 0x0000000082e00000, 0x0000000082d00000| Complete 
|   4|0x0000000082e00000, 0x0000000082f00000, 0x0000000082f00000|100%|HC|  |TAMS 0x0000000082f00000, 0x0000000082e00000| Complete 
|   5|0x0000000082f00000, 0x0000000083000000, 0x0000000083000000|100%|HC|  |TAMS 0x0000000083000000, 0x0000000082f00000| Complete 
|   6|0x0000000083000000, 0x0000000083100000, 0x0000000083100000|100%|HC|  |TAMS 0x0000000083100000, 0x0000000083000000| Complete 
|   7|0x0000000083100000, 0x0000000083200000, 0x0000000083200000|100%|HC|  |TAMS 0x0000000083200000, 0x0000000083100000| Complete 
|   8|0x0000000083200000, 0x0000000083300000, 0x0000000083300000|100%|HS|  |TAMS 0x0000000083300000, 0x0000000083200000| Complete 
|   9|0x0000000083300000, 0x0000000083400000, 0x0000000083400000|100%|HC|  |TAMS 0x0000000083400000, 0x0000000083300000| Complete 
|  10|0x0000000083400000, 0x0000000083500000, 0x0000000083500000|100%|HC|  |TAMS 0x0000000083500000, 0x0000000083400000| Complete 
|  11|0x0000000083500000, 0x0000000083600000, 0x0000000083600000|100%|HC|  |TAMS 0x0000000083600000, 0x0000000083500000| Complete 
|  12|0x0000000083600000, 0x0000000083700000, 0x0000000083700000|100%|HC|  |TAMS 0x0000000083700000, 0x0000000083600000| Complete 
|  13|0x0000000083700000, 0x0000000083800000, 0x0000000083800000|100%|HC|  |TAMS 0x0000000083800000, 0x0000000083700000| Complete 
|  14|0x0000000083800000, 0x0000000083900000, 0x0000000083900000|100%|HC|  |TAMS 0x0000000083900000, 0x0000000083800000| Complete 
|  15|0x0000000083900000, 0x0000000083a00000, 0x0000000083a00000|100%|HC|  |TAMS 0x0000000083a00000, 0x0000000083900000| Complete 
|  16|0x0000000083a00000, 0x0000000083a00000, 0x0000000083b00000|  0%| F|  |TAMS 0x0000000083a00000, 0x0000000083a00000| Untracked 
|  17|0x0000000083b00000, 0x0000000083b00000, 0x0000000083c00000|  0%| F|  |TAMS 0x0000000083b00000, 0x0000000083b00000| Untracked 
|  18|0x0000000083c00000, 0x0000000083c00000, 0x0000000083d00000|  0%| F|  |TAMS 0x0000000083c00000, 0x0000000083c00000| Untracked 
|  19|0x0000000083d00000, 0x0000000083d00000, 0x0000000083e00000|  0%| F|  |TAMS 0x0000000083d00000, 0x0000000083d00000| Untracked 
|  20|0x0000000083e00000, 0x0000000083e00000, 0x0000000083f00000|  0%| F|  |TAMS 0x0000000083e00000, 0x0000000083e00000| Untracked 
|  21|0x0000000083f00000, 0x0000000083f00000, 0x0000000084000000|  0%| F|  |TAMS 0x0000000083f00000, 0x0000000083f00000| Untracked 
|  22|0x0000000084000000, 0x0000000084000000, 0x0000000084100000|  0%| F|  |TAMS 0x0000000084000000, 0x0000000084000000| Untracked 
|  23|0x0000000084100000, 0x0000000084100000, 0x0000000084200000|  0%| F|  |TAMS 0x0000000084100000, 0x0000000084100000| Untracked 
|  24|0x0000000084200000, 0x0000000084200000, 0x0000000084300000|  0%| F|  |TAMS 0x0000000084200000, 0x0000000084200000| Untracked 
|  25|0x0000000084300000, 0x0000000084300000, 0x0000000084400000|  0%| F|  |TAMS 0x0000000084300000, 0x0000000084300000| Untracked 
|  26|0x0000000084400000, 0x0000000084400000, 0x0000000084500000|  0%| F|  |TAMS 0x0000000084400000, 0x0000000084400000| Untracked 
|  27|0x0000000084500000, 0x0000000084500000, 0x0000000084600000|  0%| F|  |TAMS 0x0000000084500000, 0x0000000084500000| Untracked 
|  28|0x0000000084600000, 0x0000000084600000, 0x0000000084700000|  0%| F|  |TAMS 0x0000000084600000, 0x0000000084600000| Untracked 
|  29|0x0000000084700000, 0x0000000084700000, 0x0000000084800000|  0%| F|  |TAMS 0x0000000084700000, 0x0000000084700000| Untracked 
|  30|0x0000000084800000, 0x0000000084800000, 0x0000000084900000|  0%| F|  |TAMS 0x0000000084800000, 0x0000000084800000| Untracked 
|  31|0x0000000084900000, 0x0000000084900000, 0x0000000084a00000|  0%| F|  |TAMS 0x0000000084900000, 0x0000000084900000| Untracked 
|  32|0x0000000084a00000, 0x0000000084a00000, 0x0000000084b00000|  0%| F|  |TAMS 0x0000000084a00000, 0x0000000084a00000| Untracked 
|  33|0x0000000084b00000, 0x0000000084b00000, 0x0000000084c00000|  0%| F|  |TAMS 0x0000000084b00000, 0x0000000084b00000| Untracked 
|  34|0x0000000084c00000, 0x0000000084c00000, 0x0000000084d00000|  0%| F|  |TAMS 0x0000000084c00000, 0x0000000084c00000| Untracked 
|  35|0x0000000084d00000, 0x0000000084d00000, 0x0000000084e00000|  0%| F|  |TAMS 0x0000000084d00000, 0x0000000084d00000| Untracked 
|  36|0x0000000084e00000, 0x0000000084e00000, 0x0000000084f00000|  0%| F|  |TAMS 0x0000000084e00000, 0x0000000084e00000| Untracked 
|  37|0x0000000084f00000, 0x0000000084f00000, 0x0000000085000000|  0%| F|  |TAMS 0x0000000084f00000, 0x0000000084f00000| Untracked 
|  38|0x0000000085000000, 0x0000000085000000, 0x0000000085100000|  0%| F|  |TAMS 0x0000000085000000, 0x0000000085000000| Untracked 
|  39|0x0000000085100000, 0x0000000085100000, 0x0000000085200000|  0%| F|  |TAMS 0x0000000085100000, 0x0000000085100000| Untracked 
|  40|0x0000000085200000, 0x0000000085200000, 0x0000000085300000|  0%| F|  |TAMS 0x0000000085200000, 0x0000000085200000| Untracked 
|  41|0x0000000085300000, 0x0000000085400000, 0x0000000085400000|100%|HS|  |TAMS 0x0000000085400000, 0x0000000085300000| Complete 
|  42|0x0000000085400000, 0x0000000085500000, 0x0000000085500000|100%|HC|  |TAMS 0x0000000085500000, 0x0000000085400000| Complete 
|  43|0x0000000085500000, 0x0000000085600000, 0x0000000085600000|100%|HC|  |TAMS 0x0000000085600000, 0x0000000085500000| Complete 
|  44|0x0000000085600000, 0x0000000085700000, 0x0000000085700000|100%|HC|  |TAMS 0x0000000085700000, 0x0000000085600000| Complete 
|  45|0x0000000085700000, 0x0000000085800000, 0x0000000085800000|100%|HC|  |TAMS 0x0000000085800000, 0x0000000085700000| Complete 
|  46|0x0000000085800000, 0x0000000085900000, 0x0000000085900000|100%|HC|  |TAMS 0x0000000085900000, 0x0000000085800000| Complete 
|  47|0x0000000085900000, 0x0000000085a00000, 0x0000000085a00000|100%|HC|  |TAMS 0x0000000085a00000, 0x0000000085900000| Complete 
|  48|0x0000000085a00000, 0x0000000085b00000, 0x0000000085b00000|100%|HC|  |TAMS 0x0000000085b00000, 0x0000000085a00000| Complete 
|  49|0x0000000085b00000, 0x0000000085c00000, 0x0000000085c00000|100%|HC|  |TAMS 0x0000000085c00000, 0x0000000085b00000| Complete 
|  50|0x0000000085c00000, 0x0000000085d00000, 0x0000000085d00000|100%|HC|  |TAMS 0x0000000085d00000, 0x0000000085c00000| Complete 
|  51|0x0000000085d00000, 0x0000000085e00000, 0x0000000085e00000|100%|HC|  |TAMS 0x0000000085e00000, 0x0000000085d00000| Complete 
|  52|0x0000000085e00000, 0x0000000085f00000, 0x0000000085f00000|100%|HC|  |TAMS 0x0000000085f00000, 0x0000000085e00000| Complete 
|  53|0x0000000085f00000, 0x0000000086000000, 0x0000000086000000|100%|HC|  |TAMS 0x0000000086000000, 0x0000000085f00000| Complete 
|  54|0x0000000086000000, 0x0000000086100000, 0x0000000086100000|100%|HC|  |TAMS 0x0000000086100000, 0x0000000086000000| Complete 
|  55|0x0000000086100000, 0x0000000086200000, 0x0000000086200000|100%|HC|  |TAMS 0x0000000086200000, 0x0000000086100000| Complete 
|  56|0x0000000086200000, 0x0000000086300000, 0x0000000086300000|100%|HC|  |TAMS 0x0000000086300000, 0x0000000086200000| Complete 
|  57|0x0000000086300000, 0x0000000086400000, 0x0000000086400000|100%|HC|  |TAMS 0x0000000086400000, 0x0000000086300000| Complete 
|  58|0x0000000086400000, 0x0000000086500000, 0x0000000086500000|100%|HC|  |TAMS 0x0000000086500000, 0x0000000086400000| Complete 
|  59|0x0000000086500000, 0x0000000086600000, 0x0000000086600000|100%|HC|  |TAMS 0x0000000086600000, 0x0000000086500000| Complete 
|  60|0x0000000086600000, 0x0000000086700000, 0x0000000086700000|100%|HC|  |TAMS 0x0000000086700000, 0x0000000086600000| Complete 
|  61|0x0000000086700000, 0x0000000086800000, 0x0000000086800000|100%|HC|  |TAMS 0x0000000086800000, 0x0000000086700000| Complete 
|  62|0x0000000086800000, 0x0000000086900000, 0x0000000086900000|100%|HC|  |TAMS 0x0000000086900000, 0x0000000086800000| Complete 
|  63|0x0000000086900000, 0x0000000086a00000, 0x0000000086a00000|100%|HC|  |TAMS 0x0000000086a00000, 0x0000000086900000| Complete 
|  64|0x0000000086a00000, 0x0000000086b00000, 0x0000000086b00000|100%|HC|  |TAMS 0x0000000086b00000, 0x0000000086a00000| Complete 
|  65|0x0000000086b00000, 0x0000000086c00000, 0x0000000086c00000|100%|HC|  |TAMS 0x0000000086c00000, 0x0000000086b00000| Complete 
|  66|0x0000000086c00000, 0x0000000086d00000, 0x0000000086d00000|100%|HC|  |TAMS 0x0000000086d00000, 0x0000000086c00000| Complete 
|  67|0x0000000086d00000, 0x0000000086e00000, 0x0000000086e00000|100%|HC|  |TAMS 0x0000000086e00000, 0x0000000086d00000| Complete 
|  68|0x0000000086e00000, 0x0000000086f00000, 0x0000000086f00000|100%|HC|  |TAMS 0x0000000086f00000, 0x0000000086e00000| Complete 
|  69|0x0000000086f00000, 0x0000000087000000, 0x0000000087000000|100%|HC|  |TAMS 0x0000000087000000, 0x0000000086f00000| Complete 
|  70|0x0000000087000000, 0x0000000087100000, 0x0000000087100000|100%|HC|  |TAMS 0x0000000087100000, 0x0000000087000000| Complete 
|  71|0x0000000087100000, 0x0000000087200000, 0x0000000087200000|100%|HC|  |TAMS 0x0000000087200000, 0x0000000087100000| Complete 
|  72|0x0000000087200000, 0x0000000087300000, 0x0000000087300000|100%|HC|  |TAMS 0x0000000087300000, 0x0000000087200000| Complete 
|  73|0x0000000087300000, 0x0000000087400000, 0x0000000087400000|100%| O|  |TAMS 0x0000000087300000, 0x0000000087300000| Untracked 
|  74|0x0000000087400000, 0x00000000874c2008, 0x0000000087500000| 75%| O|  |TAMS 0x0000000087400000, 0x0000000087400000| Updating 
|  75|0x0000000087500000, 0x0000000087600000, 0x0000000087600000|100%|HS|  |TAMS 0x0000000087500000, 0x0000000087500000| Complete 
|  76|0x0000000087600000, 0x0000000087700000, 0x0000000087700000|100%|HC|  |TAMS 0x0000000087600000, 0x0000000087600000| Complete 
|  77|0x0000000087700000, 0x0000000087800000, 0x0000000087800000|100%|HC|  |TAMS 0x0000000087700000, 0x0000000087700000| Complete 
|  78|0x0000000087800000, 0x0000000087900000, 0x0000000087900000|100%|HC|  |TAMS 0x0000000087800000, 0x0000000087800000| Complete 
|  79|0x0000000087900000, 0x0000000087a00000, 0x0000000087a00000|100%|HC|  |TAMS 0x0000000087900000, 0x0000000087900000| Complete 
|  80|0x0000000087a00000, 0x0000000087b00000, 0x0000000087b00000|100%|HC|  |TAMS 0x0000000087a00000, 0x0000000087a00000| Complete 
|  81|0x0000000087b00000, 0x0000000087c00000, 0x0000000087c00000|100%|HC|  |TAMS 0x0000000087b00000, 0x0000000087b00000| Complete 
|  82|0x0000000087c00000, 0x0000000087d00000, 0x0000000087d00000|100%|HC|  |TAMS 0x0000000087c00000, 0x0000000087c00000| Complete 
|  83|0x0000000087d00000, 0x0000000087e00000, 0x0000000087e00000|100%|HC|  |TAMS 0x0000000087d00000, 0x0000000087d00000| Complete 
|  84|0x0000000087e00000, 0x0000000087f00000, 0x0000000087f00000|100%|HC|  |TAMS 0x0000000087e00000, 0x0000000087e00000| Complete 
|  85|0x0000000087f00000, 0x0000000088000000, 0x0000000088000000|100%|HC|  |TAMS 0x0000000087f00000, 0x0000000087f00000| Complete 
|  86|0x0000000088000000, 0x0000000088100000, 0x0000000088100000|100%|HC|  |TAMS 0x0000000088000000, 0x0000000088000000| Complete 
|  87|0x0000000088100000, 0x0000000088200000, 0x0000000088200000|100%|HC|  |TAMS 0x0000000088100000, 0x0000000088100000| Complete 
|  88|0x0000000088200000, 0x0000000088300000, 0x0000000088300000|100%|HC|  |TAMS 0x0000000088200000, 0x0000000088200000| Complete 
|  89|0x0000000088300000, 0x0000000088400000, 0x0000000088400000|100%|HC|  |TAMS 0x0000000088300000, 0x0000000088300000| Complete 
|  90|0x0000000088400000, 0x0000000088500000, 0x0000000088500000|100%|HC|  |TAMS 0x0000000088400000, 0x0000000088400000| Complete 
|  91|0x0000000088500000, 0x0000000088600000, 0x0000000088600000|100%|HC|  |TAMS 0x0000000088500000, 0x0000000088500000| Complete 
|  92|0x0000000088600000, 0x0000000088700000, 0x0000000088700000|100%|HC|  |TAMS 0x0000000088600000, 0x0000000088600000| Complete 
|  93|0x0000000088700000, 0x0000000088800000, 0x0000000088800000|100%|HC|  |TAMS 0x0000000088700000, 0x0000000088700000| Complete 
|  94|0x0000000088800000, 0x0000000088900000, 0x0000000088900000|100%|HC|  |TAMS 0x0000000088800000, 0x0000000088800000| Complete 
|  95|0x0000000088900000, 0x0000000088a00000, 0x0000000088a00000|100%|HC|  |TAMS 0x0000000088900000, 0x0000000088900000| Complete 
|  96|0x0000000088a00000, 0x0000000088b00000, 0x0000000088b00000|100%|HC|  |TAMS 0x0000000088a00000, 0x0000000088a00000| Complete 
|  97|0x0000000088b00000, 0x0000000088c00000, 0x0000000088c00000|100%|HC|  |TAMS 0x0000000088b00000, 0x0000000088b00000| Complete 
|  98|0x0000000088c00000, 0x0000000088d00000, 0x0000000088d00000|100%|HC|  |TAMS 0x0000000088c00000, 0x0000000088c00000| Complete 
|  99|0x0000000088d00000, 0x0000000088e00000, 0x0000000088e00000|100%|HC|  |TAMS 0x0000000088d00000, 0x0000000088d00000| Complete 
| 100|0x0000000088e00000, 0x0000000088e00000, 0x0000000088f00000|  0%| F|  |TAMS 0x0000000088e00000, 0x0000000088e00000| Untracked 
| 101|0x0000000088f00000, 0x0000000088f00000, 0x0000000089000000|  0%| F|  |TAMS 0x0000000088f00000, 0x0000000088f00000| Untracked 
| 102|0x0000000089000000, 0x0000000089000000, 0x0000000089100000|  0%| F|  |TAMS 0x0000000089000000, 0x0000000089000000| Untracked 
| 103|0x0000000089100000, 0x0000000089100000, 0x0000000089200000|  0%| F|  |TAMS 0x0000000089100000, 0x0000000089100000| Untracked 
| 104|0x0000000089200000, 0x0000000089200000, 0x0000000089300000|  0%| F|  |TAMS 0x0000000089200000, 0x0000000089200000| Untracked 
| 105|0x0000000089300000, 0x0000000089300000, 0x0000000089400000|  0%| F|  |TAMS 0x0000000089300000, 0x0000000089300000| Untracked 
| 106|0x0000000089400000, 0x0000000089400000, 0x0000000089500000|  0%| F|  |TAMS 0x0000000089400000, 0x0000000089400000| Untracked 
| 107|0x0000000089500000, 0x0000000089500000, 0x0000000089600000|  0%| F|  |TAMS 0x0000000089500000, 0x0000000089500000| Untracked 
| 108|0x0000000089600000, 0x0000000089600000, 0x0000000089700000|  0%| F|  |TAMS 0x0000000089600000, 0x0000000089600000| Untracked 
| 109|0x0000000089700000, 0x0000000089700000, 0x0000000089800000|  0%| F|  |TAMS 0x0000000089700000, 0x0000000089700000| Untracked 
| 110|0x0000000089800000, 0x0000000089800000, 0x0000000089900000|  0%| F|  |TAMS 0x0000000089800000, 0x0000000089800000| Untracked 
| 111|0x0000000089900000, 0x0000000089900000, 0x0000000089a00000|  0%| F|  |TAMS 0x0000000089900000, 0x0000000089900000| Untracked 
| 112|0x0000000089a00000, 0x0000000089a00000, 0x0000000089b00000|  0%| F|  |TAMS 0x0000000089a00000, 0x0000000089a00000| Untracked 
| 113|0x0000000089b00000, 0x0000000089b00000, 0x0000000089c00000|  0%| F|  |TAMS 0x0000000089b00000, 0x0000000089b00000| Untracked 
| 114|0x0000000089c00000, 0x0000000089c00000, 0x0000000089d00000|  0%| F|  |TAMS 0x0000000089c00000, 0x0000000089c00000| Untracked 
| 115|0x0000000089d00000, 0x0000000089d00000, 0x0000000089e00000|  0%| F|  |TAMS 0x0000000089d00000, 0x0000000089d00000| Untracked 
| 116|0x0000000089e00000, 0x0000000089e00000, 0x0000000089f00000|  0%| F|  |TAMS 0x0000000089e00000, 0x0000000089e00000| Untracked 
| 117|0x0000000089f00000, 0x0000000089f00000, 0x000000008a000000|  0%| F|  |TAMS 0x0000000089f00000, 0x0000000089f00000| Untracked 
| 118|0x000000008a000000, 0x000000008a000000, 0x000000008a100000|  0%| F|  |TAMS 0x000000008a000000, 0x000000008a000000| Untracked 
| 119|0x000000008a100000, 0x000000008a100000, 0x000000008a200000|  0%| F|  |TAMS 0x000000008a100000, 0x000000008a100000| Untracked 
| 120|0x000000008a200000, 0x000000008a200000, 0x000000008a300000|  0%| F|  |TAMS 0x000000008a200000, 0x000000008a200000| Untracked 
| 121|0x000000008a300000, 0x000000008a300000, 0x000000008a400000|  0%| F|  |TAMS 0x000000008a300000, 0x000000008a300000| Untracked 
| 122|0x000000008a400000, 0x000000008a400000, 0x000000008a500000|  0%| F|  |TAMS 0x000000008a400000, 0x000000008a400000| Untracked 
| 123|0x000000008a500000, 0x000000008a529790, 0x000000008a600000| 16%| S|CS|TAMS 0x000000008a500000, 0x000000008a500000| Complete 
| 124|0x000000008a600000, 0x000000008a600000, 0x000000008a700000|  0%| F|  |TAMS 0x000000008a600000, 0x000000008a600000| Untracked 
| 125|0x000000008a700000, 0x000000008a723d90, 0x000000008a800000| 14%| E|  |TAMS 0x000000008a700000, 0x000000008a700000| Complete 

Card table byte_map: [0x000001e6ff760000,0x000001e6ffb50000] _byte_map_base: 0x000001e6ff34b000

Marking Bits (Prev, Next): (CMBitMap*) 0x000001e6fed97ac0, (CMBitMap*) 0x000001e6fed97a80
 Prev Bits: [0x000001e698e00000, 0x000001e69ad58000)
 Next Bits: [0x000001e696ea0000, 0x000001e698df8000)

Polling page: 0x000001e6fcc60000

Metaspace:

Usage:
  Non-class:      5.35 MB used.
      Class:    655.31 KB used.
       Both:      5.99 MB used.

Virtual space:
  Non-class space:       64.00 MB reserved,       5.50 MB (  9%) committed,  1 nodes.
      Class space:        1.00 GB reserved,     768.00 KB ( <1%) committed,  1 nodes.
             Both:        1.06 GB reserved,       6.25 MB ( <1%) committed. 

Chunk freelists:
   Non-Class:  2.35 MB
       Class:  3.24 MB
        Both:  5.59 MB

MaxMetaspaceSize: unlimited
CompressedClassSpaceSize: 1.00 GB
Initial GC threshold: 21.00 MB
Current GC threshold: 21.00 MB
CDS: on
MetaspaceReclaimPolicy: balanced
 - commit_granule_bytes: 65536.
 - commit_granule_words: 8192.
 - virtual_space_node_default_size: 8388608.
 - enlarge_chunks_in_place: 1.
 - new_chunks_are_fully_committed: 0.
 - uncommit_free_chunks: 1.
 - use_allocation_guard: 0.


Internal statistics:

num_allocs_failed_limit: 0.
num_arena_births: 150.
num_arena_deaths: 0.
num_vsnodes_births: 2.
num_vsnodes_deaths: 0.
num_space_committed: 100.
num_space_uncommitted: 0.
num_chunks_returned_to_freelist: 0.
num_chunks_taken_from_freelist: 160.
num_chunk_merges: 0.
num_chunk_splits: 112.
num_chunks_enlarged: 73.
num_inconsistent_stats: 0.

CodeHeap 'non-profiled nmethods': size=120000Kb used=252Kb max_used=252Kb free=119747Kb
 bounds [0x000001e68f970000, 0x000001e68fbe0000, 0x000001e696ea0000]
CodeHeap 'profiled nmethods': size=120000Kb used=1177Kb max_used=1177Kb free=118822Kb
 bounds [0x000001e687ea0000, 0x000001e688110000, 0x000001e68f3d0000]
CodeHeap 'non-nmethods': size=5760Kb used=1332Kb max_used=1348Kb free=4427Kb
 bounds [0x000001e68f3d0000, 0x000001e68f640000, 0x000001e68f970000]
 total_blobs=1345 nmethods=777 adapters=479
 compilation: enabled
              stopped_count=0, restarted_count=0
 full_count=0

Compilation events (20 events):
Event: 559.887 Thread 0x000001e69d9e2210  768       3       java.awt.Component::isLightweight (8 bytes)
Event: 559.888 Thread 0x000001e69d9e2210 nmethod 768 0x000001e687fc1610 code [0x000001e687fc17c0, 0x000001e687fc19f8]
Event: 561.700 Thread 0x000001e69d9e2210  770       3       java.lang.ref.Reference::enqueueFromPending (19 bytes)
Event: 561.703 Thread 0x000001e69d9e2210 nmethod 770 0x000001e687fc1a90 code [0x000001e687fc1c40, 0x000001e687fc1e68]
Event: 561.703 Thread 0x000001e69d9e2210  771       3       java.lang.ref.ReferenceQueue::enqueue0 (98 bytes)
Event: 561.705 Thread 0x000001e69d9e2210 nmethod 771 0x000001e687fc1f10 code [0x000001e687fc2100, 0x000001e687fc2748]
Event: 562.102 Thread 0x000001e69d9e2210  773       3       java.lang.Integer::equals (29 bytes)
Event: 562.103 Thread 0x000001e69d9e2210 nmethod 773 0x000001e687fc2890 code [0x000001e687fc2a40, 0x000001e687fc2e38]
Event: 564.095 Thread 0x000001e69d9e2210  774  s    3       sun.awt.windows.WDesktopProperties::setColorProperty (94 bytes)
Event: 564.103 Thread 0x000001e69d9e2210 nmethod 774 0x000001e687fc2f10 code [0x000001e687fc3180, 0x000001e687fc3fc8]
Event: 566.024 Thread 0x000001e69d9e2210  775   !   3       java.awt.EventQueue::postEventPrivate (104 bytes)
Event: 566.033 Thread 0x000001e69d9e2210 nmethod 775 0x000001e687fc4410 code [0x000001e687fc4660, 0x000001e687fc4ea8]
Event: 567.533 Thread 0x000001e69d9e2210  776       3       java.awt.Component::isValid (20 bytes)
Event: 567.533 Thread 0x000001e69d9e2210 nmethod 776 0x000001e687fc5190 code [0x000001e687fc5320, 0x000001e687fc54d8]
Event: 567.750 Thread 0x000001e69d9e2210  777       3       java.awt.AWTEvent::<init> (81 bytes)
Event: 567.751 Thread 0x000001e69d9e2210 nmethod 777 0x000001e687fc5590 code [0x000001e687fc5760, 0x000001e687fc5c18]
Event: 567.797 Thread 0x000001e69d9e2210  778       3       java.lang.Thread::interrupted (7 bytes)
Event: 567.797 Thread 0x000001e69d9e2210 nmethod 778 0x000001e687fc5d90 code [0x000001e687fc5f40, 0x000001e687fc61a8]
Event: 567.797 Thread 0x000001e69d9e2210  779       3       java.lang.Thread::getAndClearInterrupt (19 bytes)
Event: 567.797 Thread 0x000001e69d9e2210 nmethod 779 0x000001e687fc6290 code [0x000001e687fc6440, 0x000001e687fc65c8]

GC Heap History (4 events):
Event: 559.905 GC heap before
{Heap before GC invocations=0 (full 0):
 garbage-first heap   total 129024K, used 56320K [0x0000000082a00000, 0x0000000100000000)
  region size 1024K, 15 young (15360K), 0 survivors (0K)
 Metaspace       used 6125K, committed 6336K, reserved 1114112K
  class space    used 655K, committed 768K, reserved 1048576K
}
Event: 561.561 GC heap after
{Heap after GC invocations=1 (full 0):
 garbage-first heap   total 129024K, used 43729K [0x0000000082a00000, 0x0000000100000000)
  region size 1024K, 2 young (2048K), 2 survivors (2048K)
 Metaspace       used 6125K, committed 6336K, reserved 1114112K
  class space    used 655K, committed 768K, reserved 1048576K
}
Event: 567.756 GC heap before
{Heap before GC invocations=1 (full 0):
 garbage-first heap   total 129024K, used 77521K [0x0000000082a00000, 0x0000000100000000)
  region size 1024K, 4 young (4096K), 2 survivors (2048K)
 Metaspace       used 6134K, committed 6336K, reserved 1114112K
  class space    used 655K, committed 768K, reserved 1048576K
}
Event: 567.794 GC heap after
{Heap after GC invocations=2 (full 0):
 garbage-first heap   total 129024K, used 76717K [0x0000000082a00000, 0x0000000100000000)
  region size 1024K, 1 young (1024K), 1 survivors (1024K)
 Metaspace       used 6134K, committed 6336K, reserved 1114112K
  class space    used 655K, committed 768K, reserved 1048576K
}

Dll operation events (7 events):
Event: 0.012 Loaded shared library C:\Program Files\Java\jdk-19\bin\java.dll
Event: 0.023 Loaded shared library C:\Program Files\Java\jdk-19\bin\jsvml.dll
Event: 0.092 Loaded shared library C:\Program Files\Java\jdk-19\bin\jimage.dll
Event: 0.129 Loaded shared library C:\Program Files\Java\jdk-19\bin\awt.dll
Event: 0.314 Loaded shared library C:\Program Files\Java\jdk-19\bin\zip.dll
Event: 0.566 Loaded shared library C:\Program Files\Java\jdk-19\bin\freetype.dll
Event: 0.567 Loaded shared library C:\Program Files\Java\jdk-19\bin\fontmanager.dll

Deoptimization events (20 events):
Event: 0.464 Thread 0x000001e6a1fbb010 DEOPT PACKING pc=0x000001e687f5d3ab sp=0x0000007cddffec30
Event: 0.464 Thread 0x000001e6a1fbb010 DEOPT UNPACKING pc=0x000001e68f437543 sp=0x0000007cddffe0d0 mode 0
Event: 0.464 Thread 0x000001e6a1fbb010 DEOPT PACKING pc=0x000001e687f5d3ab sp=0x0000007cddffec30
Event: 0.464 Thread 0x000001e6a1fbb010 DEOPT UNPACKING pc=0x000001e68f437543 sp=0x0000007cddffe0d0 mode 0
Event: 0.465 Thread 0x000001e6a1fbb010 DEOPT PACKING pc=0x000001e687f5d3ab sp=0x0000007cddffec30
Event: 0.465 Thread 0x000001e6a1fbb010 DEOPT UNPACKING pc=0x000001e68f437543 sp=0x0000007cddffe0d0 mode 0
Event: 0.527 Thread 0x000001e6a1fbb010 Uncommon trap: trap_request=0xffffff45 fr.pc=0x000001e68f99f964 relative=0x0000000000000d84
Event: 0.527 Thread 0x000001e6a1fbb010 Uncommon trap: reason=unstable_if action=reinterpret pc=0x000001e68f99f964 method=java.io.BufferedInputStream.fill()V @ 189 c2
Event: 0.528 Thread 0x000001e6a1fbb010 DEOPT PACKING pc=0x000001e68f99f964 sp=0x0000007cddffecb0
Event: 0.528 Thread 0x000001e6a1fbb010 DEOPT UNPACKING pc=0x000001e68f436da3 sp=0x0000007cddffec18 mode 2
Event: 0.528 Thread 0x000001e6a1fbb010 Uncommon trap: trap_request=0xffffff45 fr.pc=0x000001e68f99d818 relative=0x0000000000000358
Event: 0.528 Thread 0x000001e6a1fbb010 Uncommon trap: reason=unstable_if action=reinterpret pc=0x000001e68f99d818 method=java.util.zip.Inflater.inflate([BII)I @ 314 c2
Event: 0.528 Thread 0x000001e6a1fbb010 DEOPT PACKING pc=0x000001e68f99d818 sp=0x0000007cddffee40
Event: 0.528 Thread 0x000001e6a1fbb010 DEOPT UNPACKING pc=0x000001e68f436da3 sp=0x0000007cddffedb0 mode 2
Event: 0.534 Thread 0x000001e6a1fbb010 DEOPT PACKING pc=0x000001e687f7dc58 sp=0x0000007cddffefa0
Event: 0.534 Thread 0x000001e6a1fbb010 DEOPT UNPACKING pc=0x000001e68f437543 sp=0x0000007cddffe490 mode 0
Event: 0.534 Thread 0x000001e6a1fbb010 Uncommon trap: trap_request=0xffffff45 fr.pc=0x000001e68f9a1630 relative=0x0000000000000310
Event: 0.534 Thread 0x000001e6a1fbb010 Uncommon trap: reason=unstable_if action=reinterpret pc=0x000001e68f9a1630 method=sun.awt.image.ImageRepresentation.getOpaqueRGBImage()Ljava/awt/image/BufferedImage; @ 57 c2
Event: 0.534 Thread 0x000001e6a1fbb010 DEOPT PACKING pc=0x000001e68f9a1630 sp=0x0000007cddfff000
Event: 0.534 Thread 0x000001e6a1fbb010 DEOPT UNPACKING pc=0x000001e68f436da3 sp=0x0000007cddffef90 mode 2

Classes loaded (20 events):
Event: 2.859 Loading class javax/swing/JComponent$KeyboardState
Event: 2.859 Loading class javax/swing/JComponent$KeyboardState done
Event: 2.860 Loading class javax/swing/JComponent$IntVector
Event: 2.860 Loading class javax/swing/JComponent$IntVector done
Event: 2.860 Loading class javax/swing/KeyboardManager
Event: 2.860 Loading class javax/swing/KeyboardManager done
Event: 2.860 Loading class javax/swing/Popup$HeavyWeightWindow
Event: 2.860 Loading class sun/awt/ModalExclude
Event: 2.860 Loading class sun/awt/ModalExclude done
Event: 2.861 Loading class javax/swing/JWindow
Event: 2.861 Loading class javax/swing/JWindow done
Event: 2.861 Loading class javax/swing/Popup$HeavyWeightWindow done
Event: 5.765 Loading class java/awt/KeyboardFocusManager$2
Event: 5.765 Loading class java/awt/KeyboardFocusManager$2 done
Event: 544.324 Loading class java/util/WeakHashMap$KeyIterator
Event: 544.326 Loading class java/util/WeakHashMap$HashIterator
Event: 544.326 Loading class java/util/WeakHashMap$HashIterator done
Event: 544.326 Loading class java/util/WeakHashMap$KeyIterator done
Event: 544.328 Loading class javax/swing/RepaintManager$DisplayChangedRunnable
Event: 544.330 Loading class javax/swing/RepaintManager$DisplayChangedRunnable done

Classes unloaded (0 events):
No events

Classes redefined (0 events):
No events

Internal exceptions (14 events):
Event: 0.104 Thread 0x000001e6fcb2d230 Exception <a 'java/lang/ClassNotFoundException'{0x000000008a50cd70}: sun/awt/resources/spi/awtProvider> (0x000000008a50cd70) 
thrown [s\open\src\hotspot\share\classfile\systemDictionary.cpp, line 255]
Event: 0.147 Thread 0x000001e6fcb2d230 Exception <a 'java/io/FileNotFoundException'{0x000000008a566288}> (0x000000008a566288) 
thrown [s\open\src\hotspot\share\prims\jni.cpp, line 517]
Event: 0.159 Thread 0x000001e6fcb2d230 Exception <a 'java/io/FileNotFoundException'{0x000000008a592bb8}> (0x000000008a592bb8) 
thrown [s\open\src\hotspot\share\prims\jni.cpp, line 517]
Event: 0.195 Thread 0x000001e6fcb2d230 Exception <a 'java/lang/NoSuchMethodError'{0x000000008a5c8b80}: 'java.lang.Object java.lang.invoke.DirectMethodHandle$Holder.invokeStaticInit(java.lang.Object)'> (0x000000008a5c8b80) 
thrown [s\open\src\hotspot\share\interpreter\linkResolver.cpp, line 774]
Event: 0.253 Thread 0x000001e6a1f2c300 Exception <a 'java/lang/NoSuchMethodError'{0x000000008a4cf6b8}: 'void java.lang.invoke.DirectMethodHandle$Holder.invokeSpecial(java.lang.Object, java.lang.Object, java.lang.Object)'> (0x000000008a4cf6b8) 
thrown [s\open\src\hotspot\share\interpreter\linkResolver.cpp, line 774]
Event: 0.262 Thread 0x000001e6a1f2c300 Exception <a 'java/lang/NoSuchMethodError'{0x000000008a30e290}: 'java.lang.Object java.lang.invoke.DirectMethodHandle$Holder.newInvokeSpecial(java.lang.Object, java.lang.Object, java.lang.Object, java.lang.Object, java.lang.Object)'> (0x000000008a30e290) 
thrown [s\open\src\hotspot\share\interpreter\linkResolver.cpp, line 774]
Event: 0.270 Thread 0x000001e6a1f2c300 Exception <a 'java/lang/NoSuchMethodError'{0x000000008a33f978}: 'java.lang.Object java.lang.invoke.DirectMethodHandle$Holder.invokeStatic(java.lang.Object, int, java.lang.Object)'> (0x000000008a33f978) 
thrown [s\open\src\hotspot\share\interpreter\linkResolver.cpp, line 774]
Event: 0.297 Thread 0x000001e6a1f2c300 Exception <a 'java/lang/ClassNotFoundException'{0x000000008a3fb5e8}: com/sun/swing/internal/plaf/metal/resources/spi/metalProvider> (0x000000008a3fb5e8) 
thrown [s\open\src\hotspot\share\classfile\systemDictionary.cpp, line 255]
Event: 0.298 Thread 0x000001e6a1f2c300 Exception <a 'java/lang/ClassNotFoundException'{0x000000008a3ff598}: com/sun/swing/internal/plaf/basic/resources/spi/basicProvider> (0x000000008a3ff598) 
thrown [s\open\src\hotspot\share\classfile\systemDictionary.cpp, line 255]
Event: 0.305 Thread 0x000001e6a1f2c300 Exception <a 'java/lang/NoSuchMethodError'{0x000000008a21ffe0}: 'int java.lang.invoke.Invokers$Holder.invokeExact_MT(java.lang.Object, java.lang.Object)'> (0x000000008a21ffe0) 
thrown [s\open\src\hotspot\share\interpreter\linkResolver.cpp, line 774]
Event: 0.315 Thread 0x000001e6a1fbb010 Exception <a 'java/lang/NoSuchMethodError'{0x000000008a2892e0}: 'java.lang.Object java.lang.invoke.DirectMethodHandle$Holder.newInvokeSpecial(java.lang.Object, java.lang.Object, java.lang.Object, int, int, int, int, int)'> (0x000000008a2892e0) 
thrown [s\open\src\hotspot\share\interpreter\linkResolver.cpp, line 774]
Event: 0.558 Thread 0x000001e6a1f2c300 Exception <a 'java/lang/NoSuchMethodError'{0x000000008a24bf70}: 'void java.lang.invoke.DirectMethodHandle$Holder.invokeStaticInit(java.lang.Object)'> (0x000000008a24bf70) 
thrown [s\open\src\hotspot\share\interpreter\linkResolver.cpp, line 774]
Event: 0.571 Thread 0x000001e6a1f2c300 Exception <a 'java/io/FileNotFoundException'{0x000000008a258fb0}> (0x000000008a258fb0) 
thrown [s\open\src\hotspot\share\prims\jni.cpp, line 517]
Event: 0.637 Thread 0x000001e6a1f21dc0 Exception <a 'java/lang/NoSuchMethodError'{0x000000008a40fd20}: 'void java.lang.invoke.DirectMethodHandle$Holder.invokeVirtual(java.lang.Object, java.lang.Object)'> (0x000000008a40fd20) 
thrown [s\open\src\hotspot\share\interpreter\linkResolver.cpp, line 774]

VM Operations (20 events):
Event: 0.297 Executing VM operation: HandshakeAllThreads done
Event: 0.536 Executing VM operation: HandshakeAllThreads
Event: 0.536 Executing VM operation: HandshakeAllThreads done
Event: 1.543 Executing VM operation: Cleanup
Event: 1.543 Executing VM operation: Cleanup done
Event: 2.546 Executing VM operation: Cleanup
Event: 2.546 Executing VM operation: Cleanup done
Event: 3.547 Executing VM operation: Cleanup
Event: 3.547 Executing VM operation: Cleanup done
Event: 521.232 Executing VM operation: Cleanup
Event: 521.233 Executing VM operation: Cleanup done
Event: 543.400 Executing VM operation: Cleanup
Event: 543.400 Executing VM operation: Cleanup done
Event: 545.404 Executing VM operation: Cleanup
Event: 545.404 Executing VM operation: Cleanup done
Event: 559.902 Executing VM operation: G1TryInitiateConcMark
Event: 561.666 Executing VM operation: G1TryInitiateConcMark done
Event: 567.751 Executing VM operation: G1TryInitiateConcMark
Event: 567.794 Executing VM operation: G1TryInitiateConcMark done
Event: 568.246 Executing VM operation: G1PauseRemark

Events (20 events):
Event: 0.044 Thread 0x000001e69d9c7790 Thread added: 0x000001e69d9c7790
Event: 0.045 Thread 0x000001e69d9ca560 Thread added: 0x000001e69d9ca560
Event: 0.045 Thread 0x000001e69d9caf90 Thread added: 0x000001e69d9caf90
Event: 0.045 Thread 0x000001e69d9cb8c0 Thread added: 0x000001e69d9cb8c0
Event: 0.045 Thread 0x000001e69d9dcfe0 Thread added: 0x000001e69d9dcfe0
Event: 0.045 Thread 0x000001e69d9d2550 Thread added: 0x000001e69d9d2550
Event: 0.045 Thread 0x000001e69d9e2210 Thread added: 0x000001e69d9e2210
Event: 0.046 Thread 0x000001e69d9f3340 Thread added: 0x000001e69d9f3340
Event: 0.071 Thread 0x000001e6a1d2cbc0 Thread added: 0x000001e6a1d2cbc0
Event: 0.077 Thread 0x000001e6a1d31d90 Thread added: 0x000001e6a1d31d90
Event: 0.197 Thread 0x000001e6a1f19030 Thread added: 0x000001e6a1f19030
Event: 0.198 Thread 0x000001e6a1f1f590 Thread added: 0x000001e6a1f1f590
Event: 0.200 Thread 0x000001e6a1f21dc0 Thread added: 0x000001e6a1f21dc0
Event: 0.223 Thread 0x000001e6a1f2c300 Thread added: 0x000001e6a1f2c300
Event: 0.223 Thread 0x000001e6fcb2d230 Thread exited: 0x000001e6fcb2d230
Event: 0.223 Thread 0x000001e6fcb2d230 Thread added: 0x000001e6fcb2d230
Event: 0.311 Thread 0x000001e6a1fbb010 Thread added: 0x000001e6a1fbb010
Event: 0.579 Thread 0x000001e6a2641fb0 Thread added: 0x000001e6a2641fb0
Event: 1.657 Thread 0x000001e6a2641fb0 Thread exited: 0x000001e6a2641fb0
Event: 5.542 Thread 0x000001e6a1fbb010 Thread exited: 0x000001e6a1fbb010


Dynamic libraries:
0x00007ff7a43b0000 - 0x00007ff7a43c0000 	C:\Program Files\Java\jdk-19\bin\javaw.exe
0x00007ffce2530000 - 0x00007ffce2747000 	C:\Windows\SYSTEM32\ntdll.dll
0x00007ffce1a00000 - 0x00007ffce1ac4000 	C:\Windows\System32\KERNEL32.DLL
0x00007ffcdfdc0000 - 0x00007ffce0166000 	C:\Windows\System32\KERNELBASE.dll
0x00007ffcdfc00000 - 0x00007ffcdfd11000 	C:\Windows\System32\ucrtbase.dll
0x00007ffcd9460000 - 0x00007ffcd947b000 	C:\Program Files\Java\jdk-19\bin\VCRUNTIME140.dll
0x00007ffcda750000 - 0x00007ffcda768000 	C:\Program Files\Java\jdk-19\bin\jli.dll
0x00007ffce0320000 - 0x00007ffce03d0000 	C:\Windows\System32\ADVAPI32.dll
0x00007ffce0de0000 - 0x00007ffce0e87000 	C:\Windows\System32\msvcrt.dll
0x00007ffce0c50000 - 0x00007ffce0cf6000 	C:\Windows\System32\sechost.dll
0x00007ffce0b30000 - 0x00007ffce0c47000 	C:\Windows\System32\RPCRT4.dll
0x00007ffce0860000 - 0x00007ffce0a0d000 	C:\Windows\System32\USER32.dll
0x00007ffce01f0000 - 0x00007ffce0216000 	C:\Windows\System32\win32u.dll
0x00007ffcc29a0000 - 0x00007ffcc2c33000 	C:\Windows\WinSxS\amd64_microsoft.windows.common-controls_6595b64144ccf1df_6.0.22621.2361_none_2712ced57382f843\COMCTL32.dll
0x00007ffce24a0000 - 0x00007ffce24c9000 	C:\Windows\System32\GDI32.dll
0x00007ffcdfa20000 - 0x00007ffcdfb38000 	C:\Windows\System32\gdi32full.dll
0x00007ffcdfd20000 - 0x00007ffcdfdba000 	C:\Windows\System32\msvcp_win.dll
0x00007ffcc9aa0000 - 0x00007ffcc9aaa000 	C:\Windows\SYSTEM32\VERSION.dll
0x00007ffce07c0000 - 0x00007ffce07f1000 	C:\Windows\System32\IMM32.DLL
0x00007ffcd93e0000 - 0x00007ffcd93ec000 	C:\Program Files\Java\jdk-19\bin\vcruntime140_1.dll
0x00007ffcc34a0000 - 0x00007ffcc352e000 	C:\Program Files\Java\jdk-19\bin\msvcp140.dll
0x00007ffc46ef0000 - 0x00007ffc47bb0000 	C:\Program Files\Java\jdk-19\bin\server\jvm.dll
0x00007ffcc4d20000 - 0x00007ffcc4d29000 	C:\Windows\SYSTEM32\WSOCK32.dll
0x00007ffcd7ab0000 - 0x00007ffcd7ae4000 	C:\Windows\SYSTEM32\WINMM.dll
0x00007ffce1980000 - 0x00007ffce19f1000 	C:\Windows\System32\WS2_32.dll
0x00007ffcde950000 - 0x00007ffcde968000 	C:\Windows\SYSTEM32\kernel.appcore.dll
0x00007ffcd87f0000 - 0x00007ffcd87fa000 	C:\Program Files\Java\jdk-19\bin\jimage.dll
0x00007ffcdd0f0000 - 0x00007ffcdd31e000 	C:\Windows\SYSTEM32\DBGHELP.DLL
0x00007ffce1c90000 - 0x00007ffce201a000 	C:\Windows\System32\combase.dll
0x00007ffce0d00000 - 0x00007ffce0dd7000 	C:\Windows\System32\OLEAUT32.dll
0x00007ffcc5ba0000 - 0x00007ffcc5bd2000 	C:\Windows\SYSTEM32\dbgcore.DLL
0x00007ffce0170000 - 0x00007ffce01ea000 	C:\Windows\System32\bcryptPrimitives.dll
0x00007ffccf460000 - 0x00007ffccf486000 	C:\Program Files\Java\jdk-19\bin\java.dll
0x00007ffcab530000 - 0x00007ffcab607000 	C:\Program Files\Java\jdk-19\bin\jsvml.dll
0x00007ffce1060000 - 0x00007ffce18b8000 	C:\Windows\System32\SHELL32.dll
0x00007ffcdd7d0000 - 0x00007ffcde0c2000 	C:\Windows\SYSTEM32\windows.storage.dll
0x00007ffcdd690000 - 0x00007ffcdd7ce000 	C:\Windows\SYSTEM32\wintypes.dll
0x00007ffce0a10000 - 0x00007ffce0b03000 	C:\Windows\System32\SHCORE.dll
0x00007ffce0e90000 - 0x00007ffce0eee000 	C:\Windows\System32\shlwapi.dll
0x00007ffcdf7e0000 - 0x00007ffcdf806000 	C:\Windows\SYSTEM32\profapi.dll
0x00007ffc7c850000 - 0x00007ffc7c9e1000 	C:\Program Files\Java\jdk-19\bin\awt.dll
0x00007ffcdc2b0000 - 0x00007ffcdc347000 	C:\Windows\SYSTEM32\apphelp.dll
0x00007ffcdc3b0000 - 0x00007ffcdc45b000 	C:\Windows\system32\uxtheme.dll
0x00007ffce0460000 - 0x00007ffce05ac000 	C:\Windows\System32\MSCTF.dll
0x00007ffce1ad0000 - 0x00007ffce1c6f000 	C:\Windows\System32\ole32.dll
0x00007ffcdcba0000 - 0x00007ffcdcbcb000 	C:\Windows\system32\DWMAPI.DLL
0x00007ffc7a8b0000 - 0x00007ffc7a9b0000 	C:\Windows\system32\opengl32.dll
0x00007ffcb4bb0000 - 0x00007ffcb4bdd000 	C:\Windows\SYSTEM32\GLU32.dll
0x00007ffcdca20000 - 0x00007ffcdca56000 	C:\Windows\SYSTEM32\dxcore.dll
0x00007ffcc39d0000 - 0x00007ffcc39e8000 	C:\Program Files\Java\jdk-19\bin\zip.dll
0x00007ffca70b0000 - 0x00007ffca7136000 	C:\Program Files\Java\jdk-19\bin\freetype.dll
0x00007ffca2030000 - 0x00007ffca20f6000 	C:\Program Files\Java\jdk-19\bin\fontmanager.dll
0x00007ffcd5d70000 - 0x00007ffcd5eba000 	C:\Windows\SYSTEM32\textinputframework.dll
0x00007ffcc09e0000 - 0x00007ffcc0a49000 	C:\Windows\system32\Oleacc.dll
0x00007ffcdbfc0000 - 0x00007ffcdc0f3000 	C:\Windows\SYSTEM32\CoreMessaging.dll
0x00007ffcd75c0000 - 0x00007ffcd792c000 	C:\Windows\SYSTEM32\CoreUIComponents.dll
0x00007ffcdf0b0000 - 0x00007ffcdf0bc000 	C:\Windows\SYSTEM32\CRYPTBASE.DLL

dbghelp: loaded successfully - version: 4.0.5 - missing functions: none
symbol engine: initialized successfully - sym options: 0x614 - pdb path: .;C:\Program Files\Java\jdk-19\bin;C:\Windows\SYSTEM32;C:\Windows\WinSxS\amd64_microsoft.windows.common-controls_6595b64144ccf1df_6.0.22621.2361_none_2712ced57382f843;C:\Program Files\Java\jdk-19\bin\server

VM Arguments:
jvm_args: -Dfile.encoding=UTF-8 -XX:+ShowCodeDetailsInExceptionMessages 
java_command: Pokemon_Save_Area.Pokemon_Save_Area
java_class_path (initial): C:\Project\GameProject-DB_feature\Pokemon_Save_Area\bin
Launcher Type: SUN_STANDARD

[Global flags]
     intx CICompilerCount                          = 4                                         {product} {ergonomic}
     uint ConcGCThreads                            = 3                                         {product} {ergonomic}
     uint G1ConcRefinementThreads                  = 10                                        {product} {ergonomic}
   size_t G1HeapRegionSize                         = 1048576                                   {product} {ergonomic}
    uintx GCDrainStackTargetSize                   = 64                                        {product} {ergonomic}
   size_t InitialHeapSize                          = 132120576                                 {product} {ergonomic}
   size_t MarkStackSize                            = 4194304                                   {product} {ergonomic}
   size_t MaxHeapSize                              = 2103443456                                {product} {ergonomic}
   size_t MaxNewSize                               = 1261436928                                {product} {ergonomic}
   size_t MinHeapDeltaBytes                        = 1048576                                   {product} {ergonomic}
   size_t MinHeapSize                              = 8388608                                   {product} {ergonomic}
    uintx NonNMethodCodeHeapSize                   = 5839372                                {pd product} {ergonomic}
    uintx NonProfiledCodeHeapSize                  = 122909434                              {pd product} {ergonomic}
    uintx ProfiledCodeHeapSize                     = 122909434                              {pd product} {ergonomic}
    uintx ReservedCodeCacheSize                    = 251658240                              {pd product} {ergonomic}
     bool SegmentedCodeCache                       = true                                      {product} {ergonomic}
     bool ShowCodeDetailsInExceptionMessages       = true                                   {manageable} {command line}
   size_t SoftMaxHeapSize                          = 2103443456                             {manageable} {ergonomic}
     bool UseCompressedClassPointers               = true                           {product lp64_product} {ergonomic}
     bool UseCompressedOops                        = true                           {product lp64_product} {ergonomic}
     bool UseG1GC                                  = true                                      {product} {ergonomic}
     bool UseLargePagesIndividualAllocation        = false                                  {pd product} {ergonomic}

Logging:
Log output configuration:
 #0: stdout all=warning uptime,level,tags foldmultilines=false
 #1: stderr all=off uptime,level,tags foldmultilines=false

Environment Variables:
PATH=C:\oraclexe\app\oracle\product\11.2.0\server\bin;;C:\Program Files\Common Files\Oracle\Java\javapath;C:\Windows\system32;C:\Windows;C:\Windows\System32\Wbem;C:\Windows\System32\WindowsPowerShell\v1.0\;C:\Windows\System32\OpenSSH\;C:\Program Files\Git\cmd;C:\Program Files\dotnet\;C:\Program Files\MySQL\MySQL Shell 8.0\bin\;C:\Users\bak33\AppData\Local\Programs\Python\Python311\Scripts\;C:\Users\bak33\AppData\Local\Programs\Python\Python311\;C:\Users\bak33\AppData\Local\Microsoft\WindowsApps;;C:\Users\bak33\AppData\Local\Programs\Microsoft VS Code\bin;C:\Users\bak33\AppData\Local\afreeca
USERNAME=bak33
OS=Windows_NT
PROCESSOR_IDENTIFIER=Intel64 Family 6 Model 154 Stepping 4, GenuineIntel
TMP=C:\Users\bak33\AppData\Local\Temp
TEMP=C:\Users\bak33\AppData\Local\Temp



---------------  S Y S T E M  ---------------

OS:
 Windows 11 , 64 bit Build 22621 (10.0.22621.2428)
OS uptime: 7 days 23:33 hours
Hyper-V role detected

CPU: total 12 (initial active 12) (6 cores per cpu, 2 threads per core) family 6 model 154 stepping 4 microcode 0x420, cx8, cmov, fxsr, ht, mmx, 3dnowpref, sse, sse2, sse3, ssse3, sse4.1, sse4.2, popcnt, lzcnt, tsc, tscinvbit, avx, avx2, aes, erms, clmul, bmi1, bmi2, adx, sha, fma, vzeroupper, clflush, clflushopt, clwb, hv, serialize, rdtscp, rdpid, fsrm

Memory: 4k page, system-wide physical 8017M (4M free)
TotalPageFile size 32593M (AvailPageFile size 5M)
current process WorkingSet (physical memory assigned to process): 50M, peak: 83M
current process commit charge ("private bytes"): 222M, peak: 231M

vm_info: Java HotSpot(TM) 64-Bit Server VM (19.0.2+7-44) for windows-amd64 JRE (19.0.2+7-44), built on 2022-11-30T18:02:09Z by "mach5one" with MS VC++ 17.1 (VS2022)

END.
